[INFO] logger started at Wed Nov 28 16:40:58 CET 2018
[INFO] executable name: /home/vicedomini/tmp/PHYG-TME5/files/splitstree4_unix_4_14_8.sh
[INFO] install4j version: 7.0.8 (build 7248)
[INFO] Properties: 
-- listing properties --
java.runtime.name=Java(TM) SE Runtime Environment
exe4j.moduleName=/home/vicedomini/tmp/PHYG-TME5/files/...
sun.boot.library.path=/usr/lib/jvm/java-8-oracle/jre/lib/amd64
java.vm.version=25.191-b12
java.vm.vendor=Oracle Corporation
java.vendor.url=http://java.oracle.com/
path.separator=:
java.vm.name=Java HotSpot(TM) 64-Bit Server VM
file.encoding.pkg=sun.io
user.country=US
sun.java.launcher=SUN_STANDARD
sun.os.patch.level=unknown
install4j.exeDir=/home/vicedomini/tmp/PHYG-TME5/files/
java.vm.specification.name=Java Virtual Machine Specification
user.dir=/home/vicedomini/tmp/PHYG-TME5/files/...
java.runtime.version=1.8.0_191-b12
java.awt.graphicsenv=sun.awt.X11GraphicsEnvironment
i4jv=0
java.endorsed.dirs=/usr/lib/jvm/java-8-oracle/jre/lib/en...
os.arch=amd64
java.io.tmpdir=/tmp
line.separator=

java.vm.specification.vendor=Oracle Corporation
os.name=Linux
exe4j.totalDataLength=17330224
sun.java2d.noddraw=true
sun.jnu.encoding=UTF-8
java.library.path=/home/vicedomini/tmp/PHYG-TME5/files/...
sun.awt.enableExtraMouseButtons=true
java.specification.name=Java Platform API Specification
java.class.version=52.0
sun.management.compiler=HotSpot 64-Bit Tiered Compilers
os.version=4.4.0-137-generic
i4j.vpt=true
user.home=/home/vicedomini
install4j.cwd=/home/vicedomini/tmp/PHYG-TME5/files
user.timezone=Europe/Paris
java.awt.printerjob=sun.print.PSPrinterJob
java.specification.version=1.8
install4j.jvmDir=/usr/lib/jvm/java-8-oracle/jre
file.encoding=UTF-8
user.name=vicedomini
java.class.path=i4jruntime.jar
java.vm.specification.version=1.8
sun.arch.data.model=64
java.home=/usr/lib/jvm/java-8-oracle/jre
sun.java.command=com.install4j.runtime.launcher.UnixLa...
java.specification.vendor=Oracle Corporation
user.language=en
awt.toolkit=sun.awt.X11.XToolkit
java.vm.info=mixed mode
java.version=1.8.0_191
java.ext.dirs=/usr/lib/jvm/java-8-oracle/jre/lib/ex...
sun.boot.class.path=/usr/lib/jvm/java-8-oracle/jre/lib/re...
java.vendor=Oracle Corporation
install4j.appDir=/home/vicedomini/tmp/PHYG-TME5/files/
file.separator=/
java.vendor.url.bug=http://bugreport.sun.com/bugreport/
sun.cpu.endian=little
sun.io.unicode.encoding=UnicodeLittle
sun.font.fontmanager=sun.awt.X11FontManager
sun.desktop=gnome
sun.cpu.isalist=
[INFO] Variable changed: sys.resolveUserSpecificInstallationDir=false[class java.lang.String]
[INFO] com.install4j.runtime.beans.actions.misc.RequestPrivilegesAction [ID 1691242195]: Execute action
       Property allRequested: false
       Property failIfNotObtainedMac: true
       Property failIfNotObtainedWin: true
       Property failIfNotRootUnix: false
       Property obtainIfAdminMac: false
       Property obtainIfAdminWin: true
       Property obtainIfNormalMac: false
       Property obtainIfNormalWin: false
       Property rollbackSupported: false
       Property updateInstallationDirectory: true
       Variable changed: sys.resolveUserSpecificInstallationDir=true[class java.lang.Boolean]
       Execute action successful after 9 ms
[INFO] com.install4j.runtime.beans.screens.StartupScreen [ID 15]: command: move 1 screens, executing actions, checking condition
[INFO] com.install4j.runtime.beans.screens.WelcomeScreen [ID 1691242171]: Show screen
[INFO] checking writable with maximum
[INFO] Variable changed: sys.confirmedUpdateInstallation=false[class java.lang.Boolean]
[INFO] com.install4j.runtime.beans.screens.WelcomeScreen [ID 1691242171]: command: move 1 screens, executing actions, checking condition
[INFO] com.install4j.runtime.beans.screens.LicenseScreen [ID 1691242172]: Show screen
[INFO] com.install4j.runtime.beans.screens.LicenseScreen [ID 1691242172]: command: move 1 screens, executing actions, checking condition
[INFO] com.install4j.runtime.beans.screens.InstallationDirectoryScreen [ID 1691242173]: Show screen
       Variable changed: sys.installationDir=/home/vicedomini/tmp/PHYG-TME5/files/splitstree4_14[class java.lang.String]
       checking writable with maximum
[INFO] com.install4j.runtime.beans.screens.InstallationDirectoryScreen [ID 1691242173]: command: move 1 screens, executing actions, checking condition
[INFO] com.install4j.runtime.beans.screens.ComponentsScreen [ID 1691242174]: Show screen
[INFO] com.install4j.runtime.beans.screens.ComponentsScreen [ID 1691242174]: command: move 1 screens, executing actions, checking condition
[INFO] com.install4j.runtime.beans.screens.StandardProgramGroupScreen [ID 1691242175]: Show screen
[INFO] com.install4j.runtime.beans.screens.StandardProgramGroupScreen [ID 1691242175]: command: go back 1 screens using history
[INFO] com.install4j.runtime.beans.screens.ComponentsScreen [ID 1691242174]: Show screen
[INFO] com.install4j.runtime.beans.screens.ComponentsScreen [ID 1691242174]: command: move 1 screens, executing actions, checking condition
[INFO] com.install4j.runtime.beans.screens.StandardProgramGroupScreen [ID 1691242175]: Show screen
       Variable changed: sys.symlinkDir=/usr/local/bin[class java.lang.String]
       Variable changed: sys.programGroupDisabled=true[class java.lang.Boolean]
[INFO] com.install4j.runtime.beans.screens.StandardProgramGroupScreen [ID 1691242175]: command: move 1 screens, executing actions, checking condition
[INFO] com.install4j.runtime.beans.screens.InstallationScreen [ID 1691242177]: Show screen
[INFO] com.install4j.runtime.beans.actions.UninstallPreviousAction [ID 1691242348]: Execute action
       Property installationDirectory: null
       Property installerVariables: {}
       Property logFiles: []
       Property onlyIfSameApplicationId: true
       Property rollbackSupported: false
       Property uninstallServices: true
       checking running processes
       checking running processes ok
       previous installation id at /home/vicedomini/tmp/PHYG-TME5/files/splitstree4_14: null
       no previous installation detected, uninstaller was not started
       finished
       Execute action successful after 3 ms
[INFO] com.install4j.runtime.beans.actions.InstallFilesAction [ID 1691242178]: Execute action
       Property directoryResolverScript: null
       Property fileFilterScript: null
       Property sizeCalculatorScript: null
       Property checkFreeSpace: true
       Property delay: false
       Property installRuntime: true
       Property rollbackSupported: true
       Property saveDownloadedFiles: false
       Property showFileNames: true
       Property triggerReboot: true
       Property updateBundledJre: true
       Property validateApplicationId: false
       Component SplitsTree[1691242194]; Selected: true
       Component Manual[1691242193]; Selected: true
       Component Examples[1691242192]; Selected: true
       Install file: /home/vicedomini/tmp/PHYG-TME5/files/splitstree4_14/.install4j/2bfa42ba.lprop; size: 68 bytes; exists: false
       File options set to: [fileTime: Thu Nov 15 12:33:10 CET 2018, mode: 644, overwriteMode: Always ask except for update, shared: false, uninstallMode: If created, delayIfNecessary: false]
       Install file: /home/vicedomini/tmp/PHYG-TME5/files/splitstree4_14/.install4j/SplitsTree.png; size: 1937 bytes; exists: false
       File options set to: [fileTime: Thu Nov 15 12:33:10 CET 2018, mode: 644, overwriteMode: Always ask except for update, shared: false, uninstallMode: Always, delayIfNecessary: false]
       Install file: /home/vicedomini/tmp/PHYG-TME5/files/splitstree4_14/.install4j/automaticUpdater; size: 13408 bytes; exists: false
       File options set to: [fileTime: Thu Nov 15 12:33:10 CET 2018, mode: 755, overwriteMode: If newer otherwise ask, shared: false, uninstallMode: If created, delayIfNecessary: false]
       Install file: /home/vicedomini/tmp/PHYG-TME5/files/splitstree4_14/.install4j/automaticUpdater.png; size: 8252 bytes; exists: false
       File options set to: [fileTime: Thu Nov 15 12:33:10 CET 2018, mode: 644, overwriteMode: Always ask except for update, shared: false, uninstallMode: Always, delayIfNecessary: false]
       Install file: /home/vicedomini/tmp/PHYG-TME5/files/splitstree4_14/.install4j/c0e9d11c.lprop; size: 68 bytes; exists: false
       File options set to: [fileTime: Thu Nov 15 12:33:10 CET 2018, mode: 644, overwriteMode: Always ask except for update, shared: false, uninstallMode: If created, delayIfNecessary: false]
       Install file: /home/vicedomini/tmp/PHYG-TME5/files/splitstree4_14/.install4j/c67b37b5.lprop; size: 68 bytes; exists: false
       Install file: /home/vicedomini/tmp/PHYG-TME5/files/splitstree4_14/.install4j/uninstall.png; size: 6648 bytes; exists: false
       File options set to: [fileTime: Thu Nov 15 12:33:10 CET 2018, mode: 644, overwriteMode: Always ask except for update, shared: false, uninstallMode: Always, delayIfNecessary: false]
       Install file: /home/vicedomini/tmp/PHYG-TME5/files/splitstree4_14/uninstall; size: 13533 bytes; exists: false
       File options set to: [fileTime: Thu Nov 15 12:33:10 CET 2018, mode: 700, overwriteMode: If newer otherwise ask, shared: false, uninstallMode: If created, delayIfNecessary: false]
       Install file: /home/vicedomini/tmp/PHYG-TME5/files/splitstree4_14/License.txt; size: 756 bytes; exists: false
       File options set to: [fileTime: Thu Nov 15 12:33:10 CET 2018, mode: 644, overwriteMode: Always ask except for update, shared: false, uninstallMode: If created, delayIfNecessary: false]
       Install file: /home/vicedomini/tmp/PHYG-TME5/files/splitstree4_14/SplitsTree; size: 13135 bytes; exists: false
       File options set to: [fileTime: Thu Nov 15 12:33:10 CET 2018, mode: 755, overwriteMode: If newer otherwise ask, shared: false, uninstallMode: If created, delayIfNecessary: false]
       Install file: /home/vicedomini/tmp/PHYG-TME5/files/splitstree4_14/jars/.DS_Store; size: 6148 bytes; exists: false
       File options set to: [fileTime: Thu Nov 15 12:33:10 CET 2018, mode: 644, overwriteMode: Always ask except for update, shared: false, uninstallMode: If created, delayIfNecessary: false]
       Install file: /home/vicedomini/tmp/PHYG-TME5/files/splitstree4_14/jars/Jama-1.0.3.jar; size: 35981 bytes; exists: false
       Install file: /home/vicedomini/tmp/PHYG-TME5/files/splitstree4_14/jars/Jama-NOTICE.txt; size: 602 bytes; exists: false
       Install file: /home/vicedomini/tmp/PHYG-TME5/files/splitstree4_14/jars/SplitsTree4.jar; size: 3247453 bytes; exists: false
       Install file: /home/vicedomini/tmp/PHYG-TME5/files/splitstree4_14/jars/VectorGraphics2D-0.11.jar; size: 101185 bytes; exists: false
       Install file: /home/vicedomini/tmp/PHYG-TME5/files/splitstree4_14/jars/VectorGraphics2D-License.txt; size: 7446 bytes; exists: false
       Install file: /home/vicedomini/tmp/PHYG-TME5/files/splitstree4_14/jars/batik-1.8/LICENSE.dom-documentation.txt; size: 4003 bytes; exists: false
       Install file: /home/vicedomini/tmp/PHYG-TME5/files/splitstree4_14/jars/batik-1.8/LICENSE.dom-software.txt; size: 3554 bytes; exists: false
       Install file: /home/vicedomini/tmp/PHYG-TME5/files/splitstree4_14/jars/batik-1.8/LICENSE.fop-transcoder-allinone-1.1.txt; size: 158 bytes; exists: false
       Install file: /home/vicedomini/tmp/PHYG-TME5/files/splitstree4_14/jars/batik-1.8/LICENSE.js.txt; size: 46909 bytes; exists: false
       Install file: /home/vicedomini/tmp/PHYG-TME5/files/splitstree4_14/jars/batik-1.8/LICENSE.sax.txt; size: 779 bytes; exists: false
       Install file: /home/vicedomini/tmp/PHYG-TME5/files/splitstree4_14/jars/batik-1.8/LICENSE.xalan-2.7.0.txt; size: 142 bytes; exists: false
       Install file: /home/vicedomini/tmp/PHYG-TME5/files/splitstree4_14/jars/batik-1.8/LICENSE.xerces_2_5_0.txt; size: 2892 bytes; exists: false
       Install file: /home/vicedomini/tmp/PHYG-TME5/files/splitstree4_14/jars/batik-1.8/LICENSE.xmlgraphics-commons-2.0.txt; size: 11362 bytes; exists: false
       Install file: /home/vicedomini/tmp/PHYG-TME5/files/splitstree4_14/jars/batik-1.8/README.fop-transcoder-allinone-1.1.txt; size: 357 bytes; exists: false
       Install file: /home/vicedomini/tmp/PHYG-TME5/files/splitstree4_14/jars/batik-1.8/README.js.txt; size: 743 bytes; exists: false
       Install file: /home/vicedomini/tmp/PHYG-TME5/files/splitstree4_14/jars/batik-1.8/README.xalan-2.7.0.txt; size: 216 bytes; exists: false
       Install file: /home/vicedomini/tmp/PHYG-TME5/files/splitstree4_14/jars/batik-1.8/README.xerces_2_5_0.txt; size: 214 bytes; exists: false
       Install file: /home/vicedomini/tmp/PHYG-TME5/files/splitstree4_14/jars/batik-1.8/README.xml-apis-1.3.04.txt; size: 872 bytes; exists: false
       Install file: /home/vicedomini/tmp/PHYG-TME5/files/splitstree4_14/jars/batik-1.8/README.xml-apis-ext-1.3.04.txt; size: 593 bytes; exists: false
       Install file: /home/vicedomini/tmp/PHYG-TME5/files/splitstree4_14/jars/batik-1.8/Squiggle.icns; size: 49249 bytes; exists: false
       Install file: /home/vicedomini/tmp/PHYG-TME5/files/splitstree4_14/jars/batik-1.8/batik-LICENSE.txt; size: 11361 bytes; exists: false
       Install file: /home/vicedomini/tmp/PHYG-TME5/files/splitstree4_14/jars/batik-1.8/batik-NOTICE.txt; size: 684 bytes; exists: false
       Install file: /home/vicedomini/tmp/PHYG-TME5/files/splitstree4_14/jars/batik-1.8/batik-anim-1.8.jar; size: 377041 bytes; exists: false
       Install file: /home/vicedomini/tmp/PHYG-TME5/files/splitstree4_14/jars/batik-1.8/batik-awt-util-1.8.jar; size: 301026 bytes; exists: false
       Install file: /home/vicedomini/tmp/PHYG-TME5/files/splitstree4_14/jars/batik-1.8/batik-bridge-1.8.jar; size: 529673 bytes; exists: false
       Install file: /home/vicedomini/tmp/PHYG-TME5/files/splitstree4_14/jars/batik-1.8/batik-codec-1.8.jar; size: 108571 bytes; exists: false
       Install file: /home/vicedomini/tmp/PHYG-TME5/files/splitstree4_14/jars/batik-1.8/batik-css-1.8.jar; size: 256539 bytes; exists: false
       Install file: /home/vicedomini/tmp/PHYG-TME5/files/splitstree4_14/jars/batik-1.8/batik-dom-1.8.jar; size: 140057 bytes; exists: false
       Install file: /home/vicedomini/tmp/PHYG-TME5/files/splitstree4_14/jars/batik-1.8/batik-ext-1.8.jar; size: 10344 bytes; exists: false
       Install file: /home/vicedomini/tmp/PHYG-TME5/files/splitstree4_14/jars/batik-1.8/batik-extension-1.8.jar; size: 54734 bytes; exists: false
       Install file: /home/vicedomini/tmp/PHYG-TME5/files/splitstree4_14/jars/batik-1.8/batik-gui-util-1.8.jar; size: 152268 bytes; exists: false
       Install file: /home/vicedomini/tmp/PHYG-TME5/files/splitstree4_14/jars/batik-1.8/batik-gvt-1.8.jar; size: 144226 bytes; exists: false
       Install file: /home/vicedomini/tmp/PHYG-TME5/files/splitstree4_14/jars/batik-1.8/batik-parser-1.8.jar; size: 55267 bytes; exists: false
       Install file: /home/vicedomini/tmp/PHYG-TME5/files/splitstree4_14/jars/batik-1.8/batik-script-1.8.jar; size: 17155 bytes; exists: false
       Install file: /home/vicedomini/tmp/PHYG-TME5/files/splitstree4_14/jars/batik-1.8/batik-svg-dom-1.8.jar; size: 217197 bytes; exists: false
       Install file: /home/vicedomini/tmp/PHYG-TME5/files/splitstree4_14/jars/batik-1.8/batik-svggen-1.8.jar; size: 177874 bytes; exists: false
       Install file: /home/vicedomini/tmp/PHYG-TME5/files/splitstree4_14/jars/batik-1.8/batik-swing-1.8.jar; size: 155148 bytes; exists: false
       Install file: /home/vicedomini/tmp/PHYG-TME5/files/splitstree4_14/jars/batik-1.8/batik-transcoder-1.8.jar; size: 92512 bytes; exists: false
       Install file: /home/vicedomini/tmp/PHYG-TME5/files/splitstree4_14/jars/batik-1.8/batik-util-1.8.jar; size: 107736 bytes; exists: false
       Install file: /home/vicedomini/tmp/PHYG-TME5/files/splitstree4_14/jars/batik-1.8/batik-xml-1.8.jar; size: 26776 bytes; exists: false
       Install file: /home/vicedomini/tmp/PHYG-TME5/files/splitstree4_14/jars/batik-1.8/fop-transcoder-allinone-1.1.jar; size: 1477961 bytes; exists: false
       Install file: /home/vicedomini/tmp/PHYG-TME5/files/splitstree4_14/jars/batik-1.8/js.jar; size: 504741 bytes; exists: false
       Install file: /home/vicedomini/tmp/PHYG-TME5/files/splitstree4_14/jars/batik-1.8/make-squiggle-app.sh; size: 2859 bytes; exists: false
       Install file: /home/vicedomini/tmp/PHYG-TME5/files/splitstree4_14/jars/batik-1.8/serializer.jar; size: 276420 bytes; exists: false
       Install file: /home/vicedomini/tmp/PHYG-TME5/files/splitstree4_14/jars/batik-1.8/xalan-2.7.2.jar; size: 3154938 bytes; exists: false
       Install file: /home/vicedomini/tmp/PHYG-TME5/files/splitstree4_14/jars/batik-1.8/xercesImpl.jar; size: 1367760 bytes; exists: false
       Install file: /home/vicedomini/tmp/PHYG-TME5/files/splitstree4_14/jars/batik-1.8/xerces_2_5_0.jar; size: 934835 bytes; exists: false
       Install file: /home/vicedomini/tmp/PHYG-TME5/files/splitstree4_14/jars/batik-1.8/xml-apis-ext-1.3.04.jar; size: 85686 bytes; exists: false
       Install file: /home/vicedomini/tmp/PHYG-TME5/files/splitstree4_14/jars/batik-1.8/xml-apis.jar; size: 220536 bytes; exists: false
       Install file: /home/vicedomini/tmp/PHYG-TME5/files/splitstree4_14/jars/batik-1.8/xmlgraphics-commons-2.0.jar; size: 632499 bytes; exists: false
       Install file: /home/vicedomini/tmp/PHYG-TME5/files/splitstree4_14/jars/i4jruntime.jar; size: 1191958 bytes; exists: false
       Install file: /home/vicedomini/tmp/PHYG-TME5/files/splitstree4_14/Examples/algae.nex; size: 13283 bytes; exists: false
       File options set to: [fileTime: Thu Nov 15 12:33:10 CET 2018, mode: 644, overwriteMode: If newer otherwise ask, shared: false, uninstallMode: If created, delayIfNecessary: false]
       Install file: /home/vicedomini/tmp/PHYG-TME5/files/splitstree4_14/Examples/bees.nex; size: 5483 bytes; exists: false
       Install file: /home/vicedomini/tmp/PHYG-TME5/files/splitstree4_14/Examples/chainletters.nex; size: 80536 bytes; exists: false
       Install file: /home/vicedomini/tmp/PHYG-TME5/files/splitstree4_14/Examples/colors.nex; size: 20432 bytes; exists: false
       Install file: /home/vicedomini/tmp/PHYG-TME5/files/splitstree4_14/Examples/consensus-30-0.10.nex; size: 106670 bytes; exists: false
       Install file: /home/vicedomini/tmp/PHYG-TME5/files/splitstree4_14/Examples/dolphins_binary.nex; size: 2551 bytes; exists: false
       File options set to: [fileTime: Thu Nov 15 12:33:10 CET 2018, mode: 644, overwriteMode: Always ask except for update, shared: false, uninstallMode: If created, delayIfNecessary: false]
       Install file: /home/vicedomini/tmp/PHYG-TME5/files/splitstree4_14/Examples/mammals.nex; size: 173700 bytes; exists: false
       File options set to: [fileTime: Thu Nov 15 12:33:10 CET 2018, mode: 644, overwriteMode: If newer otherwise ask, shared: false, uninstallMode: If created, delayIfNecessary: false]
       Install file: /home/vicedomini/tmp/PHYG-TME5/files/splitstree4_14/Examples/myosin.nex; size: 211551 bytes; exists: false
       Install file: /home/vicedomini/tmp/PHYG-TME5/files/splitstree4_14/Examples/north.nex; size: 1094 bytes; exists: false
       Install file: /home/vicedomini/tmp/PHYG-TME5/files/splitstree4_14/Examples/primates-mtDNA.nex; size: 14513 bytes; exists: false
       Install file: /home/vicedomini/tmp/PHYG-TME5/files/splitstree4_14/Examples/quartets.nex; size: 466 bytes; exists: false
       Install file: /home/vicedomini/tmp/PHYG-TME5/files/splitstree4_14/Examples/reticulations.nex; size: 4094 bytes; exists: false
       File options set to: [fileTime: Thu Nov 15 12:33:10 CET 2018, mode: 644, overwriteMode: Always ask except for update, shared: false, uninstallMode: If created, delayIfNecessary: false]
       Install file: /home/vicedomini/tmp/PHYG-TME5/files/splitstree4_14/Examples/reticulations.small.nex; size: 2180 bytes; exists: false
       Install file: /home/vicedomini/tmp/PHYG-TME5/files/splitstree4_14/Examples/rubber.nex; size: 10431 bytes; exists: false
       File options set to: [fileTime: Thu Nov 15 12:33:10 CET 2018, mode: 644, overwriteMode: If newer otherwise ask, shared: false, uninstallMode: If created, delayIfNecessary: false]
       Install file: /home/vicedomini/tmp/PHYG-TME5/files/splitstree4_14/Examples/south.nex; size: 4229 bytes; exists: false
       Install file: /home/vicedomini/tmp/PHYG-TME5/files/splitstree4_14/Examples/trees.nex; size: 689 bytes; exists: false
       Install file: /home/vicedomini/tmp/PHYG-TME5/files/splitstree4_14/Examples/trees50.nex; size: 116347 bytes; exists: false
       Install file: /home/vicedomini/tmp/PHYG-TME5/files/splitstree4_14/manual.pdf; size: 524685 bytes; exists: false
       File options set to: [fileTime: Thu Nov 15 12:33:10 CET 2018, mode: 644, overwriteMode: Always ask except for update, shared: false, uninstallMode: If created, delayIfNecessary: false]
       Install file: /home/vicedomini/tmp/PHYG-TME5/files/splitstree4_14/.install4j/inst_jre.cfg; size: 31 bytes; exists: false
       File options set to: [fileTime: Wed Nov 28 16:41:56 CET 2018, mode: 644, overwriteMode: Always, shared: false, uninstallMode: If created, delayIfNecessary: false]
       Install file: /home/vicedomini/tmp/PHYG-TME5/files/splitstree4_14/.install4j/i4jruntime.jar; size: 2189309 bytes; exists: false
       File options set to: [fileTime: Wed Nov 28 16:41:56 CET 2018, mode: 644, overwriteMode: Always, shared: false, uninstallMode: Always, delayIfNecessary: false]
       Install file: /home/vicedomini/tmp/PHYG-TME5/files/splitstree4_14/.install4j/MessagesDefault; size: 33678 bytes; exists: false
       Install file: /home/vicedomini/tmp/PHYG-TME5/files/splitstree4_14/.install4j/i4jparams.conf; size: 115334 bytes; exists: false
       Install file: /home/vicedomini/tmp/PHYG-TME5/files/splitstree4_14/.install4j/stats.properties; size: 1057 bytes; exists: false
       Install file: /home/vicedomini/tmp/PHYG-TME5/files/splitstree4_14/.install4j/user.jar; size: 30511 bytes; exists: false
       Install file: /home/vicedomini/tmp/PHYG-TME5/files/splitstree4_14/.install4j/i4j_extf_1_1cl9g5y.txt; size: 756 bytes; exists: false
       Install file: /home/vicedomini/tmp/PHYG-TME5/files/splitstree4_14/.install4j/i4j_extf_7_1cl9g5y_18gg8kx@2x.png; size: 15419 bytes; exists: false
       Install file: /home/vicedomini/tmp/PHYG-TME5/files/splitstree4_14/.install4j/i4j_extf_7_1cl9g5y_18gg8kx.png; size: 9202 bytes; exists: false
       Install file: /home/vicedomini/tmp/PHYG-TME5/files/splitstree4_14/.install4j/i4j_extf_6_1cl9g5y_259ij1.png; size: 8252 bytes; exists: false
       Install file: /home/vicedomini/tmp/PHYG-TME5/files/splitstree4_14/.install4j/i4j_extf_3_1cl9g5y_vd2dea.png; size: 1187 bytes; exists: false
       Install file: /home/vicedomini/tmp/PHYG-TME5/files/splitstree4_14/.install4j/i4j_extf_5_1cl9g5y_1xth8wx.png; size: 4609 bytes; exists: false
       Install file: /home/vicedomini/tmp/PHYG-TME5/files/splitstree4_14/.install4j/i4j_extf_4_1cl9g5y_un9apv.png; size: 1884 bytes; exists: false
       Install file: /home/vicedomini/tmp/PHYG-TME5/files/splitstree4_14/.install4j/i4j_extf_2_1cl9g5y_x7nby6.png; size: 756 bytes; exists: false
       Install file: /home/vicedomini/tmp/PHYG-TME5/files/splitstree4_14/.install4j/i4j_extf_0_1cl9g5y.utf8; size: 33678 bytes; exists: false
       Execute action successful after 270 ms
[INFO] com.install4j.runtime.beans.actions.desktop.RegisterAddRemoveAction [ID 1691242180]: Execute action
       Property icon: null
       Property iconSource: Installer icon
       Property itemName: SplitsTree4 4.14.8
       Property persistentProperties: {}
       Property rollbackSupported: true
       Execute action successful after 0 ms
[INFO] com.install4j.runtime.beans.screens.InstallationScreen [ID 1691242177]: Rollback barrier reached
       command: move 1 screens, executing actions, checking condition
[INFO] com.install4j.runtime.beans.screens.FormScreen [ID 1691242246]: Show screen
[INFO] com.install4j.runtime.beans.screens.FormScreen [ID 1691242246]: command: move 1 screens, executing actions, checking condition
[INFO] com.install4j.runtime.beans.screens.FormScreen [ID 1691242249]: Show screen
       Variable changed: myXmx=600[class java.lang.Integer]
[INFO] com.install4j.runtime.beans.actions.misc.AddVmOptionsAction [ID 1691242251]: Execute action
       Property launcherId: 1691242142
       Property macosVmOptionsType: Contained in the application bundle
       Property vmOptions: [-Xmx600M]
       Property rollbackSupported: true
       Execute action successful after 2 ms
[INFO] com.install4j.runtime.beans.screens.FormScreen [ID 1691242249]: command: move 1 screens, executing actions, checking condition
[INFO] com.install4j.runtime.beans.screens.FinishedScreen [ID 1691242181]: Show screen
[INFO] com.install4j.runtime.beans.screens.FinishedScreen [ID 1691242181]: command: finish
       cleaning up
       Finished
