# PSIBLAST 2.6.0+
# Iteration: 1
# Query: lipocalin | Q08790.2 | WP_001201520.1 | 96.79%
# Database: /home/alex/Documents/data/local_db/swissprot
# Fields: query acc.ver, subject acc.ver, % identity, alignment length, mismatches, gap opens, q. start, q. end, s. start, s. end, evalue, bit score
# 11 hits found
lipocalin	Q08790	100.000	171	0	0	1	171	1	171	5.44e-125	351
lipocalin	P0A901	48.214	168	81	2	3	170	13	174	1.23e-55	176
lipocalin	P0A902	48.214	168	81	2	3	170	13	174	1.23e-55	176
lipocalin	Q46036	47.619	168	82	2	3	170	13	174	3.33e-54	172
lipocalin	Q9FGT8	31.818	154	93	5	26	170	10	160	9.75e-16	73.9
lipocalin	Q5URA7	34.694	147	84	6	27	166	26	167	1.61e-15	73.2
lipocalin	P51910	27.329	161	107	5	17	170	25	182	2.25e-13	67.8
lipocalin	P05090	27.333	150	99	5	28	170	36	182	3.13e-13	67.4
lipocalin	Q8SPI0	30.247	162	103	6	17	171	25	183	2.19e-12	65.1
lipocalin	Q32KY0	33.058	121	71	5	28	141	36	153	1.05e-11	63.5
lipocalin	P23593	30.534	131	83	4	17	141	25	153	5.07e-11	61.6
# PSIBLAST 2.6.0+
# Iteration: 2
# Query: lipocalin | Q08790.2 | WP_001201520.1 | 96.79%
# Database: /home/alex/Documents/data/local_db/swissprot
# Fields: query acc.ver, subject acc.ver, % identity, alignment length, mismatches, gap opens, q. start, q. end, s. start, s. end, evalue, bit score
# 26 hits found
lipocalin	P0A901	48.214	168	81	2	3	170	13	174	4.31e-84	248
lipocalin	P0A902	48.214	168	81	2	3	170	13	174	4.31e-84	248
lipocalin	Q08790	100.000	171	0	0	1	171	1	171	9.33e-84	247
lipocalin	Q46036	47.619	168	82	2	3	170	13	174	3.98e-83	245
lipocalin	P51910	26.994	163	111	4	14	170	22	182	1.02e-71	217
lipocalin	P05090	25.625	160	111	4	17	170	25	182	1.90e-71	216
lipocalin	Q8SPI0	26.708	161	110	4	17	171	25	183	5.53e-70	213
lipocalin	Q32KY0	25.625	160	111	4	17	170	25	182	9.98e-70	212
lipocalin	P37153	25.000	160	112	4	17	170	26	183	1.22e-68	209
lipocalin	P23593	26.250	160	110	4	17	170	25	182	6.09e-68	207
lipocalin	P51909	24.528	159	112	4	18	170	26	182	1.37e-66	204
lipocalin	Q9FGT8	30.061	163	102	5	17	170	1	160	2.10e-55	176
lipocalin	Q5URA7	32.680	153	91	5	21	166	20	167	2.68e-49	159
lipocalin	P49291	28.249	177	116	6	3	170	12	186	1.94e-26	102
lipocalin	Q5ECE3	23.596	178	121	6	4	169	7	181	3.95e-23	93.6
lipocalin	P09464	26.061	165	103	6	18	169	21	179	1.33e-19	84.4
lipocalin	P80007	21.795	156	116	3	18	168	10	164	4.11e-19	82.8
lipocalin	P00305	23.952	167	110	7	17	169	6	169	7.22e-16	74.4
lipocalin	Q00630	23.353	167	111	7	17	169	23	186	3.36e-15	73.2
lipocalin	P08938	19.608	153	107	3	22	158	28	180	1.18e-14	71.3
lipocalin	Q9STS7	17.647	170	112	7	27	171	132	298	6.14e-13	68.6
lipocalin	P80029	21.341	164	116	4	17	170	9	169	1.63e-12	65.5
lipocalin	P58989	21.341	164	116	4	17	170	9	169	2.11e-12	65.1
lipocalin	P41263	20.000	140	97	4	22	146	29	168	3.27e-12	65.1
lipocalin	P24774	20.000	135	94	3	22	142	7	141	3.29e-12	64.7
lipocalin	P24775	20.000	135	94	3	22	142	7	141	9.71e-12	63.2
# PSIBLAST 2.6.0+
# Iteration: 3
# Query: lipocalin | Q08790.2 | WP_001201520.1 | 96.79%
# Database: /home/alex/Documents/data/local_db/swissprot
# Fields: query acc.ver, subject acc.ver, % identity, alignment length, mismatches, gap opens, q. start, q. end, s. start, s. end, evalue, bit score
# 36 hits found
lipocalin	P05090	25.309	162	113	4	15	170	23	182	1.44e-71	216
lipocalin	P37153	24.118	170	121	4	7	170	16	183	7.65e-71	215
lipocalin	P0A901	48.214	168	81	2	3	170	13	174	2.01e-70	213
lipocalin	P0A902	48.214	168	81	2	3	170	13	174	2.01e-70	213
lipocalin	P51910	26.316	171	118	4	6	170	14	182	2.24e-70	213
lipocalin	Q32KY0	25.309	162	113	4	15	170	23	182	9.07e-70	212
lipocalin	Q08790	100.000	171	0	0	1	171	1	171	1.22e-69	211
lipocalin	Q46036	47.619	168	82	2	3	170	13	174	6.30e-69	209
lipocalin	P51909	24.074	162	115	4	15	170	23	182	2.23e-68	208
lipocalin	Q8SPI0	25.444	169	118	4	9	171	17	183	1.11e-66	204
lipocalin	P23593	25.146	171	120	4	6	170	14	182	2.96e-66	203
lipocalin	P49291	27.119	177	118	6	3	170	12	186	4.63e-53	171
lipocalin	Q5ECE3	23.596	178	121	6	4	169	7	181	5.27e-48	157
lipocalin	Q9FGT8	30.061	163	102	5	17	170	1	160	1.02e-46	153
lipocalin	P80007	21.384	159	119	3	15	168	7	164	5.98e-46	151
lipocalin	P80029	21.084	166	118	4	15	170	7	169	4.88e-44	146
lipocalin	P58989	21.084	166	118	4	15	170	7	169	8.05e-44	146
lipocalin	Q00630	23.077	169	113	7	15	169	21	186	1.06e-42	144
lipocalin	P08938	19.394	165	117	3	22	170	28	192	1.52e-42	143
lipocalin	P00305	23.669	169	112	7	15	169	4	169	2.41e-42	142
lipocalin	P24774	19.868	151	107	3	22	158	7	157	1.36e-41	140
lipocalin	P09464	26.061	165	109	6	15	169	18	179	1.65e-41	140
lipocalin	P41263	19.048	147	105	3	22	154	29	175	6.25e-41	139
lipocalin	P24775	19.868	151	107	3	22	158	7	157	7.66e-41	138
lipocalin	Q5URA7	32.258	155	93	5	21	168	20	169	2.37e-40	137
lipocalin	P06912	15.894	151	113	3	22	158	26	176	2.65e-40	137
lipocalin	P61641	16.556	151	112	3	22	158	26	176	2.12e-39	135
lipocalin	P02753	16.556	151	112	3	22	158	26	176	2.12e-39	135
lipocalin	Q28369	14.706	170	129	4	5	158	7	176	2.64e-39	135
lipocalin	M5AXY1	14.118	170	130	4	5	158	7	176	3.14e-39	135
lipocalin	P27485	14.706	170	129	4	5	158	7	176	4.03e-39	134
lipocalin	Q00724	14.118	170	130	4	5	158	7	176	5.37e-38	132
lipocalin	P04916	14.118	170	130	4	5	158	7	176	8.02e-38	131
lipocalin	P18902	15.894	151	113	3	22	158	8	158	9.07e-38	130
lipocalin	Q9STS7	17.059	170	113	6	27	171	132	298	1.71e-37	134
lipocalin	P06172	14.570	151	115	3	22	158	28	178	2.33e-32	117
# BLAST processed 3 queries
