# PSIBLAST 2.6.0+
# Iteration: 1
# Query: alpha-amylase | Q8PE48.1 | NP_635530.2 | 88.99%
# Database: /home/alex/Documents/data/local_db/swissprot
# Fields: query acc.ver, subject acc.ver, % identity, alignment length, mismatches, gap opens, q. start, q. end, s. start, s. end, evalue, bit score
# 300 hits found
alpha-amylase	Q8PE48	100.000	724	0	0	1	724	1	724	0.0	1462
alpha-amylase	Q4V0E2	100.000	724	0	0	1	724	1	724	0.0	1462
alpha-amylase	Q2P949	92.541	724	54	0	1	724	8	731	0.0	1351
alpha-amylase	Q5H6H2	92.265	724	56	0	1	724	9	732	0.0	1348
alpha-amylase	Q3BZE1	93.646	724	46	0	1	724	9	732	0.0	1342
alpha-amylase	Q8PR13	93.094	724	50	0	1	724	1	724	0.0	1332
alpha-amylase	Q4KCQ3	63.194	720	254	5	12	722	24	741	0.0	911
alpha-amylase	Q8XT76	64.706	748	227	11	7	720	29	773	0.0	909
alpha-amylase	Q13S07	64.206	718	247	6	12	720	17	733	0.0	904
alpha-amylase	Q3KD78	61.997	721	263	6	12	723	24	742	0.0	896
alpha-amylase	Q48IE2	61.806	720	265	6	12	723	22	739	0.0	887
alpha-amylase	Q1M3A7	61.765	714	267	4	12	720	19	731	0.0	884
alpha-amylase	Q2JZ21	62.219	712	265	4	12	720	19	729	0.0	884
alpha-amylase	Q4ZTJ2	61.806	720	265	6	12	723	22	739	0.0	883
alpha-amylase	Q88FN1	61.250	720	268	6	12	722	18	735	0.0	882
alpha-amylase	Q881X0	60.833	720	272	6	12	723	22	739	0.0	881
alpha-amylase	A6V628	60.905	729	273	7	3	724	9	732	0.0	866
alpha-amylase	Q9I1W2	60.935	727	276	6	3	724	9	732	0.0	865
alpha-amylase	Q46TF2	62.055	730	255	9	12	724	23	747	0.0	857
alpha-amylase	Q0K0X8	61.401	728	261	8	11	720	18	743	0.0	848
alpha-amylase	Q0B3Y4	61.997	721	263	7	12	722	13	732	0.0	848
alpha-amylase	Q8PDD1	61.204	714	269	7	11	720	16	725	0.0	847
alpha-amylase	Q4UZL7	61.204	714	269	7	11	720	16	725	0.0	847
alpha-amylase	Q0BU54	60.138	725	280	5	7	724	12	734	0.0	847
alpha-amylase	Q3J3M6	60.894	716	269	6	12	722	18	727	0.0	845
alpha-amylase	A3PIQ5	60.475	716	272	6	12	722	18	727	0.0	840
alpha-amylase	A4JR39	61.134	723	266	7	12	722	13	732	0.0	837
alpha-amylase	Q7WII7	61.667	720	266	5	6	720	13	727	0.0	837
alpha-amylase	Q7W6L4	61.667	720	266	5	6	720	13	727	0.0	835
alpha-amylase	Q7VYK0	61.667	720	266	5	6	720	13	727	0.0	832
alpha-amylase	Q2W2Q6	59.187	713	286	3	12	720	25	736	0.0	831
alpha-amylase	Q11EX1	58.033	722	297	3	6	721	14	735	0.0	830
alpha-amylase	Q1AZ86	59.693	717	283	5	10	723	7	720	0.0	826
alpha-amylase	Q8PQA2	60.056	716	280	6	11	723	6	718	0.0	826
alpha-amylase	Q1BVW7	60.773	724	270	9	12	722	13	735	0.0	826
alpha-amylase	A0KDG4	60.635	724	271	9	12	722	13	735	0.0	824
alpha-amylase	Q3BYI0	60.870	713	273	6	11	720	30	739	0.0	824
alpha-amylase	Q2P9F7	60.391	717	277	7	11	723	30	743	0.0	824
alpha-amylase	Q5H6Q3	60.391	717	277	7	11	723	6	719	0.0	824
alpha-amylase	Q2RR72	58.345	725	288	5	12	724	12	734	0.0	819
alpha-amylase	Q39N89	59.474	723	280	6	12	722	13	734	0.0	818
alpha-amylase	Q3JTG5	59.780	726	276	6	12	722	13	737	0.0	809
alpha-amylase	A3NU16	59.780	726	276	6	12	722	13	737	0.0	809
alpha-amylase	A3N8B3	59.917	726	275	6	12	722	13	737	0.0	809
alpha-amylase	Q63T91	59.917	726	275	6	12	722	13	737	0.0	808
alpha-amylase	Q1QNB1	57.902	715	290	5	11	723	9	714	0.0	804
alpha-amylase	Q07K87	57.004	721	294	6	7	723	6	714	0.0	802
alpha-amylase	A5EPZ7	56.825	718	290	5	12	724	10	712	0.0	800
alpha-amylase	A4Z005	56.606	719	290	5	12	724	10	712	0.0	798
alpha-amylase	Q210H1	57.302	719	296	5	7	723	6	715	0.0	796
alpha-amylase	Q985P4	57.462	717	289	7	12	720	24	732	0.0	795
alpha-amylase	Q2IYX0	56.825	718	291	6	12	723	11	715	0.0	794
alpha-amylase	Q6N3P9	56.964	718	290	6	12	723	11	715	0.0	790
alpha-amylase	Q3STC2	55.679	722	297	6	11	724	9	715	0.0	787
alpha-amylase	Q65TI0	53.920	727	312	9	8	720	8	725	0.0	780
alpha-amylase	Q133N2	56.546	718	293	6	12	723	11	715	0.0	780
alpha-amylase	Q89FD3	55.463	723	303	6	7	723	11	720	0.0	780
alpha-amylase	Q6CZK0	55.939	724	300	10	12	724	10	725	0.0	778
alpha-amylase	Q608L5	56.224	715	302	7	13	722	17	725	0.0	778
alpha-amylase	Q8EGU7	53.793	725	324	6	8	722	11	734	0.0	778
alpha-amylase	Q21M30	53.453	724	323	4	7	720	6	725	0.0	777
alpha-amylase	A6VP15	52.257	731	328	8	1	718	1	723	0.0	776
alpha-amylase	Q8FCR7	54.150	735	318	9	1	724	1	727	0.0	775
alpha-amylase	Q9CN94	52.297	740	326	9	1	724	1	729	0.0	774
alpha-amylase	Q1R5J4	54.150	735	318	9	1	724	1	727	0.0	774
alpha-amylase	A1AGW5	54.150	735	318	9	1	724	1	727	0.0	774
alpha-amylase	A8AQY3	54.286	735	317	9	1	724	1	727	0.0	771
alpha-amylase	B8EAX1	52.966	725	330	7	8	722	12	735	0.0	771
alpha-amylase	Q0TC27	54.014	735	319	9	1	724	1	727	0.0	771
alpha-amylase	A6WKY2	52.828	725	331	7	8	722	12	735	0.0	769
alpha-amylase	A3D286	52.828	725	331	7	8	722	12	735	0.0	769
alpha-amylase	A6TF51	54.161	733	321	8	1	724	1	727	0.0	769
alpha-amylase	Q83PV3	53.878	735	320	9	1	724	1	727	0.0	769
alpha-amylase	Q8X6X6	53.878	735	320	9	1	724	1	727	0.0	768
alpha-amylase	Q0SZN2	53.741	735	321	9	1	724	1	727	0.0	768
alpha-amylase	Q0HST5	53.517	725	326	6	8	722	12	735	0.0	767
alpha-amylase	A4WFL5	53.333	735	324	9	1	724	1	727	0.0	767
alpha-amylase	Q3YW93	53.605	735	322	9	1	724	1	727	0.0	767
alpha-amylase	A9KTJ1	52.690	725	332	7	8	722	12	735	0.0	767
alpha-amylase	P07762	53.605	735	322	9	1	724	1	727	0.0	767
alpha-amylase	B1IP32	53.605	735	322	9	1	724	1	727	0.0	767
alpha-amylase	A8A5P2	53.605	735	322	9	1	724	1	727	0.0	767
alpha-amylase	A7ZSW5	53.605	735	322	9	1	724	1	727	0.0	767
alpha-amylase	Q0I3H7	52.017	719	324	9	15	720	15	725	0.0	766
alpha-amylase	Q32AV3	53.741	735	321	9	1	724	1	727	0.0	766
alpha-amylase	Q1MBS9	54.495	723	309	8	12	724	23	735	0.0	765
alpha-amylase	Q31VJ1	53.469	735	323	9	1	724	1	727	0.0	764
alpha-amylase	Q0HGI8	53.241	725	328	6	8	722	12	735	0.0	764
alpha-amylase	A1RLX8	52.755	726	330	7	8	722	12	735	0.0	764
alpha-amylase	Q2G7S5	56.033	721	300	7	12	724	10	721	0.0	764
alpha-amylase	Q8Z235	53.731	737	318	9	1	724	1	727	0.0	763
alpha-amylase	Q5PM06	53.731	737	318	9	1	724	1	727	0.0	763
alpha-amylase	B0UU89	52.017	719	324	9	15	720	15	725	0.0	763
alpha-amylase	Q57IT8	53.731	737	318	9	1	724	1	727	0.0	763
alpha-amylase	P45177	52.180	734	328	10	1	720	1	725	0.0	763
alpha-amylase	Q8ZLG5	53.731	737	318	9	1	724	1	727	0.0	762
alpha-amylase	A5UEJ2	52.316	734	327	10	1	720	1	725	0.0	762
alpha-amylase	A9MTV4	53.596	737	319	9	1	724	1	727	0.0	762
alpha-amylase	A9MMA0	53.951	734	321	9	1	724	1	727	0.0	762
alpha-amylase	A1JSJ0	54.571	711	304	10	6	705	6	708	0.0	761
alpha-amylase	Q165E2	56.564	716	303	5	13	720	11	726	0.0	761
alpha-amylase	Q664I2	53.717	713	311	10	6	707	6	710	0.0	760
alpha-amylase	A4TQV2	53.717	713	311	10	6	707	6	710	0.0	760
alpha-amylase	Q1CDL3	53.717	713	311	10	6	707	6	710	0.0	760
alpha-amylase	Q8ZA75	53.717	713	311	10	6	707	6	710	0.0	760
alpha-amylase	Q1C1D9	53.717	713	311	10	6	707	6	710	0.0	760
alpha-amylase	A7FNX5	53.717	713	311	10	6	707	6	710	0.0	759
alpha-amylase	Q4QK67	52.180	734	328	10	1	720	1	725	0.0	759
alpha-amylase	A8GKV0	54.144	724	317	8	6	720	6	723	0.0	758
alpha-amylase	Q7NL20	53.408	719	325	8	10	720	10	726	0.0	758
alpha-amylase	Q2K487	54.495	723	309	8	12	724	23	735	0.0	758
alpha-amylase	A4Y4U3	52.486	724	331	7	8	720	12	733	0.0	756
alpha-amylase	Q8U8L4	53.814	721	317	7	12	724	23	735	0.0	754
alpha-amylase	Q92M14	55.091	717	307	8	12	720	24	733	0.0	753
alpha-amylase	Q3JCN0	53.056	720	319	7	11	720	20	730	0.0	750
alpha-amylase	Q8GQC5	55.342	730	307	9	6	724	10	731	0.0	750
alpha-amylase	Q0AA26	57.389	697	285	7	36	724	1	693	0.0	745
alpha-amylase	Q1D654	53.343	718	326	6	13	722	17	733	0.0	741
alpha-amylase	Q2T6R3	56.509	699	295	6	13	703	115	812	0.0	740
alpha-amylase	B0BT96	50.479	731	345	9	3	723	7	730	0.0	735
alpha-amylase	P52981	49.270	753	348	9	1	721	1	751	0.0	735
alpha-amylase	B3H0J1	50.477	733	342	10	3	723	7	730	0.0	735
alpha-amylase	Q081Q4	50.757	727	345	7	8	723	11	735	0.0	734
alpha-amylase	Q7UVH1	51.226	734	342	7	1	720	1	732	0.0	731
alpha-amylase	A3MZ64	50.205	733	344	10	3	723	7	730	0.0	729
alpha-amylase	Q31IB6	50.069	723	346	7	10	724	11	726	0.0	726
alpha-amylase	Q5N4W5	48.919	740	344	7	13	720	20	757	0.0	723
alpha-amylase	P16954	48.919	740	344	7	13	720	20	757	0.0	723
alpha-amylase	P52979	52.078	722	329	8	11	724	22	734	0.0	723
alpha-amylase	Q8DLB8	48.728	747	349	8	7	721	5	749	0.0	721
alpha-amylase	Q3SH78	52.595	713	334	4	13	722	27	738	0.0	720
alpha-amylase	Q7V8B5	49.254	737	344	8	11	720	15	748	0.0	719
alpha-amylase	Q9RQI5	52.355	722	325	10	9	720	20	732	0.0	716
alpha-amylase	Q3AYE2	48.707	735	347	6	13	720	17	748	0.0	715
alpha-amylase	A2CAR9	48.982	737	346	8	11	720	15	748	0.0	714
alpha-amylase	Q114I1	47.914	743	353	8	10	720	8	748	0.0	714
alpha-amylase	Q3AKV6	48.980	735	345	6	13	720	17	748	0.0	714
alpha-amylase	Q8YYX9	47.523	747	358	8	7	721	8	752	0.0	714
alpha-amylase	B3PGN4	50.700	714	330	8	13	710	17	724	0.0	713
alpha-amylase	Q3M473	47.657	747	357	8	7	721	8	752	0.0	711
alpha-amylase	Q46LW6	46.070	738	368	6	11	721	15	749	0.0	710
alpha-amylase	Q81ZU6	51.460	719	338	7	13	724	20	734	0.0	710
alpha-amylase	Q6LHN1	50.140	712	349	5	13	721	3	711	0.0	708
alpha-amylase	P52980	53.064	718	320	8	13	722	56	764	0.0	708
alpha-amylase	Q82JF0	53.064	718	320	8	13	722	129	837	0.0	707
alpha-amylase	Q0AGJ0	50.997	702	338	5	23	720	32	731	0.0	707
alpha-amylase	A5GJR7	48.537	752	353	8	1	721	1	749	0.0	707
alpha-amylase	Q7U646	48.707	735	347	6	13	720	17	748	0.0	706
alpha-amylase	A2C142	45.664	738	371	6	11	721	15	749	0.0	706
alpha-amylase	Q2YB47	51.253	718	340	5	12	721	20	735	0.0	705
alpha-amylase	Q15VD0	49.454	732	348	9	9	724	3	728	0.0	704
alpha-amylase	Q6NHR6	50.765	719	337	9	7	715	12	723	0.0	704
alpha-amylase	Q1H1K2	51.105	724	348	5	2	722	4	724	0.0	701
alpha-amylase	Q9KNE8	51.185	717	328	10	13	718	17	722	0.0	699
alpha-amylase	Q6AEU4	52.697	723	326	8	6	720	15	729	0.0	699
alpha-amylase	Q2J6Q9	52.917	720	322	10	13	722	99	811	0.0	698
alpha-amylase	Q5DZB8	49.581	716	343	10	13	718	3	710	0.0	697
alpha-amylase	Q87FR0	49.720	714	343	8	13	718	44	749	0.0	695
alpha-amylase	O66936	55.079	630	274	6	99	724	6	630	0.0	694
alpha-amylase	Q47SE7	52.011	721	330	9	12	724	36	748	0.0	693
alpha-amylase	Q0I8Y2	48.378	740	351	7	10	721	13	749	0.0	693
alpha-amylase	A1U0K1	53.981	628	286	3	97	722	3	629	0.0	689
alpha-amylase	Q0SGR9	51.111	720	332	10	13	721	19	729	0.0	689
alpha-amylase	Q28MN2	55.854	632	268	5	92	720	74	697	0.0	688
alpha-amylase	Q59833	53.923	701	300	9	13	699	73	764	0.0	687
alpha-amylase	Q7VBL4	46.102	744	371	6	5	721	9	749	0.0	687
alpha-amylase	A9BAY7	46.070	738	368	6	11	721	15	749	0.0	686
alpha-amylase	Q59832	52.705	721	315	12	11	722	35	738	0.0	686
alpha-amylase	Q31BV0	44.578	747	384	6	5	724	9	752	0.0	686
alpha-amylase	Q8D4P0	48.945	711	357	6	11	718	3	710	0.0	684
alpha-amylase	Q8NR40	50.069	721	341	9	13	723	19	730	0.0	682
alpha-amylase	Q7MG90	48.945	711	357	6	11	718	3	710	0.0	682
alpha-amylase	Q7V299	43.700	746	390	6	5	723	9	751	0.0	681
alpha-amylase	A0R1Y4	50.752	731	339	10	4	722	14	735	0.0	681
alpha-amylase	A3PBV8	44.578	747	384	7	5	724	9	752	0.0	680
alpha-amylase	A2BQ65	44.311	747	386	6	5	724	9	752	0.0	680
alpha-amylase	Q8FQ12	50.691	724	334	10	13	724	19	731	0.0	679
alpha-amylase	A5GSG4	48.594	747	353	7	2	720	5	748	0.0	678
alpha-amylase	A8G3V0	44.220	744	385	6	5	721	9	749	0.0	676
alpha-amylase	A2BVP7	43.432	746	392	6	5	723	9	751	0.0	675
alpha-amylase	Q73X75	50.000	726	346	10	6	723	15	731	0.0	675
alpha-amylase	Q5NXV7	56.230	626	265	6	100	723	10	628	0.0	674
alpha-amylase	Q21WG7	55.698	623	271	4	99	720	1	619	0.0	673
alpha-amylase	A3Q396	49.861	722	341	10	13	722	29	741	0.0	672
alpha-amylase	Q8G5L0	48.033	737	348	11	12	723	10	736	0.0	672
alpha-amylase	Q5Z0W8	51.816	716	328	11	13	721	35	740	0.0	670
alpha-amylase	Q1B568	49.584	722	343	10	13	722	29	741	0.0	668
alpha-amylase	A1UJW9	49.584	722	343	10	13	722	29	741	0.0	668
alpha-amylase	A1KIB6	49.241	725	351	10	6	722	15	730	0.0	664
alpha-amylase	P59816	49.241	725	351	10	6	722	15	730	0.0	664
alpha-amylase	Q2JT08	47.703	740	346	10	20	723	20	754	0.0	663
alpha-amylase	P9WN45	49.103	725	352	10	6	722	15	730	0.0	660
alpha-amylase	A5U226	49.103	725	352	10	6	722	15	730	0.0	660
alpha-amylase	A1VC54	54.618	628	278	5	99	722	10	634	0.0	660
alpha-amylase	Q729V5	54.459	628	279	5	99	722	10	634	0.0	658
alpha-amylase	Q2JK68	47.297	740	349	10	20	723	20	754	0.0	657
alpha-amylase	A0PUI6	49.241	725	351	11	6	722	15	730	0.0	657
alpha-amylase	P9WN44	48.828	725	354	10	6	722	15	730	0.0	654
alpha-amylase	Q47II8	53.647	617	280	3	105	720	7	618	0.0	649
alpha-amylase	Q4JUK5	50.212	709	329	16	13	713	8	700	0.0	648
alpha-amylase	Q30Z14	53.577	629	281	6	100	722	14	637	0.0	637
alpha-amylase	Q6MAB4	45.594	715	374	7	13	721	20	725	0.0	635
alpha-amylase	Q825Q8	54.500	600	253	7	129	722	6	591	0.0	632
alpha-amylase	B8CVY1	48.154	623	320	3	101	722	7	627	0.0	625
alpha-amylase	Q93HU3	52.540	630	279	9	100	723	4	619	0.0	619
alpha-amylase	Q2S4A0	50.238	631	296	8	98	722	2	620	0.0	617
alpha-amylase	Q1IZQ3	54.201	607	263	9	120	720	43	640	0.0	614
alpha-amylase	Q6A8Q7	49.524	630	298	9	100	720	9	627	0.0	613
alpha-amylase	Q8CZE8	46.228	623	332	3	100	720	4	625	0.0	612
alpha-amylase	B2SFM7	44.677	620	341	2	104	721	18	637	0.0	609
alpha-amylase	Q8XPA2	44.338	627	345	4	97	720	29	654	0.0	608
alpha-amylase	A0Q593	44.677	620	341	2	104	721	18	637	0.0	607
alpha-amylase	Q0BN67	44.355	620	343	2	104	721	18	637	0.0	607
alpha-amylase	A7NAI2	44.355	620	343	2	104	721	18	637	0.0	607
alpha-amylase	Q0TQ16	44.019	627	346	4	100	723	35	659	0.0	607
alpha-amylase	A4IZK2	44.194	620	344	2	104	721	18	637	0.0	606
alpha-amylase	Q2A4U7	44.355	620	343	2	104	721	18	637	0.0	606
alpha-amylase	B0TZI5	44.677	620	341	2	104	721	18	637	0.0	606
alpha-amylase	Q9RTB7	53.388	605	273	8	120	722	27	624	0.0	605
alpha-amylase	Q0SSN2	43.381	627	350	4	100	723	35	659	0.0	604
alpha-amylase	Q8XK15	43.860	627	347	4	100	723	40	664	0.0	604
alpha-amylase	Q5NHN4	44.194	620	344	2	104	721	18	637	0.0	603
alpha-amylase	Q14J36	44.194	620	344	2	104	721	18	637	0.0	603
alpha-amylase	Q0SWZ1	44.019	627	347	4	97	720	29	654	0.0	603
alpha-amylase	Q9Z876	43.680	712	385	9	13	719	14	714	0.0	587
alpha-amylase	Q253M6	45.238	630	338	4	92	720	92	715	0.0	579
alpha-amylase	Q5L6K4	46.667	630	329	4	92	720	92	715	0.0	578
alpha-amylase	P30539	45.268	634	332	5	99	723	6	633	0.0	576
alpha-amylase	Q823Y5	42.318	716	391	10	13	720	14	715	0.0	567
alpha-amylase	Q24VW3	45.774	627	333	4	98	723	10	630	0.0	559
alpha-amylase	A7GUA1	45.199	604	319	3	120	722	26	618	0.0	558
alpha-amylase	B0B998	49.378	563	281	3	92	654	92	650	0.0	556
alpha-amylase	B0BAX7	49.378	563	281	3	92	654	92	650	0.0	556
alpha-amylase	O84874	49.201	563	282	3	92	654	92	650	0.0	555
alpha-amylase	A9VMV8	44.389	606	325	4	118	722	24	618	0.0	555
alpha-amylase	Q3KKH0	49.201	563	282	3	92	654	92	650	0.0	554
alpha-amylase	P30538	44.356	629	336	5	95	722	3	618	0.0	554
alpha-amylase	Q6L2Z9	39.551	713	404	13	11	723	12	697	0.0	553
alpha-amylase	Q9PL51	45.484	620	333	4	92	710	92	707	0.0	551
alpha-amylase	B7HTX9	44.719	606	323	4	118	722	24	618	0.0	551
alpha-amylase	Q72YJ3	44.719	606	323	4	118	722	24	618	0.0	551
alpha-amylase	Q632H1	44.554	606	324	4	118	722	16	610	0.0	550
alpha-amylase	B9J2G8	44.554	606	324	4	118	722	24	618	0.0	549
alpha-amylase	P30537	44.944	623	331	4	101	722	7	618	0.0	546
alpha-amylase	B7HBC7	43.729	606	329	4	118	722	24	618	0.0	545
alpha-amylase	Q81K82	44.224	606	326	4	118	722	24	618	0.0	543
alpha-amylase	C3LC26	44.224	606	326	4	118	722	24	618	0.0	543
alpha-amylase	C3PCL8	44.224	606	326	4	118	722	24	618	0.0	543
alpha-amylase	Q816G6	43.729	606	329	4	118	722	24	618	0.0	543
alpha-amylase	B7IM37	43.894	606	328	4	118	722	24	618	0.0	543
alpha-amylase	Q6HC15	44.059	606	327	4	118	722	24	618	0.0	543
alpha-amylase	B7JDF1	44.059	606	327	4	118	722	24	618	0.0	543
alpha-amylase	C1EX54	43.894	606	328	4	118	722	24	618	0.0	541
alpha-amylase	Q65FS4	43.478	621	339	4	101	720	7	616	7.71e-178	525
alpha-amylase	P39118	42.718	618	342	4	104	720	10	616	4.57e-176	520
alpha-amylase	Q890J1	45.085	590	317	6	135	722	39	623	8.32e-173	512
alpha-amylase	Q1WSM8	40.065	619	366	4	106	723	19	633	2.91e-171	509
alpha-amylase	A3CM01	42.208	616	350	5	105	719	7	617	5.01e-169	503
alpha-amylase	Q8E5V8	41.262	618	351	7	104	719	6	613	1.60e-167	498
alpha-amylase	A8AYH3	42.045	616	351	5	105	719	7	617	2.11e-167	498
alpha-amylase	Q8E081	41.951	615	341	8	108	719	12	613	5.02e-167	497
alpha-amylase	Q3K1K5	41.951	615	341	8	108	719	12	613	5.02e-167	497
alpha-amylase	Q97QS8	41.071	616	357	5	105	719	7	617	2.81e-166	496
alpha-amylase	Q8DPS6	41.071	616	357	5	105	719	7	617	4.56e-166	495
alpha-amylase	Q04KG8	41.071	616	357	5	105	719	7	617	4.56e-166	495
alpha-amylase	Q8DT52	40.872	619	356	7	105	719	7	619	3.84e-163	487
alpha-amylase	Q5FL68	39.967	613	360	5	111	722	17	622	1.54e-160	481
alpha-amylase	Q8RF62	38.486	621	354	11	106	721	11	608	2.59e-154	464
alpha-amylase	Q04446	26.875	640	376	26	138	720	91	695	7.52e-49	186
alpha-amylase	Q96VA4	27.132	645	372	28	138	721	77	684	1.34e-47	182
alpha-amylase	Q6EAS5	27.019	644	370	27	138	720	88	692	2.29e-47	182
alpha-amylase	Q6T308	27.116	638	376	29	138	719	88	692	5.35e-47	181
alpha-amylase	Q9D6Y9	26.398	644	386	25	132	720	85	695	1.93e-46	179
alpha-amylase	Q8NKE1	25.421	653	371	27	138	721	76	681	6.20e-46	177
alpha-amylase	O23647	25.974	616	368	23	132	687	213	800	1.24e-45	178
alpha-amylase	P0CN82	25.037	675	404	26	110	720	44	680	3.46e-45	175
alpha-amylase	P0CN83	25.037	675	404	26	110	720	44	680	3.46e-45	175
alpha-amylase	Q08047	24.933	750	451	26	51	722	82	797	7.47e-45	176
alpha-amylase	Q9LZS3	25.410	610	379	20	132	687	178	765	1.71e-44	174
alpha-amylase	P30924	26.955	601	360	22	138	685	157	731	5.65e-44	173
alpha-amylase	Q555Q9	25.073	682	394	25	109	722	44	676	1.03e-43	171
alpha-amylase	Q9Y8H3	25.564	665	398	26	118	723	55	681	2.80e-43	170
alpha-amylase	Q757Q6	27.170	622	357	28	131	685	70	662	4.00e-43	169
alpha-amylase	Q6CCT1	24.822	701	411	24	99	723	25	685	1.23e-42	168
alpha-amylase	Q6BXN1	25.566	618	352	25	138	685	82	661	1.18e-41	165
alpha-amylase	Q6CX53	27.162	659	363	29	109	685	49	672	6.40e-41	163
alpha-amylase	Q6FJV0	25.214	702	402	28	106	723	43	705	5.52e-40	160
alpha-amylase	P32775	24.387	652	413	23	130	721	70	701	1.56e-39	159
alpha-amylase	Q41058	25.160	624	375	21	132	693	221	814	1.98e-39	160
alpha-amylase	Q41059	25.231	650	399	28	132	719	131	755	3.55e-37	152
alpha-amylase	Q01401	24.578	651	407	28	127	718	128	753	1.21e-36	151
alpha-amylase	D2WL32	25.845	592	353	25	171	713	330	884	1.67e-33	141
alpha-amylase	Q44316	25.523	478	276	17	134	577	18	449	5.27e-20	98.2
alpha-amylase	Q9RX51	29.801	302	181	10	124	425	27	297	5.45e-20	98.2
alpha-amylase	Q53238	26.115	471	282	16	134	577	16	447	8.80e-20	97.4
alpha-amylase	Q55088	25.862	290	177	13	124	409	4	259	2.11e-18	92.8
alpha-amylase	Q9AJN6	26.337	505	268	18	134	594	4	448	4.75e-18	92.0
alpha-amylase	O52520	24.268	478	281	16	134	577	10	440	8.85e-16	84.7
alpha-amylase	P9WQ23	25.485	361	198	11	245	571	100	423	9.12e-16	84.7
alpha-amylase	P9WQ22	25.485	361	198	11	245	571	100	423	9.12e-16	84.7
# PSIBLAST 2.6.0+
# Iteration: 2
# Query: alpha-amylase | Q8PE48.1 | NP_635530.2 | 88.99%
# Database: /home/alex/Documents/data/local_db/swissprot
# Fields: query acc.ver, subject acc.ver, % identity, alignment length, mismatches, gap opens, q. start, q. end, s. start, s. end, evalue, bit score
# 362 hits found
alpha-amylase	Q8PE48	100.000	724	0	0	1	724	1	724	0.0	1189
alpha-amylase	Q4V0E2	100.000	724	0	0	1	724	1	724	0.0	1189
alpha-amylase	Q2P949	92.541	724	54	0	1	724	8	731	0.0	1162
alpha-amylase	Q5H6H2	92.265	724	56	0	1	724	9	732	0.0	1160
alpha-amylase	Q3BZE1	93.646	724	46	0	1	724	9	732	0.0	1142
alpha-amylase	Q8PR13	93.094	724	50	0	1	724	1	724	0.0	1139
alpha-amylase	A6VP15	51.565	735	339	7	1	724	1	729	0.0	1134
alpha-amylase	Q1AZ86	59.471	718	285	5	8	722	5	719	0.0	1133
alpha-amylase	Q2RR72	57.279	735	302	5	1	724	1	734	0.0	1132
alpha-amylase	Q11EX1	57.655	725	301	3	6	724	14	738	0.0	1129
alpha-amylase	Q4KCQ3	62.277	729	264	5	5	724	17	743	0.0	1128
alpha-amylase	Q3KD78	61.126	728	272	5	5	723	17	742	0.0	1122
alpha-amylase	Q881X0	60.581	723	275	6	9	723	19	739	0.0	1117
alpha-amylase	Q88FN1	60.858	723	272	5	9	722	15	735	0.0	1115
alpha-amylase	Q48IE2	61.549	723	268	7	9	723	19	739	0.0	1114
alpha-amylase	Q4ZTJ2	61.549	723	268	6	9	723	19	739	0.0	1112
alpha-amylase	Q2W2Q6	58.472	720	294	3	8	723	21	739	0.0	1110
alpha-amylase	Q210H1	57.163	719	297	5	7	723	6	715	0.0	1107
alpha-amylase	Q2IYX0	56.546	718	301	5	8	723	7	715	0.0	1107
alpha-amylase	A3PIQ5	59.944	719	279	5	8	722	14	727	0.0	1107
alpha-amylase	Q8FCR7	54.025	733	322	8	1	724	1	727	0.0	1107
alpha-amylase	Q8DLB8	48.133	750	355	7	4	721	2	749	0.0	1106
alpha-amylase	Q1R5J4	54.025	733	322	8	1	724	1	727	0.0	1106
alpha-amylase	A1AGW5	54.025	733	322	8	1	724	1	727	0.0	1106
alpha-amylase	Q3J3M6	60.223	719	277	5	8	722	14	727	0.0	1105
alpha-amylase	Q83PV3	53.752	733	324	8	1	724	1	727	0.0	1105
alpha-amylase	Q07K87	56.745	719	299	5	7	723	6	714	0.0	1105
alpha-amylase	Q0TC27	53.888	733	323	8	1	724	1	727	0.0	1105
alpha-amylase	Q3YW93	53.479	733	326	8	1	724	1	727	0.0	1104
alpha-amylase	P07762	53.479	733	326	8	1	724	1	727	0.0	1104
alpha-amylase	B1IP32	53.479	733	326	8	1	724	1	727	0.0	1104
alpha-amylase	A8A5P2	53.479	733	326	8	1	724	1	727	0.0	1104
alpha-amylase	Q8X6X6	53.752	733	324	8	1	724	1	727	0.0	1104
alpha-amylase	A7ZSW5	53.479	733	326	8	1	724	1	727	0.0	1104
alpha-amylase	Q0SZN2	53.615	733	325	8	1	724	1	727	0.0	1103
alpha-amylase	Q32AV3	53.615	733	325	8	1	724	1	727	0.0	1102
alpha-amylase	Q31VJ1	53.342	733	327	8	1	724	1	727	0.0	1102
alpha-amylase	A4WFL5	53.206	733	328	8	1	724	1	727	0.0	1101
alpha-amylase	Q21M30	53.095	727	333	4	5	724	4	729	0.0	1100
alpha-amylase	A9MMA0	53.752	733	324	8	1	724	1	727	0.0	1099
alpha-amylase	Q5N4W5	47.872	752	358	7	2	721	9	758	0.0	1099
alpha-amylase	P16954	47.872	752	358	7	2	721	9	758	0.0	1099
alpha-amylase	A8AQY3	54.025	733	322	8	1	724	1	727	0.0	1099
alpha-amylase	Q8Z235	53.752	733	324	8	1	724	1	727	0.0	1098
alpha-amylase	Q8ZLG5	53.752	733	324	8	1	724	1	727	0.0	1097
alpha-amylase	Q57IT8	53.752	733	324	8	1	724	1	727	0.0	1097
alpha-amylase	A9MTV4	53.615	733	325	8	1	724	1	727	0.0	1097
alpha-amylase	Q5PM06	53.752	733	324	8	1	724	1	727	0.0	1097
alpha-amylase	Q7NL20	52.466	730	337	7	1	722	1	728	0.0	1097
alpha-amylase	Q133N2	56.407	718	302	5	8	723	7	715	0.0	1097
alpha-amylase	Q3STC2	55.494	719	309	5	8	724	6	715	0.0	1095
alpha-amylase	B0UU89	50.546	732	345	7	1	721	1	726	0.0	1095
alpha-amylase	Q0I3H7	50.546	732	345	7	1	721	1	726	0.0	1095
alpha-amylase	Q1M3A7	60.972	720	275	3	7	721	14	732	0.0	1095
alpha-amylase	Q2JZ21	61.506	717	272	3	8	721	15	730	0.0	1094
alpha-amylase	P52981	48.738	753	352	7	1	721	1	751	0.0	1093
alpha-amylase	A6TF51	54.025	733	322	8	1	724	1	727	0.0	1092
alpha-amylase	Q1QNB1	57.521	718	294	5	8	723	6	714	0.0	1092
alpha-amylase	Q8YYX9	46.871	751	365	7	3	721	4	752	0.0	1092
alpha-amylase	Q6N3P9	56.825	718	299	5	8	723	7	715	0.0	1090
alpha-amylase	Q9CN94	52.109	735	335	7	1	724	1	729	0.0	1089
alpha-amylase	A5EPZ7	56.625	717	299	4	9	724	7	712	0.0	1089
alpha-amylase	Q3M473	47.004	751	364	7	3	721	4	752	0.0	1089
alpha-amylase	Q9I1W2	60.798	727	277	6	3	724	9	732	0.0	1088
alpha-amylase	Q89FD3	55.278	720	311	5	7	724	11	721	0.0	1087
alpha-amylase	A8GKV0	53.342	733	327	7	1	724	1	727	0.0	1087
alpha-amylase	Q65TI0	52.861	734	329	7	1	723	1	728	0.0	1087
alpha-amylase	A4Z005	56.206	717	302	4	9	724	7	712	0.0	1086
alpha-amylase	Q3AKV6	48.327	747	356	6	4	723	8	751	0.0	1084
alpha-amylase	Q6CZK0	54.821	726	313	7	8	724	6	725	0.0	1084
alpha-amylase	Q7V8B5	48.059	747	358	6	4	723	8	751	0.0	1083
alpha-amylase	Q608L5	55.649	717	307	7	11	722	15	725	0.0	1082
alpha-amylase	P45177	51.226	734	341	7	1	723	1	728	0.0	1081
alpha-amylase	Q13S07	63.361	726	256	5	5	721	10	734	0.0	1081
alpha-amylase	Q46LW6	45.565	744	375	6	8	724	12	752	0.0	1080
alpha-amylase	A2C142	45.161	744	378	6	8	724	12	752	0.0	1080
alpha-amylase	Q7U646	47.925	747	359	6	4	723	8	751	0.0	1079
alpha-amylase	Q3JCN0	51.872	721	338	5	8	723	17	733	0.0	1079
alpha-amylase	A5GJR7	48.396	748	355	7	4	723	7	751	0.0	1079
alpha-amylase	Q4QK67	50.748	735	345	7	1	724	1	729	0.0	1079
alpha-amylase	A6V628	60.798	727	277	6	3	724	9	732	0.0	1079
alpha-amylase	A4JR39	60.660	727	275	6	6	722	7	732	0.0	1079
alpha-amylase	Q0BU54	59.972	727	282	5	5	724	10	734	0.0	1078
alpha-amylase	A5UEJ2	51.293	735	341	7	1	724	1	729	0.0	1078
alpha-amylase	Q0B3Y4	61.210	727	271	6	6	722	7	732	0.0	1078
alpha-amylase	Q3SH78	52.374	716	337	4	10	722	24	738	0.0	1077
alpha-amylase	A2CAR9	47.791	747	360	6	4	723	8	751	0.0	1077
alpha-amylase	Q31IB6	49.317	732	356	6	1	724	2	726	0.0	1077
alpha-amylase	Q46TF2	61.088	735	274	7	2	724	13	747	0.0	1077
alpha-amylase	Q165E2	55.310	725	316	3	5	721	3	727	0.0	1076
alpha-amylase	Q3AYE2	48.059	747	358	6	4	723	8	751	0.0	1074
alpha-amylase	Q8XT76	64.343	746	235	9	5	721	31	774	0.0	1072
alpha-amylase	Q664I2	52.933	716	322	8	1	707	1	710	0.0	1070
alpha-amylase	A4TQV2	52.933	716	322	8	1	707	1	710	0.0	1070
alpha-amylase	Q1CDL3	52.933	716	322	8	1	707	1	710	0.0	1070
alpha-amylase	Q8ZA75	52.933	716	322	8	1	707	1	710	0.0	1070
alpha-amylase	Q1C1D9	52.933	716	322	8	1	707	1	710	0.0	1070
alpha-amylase	A9BAY7	45.576	746	376	6	3	721	7	749	0.0	1070
alpha-amylase	Q8EGU7	53.517	725	326	6	8	722	11	734	0.0	1069
alpha-amylase	B8EAX1	52.552	725	333	6	8	722	12	735	0.0	1069
alpha-amylase	B0BT96	50.000	730	350	7	3	723	7	730	0.0	1069
alpha-amylase	A1JSJ0	53.427	715	318	8	1	706	1	709	0.0	1068
alpha-amylase	Q114I1	47.200	750	362	7	4	721	2	749	0.0	1068
alpha-amylase	A6WKY2	52.414	725	334	6	8	722	12	735	0.0	1068
alpha-amylase	B3H0J1	50.000	730	350	7	3	723	7	730	0.0	1068
alpha-amylase	A9KTJ1	52.276	725	335	6	8	722	12	735	0.0	1068
alpha-amylase	A3D286	52.414	725	334	6	8	722	12	735	0.0	1068
alpha-amylase	A7FNX5	52.933	716	322	8	1	707	1	710	0.0	1067
alpha-amylase	A3MZ64	49.726	730	352	7	3	723	7	730	0.0	1067
alpha-amylase	Q0K0X8	60.792	732	271	7	8	723	15	746	0.0	1066
alpha-amylase	Q7UVH1	50.746	737	349	6	1	724	1	736	0.0	1065
alpha-amylase	Q2YB47	50.763	721	345	5	10	722	18	736	0.0	1063
alpha-amylase	Q39N89	58.985	729	286	6	6	722	7	734	0.0	1063
alpha-amylase	Q1D654	52.559	723	334	5	8	722	12	733	0.0	1060
alpha-amylase	Q8GQC5	55.082	728	312	8	6	724	10	731	0.0	1060
alpha-amylase	A0KDG4	59.863	730	279	7	6	722	7	735	0.0	1060
alpha-amylase	Q1BVW7	60.000	730	278	7	6	722	7	735	0.0	1059
alpha-amylase	Q0HST5	53.241	725	328	6	8	722	12	735	0.0	1058
alpha-amylase	Q0HGI8	52.966	725	330	6	8	722	12	735	0.0	1058
alpha-amylase	Q7VBL4	45.722	748	376	6	1	721	5	749	0.0	1057
alpha-amylase	Q47SE7	51.639	732	337	10	1	724	26	748	0.0	1056
alpha-amylase	Q2J6Q9	51.862	725	332	9	8	722	94	811	0.0	1056
alpha-amylase	A1RLX8	52.552	725	333	6	8	722	12	735	0.0	1055
alpha-amylase	Q2K487	53.022	728	334	5	1	724	12	735	0.0	1055
alpha-amylase	Q1MBS9	53.022	728	334	5	1	724	12	735	0.0	1053
alpha-amylase	Q2JT08	46.174	758	369	9	1	723	1	754	0.0	1053
alpha-amylase	Q0AGJ0	50.702	712	345	5	13	720	22	731	0.0	1052
alpha-amylase	A4Y4U3	52.282	723	334	6	8	720	12	733	0.0	1052
alpha-amylase	Q1H1K2	50.967	724	349	5	2	722	4	724	0.0	1052
alpha-amylase	Q7V299	43.641	747	391	6	4	723	8	751	0.0	1051
alpha-amylase	Q31BV0	44.385	748	386	6	4	724	8	752	0.0	1050
alpha-amylase	Q8U8L4	53.095	727	333	5	2	724	13	735	0.0	1050
alpha-amylase	Q0I8Y2	47.861	748	359	7	4	723	7	751	0.0	1050
alpha-amylase	Q73X75	49.931	727	347	10	5	723	14	731	0.0	1048
alpha-amylase	Q985P4	56.328	719	306	5	7	721	19	733	0.0	1047
alpha-amylase	A0R1Y4	50.616	731	340	10	4	722	14	735	0.0	1047
alpha-amylase	A2BQ65	44.251	748	387	6	4	724	8	752	0.0	1046
alpha-amylase	A3PBV8	44.251	748	387	6	4	724	8	752	0.0	1046
alpha-amylase	A8G3V0	44.102	746	387	6	4	722	8	750	0.0	1044
alpha-amylase	A2BVP7	43.200	750	396	6	1	723	5	751	0.0	1043
alpha-amylase	Q92M14	54.254	717	321	5	9	721	21	734	0.0	1042
alpha-amylase	Q63T91	59.563	732	280	6	6	722	7	737	0.0	1042
alpha-amylase	A3N8B3	59.563	732	280	6	6	722	7	737	0.0	1042
alpha-amylase	Q3JTG5	59.426	732	281	6	6	722	7	737	0.0	1042
alpha-amylase	A3NU16	59.426	732	281	6	6	722	7	737	0.0	1042
alpha-amylase	B3PGN4	50.421	712	339	6	12	711	16	725	0.0	1041
alpha-amylase	A5GSG4	48.133	750	358	7	2	723	5	751	0.0	1039
alpha-amylase	Q2JK68	45.910	758	371	9	1	723	1	754	0.0	1038
alpha-amylase	Q8PDD1	59.945	724	284	6	3	723	8	728	0.0	1038
alpha-amylase	Q4UZL7	59.945	724	284	6	3	723	8	728	0.0	1038
alpha-amylase	A1KIB6	49.036	726	353	10	5	722	14	730	0.0	1038
alpha-amylase	P59816	49.036	726	353	10	5	722	14	730	0.0	1038
alpha-amylase	Q9RQI5	52.138	725	328	10	6	720	17	732	0.0	1036
alpha-amylase	P52980	52.851	719	322	8	12	722	55	764	0.0	1035
alpha-amylase	P9WN45	48.898	726	354	10	5	722	14	730	0.0	1034
alpha-amylase	A5U226	48.898	726	354	10	5	722	14	730	0.0	1034
alpha-amylase	Q0SGR9	50.411	730	342	10	5	723	11	731	0.0	1033
alpha-amylase	Q81ZU6	51.052	713	343	5	13	721	20	730	0.0	1032
alpha-amylase	Q081Q4	50.137	732	354	6	2	723	5	735	0.0	1032
alpha-amylase	Q7WII7	61.326	724	270	5	4	722	11	729	0.0	1030
alpha-amylase	Q82JF0	51.918	730	334	8	1	722	117	837	0.0	1030
alpha-amylase	Q7VYK0	61.326	724	270	5	4	722	11	729	0.0	1029
alpha-amylase	A0PUI6	49.036	726	353	11	5	722	14	730	0.0	1028
alpha-amylase	Q7W6L4	61.326	724	270	5	4	722	11	729	0.0	1028
alpha-amylase	P9WN44	48.623	726	356	10	5	722	14	730	0.0	1027
alpha-amylase	Q0AA26	57.102	697	287	7	36	724	1	693	0.0	1025
alpha-amylase	Q2G7S5	55.220	728	311	6	4	724	2	721	0.0	1023
alpha-amylase	Q8PQA2	59.501	721	286	6	6	723	1	718	0.0	1020
alpha-amylase	A3Q396	49.384	731	349	10	4	722	20	741	0.0	1018
alpha-amylase	Q5Z0W8	50.967	724	338	11	5	721	27	740	0.0	1018
alpha-amylase	Q2T6R3	55.775	710	305	6	5	706	107	815	0.0	1018
alpha-amylase	Q1B568	49.111	731	351	10	4	722	20	741	0.0	1015
alpha-amylase	A1UJW9	49.111	731	351	10	4	722	20	741	0.0	1015
alpha-amylase	Q3BYI0	60.223	719	280	6	8	723	27	742	0.0	1014
alpha-amylase	Q2P9F7	59.834	722	283	7	6	723	25	743	0.0	1014
alpha-amylase	Q59832	51.719	727	326	10	5	722	28	738	0.0	1013
alpha-amylase	Q5H6Q3	59.834	722	283	7	6	723	1	719	0.0	1011
alpha-amylase	P52979	51.307	727	345	6	2	724	13	734	0.0	1003
alpha-amylase	Q6AEU4	52.138	725	331	8	5	721	14	730	0.0	1000
alpha-amylase	Q59833	53.081	714	312	9	1	700	61	765	0.0	989
alpha-amylase	Q9KNE8	50.139	722	344	9	11	724	15	728	0.0	989
alpha-amylase	Q6LHN1	49.513	719	349	7	12	723	2	713	0.0	986
alpha-amylase	Q87FR0	49.302	716	349	8	13	721	44	752	0.0	986
alpha-amylase	A1U0K1	54.067	627	285	3	98	722	4	629	0.0	985
alpha-amylase	Q8FQ12	50.069	727	344	9	8	724	14	731	0.0	985
alpha-amylase	Q6NHR6	49.931	729	346	10	7	724	12	732	0.0	985
alpha-amylase	Q7MG90	49.096	719	350	9	11	721	3	713	0.0	983
alpha-amylase	O66936	54.762	630	276	5	99	724	6	630	0.0	983
alpha-amylase	Q15VD0	49.113	733	351	8	8	724	2	728	0.0	981
alpha-amylase	Q8G5L0	47.709	742	353	11	7	723	5	736	0.0	981
alpha-amylase	Q8D4P0	49.096	719	350	9	11	721	3	713	0.0	980
alpha-amylase	Q6MAB4	45.265	718	378	7	10	721	17	725	0.0	978
alpha-amylase	Q5DZB8	49.169	722	349	10	12	723	2	715	0.0	975
alpha-amylase	Q8NR40	49.587	726	347	9	8	723	14	730	0.0	974
alpha-amylase	B8CVY1	48.154	623	320	3	101	722	7	627	0.0	966
alpha-amylase	Q4JUK5	48.414	725	350	15	8	724	3	711	0.0	956
alpha-amylase	Q253M6	41.355	723	413	7	1	720	1	715	0.0	944
alpha-amylase	Q28MN2	55.591	635	271	5	92	723	74	700	0.0	941
alpha-amylase	A1VC54	54.259	634	283	5	93	722	4	634	0.0	935
alpha-amylase	Q729V5	54.101	634	284	5	93	722	4	634	0.0	934
alpha-amylase	Q47II8	53.387	620	283	3	105	723	7	621	0.0	933
alpha-amylase	Q21WG7	55.538	623	272	3	101	722	3	621	0.0	932
alpha-amylase	Q823Y5	41.413	722	407	8	5	721	6	716	0.0	931
alpha-amylase	Q5NXV7	55.803	629	269	6	97	723	7	628	0.0	929
alpha-amylase	Q8CZE8	46.006	626	335	3	100	723	4	628	0.0	928
alpha-amylase	Q5L6K4	42.618	718	402	6	5	720	6	715	0.0	926
alpha-amylase	B2SFM7	44.179	627	348	2	97	721	11	637	0.0	921
alpha-amylase	A0Q593	44.179	627	348	2	97	721	11	637	0.0	920
alpha-amylase	A4IZK2	43.700	627	351	2	97	721	11	637	0.0	919
alpha-amylase	Q5NHN4	43.700	627	351	2	97	721	11	637	0.0	917
alpha-amylase	Q14J36	43.700	627	351	2	97	721	11	637	0.0	917
alpha-amylase	B0TZI5	44.038	629	350	2	97	723	11	639	0.0	916
alpha-amylase	Q0BN67	44.000	625	348	2	99	721	13	637	0.0	916
alpha-amylase	A7NAI2	44.000	625	348	2	99	721	13	637	0.0	916
alpha-amylase	Q30Z14	53.429	627	285	5	100	722	14	637	0.0	915
alpha-amylase	Q2A4U7	44.000	625	348	2	99	721	13	637	0.0	914
alpha-amylase	Q8XK15	43.689	618	345	3	107	721	45	662	0.0	913
alpha-amylase	Q9Z876	43.135	721	394	8	5	720	6	715	0.0	912
alpha-amylase	Q0TQ16	44.013	618	343	3	107	721	40	657	0.0	912
alpha-amylase	Q24VW3	45.295	627	336	3	98	723	10	630	0.0	912
alpha-amylase	Q8XPA2	44.019	627	347	4	99	722	31	656	0.0	911
alpha-amylase	Q0SWZ1	43.700	627	349	4	99	722	31	656	0.0	909
alpha-amylase	P30538	44.302	623	335	4	101	722	7	618	0.0	906
alpha-amylase	Q0SSN2	43.366	618	347	3	107	721	40	657	0.0	901
alpha-amylase	P30537	44.783	623	332	4	101	722	7	618	0.0	898
alpha-amylase	Q9PL51	40.574	732	406	9	10	721	11	733	0.0	896
alpha-amylase	Q93HU3	52.456	631	280	9	99	723	3	619	0.0	895
alpha-amylase	Q6L2Z9	38.850	713	409	10	11	723	12	697	0.0	894
alpha-amylase	B0BAX7	41.610	733	398	9	10	721	11	734	0.0	892
alpha-amylase	B0B998	41.610	733	398	9	10	721	11	734	0.0	892
alpha-amylase	Q3KKH0	41.473	733	399	9	10	721	11	734	0.0	891
alpha-amylase	P30539	44.992	629	341	2	99	723	6	633	0.0	891
alpha-amylase	O84874	41.473	733	399	9	10	721	11	734	0.0	890
alpha-amylase	A9VMV8	43.831	616	334	4	108	722	14	618	0.0	886
alpha-amylase	B7IM37	43.344	616	337	4	108	722	14	618	0.0	882
alpha-amylase	Q825Q8	54.305	604	256	7	125	722	2	591	0.0	882
alpha-amylase	B9J2G8	43.994	616	333	4	108	722	14	618	0.0	880
alpha-amylase	B7HTX9	44.156	616	332	4	108	722	14	618	0.0	880
alpha-amylase	B7HBC7	43.182	616	338	4	108	722	14	618	0.0	879
alpha-amylase	Q6A8Q7	49.206	630	304	8	100	722	9	629	0.0	879
alpha-amylase	A7GUA1	44.156	616	332	4	108	722	14	618	0.0	879
alpha-amylase	Q816G6	43.182	616	338	4	108	722	14	618	0.0	878
alpha-amylase	Q72YJ3	44.156	616	332	4	108	722	14	618	0.0	878
alpha-amylase	Q632H1	43.994	616	333	4	108	722	6	610	0.0	876
alpha-amylase	Q6HC15	43.506	616	336	4	108	722	14	618	0.0	874
alpha-amylase	B7JDF1	43.506	616	336	4	108	722	14	618	0.0	874
alpha-amylase	Q81K82	43.669	616	335	4	108	722	14	618	0.0	874
alpha-amylase	C3LC26	43.669	616	335	4	108	722	14	618	0.0	874
alpha-amylase	C3PCL8	43.669	616	335	4	108	722	14	618	0.0	874
alpha-amylase	C1EX54	43.344	616	337	4	108	722	14	618	0.0	872
alpha-amylase	Q65FS4	43.408	622	340	4	101	721	7	617	0.0	864
alpha-amylase	Q1IZQ3	53.834	613	268	9	118	724	41	644	0.0	862
alpha-amylase	Q9RTB7	53.213	607	275	8	118	722	25	624	0.0	859
alpha-amylase	Q2S4A0	50.079	631	297	8	98	722	2	620	0.0	853
alpha-amylase	P39118	42.444	622	346	4	101	721	7	617	0.0	847
alpha-amylase	Q1WSM8	40.065	619	366	4	106	723	19	633	0.0	827
alpha-amylase	A3CM01	42.071	618	352	5	105	721	7	619	0.0	820
alpha-amylase	A8AYH3	41.909	618	353	5	105	721	7	619	0.0	814
alpha-amylase	Q5FL68	39.773	616	363	5	108	722	14	622	0.0	812
alpha-amylase	Q8DPS6	40.939	618	359	5	105	721	7	619	0.0	809
alpha-amylase	Q04KG8	40.939	618	359	5	105	721	7	619	0.0	809
alpha-amylase	Q97QS8	40.939	618	359	5	105	721	7	619	0.0	808
alpha-amylase	Q8E5V8	41.195	619	354	6	104	721	6	615	0.0	803
alpha-amylase	Q8E081	41.357	619	353	7	104	721	6	615	0.0	802
alpha-amylase	Q3K1K5	41.357	619	353	7	104	721	6	615	0.0	802
alpha-amylase	Q8DT52	40.741	621	358	7	105	721	7	621	0.0	801
alpha-amylase	Q890J1	43.366	618	342	5	106	722	13	623	0.0	800
alpha-amylase	Q8RF62	37.959	627	363	10	101	723	6	610	0.0	783
alpha-amylase	Q08047	24.364	747	459	27	51	722	82	797	0.0	621
alpha-amylase	Q04446	25.649	655	410	22	115	721	71	696	0.0	615
alpha-amylase	Q9D6Y9	25.191	655	413	22	115	721	71	696	0.0	613
alpha-amylase	Q6T308	25.457	656	410	26	115	721	68	693	0.0	610
alpha-amylase	Q6EAS5	25.610	656	409	24	115	721	68	693	0.0	609
alpha-amylase	Q41058	23.272	709	439	26	89	721	164	843	0.0	609
alpha-amylase	Q96VA4	25.038	663	423	23	110	723	49	686	0.0	605
alpha-amylase	Q9Y8H3	24.812	665	422	24	110	723	44	681	0.0	605
alpha-amylase	P0CN82	24.583	659	429	21	109	720	43	680	0.0	603
alpha-amylase	P0CN83	24.583	659	429	21	109	720	43	680	0.0	603
alpha-amylase	Q6FJV0	23.707	696	443	26	94	723	32	705	0.0	601
alpha-amylase	Q9LZS3	23.596	712	452	25	72	721	119	800	0.0	601
alpha-amylase	P32775	23.977	684	433	25	106	723	41	703	0.0	600
alpha-amylase	Q757Q6	24.478	670	422	25	114	722	55	701	0.0	599
alpha-amylase	Q6CCT1	23.942	685	437	22	99	723	25	685	0.0	597
alpha-amylase	O23647	23.529	714	436	28	80	716	150	830	0.0	596
alpha-amylase	Q555Q9	24.773	662	421	23	109	722	44	676	0.0	594
alpha-amylase	Q8NKE1	23.664	655	425	23	115	722	56	682	0.0	594
alpha-amylase	Q6CX53	24.593	675	423	25	114	724	61	713	0.0	587
alpha-amylase	P30924	25.926	648	403	26	110	705	130	752	0.0	580
alpha-amylase	Q01401	22.890	699	443	28	93	718	78	753	0.0	574
alpha-amylase	Q41059	24.006	679	416	30	110	720	110	756	0.0	560
alpha-amylase	Q6BXN1	23.348	681	439	24	103	721	46	705	0.0	550
alpha-amylase	D2WL32	24.958	589	374	22	173	721	332	892	1.02e-154	474
alpha-amylase	Q44316	24.266	511	288	18	134	600	18	473	7.71e-110	348
alpha-amylase	Q53238	21.739	667	356	22	134	721	16	595	1.11e-106	340
alpha-amylase	O52520	23.600	500	304	16	134	600	10	464	9.10e-102	327
alpha-amylase	Q9AJN6	24.701	502	280	15	134	594	4	448	7.09e-92	300
alpha-amylase	Q9RX51	24.082	490	301	18	112	582	17	454	1.20e-85	285
alpha-amylase	P9WQ23	24.341	493	276	18	135	587	4	439	3.92e-85	283
alpha-amylase	P9WQ22	24.341	493	276	18	135	587	4	439	3.92e-85	283
alpha-amylase	Q55088	21.429	490	291	16	124	581	4	431	4.53e-85	282
alpha-amylase	P95867	21.532	483	288	17	131	581	10	433	1.64e-83	278
alpha-amylase	C0SPA0	21.024	547	323	24	133	612	115	619	1.19e-34	144
alpha-amylase	Q8FCR8	25.948	343	187	20	120	408	12	341	1.32e-31	134
alpha-amylase	B7L4W3	25.948	343	187	20	120	408	12	341	1.39e-31	134
alpha-amylase	Q3YW94	25.948	343	187	20	120	408	12	341	1.43e-31	134
alpha-amylase	Q31VJ2	25.948	343	187	20	120	408	12	341	1.54e-31	134
alpha-amylase	B2U4G1	25.656	343	188	20	120	408	12	341	1.54e-31	134
alpha-amylase	D0TZF0	23.140	363	208	17	120	426	104	451	1.86e-31	134
alpha-amylase	Q83J89	25.656	343	188	20	120	408	12	341	2.00e-31	134
alpha-amylase	Q0SZN3	25.656	343	188	20	120	408	12	341	2.00e-31	134
alpha-amylase	B7N1M3	25.656	343	188	20	120	408	12	341	2.61e-31	133
alpha-amylase	Q1R5J5	25.948	343	187	20	120	408	12	341	3.19e-31	133
alpha-amylase	A1AGW4	25.948	343	187	20	120	408	12	341	3.55e-31	133
alpha-amylase	B7MDR6	25.948	343	187	20	120	408	12	341	3.55e-31	133
alpha-amylase	A7ZSW4	25.656	343	188	20	120	408	12	341	3.81e-31	133
alpha-amylase	B1LI92	25.656	343	188	20	120	408	12	341	3.92e-31	133
alpha-amylase	B7UKY8	25.656	343	188	20	120	408	12	341	3.95e-31	133
alpha-amylase	Q0TC28	25.656	343	188	20	120	408	12	341	4.03e-31	133
alpha-amylase	P15067	25.656	343	188	20	120	408	12	341	4.14e-31	133
alpha-amylase	B1X776	25.656	343	188	20	120	408	12	341	4.14e-31	133
alpha-amylase	C4ZVY1	25.656	343	188	20	120	408	12	341	4.14e-31	133
alpha-amylase	B6I2Z7	25.656	343	188	20	120	408	12	341	4.65e-31	132
alpha-amylase	B5YUI7	25.656	343	188	20	120	408	12	341	5.04e-31	132
alpha-amylase	Q8X6X8	25.656	343	188	20	120	408	12	341	5.04e-31	132
alpha-amylase	B7NE41	25.364	343	189	20	120	408	12	341	5.18e-31	132
alpha-amylase	B7M2J4	25.656	343	188	20	120	408	12	341	5.18e-31	132
alpha-amylase	B7NMJ6	25.656	343	188	20	120	408	12	341	5.18e-31	132
alpha-amylase	B1IP33	25.656	343	188	20	120	408	12	341	6.54e-31	132
alpha-amylase	A8A5P1	25.656	343	188	20	120	408	12	341	6.54e-31	132
alpha-amylase	Q32AV4	25.656	343	188	20	120	408	12	341	9.71e-31	132
alpha-amylase	O04196	18.417	581	311	29	164	617	123	667	1.01e-30	132
alpha-amylase	Q8KR69	24.096	332	199	14	118	403	10	334	1.34e-30	131
alpha-amylase	P45178	22.941	340	204	14	120	412	13	341	1.84e-30	131
alpha-amylase	A9MTV3	24.779	339	193	16	123	408	12	341	2.19e-30	131
alpha-amylase	B5BHI1	24.484	339	194	16	123	408	12	341	5.52e-30	129
alpha-amylase	Q5PM07	24.484	339	194	16	123	408	12	341	5.52e-30	129
alpha-amylase	Q8Z234	24.189	339	195	16	123	408	12	341	8.01e-30	129
alpha-amylase	B5R396	23.894	339	196	15	123	408	12	341	9.78e-30	129
alpha-amylase	Q8ZLG6	24.484	339	194	16	123	408	12	341	1.29e-29	128
alpha-amylase	C0Q0L1	24.484	339	194	16	123	408	12	341	1.29e-29	128
alpha-amylase	B4T869	24.484	339	194	16	123	408	12	341	1.29e-29	128
alpha-amylase	Q57IT9	24.484	339	194	16	123	408	12	341	1.29e-29	128
alpha-amylase	B4SVN4	24.484	339	194	16	123	408	12	341	1.35e-29	128
alpha-amylase	B5R7H8	24.779	339	193	16	123	408	12	341	1.49e-29	128
alpha-amylase	B5FKF6	24.779	339	193	16	123	408	12	341	1.77e-29	128
alpha-amylase	B4TY88	24.189	339	195	16	123	408	12	341	2.02e-29	127
alpha-amylase	B5F8Q3	24.189	339	195	16	123	408	12	341	2.02e-29	127
alpha-amylase	O33840	20.662	634	363	32	133	678	234	815	2.83e-28	125
alpha-amylase	A8AQY2	25.664	339	190	21	123	408	12	341	4.99e-28	123
alpha-amylase	B7LSE2	25.220	341	189	19	123	408	12	341	1.39e-27	122
alpha-amylase	A4WFL4	22.515	342	200	17	120	408	12	341	1.10e-24	113
alpha-amylase	A6TF50	25.146	342	191	16	120	408	12	341	1.72e-24	112
alpha-amylase	B5XTQ8	25.223	337	197	19	120	408	12	341	3.61e-24	111
alpha-amylase	P26501	19.598	398	216	16	166	477	79	458	3.81e-23	108
alpha-amylase	P10342	19.347	398	217	16	166	477	79	458	2.11e-22	106
alpha-amylase	P38940	19.298	570	342	27	154	672	52	554	8.83e-22	103
alpha-amylase	P21543	19.660	412	248	18	269	653	790	1145	3.92e-20	99.5
alpha-amylase	L8B068	21.822	472	268	24	234	673	234	636	1.29e-19	97.1
alpha-amylase	O06988	19.259	405	257	17	269	653	182	536	4.39e-17	89.1
alpha-amylase	Q9R9H8	19.259	405	257	17	269	653	182	536	5.10e-17	88.7
alpha-amylase	Q08341	17.561	410	258	17	271	653	180	536	9.92e-16	84.8
alpha-amylase	P36905	18.913	423	237	20	211	571	410	788	9.46e-12	72.5
# PSIBLAST 2.6.0+
# Iteration: 3
# Query: alpha-amylase | Q8PE48.1 | NP_635530.2 | 88.99%
# Database: /home/alex/Documents/data/local_db/swissprot
# Fields: query acc.ver, subject acc.ver, % identity, alignment length, mismatches, gap opens, q. start, q. end, s. start, s. end, evalue, bit score
# 468 hits found
alpha-amylase	A6VP15	51.565	735	339	7	1	724	1	729	0.0	1088
alpha-amylase	Q2RR72	57.279	735	302	5	1	724	1	734	0.0	1079
alpha-amylase	Q1AZ86	59.471	718	285	5	8	722	5	719	0.0	1077
alpha-amylase	Q11EX1	57.517	725	302	3	6	724	14	738	0.0	1073
alpha-amylase	Q4KCQ3	62.277	729	264	5	5	724	17	743	0.0	1072
alpha-amylase	Q2P949	92.541	724	54	0	1	724	8	731	0.0	1072
alpha-amylase	Q5H6H2	92.265	724	56	0	1	724	9	732	0.0	1070
alpha-amylase	Q3KD78	61.126	728	272	5	5	723	17	742	0.0	1067
alpha-amylase	Q881X0	59.835	727	282	5	5	723	15	739	0.0	1062
alpha-amylase	Q2W2Q6	58.230	723	297	3	5	723	18	739	0.0	1061
alpha-amylase	Q8DLB8	48.005	752	357	7	4	723	2	751	0.0	1060
alpha-amylase	Q48IE2	60.798	727	275	6	5	723	15	739	0.0	1059
alpha-amylase	Q8PE48	100.000	724	0	0	1	724	1	724	0.0	1059
alpha-amylase	Q4V0E2	100.000	724	0	0	1	724	1	724	0.0	1059
alpha-amylase	Q4ZTJ2	60.660	727	276	6	5	723	15	739	0.0	1057
alpha-amylase	Q88FN1	60.690	725	274	5	7	722	13	735	0.0	1057
alpha-amylase	A3PIQ5	59.530	724	284	5	3	722	9	727	0.0	1053
alpha-amylase	Q3BZE1	93.646	724	46	0	1	724	9	732	0.0	1053
alpha-amylase	Q5N4W5	47.682	755	361	7	2	724	9	761	0.0	1052
alpha-amylase	P16954	47.682	755	361	7	2	724	9	761	0.0	1052
alpha-amylase	Q2IYX0	56.546	718	301	5	8	723	7	715	0.0	1052
alpha-amylase	Q3J3M6	59.807	724	282	5	3	722	9	727	0.0	1051
alpha-amylase	Q8PR13	93.094	724	50	0	1	724	1	724	0.0	1051
alpha-amylase	Q0I3H7	50.477	733	346	7	1	722	1	727	0.0	1050
alpha-amylase	Q21M30	53.095	727	333	4	5	724	4	729	0.0	1050
alpha-amylase	Q07K87	56.745	719	299	5	7	723	6	714	0.0	1050
alpha-amylase	B0UU89	50.477	733	346	7	1	722	1	727	0.0	1050
alpha-amylase	Q8FCR7	53.752	733	324	7	1	724	1	727	0.0	1050
alpha-amylase	Q210H1	57.163	719	297	5	7	723	6	715	0.0	1050
alpha-amylase	Q1R5J4	53.752	733	324	7	1	724	1	727	0.0	1049
alpha-amylase	A1AGW5	53.752	733	324	7	1	724	1	727	0.0	1049
alpha-amylase	Q83PV3	53.479	733	326	7	1	724	1	727	0.0	1049
alpha-amylase	Q0TC27	53.615	733	325	7	1	724	1	727	0.0	1049
alpha-amylase	Q3YW93	53.206	733	328	7	1	724	1	727	0.0	1047
alpha-amylase	Q0SZN2	53.342	733	327	7	1	724	1	727	0.0	1047
alpha-amylase	P07762	53.206	733	328	7	1	724	1	727	0.0	1047
alpha-amylase	B1IP32	53.206	733	328	7	1	724	1	727	0.0	1047
alpha-amylase	A8A5P2	53.206	733	328	7	1	724	1	727	0.0	1047
alpha-amylase	Q8X6X6	53.479	733	326	7	1	724	1	727	0.0	1047
alpha-amylase	A7ZSW5	53.206	733	328	7	1	724	1	727	0.0	1047
alpha-amylase	A4WFL5	53.206	733	328	8	1	724	1	727	0.0	1047
alpha-amylase	P52981	48.674	754	353	7	1	722	1	752	0.0	1046
alpha-amylase	Q32AV3	53.342	733	327	7	1	724	1	727	0.0	1046
alpha-amylase	A9MMA0	53.752	733	324	8	1	724	1	727	0.0	1046
alpha-amylase	Q31VJ1	53.070	733	329	7	1	724	1	727	0.0	1045
alpha-amylase	Q7NL20	52.466	730	337	7	1	722	1	728	0.0	1045
alpha-amylase	Q57IT8	53.752	733	324	8	1	724	1	727	0.0	1045
alpha-amylase	A8AQY3	54.025	733	322	8	1	724	1	727	0.0	1045
alpha-amylase	Q8Z235	53.752	733	324	8	1	724	1	727	0.0	1045
alpha-amylase	Q65TI0	52.861	734	329	7	1	723	1	728	0.0	1045
alpha-amylase	Q8ZLG5	53.752	733	324	8	1	724	1	727	0.0	1044
alpha-amylase	A9MTV4	53.615	733	325	8	1	724	1	727	0.0	1044
alpha-amylase	Q5PM06	53.752	733	324	8	1	724	1	727	0.0	1044
alpha-amylase	Q8YYX9	46.871	751	365	7	3	721	4	752	0.0	1044
alpha-amylase	A8GKV0	53.206	733	328	7	1	724	1	727	0.0	1042
alpha-amylase	Q9CN94	52.109	735	335	7	1	724	1	729	0.0	1042
alpha-amylase	Q3M473	47.004	751	364	7	3	721	4	752	0.0	1042
alpha-amylase	Q1M3A7	60.803	722	277	3	5	721	12	732	0.0	1041
alpha-amylase	Q46LW6	45.565	744	375	6	8	724	12	752	0.0	1040
alpha-amylase	Q133N2	56.407	718	302	5	8	723	7	715	0.0	1040
alpha-amylase	A2C142	45.161	744	378	6	8	724	12	752	0.0	1039
alpha-amylase	Q6N3P9	56.467	719	302	5	7	723	6	715	0.0	1039
alpha-amylase	Q7V8B5	47.925	747	359	6	4	723	8	751	0.0	1038
alpha-amylase	Q2JZ21	61.506	717	272	3	8	721	15	730	0.0	1038
alpha-amylase	Q3AKV6	48.193	747	357	6	4	723	8	751	0.0	1037
alpha-amylase	A6TF51	54.025	733	322	8	1	724	1	727	0.0	1037
alpha-amylase	P45177	51.226	734	341	7	1	723	1	728	0.0	1037
alpha-amylase	Q608L5	55.355	719	310	6	9	722	13	725	0.0	1037
alpha-amylase	Q31IB6	49.317	732	356	6	1	724	2	726	0.0	1037
alpha-amylase	Q3STC2	55.278	720	311	5	7	724	5	715	0.0	1036
alpha-amylase	Q7U646	47.925	747	359	6	4	723	8	751	0.0	1036
alpha-amylase	Q4QK67	50.748	735	345	7	1	724	1	729	0.0	1035
alpha-amylase	Q3JCN0	51.801	722	339	5	7	723	16	733	0.0	1035
alpha-amylase	Q1QNB1	57.302	719	296	5	7	723	5	714	0.0	1035
alpha-amylase	A5UEJ2	51.293	735	341	7	1	724	1	729	0.0	1034
alpha-amylase	Q3AYE2	48.059	747	358	6	4	723	8	751	0.0	1033
alpha-amylase	A2CAR9	47.657	747	361	6	4	723	8	751	0.0	1033
alpha-amylase	Q6CZK0	54.746	727	314	7	7	724	5	725	0.0	1033
alpha-amylase	A5GJR7	48.396	748	355	7	4	723	7	751	0.0	1032
alpha-amylase	Q165E2	55.158	727	318	3	5	723	3	729	0.0	1032
alpha-amylase	Q89FD3	55.278	720	311	5	7	724	11	721	0.0	1032
alpha-amylase	A4JR39	60.437	733	278	7	1	722	1	732	0.0	1031
alpha-amylase	Q9I1W2	61.165	721	273	6	9	724	14	732	0.0	1030
alpha-amylase	A5EPZ7	56.625	717	299	4	9	724	7	712	0.0	1029
alpha-amylase	A9BAY7	45.576	746	376	6	3	721	7	749	0.0	1026
alpha-amylase	Q114I1	47.074	752	364	7	4	723	2	751	0.0	1025
alpha-amylase	A4Z005	56.206	717	302	4	9	724	7	712	0.0	1025
alpha-amylase	Q0B3Y4	61.210	727	271	6	6	722	7	732	0.0	1025
alpha-amylase	Q13S07	63.187	728	258	5	5	723	10	736	0.0	1023
alpha-amylase	Q0BU54	59.726	730	285	5	2	724	7	734	0.0	1023
alpha-amylase	Q2YB47	50.763	721	345	5	10	722	18	736	0.0	1023
alpha-amylase	Q664I2	52.654	716	324	7	1	707	1	710	0.0	1020
alpha-amylase	A4TQV2	52.654	716	324	7	1	707	1	710	0.0	1020
alpha-amylase	Q1CDL3	52.654	716	324	7	1	707	1	710	0.0	1020
alpha-amylase	Q8ZA75	52.654	716	324	7	1	707	1	710	0.0	1020
alpha-amylase	Q1C1D9	52.654	716	324	7	1	707	1	710	0.0	1020
alpha-amylase	Q3SH78	51.872	721	333	5	10	722	24	738	0.0	1020
alpha-amylase	A6V628	61.165	721	273	6	9	724	14	732	0.0	1020
alpha-amylase	A1JSJ0	53.427	715	318	8	1	706	1	709	0.0	1019
alpha-amylase	Q46TF2	60.816	735	276	7	2	724	13	747	0.0	1019
alpha-amylase	A7FNX5	52.654	716	324	7	1	707	1	710	0.0	1017
alpha-amylase	Q7UVH1	50.611	737	350	6	1	724	1	736	0.0	1017
alpha-amylase	Q7VBL4	45.588	748	377	6	1	721	5	749	0.0	1015
alpha-amylase	B0BT96	49.863	730	351	7	3	723	7	730	0.0	1013
alpha-amylase	Q39N89	58.639	735	290	7	1	722	1	734	0.0	1013
alpha-amylase	B8EAX1	52.705	721	330	6	12	722	16	735	0.0	1013
alpha-amylase	B3H0J1	49.863	730	351	7	3	723	7	730	0.0	1013
alpha-amylase	Q2J6Q9	51.300	731	339	9	2	722	88	811	0.0	1012
alpha-amylase	A9KTJ1	52.427	721	332	6	12	722	16	735	0.0	1012
alpha-amylase	A6WKY2	52.566	721	331	6	12	722	16	735	0.0	1012
alpha-amylase	A3D286	52.566	721	331	6	12	722	16	735	0.0	1012
alpha-amylase	A3MZ64	49.589	730	353	7	3	723	7	730	0.0	1011
alpha-amylase	Q47SE7	51.366	732	339	10	1	724	26	748	0.0	1011
alpha-amylase	Q8EGU7	53.675	721	323	6	12	722	15	734	0.0	1011
alpha-amylase	Q8XT76	64.000	750	239	9	1	721	27	774	0.0	1010
alpha-amylase	Q8GQC5	55.082	728	312	8	6	724	10	731	0.0	1010
alpha-amylase	A0KDG4	59.511	736	283	8	1	722	1	735	0.0	1010
alpha-amylase	Q2K487	53.159	728	333	5	1	724	12	735	0.0	1010
alpha-amylase	Q1BVW7	59.647	736	282	8	1	722	1	735	0.0	1009
alpha-amylase	Q1D654	52.420	723	335	5	8	722	12	733	0.0	1008
alpha-amylase	Q8U8L4	53.095	727	333	5	2	724	13	735	0.0	1008
alpha-amylase	Q0K0X8	60.792	732	271	7	8	723	15	746	0.0	1008
alpha-amylase	Q1MBS9	53.159	728	333	5	1	724	12	735	0.0	1008
alpha-amylase	Q0AGJ0	50.562	712	346	5	13	720	22	731	0.0	1007
alpha-amylase	Q73X75	49.863	728	348	11	4	723	13	731	0.0	1006
alpha-amylase	Q0I8Y2	47.861	748	359	7	4	723	7	751	0.0	1006
alpha-amylase	Q31BV0	44.385	748	386	6	4	724	8	752	0.0	1005
alpha-amylase	Q2JT08	46.042	758	370	9	1	723	1	754	0.0	1005
alpha-amylase	Q7V299	43.641	747	391	6	4	723	8	751	0.0	1005
alpha-amylase	A5GSG4	48.133	750	358	7	2	723	5	751	0.0	1003
alpha-amylase	A2BQ65	44.251	748	387	6	4	724	8	752	0.0	1003
alpha-amylase	Q1H1K2	51.257	716	344	4	10	722	11	724	0.0	1002
alpha-amylase	A3PBV8	44.251	748	387	6	4	724	8	752	0.0	1002
alpha-amylase	A0R1Y4	50.616	731	340	10	4	722	14	735	0.0	1001
alpha-amylase	Q985P4	56.250	720	307	5	7	722	19	734	0.0	1001
alpha-amylase	Q0HST5	53.398	721	325	6	12	722	16	735	0.0	1000
alpha-amylase	Q0HGI8	53.121	721	327	6	12	722	16	735	0.0	1000
alpha-amylase	A8G3V0	44.102	746	387	6	4	722	8	750	0.0	1000
alpha-amylase	Q92M14	54.393	717	320	5	9	721	21	734	0.0	999
alpha-amylase	Q0SGR9	50.136	734	346	10	1	723	7	731	0.0	997
alpha-amylase	A2BVP7	43.200	750	396	6	1	723	5	751	0.0	997
alpha-amylase	A1KIB6	48.968	727	354	11	4	722	13	730	0.0	995
alpha-amylase	P59816	48.968	727	354	11	4	722	13	730	0.0	995
alpha-amylase	A1RLX8	52.705	721	330	6	12	722	16	735	0.0	995
alpha-amylase	B3PGN4	50.070	717	344	6	7	711	11	725	0.0	995
alpha-amylase	Q63T91	59.350	738	283	7	1	722	1	737	0.0	994
alpha-amylase	Q3JTG5	59.214	738	284	7	1	722	1	737	0.0	994
alpha-amylase	A3NU16	59.214	738	284	7	1	722	1	737	0.0	994
alpha-amylase	A3N8B3	59.350	738	283	7	1	722	1	737	0.0	993
alpha-amylase	A4Y4U3	52.434	719	331	6	12	720	16	733	0.0	992
alpha-amylase	P9WN45	48.831	727	355	11	4	722	13	730	0.0	992
alpha-amylase	A5U226	48.831	727	355	11	4	722	13	730	0.0	992
alpha-amylase	P52980	52.060	728	332	8	3	722	46	764	0.0	990
alpha-amylase	Q2JK68	45.910	758	371	10	1	723	1	754	0.0	989
alpha-amylase	Q81ZU6	51.052	713	343	5	13	721	20	730	0.0	989
alpha-amylase	Q9RQI5	51.862	725	330	10	6	720	17	732	0.0	988
alpha-amylase	Q8PDD1	59.807	724	285	6	3	723	8	728	0.0	988
alpha-amylase	Q4UZL7	59.807	724	285	6	3	723	8	728	0.0	988
alpha-amylase	A0PUI6	48.968	727	354	11	4	722	13	730	0.0	986
alpha-amylase	P9WN44	48.556	727	357	11	4	722	13	730	0.0	985
alpha-amylase	Q82JF0	51.918	730	334	8	1	722	117	837	0.0	985
alpha-amylase	Q2G7S5	55.220	728	311	6	4	724	2	721	0.0	982
alpha-amylase	A3Q396	49.384	731	349	10	4	722	20	741	0.0	979
alpha-amylase	Q0AA26	56.815	697	289	6	36	724	1	693	0.0	978
alpha-amylase	Q1B568	49.111	731	351	10	4	722	20	741	0.0	977
alpha-amylase	A1UJW9	49.111	731	351	10	4	722	20	741	0.0	977
alpha-amylase	Q5Z0W8	50.826	726	340	11	3	721	25	740	0.0	976
alpha-amylase	Q7WII7	61.188	724	271	5	4	722	11	729	0.0	976
alpha-amylase	Q081Q4	50.137	732	354	6	2	723	5	735	0.0	973
alpha-amylase	Q7VYK0	61.188	724	271	5	4	722	11	729	0.0	973
alpha-amylase	Q7W6L4	61.188	724	271	5	4	722	11	729	0.0	972
alpha-amylase	Q8PQA2	59.501	721	286	6	6	723	1	718	0.0	972
alpha-amylase	Q2T6R3	55.634	710	306	6	5	706	107	815	0.0	972
alpha-amylase	Q59832	51.440	729	329	10	3	722	26	738	0.0	971
alpha-amylase	Q3BYI0	60.055	721	282	6	6	723	25	742	0.0	968
alpha-amylase	Q2P9F7	59.834	722	283	7	6	723	25	743	0.0	965
alpha-amylase	Q5H6Q3	59.834	722	283	7	6	723	1	719	0.0	962
alpha-amylase	P52979	51.307	727	345	6	2	724	13	734	0.0	961
alpha-amylase	Q6AEU4	51.994	727	333	8	3	721	12	730	0.0	951
alpha-amylase	Q59833	53.081	714	312	10	1	700	61	765	0.0	944
alpha-amylase	Q6MAB4	45.063	719	380	7	10	722	17	726	0.0	943
alpha-amylase	Q8FQ12	49.863	730	347	9	5	724	11	731	0.0	943
alpha-amylase	Q6NHR6	49.795	731	348	10	5	724	10	732	0.0	943
alpha-amylase	Q8G5L0	47.446	744	356	11	5	723	3	736	0.0	942
alpha-amylase	Q9KNE8	49.862	726	348	9	7	724	11	728	0.0	938
alpha-amylase	Q87FR0	49.096	719	352	8	11	722	42	753	0.0	937
alpha-amylase	A1U0K1	54.067	627	285	3	98	722	4	629	0.0	936
alpha-amylase	Q8NR40	49.315	730	351	9	4	723	10	730	0.0	935
alpha-amylase	O66936	54.675	631	277	5	98	724	5	630	0.0	935
alpha-amylase	Q7MG90	49.028	720	351	9	11	722	3	714	0.0	934
alpha-amylase	Q6LHN1	49.652	719	348	7	12	723	2	713	0.0	932
alpha-amylase	Q8D4P0	49.028	720	351	9	11	722	3	714	0.0	930
alpha-amylase	Q15VD0	49.315	730	348	8	11	724	5	728	0.0	930
alpha-amylase	Q5DZB8	48.892	722	351	10	12	723	2	715	0.0	928
alpha-amylase	Q253M6	41.217	723	414	7	1	720	1	715	0.0	927
alpha-amylase	B8CVY1	48.154	623	320	3	101	722	7	627	0.0	919
alpha-amylase	Q4JUK5	48.552	725	349	15	8	724	3	711	0.0	917
alpha-amylase	Q823Y5	41.307	719	412	6	5	721	6	716	0.0	913
alpha-amylase	Q5L6K4	42.618	718	402	6	5	720	6	715	0.0	907
alpha-amylase	Q28MN2	55.591	635	271	5	92	723	74	700	0.0	898
alpha-amylase	Q9Z876	42.897	725	398	8	1	720	2	715	0.0	896
alpha-amylase	Q21WG7	55.538	623	272	3	101	722	3	621	0.0	893
alpha-amylase	A1VC54	54.259	634	283	5	93	722	4	634	0.0	888
alpha-amylase	B0BAX7	41.144	734	408	8	5	720	6	733	0.0	888
alpha-amylase	Q729V5	54.101	634	284	5	93	722	4	634	0.0	888
alpha-amylase	Q3KKH0	41.008	734	409	8	5	720	6	733	0.0	888
alpha-amylase	B0B998	41.144	734	408	8	5	720	6	733	0.0	888
alpha-amylase	Q9PL51	40.246	733	415	7	5	720	6	732	0.0	887
alpha-amylase	Q8CZE8	46.006	626	335	3	100	723	4	628	0.0	886
alpha-amylase	O84874	41.008	734	409	8	5	720	6	733	0.0	886
alpha-amylase	Q47II8	53.387	620	283	3	105	723	7	621	0.0	884
alpha-amylase	B2SFM7	44.108	628	349	2	97	722	11	638	0.0	877
alpha-amylase	A0Q593	44.108	628	349	2	97	722	11	638	0.0	876
alpha-amylase	Q5NXV7	55.803	629	269	6	97	723	7	628	0.0	876
alpha-amylase	B0TZI5	44.038	629	350	2	97	723	11	639	0.0	875
alpha-amylase	A4IZK2	43.631	628	352	2	97	722	11	638	0.0	874
alpha-amylase	Q5NHN4	43.631	628	352	2	97	722	11	638	0.0	873
alpha-amylase	Q14J36	43.631	628	352	2	97	722	11	638	0.0	873
alpha-amylase	Q8XPA2	44.019	627	347	4	99	722	31	656	0.0	871
alpha-amylase	Q0BN67	43.930	626	349	2	99	722	13	638	0.0	870
alpha-amylase	A7NAI2	43.930	626	349	2	99	722	13	638	0.0	870
alpha-amylase	Q30Z14	53.429	627	285	5	100	722	14	637	0.0	870
alpha-amylase	Q2A4U7	43.930	626	349	2	99	722	13	638	0.0	869
alpha-amylase	Q8XK15	43.689	618	345	3	107	721	45	662	0.0	869
alpha-amylase	Q0TQ16	44.013	618	343	3	107	721	40	657	0.0	868
alpha-amylase	Q0SWZ1	43.700	627	349	4	99	722	31	656	0.0	868
alpha-amylase	Q24VW3	45.295	627	336	3	98	723	10	630	0.0	866
alpha-amylase	P30538	44.141	623	336	3	101	722	7	618	0.0	864
alpha-amylase	P30537	44.623	623	333	3	101	722	7	618	0.0	862
alpha-amylase	Q0SSN2	43.366	618	347	3	107	721	40	657	0.0	862
alpha-amylase	Q6L2Z9	38.601	715	412	10	9	723	10	697	0.0	856
alpha-amylase	P30539	44.992	629	341	2	99	723	6	633	0.0	852
alpha-amylase	Q93HU3	52.215	632	282	9	98	723	2	619	0.0	851
alpha-amylase	A9VMV8	43.831	616	334	4	108	722	14	618	0.0	850
alpha-amylase	A7GUA1	43.891	622	337	4	102	722	8	618	0.0	844
alpha-amylase	B7IM37	43.344	616	337	4	108	722	14	618	0.0	844
alpha-amylase	B9J2G8	43.994	616	333	4	108	722	14	618	0.0	842
alpha-amylase	B7HTX9	44.156	616	332	4	108	722	14	618	0.0	841
alpha-amylase	B7HBC7	43.182	616	338	4	108	722	14	618	0.0	841
alpha-amylase	Q6A8Q7	49.206	630	304	8	100	722	9	629	0.0	840
alpha-amylase	Q816G6	43.182	616	338	4	108	722	14	618	0.0	839
alpha-amylase	Q72YJ3	44.156	616	332	4	108	722	14	618	0.0	839
alpha-amylase	Q632H1	43.994	616	333	4	108	722	6	610	0.0	839
alpha-amylase	Q81K82	43.669	616	335	4	108	722	14	618	0.0	837
alpha-amylase	C3LC26	43.669	616	335	4	108	722	14	618	0.0	837
alpha-amylase	C3PCL8	43.669	616	335	4	108	722	14	618	0.0	837
alpha-amylase	Q6HC15	43.506	616	336	4	108	722	14	618	0.0	837
alpha-amylase	B7JDF1	43.506	616	336	4	108	722	14	618	0.0	837
alpha-amylase	C1EX54	43.344	616	337	4	108	722	14	618	0.0	835
alpha-amylase	Q825Q8	54.305	604	256	7	125	722	2	591	0.0	834
alpha-amylase	Q65FS4	43.248	622	341	3	101	721	7	617	0.0	831
alpha-amylase	Q9RTB7	52.951	610	278	8	115	722	22	624	0.0	818
alpha-amylase	Q1IZQ3	53.409	616	272	9	115	724	38	644	0.0	817
alpha-amylase	P39118	42.122	622	348	3	101	721	7	617	0.0	814
alpha-amylase	Q2S4A0	49.921	631	298	8	98	722	2	620	0.0	811
alpha-amylase	Q1WSM8	40.065	619	366	4	106	723	19	633	0.0	797
alpha-amylase	Q5FL68	38.915	627	373	5	99	722	3	622	0.0	780
alpha-amylase	A3CM01	41.774	620	355	5	105	723	7	621	0.0	780
alpha-amylase	A8AYH3	41.613	620	356	5	105	723	7	621	0.0	775
alpha-amylase	Q8DPS6	40.843	617	359	5	108	723	10	621	0.0	775
alpha-amylase	Q04KG8	40.843	617	359	5	108	723	10	621	0.0	775
alpha-amylase	Q97QS8	40.843	617	359	5	108	723	10	621	0.0	773
alpha-amylase	Q890J1	43.366	618	342	5	106	722	13	623	0.0	773
alpha-amylase	Q8E5V8	40.902	621	357	6	104	723	6	617	0.0	770
alpha-amylase	Q8E081	41.063	621	356	7	104	723	6	617	0.0	770
alpha-amylase	Q3K1K5	41.063	621	356	7	104	723	6	617	0.0	770
alpha-amylase	Q8DT52	40.514	622	362	6	105	723	7	623	0.0	763
alpha-amylase	Q8RF62	37.959	627	363	10	101	723	6	610	0.0	760
alpha-amylase	Q08047	24.364	747	459	27	51	722	82	797	0.0	604
alpha-amylase	Q04446	25.692	650	416	22	115	721	71	696	0.0	602
alpha-amylase	Q9D6Y9	25.231	650	419	22	115	721	71	696	0.0	601
alpha-amylase	Q41058	22.829	714	457	26	72	722	162	844	0.0	600
alpha-amylase	Q9LZS3	23.562	713	453	25	72	722	119	801	0.0	599
alpha-amylase	Q6EAS5	25.538	650	417	22	115	721	68	693	0.0	597
alpha-amylase	Q6T308	25.077	650	420	22	115	721	68	693	0.0	597
alpha-amylase	Q96VA4	25.038	663	423	23	110	723	49	686	0.0	594
alpha-amylase	O23647	23.305	708	449	26	72	716	154	830	0.0	592
alpha-amylase	Q9Y8H3	24.585	663	426	23	110	723	44	681	0.0	591
alpha-amylase	Q6FJV0	23.563	696	444	26	94	723	32	705	0.0	590
alpha-amylase	P32775	23.707	696	443	26	94	723	30	703	0.0	586
alpha-amylase	Q8NKE1	23.645	664	429	24	109	722	47	682	0.0	583
alpha-amylase	Q757Q6	24.102	668	427	24	114	722	55	701	0.0	582
alpha-amylase	Q6CCT1	23.504	685	440	23	99	723	25	685	0.0	581
alpha-amylase	P0CN82	24.127	659	432	21	109	720	43	680	0.0	580
alpha-amylase	P0CN83	24.127	659	432	21	109	720	43	680	0.0	580
alpha-amylase	Q555Q9	24.508	661	422	22	109	721	44	675	0.0	577
alpha-amylase	Q6CX53	24.593	675	423	25	114	724	61	713	0.0	575
alpha-amylase	P30924	25.772	648	404	25	110	705	130	752	0.0	570
alpha-amylase	Q01401	22.397	701	448	27	93	720	78	755	0.0	569
alpha-amylase	Q6BXN1	23.088	680	442	23	103	721	46	705	0.0	552
alpha-amylase	Q41059	23.929	677	419	29	110	720	110	756	0.0	545
alpha-amylase	D2WL32	24.915	590	375	22	173	722	332	893	3.28e-149	460
alpha-amylase	Q53238	21.021	666	362	19	134	721	16	595	1.09e-114	361
alpha-amylase	Q44316	20.886	632	347	19	134	682	18	579	5.31e-112	354
alpha-amylase	P95867	19.406	572	339	20	129	637	8	520	3.65e-102	327
alpha-amylase	Q55088	21.268	489	293	16	124	581	4	431	7.24e-102	326
alpha-amylase	O52520	19.900	603	330	16	134	649	10	546	2.66e-99	321
alpha-amylase	Q9RX51	23.878	490	302	18	112	582	17	454	3.12e-99	321
alpha-amylase	O33840	20.908	617	382	29	133	678	234	815	1.15e-95	318
alpha-amylase	Q9AJN6	22.150	614	330	19	134	670	4	546	1.92e-91	299
alpha-amylase	P9WQ23	21.845	618	330	22	135	671	4	549	6.82e-91	298
alpha-amylase	P9WQ22	21.845	618	330	22	135	671	4	549	6.82e-91	298
alpha-amylase	C0SPA0	19.837	615	377	28	133	677	115	683	3.45e-84	284
alpha-amylase	P38940	19.504	564	348	26	154	672	52	554	5.12e-84	280
alpha-amylase	O04196	18.211	626	346	30	131	624	84	675	1.36e-80	276
alpha-amylase	D0TZF0	18.314	688	385	33	120	673	104	748	4.32e-79	272
alpha-amylase	A9MTV3	22.337	582	349	27	123	621	12	573	2.31e-78	267
alpha-amylase	Q8Z234	22.165	582	350	27	123	621	12	573	2.85e-78	267
alpha-amylase	B5BHI1	22.337	582	349	27	123	621	12	573	3.21e-78	267
alpha-amylase	Q5PM07	22.337	582	349	27	123	621	12	573	3.21e-78	267
alpha-amylase	B5R396	21.821	582	352	26	123	621	12	573	3.91e-78	266
alpha-amylase	Q8ZLG6	22.337	582	349	27	123	621	12	573	4.24e-78	266
alpha-amylase	C0Q0L1	22.337	582	349	27	123	621	12	573	4.24e-78	266
alpha-amylase	B4T869	22.337	582	349	27	123	621	12	573	4.24e-78	266
alpha-amylase	Q57IT9	22.337	582	349	27	123	621	12	573	4.24e-78	266
alpha-amylase	B5FKF6	22.337	582	349	27	123	621	12	573	4.85e-78	266
alpha-amylase	B4SVN4	22.337	582	349	27	123	621	12	573	7.10e-78	265
alpha-amylase	B4TY88	22.337	582	349	27	123	621	12	573	1.05e-77	265
alpha-amylase	B5F8Q3	22.337	582	349	27	123	621	12	573	1.05e-77	265
alpha-amylase	B5R7H8	22.165	582	350	27	123	621	12	573	5.14e-77	263
alpha-amylase	Q3YW94	22.093	602	329	32	120	621	12	573	3.71e-76	261
alpha-amylase	Q1R5J5	22.093	602	329	32	120	621	12	573	6.87e-76	260
alpha-amylase	Q8FCR8	22.093	602	329	32	120	621	12	573	8.10e-76	260
alpha-amylase	B7N1M3	21.927	602	330	32	120	621	12	573	1.40e-75	259
alpha-amylase	B7L4W3	22.093	602	329	32	120	621	12	573	1.46e-75	259
alpha-amylase	B7UKY8	21.927	602	330	32	120	621	12	573	1.52e-75	259
alpha-amylase	B2U4G1	21.927	602	330	32	120	621	12	573	1.77e-75	259
alpha-amylase	Q31VJ2	22.093	602	329	32	120	621	12	573	1.98e-75	259
alpha-amylase	Q83J89	21.870	599	334	31	120	621	12	573	2.41e-75	259
alpha-amylase	Q0SZN3	21.870	599	334	31	120	621	12	573	2.41e-75	259
alpha-amylase	A1AGW4	22.093	602	329	32	120	621	12	573	3.45e-75	258
alpha-amylase	B7MDR6	22.093	602	329	32	120	621	12	573	3.45e-75	258
alpha-amylase	P15067	21.927	602	330	32	120	621	12	573	4.24e-75	258
alpha-amylase	B1X776	21.927	602	330	32	120	621	12	573	4.24e-75	258
alpha-amylase	C4ZVY1	21.927	602	330	32	120	621	12	573	4.24e-75	258
alpha-amylase	B6I2Z7	21.927	602	330	32	120	621	12	573	4.75e-75	258
alpha-amylase	B7NMJ6	21.927	602	330	32	120	621	12	573	4.75e-75	258
alpha-amylase	B7NE41	22.093	602	329	33	120	621	12	573	5.21e-75	258
alpha-amylase	Q0TC28	21.927	602	330	32	120	621	12	573	5.21e-75	258
alpha-amylase	B5YUI7	21.927	602	330	32	120	621	12	573	5.60e-75	258
alpha-amylase	Q8X6X8	21.927	602	330	32	120	621	12	573	5.60e-75	258
alpha-amylase	B7M2J4	21.927	602	330	32	120	621	12	573	5.77e-75	258
alpha-amylase	A7ZSW4	21.927	602	330	32	120	621	12	573	6.08e-75	258
alpha-amylase	B1LI92	21.927	602	330	32	120	621	12	573	6.27e-75	258
alpha-amylase	B1IP33	21.927	602	330	32	120	621	12	573	2.51e-74	256
alpha-amylase	A8A5P1	21.927	602	330	32	120	621	12	573	2.51e-74	256
alpha-amylase	Q32AV4	21.927	602	330	32	120	621	12	573	2.56e-74	256
alpha-amylase	Q8KR69	22.185	604	316	29	118	615	10	565	2.35e-73	253
alpha-amylase	P45178	19.487	585	377	24	120	625	13	582	5.82e-71	247
alpha-amylase	A1JSI8	20.664	663	378	35	120	675	12	633	2.21e-70	245
alpha-amylase	O06988	17.722	553	348	23	154	660	52	543	5.01e-69	240
alpha-amylase	B5XTQ8	21.167	600	354	28	120	628	12	583	1.05e-68	241
alpha-amylase	Q9R9H8	17.722	553	348	23	154	660	52	543	1.63e-68	238
alpha-amylase	A8AQY2	24.556	338	195	18	123	408	12	341	3.30e-67	237
alpha-amylase	Q08341	17.219	604	380	27	160	720	56	582	2.72e-66	233
alpha-amylase	C6DH78	21.286	700	387	38	120	712	12	654	3.22e-66	234
alpha-amylase	Q6CZK1	21.782	606	336	32	120	625	12	579	6.15e-66	233
alpha-amylase	A4TQV1	20.462	606	371	25	121	638	13	595	1.07e-65	233
alpha-amylase	Q1CDL4	20.462	606	371	25	121	638	13	595	1.07e-65	233
alpha-amylase	Q8ZA76	20.462	606	371	25	121	638	13	595	1.07e-65	233
alpha-amylase	Q1C1E0	20.462	606	371	25	121	638	13	595	1.07e-65	233
alpha-amylase	A9R5L9	20.462	606	371	25	121	638	13	595	2.32e-65	232
alpha-amylase	B7LSE2	24.556	338	195	17	123	408	12	341	2.75e-65	232
alpha-amylase	B1JHX8	20.067	598	371	23	129	638	17	595	1.28e-64	230
alpha-amylase	Q664I3	20.067	598	371	23	129	638	17	595	1.28e-64	230
alpha-amylase	B2K6G0	20.067	598	371	23	129	638	17	595	1.47e-64	230
alpha-amylase	A7FNX4	19.900	598	372	23	129	638	17	595	2.08e-64	229
alpha-amylase	A8GKU9	19.436	638	374	27	120	652	12	614	1.37e-63	227
alpha-amylase	A6TF50	25.000	336	199	15	120	408	12	341	1.41e-63	227
alpha-amylase	A4WFL4	22.287	341	202	15	120	408	12	341	4.81e-63	225
alpha-amylase	B9G434	18.359	719	407	36	132	723	116	781	1.44e-62	226
alpha-amylase	B2VJR7	19.218	614	361	25	125	638	14	592	3.82e-61	220
alpha-amylase	Q9M0S5	18.168	666	393	30	131	678	100	731	5.65e-59	216
alpha-amylase	L8B068	21.064	470	275	23	231	673	236	636	1.53e-57	210
alpha-amylase	P9WQ25	20.382	628	353	32	120	638	27	616	2.76e-57	210
alpha-amylase	P9WQ24	20.382	628	353	32	120	638	27	616	2.76e-57	210
alpha-amylase	P0A4Y5	20.382	628	353	32	120	638	27	616	2.76e-57	210
alpha-amylase	P21543	19.804	409	251	17	269	653	790	1145	5.62e-57	213
alpha-amylase	P32818	15.847	549	359	24	150	653	48	538	3.61e-55	202
alpha-amylase	P26501	17.097	620	369	23	133	612	44	658	2.53e-52	197
alpha-amylase	Q08751	19.959	491	297	19	254	720	163	581	4.31e-52	193
alpha-amylase	P10342	16.935	620	370	23	133	612	44	658	1.03e-51	195
alpha-amylase	P29964	19.212	406	257	14	269	653	176	531	4.00e-51	190
alpha-amylase	P36905	18.236	499	292	22	211	647	410	854	4.07e-50	193
alpha-amylase	P38536	17.836	499	293	22	211	647	410	853	1.90e-49	191
alpha-amylase	P38939	17.235	528	304	24	200	653	400	868	1.31e-41	167
alpha-amylase	P16950	16.893	515	298	23	214	653	410	869	1.70e-38	158
alpha-amylase	P9WQ19	19.073	561	318	26	206	658	8	540	1.74e-35	146
alpha-amylase	P9WQ18	19.073	561	318	26	206	658	8	540	1.74e-35	146
alpha-amylase	O32611	20.930	645	346	27	135	640	52	671	2.11e-35	147
alpha-amylase	P14899	16.111	360	246	13	238	574	30	356	2.35e-33	138
alpha-amylase	O86959	17.102	421	253	17	269	667	72	418	2.97e-32	134
alpha-amylase	P20845	14.644	519	324	24	232	679	29	499	1.01e-31	133
alpha-amylase	A0R6E0	17.679	560	314	24	213	658	12	538	2.83e-31	133
alpha-amylase	Q9X2F4	16.543	405	248	15	269	653	73	407	5.40e-29	124
alpha-amylase	P28904	17.241	377	250	12	244	575	12	371	5.60e-29	125
alpha-amylase	Q60053	16.899	574	363	21	154	660	94	620	5.76e-29	126
alpha-amylase	P72235	17.273	550	319	24	234	670	10	536	1.22e-28	124
alpha-amylase	Q8GTR4	19.613	362	208	14	120	409	208	558	1.54e-28	126
alpha-amylase	P31797	19.595	444	267	21	260	664	79	471	5.23e-28	123
alpha-amylase	P09121	18.452	504	306	22	260	721	78	518	1.38e-26	119
alpha-amylase	O34364	17.155	478	306	19	236	655	2	447	1.40e-26	118
alpha-amylase	P14898	16.447	456	283	19	235	653	126	520	1.62e-26	118
alpha-amylase	O06458	19.048	546	315	24	237	676	3	527	1.63e-26	119
alpha-amylase	P39795	14.433	388	273	10	233	575	2	375	2.06e-26	118
alpha-amylase	Q45101	16.623	385	249	16	243	572	8	375	1.21e-25	115
alpha-amylase	P05618	17.893	503	310	21	260	721	78	518	8.55e-25	113
alpha-amylase	Q17058	16.748	412	269	16	226	591	16	399	8.63e-25	113
alpha-amylase	Q8A1G0	18.245	433	272	17	268	653	171	568	1.17e-24	113
alpha-amylase	P29094	18.346	387	241	19	243	574	9	375	1.84e-24	111
alpha-amylase	Q9P6J3	14.976	414	274	15	232	583	7	404	3.81e-24	111
alpha-amylase	Q08806	17.299	422	271	16	260	653	71	442	4.04e-24	110
alpha-amylase	P29093	16.062	386	253	15	243	574	8	376	5.10e-24	109
alpha-amylase	P31746	19.005	442	264	21	260	660	76	464	5.50e-24	111
alpha-amylase	O86956	20.325	369	202	16	246	574	4	320	7.72e-24	108
alpha-amylase	P31835	18.737	491	276	27	259	694	77	499	7.86e-24	110
alpha-amylase	O06994	17.098	386	246	17	243	572	8	375	9.46e-24	109
alpha-amylase	P27036	19.595	444	259	22	260	660	76	464	2.15e-23	109
alpha-amylase	Q01117	16.229	419	274	14	260	650	186	555	9.88e-23	106
alpha-amylase	Q9Z3R8	16.190	525	312	17	234	657	13	510	1.84e-22	105
alpha-amylase	Q05884	15.290	569	323	22	259	721	96	611	3.39e-22	106
alpha-amylase	P0C1B4	16.968	442	285	20	260	671	60	449	3.98e-22	104
alpha-amylase	P0C1B3	16.968	442	285	20	260	671	60	449	4.31e-22	104
alpha-amylase	P19531	18.164	523	279	25	265	721	85	524	4.78e-22	104
alpha-amylase	P19269	17.745	479	276	18	241	664	43	458	8.38e-22	103
alpha-amylase	P30292	16.968	442	285	20	260	671	60	449	1.17e-21	102
alpha-amylase	P21517	17.536	422	268	16	269	655	184	560	2.08e-21	102
alpha-amylase	P26827	17.470	498	279	26	259	697	77	501	2.32e-21	102
alpha-amylase	O16098	16.624	391	263	11	244	586	87	462	2.63e-21	102
alpha-amylase	P14014	18.239	477	286	23	260	691	85	502	3.61e-21	102
alpha-amylase	P80099	20.054	369	203	16	246	574	4	320	3.70e-21	100
alpha-amylase	Q02906	16.742	442	286	20	260	671	60	449	4.37e-21	101
alpha-amylase	P21332	15.722	388	264	16	235	574	2	374	5.06e-21	101
alpha-amylase	Q02905	16.742	442	286	20	260	671	60	449	6.62e-21	100
alpha-amylase	O16099	17.333	450	284	17	243	636	47	464	1.09e-20	100
alpha-amylase	P43379	18.421	456	287	21	260	676	78	487	1.13e-20	100
alpha-amylase	O30565	19.178	438	252	22	260	653	67	446	1.96e-20	 99
alpha-amylase	P30920	17.131	502	314	21	260	721	85	524	2.37e-20	99.5
alpha-amylase	P08137	17.695	486	299	25	260	696	80	513	2.84e-20	98.7
alpha-amylase	P40884	13.733	517	333	21	237	654	7	509	4.14e-20	98.4
alpha-amylase	P31747	18.126	491	302	21	260	710	85	515	4.80e-20	98.7
alpha-amylase	P07192	16.625	397	249	15	246	581	30	405	7.74e-20	97.6
alpha-amylase	Q9K8U9	16.113	391	260	16	235	574	2	375	8.03e-20	97.6
alpha-amylase	P30921	16.703	455	294	17	260	675	78	486	1.14e-19	97.6
alpha-amylase	Q9Y7S9	16.710	389	230	14	260	607	60	395	1.96e-19	96.1
alpha-amylase	Q54796	16.296	540	321	22	243	682	9	517	2.70e-19	95.7
alpha-amylase	P56271	17.895	380	232	14	260	607	39	370	4.40e-19	94.5
alpha-amylase	O05242	15.736	394	253	16	236	574	2	371	9.08e-19	94.1
alpha-amylase	Q59905	17.143	385	227	18	245	574	11	358	7.17e-18	91.0
alpha-amylase	Q02751	17.837	527	309	27	238	676	5	495	9.81e-18	91.0
alpha-amylase	P04830	18.737	475	268	25	259	677	77	489	2.26e-17	90.3
alpha-amylase	P21567	15.013	373	235	14	260	599	66	389	2.41e-17	89.1
alpha-amylase	Q9JN46	17.817	449	272	18	246	656	197	586	2.86e-17	89.5
alpha-amylase	P17692	16.957	460	289	22	260	676	78	487	4.32e-17	89.1
alpha-amylase	Q10427	13.567	457	286	19	260	675	50	438	4.72e-17	88.3
alpha-amylase	Q09840	17.526	388	228	18	260	608	65	399	7.61e-17	88.0
alpha-amylase	Q94A41	19.266	327	207	17	263	565	513	806	1.53e-16	88.0
alpha-amylase	Q3J3M8	18.164	501	308	21	246	710	215	649	1.55e-16	87.6
alpha-amylase	Q9ZEU2	17.068	498	282	22	268	660	124	595	8.41e-16	84.9
alpha-amylase	Q07837	16.275	553	336	22	238	694	118	639	1.33e-15	84.5
alpha-amylase	Q99040	15.844	385	251	17	245	583	11	368	1.33e-15	84.1
alpha-amylase	Q84HD6	16.667	498	284	22	268	660	124	595	5.99e-15	82.2
alpha-amylase	P38158	15.287	471	290	20	237	622	11	457	1.09e-13	77.9
alpha-amylase	Q0D9J1	18.750	352	212	18	252	566	33	347	1.71e-13	76.8
alpha-amylase	A2YGY2	18.750	352	212	18	252	566	33	347	1.73e-13	76.8
alpha-amylase	P53341	14.379	459	308	17	237	622	11	457	1.75e-13	77.6
alpha-amylase	P27932	18.206	379	211	21	252	589	39	359	4.34e-12	72.6
alpha-amylase	P22998	18.527	448	258	18	264	675	50	426	7.26e-12	72.2
# BLAST processed 3 queries
