# PSIBLAST 2.6.0+
# Iteration: 1
# Query: ung | A6UDC0.1 | YP_001328485.1 | 95.0%
# Database: /home/alex/Documents/data/local_db/swissprot
# Fields: query acc.ver, subject acc.ver, % identity, alignment length, mismatches, gap opens, q. start, q. end, s. start, s. end, evalue, bit score
# 415 hits found
ung	A6UDC0	100.000	241	0	0	1	241	1	241	3.15e-180	496
ung	Q92LU5	94.191	241	14	0	1	241	1	241	2.96e-169	469
ung	P29950	83.491	212	35	0	18	229	1	212	1.10e-131	373
ung	Q8UCM8	73.894	226	59	0	2	227	7	232	1.49e-125	358
ung	C1DQR0	62.445	229	86	0	1	229	4	232	2.22e-101	296
ung	Q88N05	61.778	225	86	0	2	226	4	228	1.01e-99	292
ung	Q4KGS0	60.000	225	90	0	2	226	4	228	1.54e-99	292
ung	B0KV50	61.333	225	87	0	2	226	4	228	3.04e-99	291
ung	Q3KGL4	59.556	225	91	0	2	226	4	228	7.63e-99	290
ung	Q4ZPC2	60.889	225	88	0	2	226	4	228	2.59e-98	289
ung	Q1I5T6	60.444	225	89	0	2	226	4	228	2.99e-98	289
ung	A5W8H2	60.889	225	88	0	2	226	4	228	4.39e-98	288
ung	Q87XE2	60.889	225	88	0	2	226	4	228	5.70e-98	288
ung	Q5GUS2	60.177	226	90	0	1	226	4	229	2.64e-97	286
ung	B2SJF5	60.177	226	90	0	1	226	4	229	2.64e-97	286
ung	Q2NY21	60.177	226	90	0	1	226	4	229	2.64e-97	286
ung	Q48ET5	60.000	225	90	0	2	226	4	228	3.21e-97	286
ung	B1J4J3	60.000	225	90	0	2	226	4	228	3.95e-97	286
ung	Q3BNI2	60.889	225	88	0	2	226	5	229	3.23e-96	284
ung	Q8PFZ6	60.444	225	89	0	2	226	5	229	8.63e-96	283
ung	C3KDS6	58.222	225	94	0	2	226	4	228	1.21e-95	282
ung	Q8P4D7	59.111	225	92	0	2	226	5	229	4.40e-95	281
ung	B0RWT2	59.111	225	92	0	2	226	5	229	4.40e-95	281
ung	Q4UPY9	59.111	225	92	0	2	226	5	229	4.40e-95	281
ung	Q836Z5	58.371	221	91	1	7	227	5	224	4.57e-93	275
ung	Q879Z0	58.369	233	95	1	2	234	13	243	1.11e-92	275
ung	B2IAB2	58.369	233	95	1	2	234	13	243	1.11e-92	275
ung	B0U620	58.369	233	95	1	2	234	13	243	1.38e-92	275
ung	Q87SC4	56.881	218	93	1	10	226	6	223	4.07e-92	273
ung	A3M500	58.036	224	93	1	3	225	12	235	5.95e-92	273
ung	B2HZE0	58.036	224	93	1	3	225	12	235	5.95e-92	273
ung	Q02HQ1	57.965	226	95	0	2	227	5	230	6.19e-92	273
ung	B0VD25	58.036	224	93	1	3	225	12	235	6.36e-92	273
ung	B7I526	58.036	224	93	1	3	225	12	235	6.36e-92	273
ung	B7H3L4	58.036	224	93	1	3	225	12	235	6.36e-92	273
ung	Q9PA28	57.940	233	96	1	2	234	13	243	9.41e-92	273
ung	Q9I5H9	57.965	226	95	0	2	227	5	230	9.48e-92	272
ung	B7UYZ2	57.965	226	95	0	2	227	5	230	9.48e-92	272
ung	A6VAM7	57.965	226	95	0	2	227	5	230	9.48e-92	272
ung	Q7MNR0	56.881	218	93	1	10	226	6	223	1.31e-91	271
ung	Q8DEP7	56.881	218	93	1	10	226	6	223	1.31e-91	271
ung	B0VMZ7	57.143	224	95	1	3	225	12	235	4.46e-90	268
ung	Q8A5V6	57.727	220	92	1	4	223	2	220	5.78e-90	267
ung	Q64PM3	57.273	220	93	1	4	223	2	220	7.04e-90	267
ung	Q5L9D9	57.273	220	93	1	4	223	2	220	7.04e-90	267
ung	B0UWA7	57.534	219	92	1	9	226	2	220	1.71e-89	266
ung	Q0I271	57.534	219	92	1	9	226	2	220	1.71e-89	266
ung	Q6F9Y2	56.250	224	97	1	3	225	12	235	3.02e-89	266
ung	B8F6C3	56.422	218	95	0	9	226	2	219	5.38e-89	265
ung	A0KMZ1	57.143	217	92	1	9	224	2	218	7.64e-89	265
ung	A7MS85	55.505	218	96	1	10	226	6	223	2.55e-88	263
ung	A4SK71	57.870	216	90	1	10	224	3	218	4.39e-88	263
ung	Q7VMC0	57.078	219	93	1	9	226	2	220	1.61e-87	261
ung	C3LQD1	55.556	216	95	1	10	224	6	221	2.73e-87	261
ung	Q9KPK8	55.556	216	95	1	10	224	6	221	2.73e-87	261
ung	A5F5R5	55.556	216	95	1	10	224	6	221	2.73e-87	261
ung	Q827B3	55.752	226	98	2	1	226	1	224	2.98e-87	261
ung	A6L7T5	55.909	220	96	1	4	223	2	220	3.13e-87	260
ung	B6J738	54.667	225	102	0	3	227	2	226	4.78e-87	260
ung	Q83CW4	54.222	225	103	0	3	227	2	226	6.56e-87	260
ung	C6DC11	56.757	222	93	2	10	228	6	227	8.61e-87	259
ung	C0Z887	53.812	223	102	1	4	226	2	223	9.71e-87	259
ung	A1KU26	56.422	218	94	1	9	225	2	219	1.08e-86	259
ung	Q9JZA1	56.422	218	94	1	9	225	2	219	1.08e-86	259
ung	A9LZA2	56.422	218	94	1	9	225	2	219	1.19e-86	259
ung	C4Z8Z2	55.405	222	97	2	7	227	4	224	1.21e-86	259
ung	A9KCD5	54.709	223	101	0	3	225	2	224	1.26e-86	259
ung	B6EKY3	53.670	218	100	1	7	223	1	218	1.53e-86	259
ung	B4RLL6	56.422	218	94	1	9	225	2	219	1.88e-86	258
ung	Q5F8I7	56.422	218	94	1	9	225	2	219	1.88e-86	258
ung	C4LC44	55.963	218	95	1	9	225	2	219	4.62e-86	258
ung	B5FAJ7	53.023	215	100	1	10	223	4	218	5.50e-86	257
ung	B6J089	54.222	225	103	0	3	227	2	226	5.70e-86	258
ung	P57807	55.505	218	96	1	9	225	2	219	8.32e-86	257
ung	Q9JUC4	55.963	218	95	1	9	225	2	219	8.68e-86	256
ung	Q5E2Y8	53.023	215	100	1	10	223	4	218	8.90e-86	257
ung	A1JKI8	56.481	216	93	1	10	224	6	221	1.34e-85	256
ung	B0BTB4	56.881	218	93	1	9	225	2	219	1.70e-85	256
ung	B3H0M4	56.881	218	93	1	9	225	2	219	1.70e-85	256
ung	A3MZ80	56.881	218	93	1	9	225	2	219	1.70e-85	256
ung	Q6D208	56.757	222	93	2	10	228	6	227	1.70e-85	256
ung	A8GI39	57.466	221	92	2	10	229	6	225	2.69e-85	256
ung	Q4QPM6	54.587	218	98	1	9	225	2	219	3.55e-85	255
ung	P43731	55.046	218	97	1	9	225	2	219	3.63e-85	255
ung	A5UBC0	54.587	218	98	1	9	225	2	219	4.99e-85	254
ung	A6M317	52.511	219	103	1	7	225	5	222	5.46e-85	255
ung	C1CXS7	57.919	221	90	3	7	226	25	243	7.07e-85	255
ung	Q03GV8	54.054	222	101	1	7	228	5	225	8.56e-85	254
ung	Q88YG1	55.656	221	97	1	7	227	5	224	1.24e-84	254
ung	Q2NS03	57.209	215	91	1	10	223	6	220	2.12e-84	253
ung	Q65VN0	55.505	218	96	1	9	225	2	219	2.33e-84	253
ung	B6YR15	51.818	220	105	1	4	223	2	220	2.86e-84	253
ung	A8FIM7	55.760	217	95	1	7	223	5	220	3.65e-84	253
ung	Q7N1U8	55.204	221	97	2	10	229	6	225	8.02e-84	252
ung	B7GMM1	54.795	219	98	1	7	225	5	222	1.05e-83	251
ung	A6TCJ2	56.279	215	93	1	10	223	6	220	1.30e-83	251
ung	Q9K3Z0	54.425	226	101	2	1	226	1	224	1.45e-83	251
ung	A8AD07	57.674	215	90	1	10	223	6	220	1.55e-83	251
ung	Q1R8F2	55.760	217	95	1	8	223	4	220	4.71e-83	250
ung	B1LP93	55.760	217	95	1	8	223	4	220	4.71e-83	250
ung	A1AEB0	55.760	217	95	1	8	223	4	220	4.71e-83	250
ung	B7MIR5	55.760	217	95	1	8	223	4	220	4.71e-83	250
ung	B7UH19	55.760	217	95	1	8	223	4	220	4.71e-83	250
ung	A7ZQ25	55.760	217	95	1	8	223	4	220	4.71e-83	250
ung	Q8EPH6	52.466	223	105	1	7	229	5	226	4.97e-83	250
ung	Q0TEQ8	55.760	217	95	1	8	223	4	220	5.37e-83	250
ung	B7NRN6	55.760	217	95	1	8	223	4	220	5.37e-83	250
ung	B7MYL3	55.300	217	96	1	8	223	4	220	5.61e-83	250
ung	Q32CT9	55.760	217	95	1	8	223	4	220	7.45e-83	249
ung	B7N6H1	55.760	217	95	1	8	223	4	220	7.45e-83	249
ung	B5Z154	55.760	217	95	1	8	223	4	220	7.45e-83	249
ung	Q8X444	55.760	217	95	1	8	223	4	220	7.45e-83	249
ung	A7ZA24	53.363	223	103	1	7	229	5	226	8.77e-83	249
ung	A6TVW5	51.111	225	109	1	7	231	4	227	9.57e-83	249
ung	A7GVE5	53.182	220	102	1	7	226	5	223	1.26e-82	249
ung	Q8FF08	55.760	217	95	1	8	223	4	220	1.53e-82	249
ung	Q182G9	52.036	221	105	1	5	225	2	221	1.80e-82	248
ung	Q1IWN1	55.702	228	99	2	5	232	20	245	2.89e-82	249
ung	Q3YYT5	55.300	217	96	1	8	223	4	220	3.51e-82	248
ung	Q31XQ4	55.300	217	96	1	8	223	4	220	3.51e-82	248
ung	B2TYK1	55.300	217	96	1	8	223	4	220	3.51e-82	248
ung	B6I5F5	55.300	217	96	1	8	223	4	220	3.51e-82	248
ung	P12295	55.300	217	96	1	8	223	4	220	3.51e-82	248
ung	B1IVP7	55.300	217	96	1	8	223	4	220	3.51e-82	248
ung	A8A392	55.300	217	96	1	8	223	4	220	3.51e-82	248
ung	B1XBQ7	55.300	217	96	1	8	223	4	220	3.51e-82	248
ung	C4ZYK3	55.300	217	96	1	8	223	4	220	3.51e-82	248
ung	B7M8J5	55.300	217	96	1	8	223	4	220	3.51e-82	248
ung	B7LDH3	55.300	217	96	1	8	223	4	220	3.51e-82	248
ung	Q0T1S6	55.300	217	96	1	8	223	4	220	3.96e-82	248
ung	A7I0A8	52.252	222	105	1	4	225	7	227	4.37e-82	248
ung	B5XNF8	55.814	215	94	1	10	223	6	220	4.92e-82	248
ung	B2GAM7	54.751	221	99	1	7	227	5	224	5.80e-82	247
ung	Q03SK6	52.609	230	106	2	7	234	5	233	5.87e-82	248
ung	Q65DN9	53.394	221	102	1	7	227	5	224	5.99e-82	247
ung	B4F058	52.074	217	103	1	10	225	6	222	6.32e-82	247
ung	B7LUY5	55.760	217	95	1	8	223	4	220	6.40e-82	247
ung	Q5WAZ9	51.818	220	105	1	7	226	4	222	7.46e-82	247
ung	C5D9T3	55.251	219	97	1	7	225	4	221	7.69e-82	247
ung	Q5KUD0	55.708	219	96	1	7	225	4	221	8.22e-82	247
ung	A4ITQ2	55.708	219	96	1	7	225	4	221	1.14e-81	246
ung	A4WDE9	55.349	215	95	1	10	223	6	220	4.09e-81	245
ung	Q9RWH9	56.306	222	94	3	6	226	22	241	4.37e-81	246
ung	B2G626	52.466	223	105	1	7	229	5	226	4.62e-81	245
ung	A5VIJ2	52.466	223	105	1	7	229	5	226	4.62e-81	245
ung	Q5HX80	49.774	221	110	1	5	225	11	230	4.62e-81	245
ung	Q9PJ40	49.774	221	110	1	5	225	11	230	4.82e-81	245
ung	A1VXG9	49.774	221	110	1	5	225	11	230	6.00e-81	245
ung	A7H1G3	50.226	221	109	1	5	225	11	230	6.13e-81	245
ung	Q3IG47	53.211	218	98	3	11	225	4	220	8.04e-81	244
ung	A6VLV4	53.670	218	100	1	9	225	2	219	8.68e-81	244
ung	A0M1V1	52.036	221	104	2	4	223	2	221	9.17e-81	244
ung	A0RM89	52.915	223	103	2	3	225	6	226	1.01e-80	244
ung	A8FJP1	49.321	221	111	1	5	225	11	230	1.19e-80	244
ung	B2VEC7	56.109	221	95	2	10	229	6	225	1.71e-80	243
ung	A9KP29	51.364	220	105	2	7	225	4	222	1.87e-80	243
ung	Q30Q92	51.598	219	105	1	5	223	4	221	2.56e-80	243
ung	Q92CI1	51.802	222	106	1	5	226	2	222	3.67e-80	243
ung	Q0TUH0	51.351	222	107	1	6	227	4	224	4.52e-80	242
ung	Q9K682	53.636	220	101	1	7	226	4	222	5.44e-80	242
ung	A7ZAZ4	55.656	221	96	2	5	225	8	226	7.63e-80	242
ung	B7JHM3	51.818	220	105	1	7	226	5	223	9.18e-80	241
ung	B5F228	55.300	217	96	1	8	223	4	220	1.22e-79	241
ung	A9MGV9	55.300	217	96	1	8	223	4	220	1.93e-79	241
ung	Q8XNR7	50.901	222	108	1	6	227	4	224	2.22e-79	241
ung	Q6HAN7	51.364	220	106	1	7	226	5	223	2.65e-79	240
ung	P39615	52.995	217	101	1	7	223	5	220	2.98e-79	240
ung	Q667T7	55.093	216	96	1	10	224	6	221	2.98e-79	240
ung	A4TKZ2	55.093	216	96	1	10	224	6	221	2.98e-79	240
ung	Q1CKF8	55.093	216	96	1	10	224	6	221	2.98e-79	240
ung	A9R3Y6	55.093	216	96	1	10	224	6	221	2.98e-79	240
ung	Q8ZD85	55.093	216	96	1	10	224	6	221	2.98e-79	240
ung	Q1C570	55.093	216	96	1	10	224	6	221	2.98e-79	240
ung	P67073	54.839	217	97	1	8	223	4	220	3.44e-79	240
ung	P67074	54.839	217	97	1	8	223	4	220	3.44e-79	240
ung	B4TS29	54.839	217	97	1	8	223	4	220	3.44e-79	240
ung	B5BAR7	54.839	217	97	1	8	223	4	220	3.44e-79	240
ung	C0PVZ2	54.839	217	97	1	8	223	4	220	3.44e-79	240
ung	A9N0W3	54.839	217	97	1	8	223	4	220	3.44e-79	240
ung	Q5PLH8	54.839	217	97	1	8	223	4	220	3.44e-79	240
ung	B4T290	54.839	217	97	1	8	223	4	220	3.44e-79	240
ung	B4TE28	54.839	217	97	1	8	223	4	220	3.44e-79	240
ung	B5RD62	54.839	217	97	1	8	223	4	220	3.44e-79	240
ung	B5QTW1	54.839	217	97	1	8	223	4	220	3.44e-79	240
ung	B5FRD9	54.839	217	97	1	8	223	4	220	3.44e-79	240
ung	Q57L54	54.839	217	97	1	8	223	4	220	3.44e-79	240
ung	Q0SWB8	50.901	222	108	1	6	227	4	224	3.84e-79	240
ung	A7FFS4	55.093	216	96	1	10	224	6	221	4.47e-79	240
ung	A9VSJ0	49.545	220	110	1	7	226	5	223	4.72e-79	240
ung	C1EQ68	51.364	220	106	1	7	226	5	223	4.98e-79	239
ung	A0RLI1	51.364	220	106	1	7	226	5	223	4.98e-79	239
ung	B9IS32	50.000	220	109	1	7	226	5	223	5.26e-79	239
ung	B7HYF9	50.000	220	109	1	7	226	5	223	5.26e-79	239
ung	Q630K2	50.000	220	109	1	7	226	5	223	5.50e-79	239
ung	B1JRB1	55.093	216	96	1	10	224	6	221	5.81e-79	239
ung	B2KA63	55.093	216	96	1	10	224	6	221	5.81e-79	239
ung	A5FFT1	51.818	220	104	2	5	223	3	221	6.47e-79	239
ung	Q72X51	50.000	220	109	1	7	226	5	223	7.88e-79	239
ung	Q81JQ4	50.909	220	107	1	7	226	5	223	1.00e-78	239
ung	C3LFS7	50.909	220	107	1	7	226	5	223	1.00e-78	239
ung	C3P2F8	50.909	220	107	1	7	226	5	223	1.00e-78	239
ung	Q8Y7P6	51.802	222	106	1	5	226	2	222	2.06e-78	238
ung	Q720K2	51.351	222	107	1	5	226	2	222	2.98e-78	238
ung	A8MM35	51.584	221	106	1	5	225	3	222	6.13e-78	237
ung	B9KEK7	47.964	221	114	1	5	225	8	227	6.99e-78	237
ung	Q814M9	50.000	220	109	1	7	226	5	223	8.98e-78	236
ung	B7HG60	50.000	220	109	1	7	226	5	223	8.98e-78	236
ung	Q38VY5	50.901	222	107	2	7	228	5	224	9.28e-78	236
ung	A7GVX1	54.299	221	99	2	5	225	8	226	1.34e-77	236
ung	B2TQZ9	50.228	219	108	1	7	225	5	222	1.81e-77	236
ung	B2V017	50.228	219	108	1	7	225	5	222	1.81e-77	236
ung	Q9LIH6	52.212	226	105	1	3	225	105	330	3.04e-77	239
ung	Q24YA3	51.584	221	105	2	7	227	4	222	7.14e-77	234
ung	B8FSV8	51.584	221	105	2	7	227	4	222	7.14e-77	234
ung	B0TXF5	52.074	217	103	1	10	225	2	218	1.11e-76	233
ung	Q8R634	50.000	220	109	1	6	225	3	221	1.14e-76	234
ung	Q8EB78	49.309	217	109	1	10	225	2	218	1.39e-76	233
ung	B7IRS8	48.673	226	113	2	1	226	1	223	1.75e-76	233
ung	Q821F7	53.812	223	99	3	6	226	9	229	3.75e-76	233
ung	B2RHL6	53.394	221	99	3	5	223	4	222	6.54e-76	232
ung	A5EVB8	51.121	223	107	2	4	225	8	229	8.40e-76	232
ung	Q7MA00	49.776	223	111	1	5	227	9	230	9.26e-76	231
ung	Q5FL46	50.679	221	107	2	7	227	6	224	1.31e-75	231
ung	Q1GB22	50.673	223	108	2	7	229	5	225	1.43e-75	231
ung	A4IWI7	50.230	217	107	1	10	225	2	218	1.60e-75	231
ung	Q5NEP2	50.230	217	107	1	10	225	2	218	1.60e-75	231
ung	B2SFW5	50.230	217	107	1	10	225	2	218	1.60e-75	231
ung	Q14G45	50.230	217	107	1	10	225	2	218	1.60e-75	231
ung	B3ERG6	50.228	219	108	1	5	223	3	220	1.73e-75	231
ung	P53766	51.101	227	99	5	8	227	125	346	2.02e-75	234
ung	Q7MXF6	53.394	221	99	3	5	223	4	222	2.64e-75	230
ung	Q7P1I1	53.670	218	101	0	6	223	10	227	3.31e-75	230
ung	A0Q7Y8	50.230	217	107	1	10	225	2	218	3.75e-75	229
ung	Q723S4	50.685	219	107	1	9	227	3	220	1.19e-74	228
ung	Q0BN28	49.770	217	108	1	10	225	2	218	2.34e-74	228
ung	Q2A4Q4	49.770	217	108	1	10	225	2	218	2.34e-74	228
ung	A7NAN4	49.770	217	108	1	10	225	2	218	2.34e-74	228
ung	Q92EQ0	49.770	217	108	1	9	225	3	218	2.73e-74	228
ung	Q04BG7	50.000	222	109	2	7	228	5	224	3.62e-74	228
ung	Q74K70	50.000	220	108	2	9	228	7	224	3.69e-74	228
ung	Q64QI5	49.091	220	111	1	4	223	2	220	9.99e-74	226
ung	Q5LA67	49.091	220	111	1	4	223	2	220	1.18e-73	226
ung	A8YUE7	49.321	221	110	2	7	227	6	224	1.29e-73	226
ung	P97931	53.456	217	99	2	9	224	89	304	1.41e-73	229
ung	P13051	53.211	218	98	3	9	224	96	311	1.60e-73	229
ung	Q8Y9X7	49.772	219	109	1	9	227	3	220	2.19e-73	225
ung	Q9U221	48.848	217	108	3	9	223	64	279	3.41e-73	227
ung	Q07YI6	49.091	220	111	1	7	225	1	220	3.50e-73	224
ung	Q03AI1	50.226	221	108	2	7	227	5	223	4.49e-73	224
ung	B3WCZ5	50.226	221	108	2	7	227	5	223	4.49e-73	224
ung	P59465	51.111	225	105	4	1	223	1	222	9.13e-73	224
ung	Q5L4Q4	51.570	223	104	3	6	226	9	229	1.35e-72	223
ung	Q03KM6	52.336	214	99	2	10	223	5	215	1.61e-72	223
ung	Q9Z7D3	50.673	223	106	3	6	226	16	236	1.88e-72	223
ung	B0BA61	51.802	222	103	3	6	225	9	228	2.23e-72	223
ung	B0B8I2	51.802	222	103	3	6	225	9	228	2.23e-72	223
ung	O84613	51.802	222	103	3	6	225	9	228	2.68e-72	223
ung	Q3KL88	51.802	222	103	3	6	225	9	228	2.68e-72	223
ung	B2UDL1	53.478	230	95	4	7	227	35	261	4.68e-72	223
ung	Q9PJD2	50.450	222	106	3	6	225	9	228	1.04e-71	221
ung	Q8XVE4	53.913	230	94	4	7	227	38	264	1.11e-71	223
ung	B1MXY4	52.336	214	99	2	10	223	7	217	1.63e-71	220
ung	A1SUE5	47.907	215	111	1	10	223	2	216	1.63e-71	220
ung	B2S1N8	47.511	221	115	1	5	224	3	223	2.83e-71	220
ung	B5RKV2	47.059	221	116	1	5	224	3	223	2.99e-71	220
ung	Q256I7	52.018	223	103	3	6	226	9	229	3.08e-71	220
ung	Q7VRQ7	45.622	217	117	1	10	225	5	221	3.84e-71	219
ung	B1IBW9	51.869	214	100	2	10	223	5	215	4.02e-71	219
ung	Q03W63	50.000	214	105	1	10	223	7	218	4.78e-71	219
ung	A1QYK3	46.606	221	117	1	5	224	3	223	5.56e-71	219
ung	A3CN85	50.000	214	104	2	10	223	5	215	6.15e-71	219
ung	B8D787	49.309	217	108	2	10	225	4	219	7.40e-71	219
ung	P57280	49.309	217	108	2	10	225	4	219	7.40e-71	219
ung	B5RQN2	46.606	221	117	1	5	224	3	223	1.04e-70	218
ung	Q8DTV8	49.533	214	105	2	10	223	5	215	1.52e-70	218
ung	A8AXM4	49.533	214	105	2	10	223	5	215	2.02e-70	218
ung	B9DKT3	53.368	193	89	1	31	223	22	213	3.15e-70	217
ung	Q7VGS1	46.930	228	111	2	5	224	8	233	4.72e-70	217
ung	A8EWN8	46.047	215	114	2	10	223	2	215	7.81e-70	216
ung	C1CKR8	50.935	214	102	2	10	223	5	215	8.99e-70	216
ung	Q49VD1	52.577	194	89	2	31	223	22	213	1.08e-69	216
ung	Q4L3Q7	51.295	193	93	1	31	223	22	213	1.95e-69	215
ung	C1CRP5	50.467	214	103	2	10	223	5	215	2.35e-69	215
ung	C1CED4	50.467	214	103	2	10	223	5	215	2.35e-69	215
ung	P23379	50.467	214	103	2	10	223	5	215	2.35e-69	215
ung	B8ZQ48	50.467	214	103	2	10	223	5	215	2.35e-69	215
ung	B9DSB9	50.935	214	102	2	10	223	5	215	5.14e-69	214
ung	Q662W1	43.891	221	123	1	5	224	3	223	6.58e-69	214
ung	Q8DPQ4	50.000	214	104	2	10	223	5	215	8.67e-69	213
ung	B5E4R3	50.000	214	104	2	10	223	5	215	8.67e-69	213
ung	Q04KE2	50.000	214	104	2	10	223	5	215	8.67e-69	213
ung	Q1J724	48.826	213	106	2	11	223	6	215	9.26e-69	213
ung	P67077	52.062	194	90	2	31	223	22	213	1.21e-68	213
ung	A8YZS8	52.062	194	90	2	31	223	22	213	1.21e-68	213
ung	P67076	52.062	194	90	2	31	223	22	213	1.21e-68	213
ung	P67075	52.062	194	90	2	31	223	22	213	1.21e-68	213
ung	A6QEN4	52.062	194	90	2	31	223	22	213	1.21e-68	213
ung	Q5HI95	52.062	194	90	2	31	223	22	213	1.21e-68	213
ung	A5IQD5	52.062	194	90	2	31	223	22	213	1.21e-68	213
ung	Q2G0J7	52.062	194	90	2	31	223	22	213	1.21e-68	213
ung	Q2FJ62	52.062	194	90	2	31	223	22	213	1.21e-68	213
ung	A6TZ58	52.062	194	90	2	31	223	22	213	1.21e-68	213
ung	A7WZ22	52.062	194	90	2	31	223	22	213	1.21e-68	213
ung	Q5R080	51.163	215	101	3	11	223	3	215	1.99e-68	213
ung	A4VV30	50.000	214	104	2	10	223	5	215	2.36e-68	212
ung	A4W1D5	50.000	214	104	2	10	223	5	215	2.36e-68	212
ung	Q8CQ65	51.295	193	93	1	31	223	22	213	2.47e-68	212
ung	B7J0Y9	43.439	221	124	1	5	224	3	223	2.83e-68	212
ung	O51082	43.439	221	124	1	5	224	3	223	2.83e-68	212
ung	P0A4P4	49.533	214	105	2	10	223	5	215	3.24e-68	212
ung	P0A4P3	49.533	214	105	2	10	223	5	215	3.24e-68	212
ung	P0A4P5	49.533	214	105	2	10	223	5	215	3.24e-68	212
ung	Q6GJ88	51.546	194	91	2	31	223	22	213	4.21e-68	212
ung	Q2YS83	51.546	194	91	2	31	223	22	213	4.21e-68	212
ung	Q5HRG5	51.295	193	93	1	31	223	22	213	5.18e-68	211
ung	Q6GBQ6	52.062	194	90	2	31	223	22	213	5.23e-68	211
ung	P0DG75	48.357	213	107	2	11	223	6	215	6.30e-68	211
ung	P0DG74	48.357	213	107	2	11	223	6	215	6.30e-68	211
ung	Q057V4	49.500	200	97	2	30	225	24	223	7.52e-68	211
ung	Q8P1B6	48.826	213	106	2	11	223	6	215	7.58e-68	211
ung	Q5XCK3	48.357	213	107	2	11	223	6	215	1.35e-67	210
ung	Q48U05	48.826	213	106	2	11	223	6	215	1.38e-67	210
ung	A2RF00	48.357	213	107	2	11	223	6	215	1.56e-67	210
ung	Q1JHA5	48.357	213	107	2	11	223	6	215	2.00e-67	210
ung	Q1JM60	48.357	213	107	2	11	223	6	215	2.00e-67	210
ung	Q1JC76	48.357	213	107	2	11	223	6	215	2.00e-67	210
ung	Q9A072	48.357	213	107	2	11	223	6	215	2.00e-67	210
ung	Q0SPB2	42.986	221	125	1	5	224	3	223	2.12e-67	210
ung	Q315T1	51.131	221	98	3	11	223	15	233	3.29e-67	210
ung	B1YFL0	48.387	217	111	1	7	223	1	216	3.44e-67	209
ung	B4U3D4	50.935	214	102	2	10	223	5	215	6.34e-67	209
ung	C0M7J9	50.935	214	102	2	10	223	5	215	8.06e-67	208
ung	C0ME57	50.935	214	102	2	10	223	5	215	1.48e-66	207
ung	B5XL20	47.887	213	108	2	11	223	6	215	3.25e-66	207
ung	B9E8N2	47.826	207	105	2	18	223	9	213	6.27e-65	204
ung	B1I012	46.544	217	113	2	11	225	9	224	7.74e-65	204
ung	Q21SE9	52.336	214	83	4	27	223	39	250	1.06e-63	201
ung	O74834	49.761	209	102	3	7	213	82	289	1.24e-61	199
ung	Q8FPQ4	47.511	221	109	5	7	225	23	238	9.11e-59	189
ung	P69859	45.852	229	114	5	1	225	89	311	2.72e-58	190
ung	P28866	45.852	229	114	5	1	225	89	311	2.72e-58	190
ung	A2RHW2	45.116	215	113	4	11	223	6	217	4.62e-58	186
ung	A0PQ07	46.606	221	114	3	7	226	10	227	8.18e-58	186
ung	B2HIJ2	46.606	221	114	3	7	226	10	227	1.47e-57	185
ung	A0QV01	46.606	221	114	3	7	226	10	227	1.66e-57	185
ung	Q9CIX2	44.344	221	106	4	11	223	6	217	1.66e-57	185
ung	A1T717	46.154	221	113	4	7	226	10	225	2.60e-57	184
ung	Q032L5	44.651	215	114	4	11	223	6	217	3.52e-57	184
ung	A4TE31	45.701	221	114	4	7	226	10	225	1.75e-56	182
ung	Q1BAP2	46.154	221	115	3	7	226	10	227	1.89e-56	182
ung	A1UEC0	46.154	221	115	3	7	226	10	227	1.89e-56	182
ung	A3PXS4	46.154	221	115	3	7	226	10	227	1.89e-56	182
ung	Q9CBS3	46.154	221	115	3	7	226	10	227	2.32e-56	182
ung	B8ZS02	46.154	221	115	3	7	226	10	227	2.32e-56	182
ung	P52507	48.661	224	103	6	7	225	99	315	1.41e-55	183
ung	P52506	48.661	224	103	6	7	225	98	314	1.63e-55	183
ung	A0QJA9	45.701	221	116	3	7	226	10	227	2.34e-55	179
ung	Q73VJ7	45.701	221	116	3	7	226	10	227	2.58e-55	179
ung	A9IGW1	46.930	228	112	6	7	228	19	243	1.66e-54	178
ung	P12888	54.023	174	71	3	60	225	83	255	6.77e-54	177
ung	Q7VUM8	54.167	192	78	7	37	223	49	235	1.60e-53	176
ung	Q7WQW5	54.167	192	78	7	37	223	49	235	1.62e-53	176
ung	Q7W1Y7	54.167	192	78	7	37	223	49	235	1.82e-53	176
ung	A1SNW4	45.740	223	115	4	7	228	13	230	3.96e-53	174
ung	Q1CRR1	40.930	215	116	4	7	212	9	221	5.09e-53	174
ung	B5Z8Z4	40.670	209	114	2	7	207	9	215	5.80e-53	174
ung	O36395	43.103	232	117	6	5	225	24	251	6.29e-53	174
ung	Q01019	47.291	203	96	5	32	225	51	251	8.60e-53	174
ung	Q9EX12	45.249	221	115	4	7	226	10	225	1.16e-52	172
ung	Q8G3E9	46.305	203	99	4	30	225	14	213	1.41e-52	172
ung	B1MDP0	44.796	221	117	4	7	226	10	226	1.48e-52	172
ung	P56397	41.148	209	113	3	7	207	9	215	1.66e-52	172
ung	Q17Z05	40.670	209	114	3	7	207	9	215	1.85e-52	172
ung	Q47Q90	44.796	221	116	4	7	226	13	228	1.92e-52	172
ung	Q98PV4	38.532	218	133	1	8	225	4	220	2.40e-52	172
ung	Q2L0Y2	45.249	221	115	3	7	223	19	237	3.08e-52	172
ung	B2UVB0	40.191	209	115	2	7	207	9	215	4.95e-52	171
ung	B6JNI4	39.234	209	117	2	7	207	9	215	6.15e-52	171
ung	P53764	46.907	194	100	3	33	225	12	203	2.21e-51	169
ung	Q9ZJN9	39.713	209	116	2	7	207	9	215	3.51e-51	169
ung	Q9PPU2	41.315	213	122	3	11	223	3	212	5.10e-51	168
ung	B1AJI8	41.315	213	122	3	11	223	3	212	5.10e-51	168
ung	P53765	41.702	235	124	5	1	225	23	254	8.99e-51	169
ung	P12887	41.102	236	121	6	7	225	102	336	9.65e-51	172
ung	Q82MX6	43.439	221	119	4	7	226	10	225	1.07e-50	167
ung	P9WFQ9	46.606	221	114	3	7	226	10	227	1.34e-50	167
ung	P9WFQ8	46.606	221	114	3	7	226	10	227	1.34e-50	167
ung	A5U6Y7	46.606	221	114	3	7	226	10	227	1.34e-50	167
ung	C1AG91	46.606	221	114	3	7	226	10	227	1.34e-50	167
ung	A1KMX0	46.606	221	114	3	7	226	10	227	1.34e-50	167
ung	P67072	46.606	221	114	3	7	226	10	227	1.34e-50	167
ung	B5ZC55	39.720	214	126	3	10	223	2	212	2.62e-50	166
ung	Q5YRZ2	43.891	221	120	3	7	226	10	227	4.97e-50	166
ung	Q1GHJ4	44.878	205	109	3	23	226	23	224	8.91e-50	166
ung	P09307	42.982	228	119	5	3	225	83	304	1.36e-49	167
ung	Q9J3N2	42.982	228	119	5	3	225	83	304	1.53e-49	167
ung	P67078	41.364	220	125	3	7	225	13	229	1.65e-49	165
ung	P67079	41.364	220	125	3	7	225	13	229	1.65e-49	165
ung	P10186	45.333	225	109	6	7	225	118	334	5.62e-49	166
ung	P28275	43.636	220	120	4	7	225	39	255	1.69e-48	163
ung	F5HFA1	49.432	176	80	3	60	227	80	254	2.84e-48	162
ung	A8LD98	43.439	221	119	4	7	226	10	225	4.27e-48	161
ung	Q9E6R2	42.478	226	118	5	6	225	92	311	3.83e-47	161
ung	Q4A8N4	37.963	216	132	2	10	225	6	219	8.32e-45	152
ung	P52447	41.063	207	116	4	24	225	47	252	1.08e-44	153
ung	Q8NQU9	40.244	246	110	7	7	225	19	254	1.27e-44	153
ung	P13158	43.519	216	118	4	7	221	79	291	1.27e-44	154
ung	P50639	43.678	174	94	3	58	228	81	253	1.49e-44	153
ung	P52345	40.580	207	117	4	24	225	47	252	2.04e-44	152
ung	F5HI85	43.077	195	109	2	32	225	55	248	2.57e-44	152
ung	P16769	43.077	195	109	2	32	225	55	248	2.57e-44	152
ung	Q6UDG6	39.286	224	126	5	7	226	145	362	1.17e-37	137
ung	Q5UPT2	30.973	226	132	4	23	225	146	370	1.54e-28	114
ung	P75536	29.646	226	136	7	11	223	16	231	3.50e-20	89.0
ung	P47343	29.741	232	140	10	10	228	17	238	1.78e-18	84.7
# PSIBLAST 2.6.0+
# Iteration: 2
# Query: ung | A6UDC0.1 | YP_001328485.1 | 95.0%
# Database: /home/alex/Documents/data/local_db/swissprot
# Fields: query acc.ver, subject acc.ver, % identity, alignment length, mismatches, gap opens, q. start, q. end, s. start, s. end, evalue, bit score
# 415 hits found
ung	A6UDC0	100.000	241	0	0	1	241	1	241	4.61e-161	448
ung	Q92LU5	94.191	241	14	0	1	241	1	241	3.55e-160	445
ung	C1DQR0	62.445	229	86	0	1	229	4	232	1.42e-153	429
ung	Q88N05	61.778	225	86	0	2	226	4	228	2.80e-150	420
ung	Q1I5T6	60.444	225	89	0	2	226	4	228	3.02e-150	420
ung	B0KV50	61.333	225	87	0	2	226	4	228	4.78e-150	420
ung	Q4KGS0	60.000	225	90	0	2	226	4	228	1.34e-149	419
ung	A5W8H2	60.889	225	88	0	2	226	4	228	1.39e-149	419
ung	Q9I5H9	57.965	226	95	0	2	227	5	230	2.04e-149	418
ung	B7UYZ2	57.965	226	95	0	2	227	5	230	2.04e-149	418
ung	A6VAM7	57.965	226	95	0	2	227	5	230	2.04e-149	418
ung	Q3KGL4	59.556	225	91	0	2	226	4	228	4.25e-149	417
ung	Q02HQ1	57.965	226	95	0	2	227	5	230	4.30e-149	417
ung	B1J4J3	60.000	225	90	0	2	226	4	228	6.23e-149	417
ung	Q4ZPC2	60.889	225	88	0	2	226	4	228	4.74e-147	412
ung	Q87XE2	60.889	225	88	0	2	226	4	228	6.95e-147	412
ung	C3KDS6	58.222	225	94	0	2	226	4	228	7.03e-147	412
ung	Q836Z5	58.371	221	91	1	7	227	5	224	1.97e-146	410
ung	Q8UCM8	73.894	226	59	0	2	227	7	232	2.06e-146	411
ung	B7GMM1	54.299	221	100	1	7	227	5	224	3.36e-146	410
ung	Q48ET5	60.000	225	90	0	2	226	4	228	3.97e-146	410
ung	C6DC11	56.757	222	93	2	10	228	6	227	4.61e-145	407
ung	A8GI39	57.466	221	92	2	10	229	6	225	6.74e-145	407
ung	A7GVE5	52.941	221	103	1	7	227	5	224	1.80e-144	405
ung	A1JKI8	55.856	222	96	2	10	230	6	226	2.05e-144	405
ung	B0UWA7	57.273	220	93	1	9	227	2	221	2.62e-144	405
ung	Q0I271	57.273	220	93	1	9	227	2	221	2.62e-144	405
ung	C5D9T3	54.751	221	99	1	7	227	4	223	4.03e-144	404
ung	Q5KUD0	55.204	221	98	1	7	227	4	223	5.33e-144	404
ung	Q64PM3	57.273	220	93	1	4	223	2	220	5.79e-144	404
ung	Q5L9D9	57.273	220	93	1	4	223	2	220	5.79e-144	404
ung	A7ZA24	53.363	223	103	1	7	229	5	226	7.52e-144	404
ung	A6L7T5	55.909	220	96	1	4	223	2	220	9.07e-144	403
ung	B4RLL6	56.422	218	94	1	9	225	2	219	1.19e-143	403
ung	Q5F8I7	56.422	218	94	1	9	225	2	219	1.19e-143	403
ung	Q7MNR0	56.881	218	93	1	10	226	6	223	3.15e-143	402
ung	Q8DEP7	56.881	218	93	1	10	226	6	223	3.15e-143	402
ung	P43731	55.046	218	97	1	9	225	2	219	3.34e-143	402
ung	P39615	52.511	219	103	1	7	225	5	222	6.85e-143	401
ung	Q6D208	56.757	222	93	2	10	228	6	227	7.22e-143	401
ung	Q2NS03	56.561	221	94	2	10	229	6	225	7.94e-143	401
ung	A9LZA2	56.422	218	94	1	9	225	2	219	8.29e-143	401
ung	A4ITQ2	55.204	221	98	1	7	227	4	223	9.73e-143	401
ung	B8F6C3	56.422	218	95	0	9	226	2	219	9.91e-143	401
ung	A8MM35	51.121	223	108	1	5	227	3	224	1.20e-142	401
ung	A1KU26	56.422	218	94	1	9	225	2	219	1.45e-142	400
ung	Q9JZA1	56.422	218	94	1	9	225	2	219	1.45e-142	400
ung	Q87SC4	56.621	219	94	1	9	226	5	223	1.78e-142	400
ung	A6TCJ2	54.425	226	100	2	8	230	4	229	2.24e-142	400
ung	Q0T1S6	54.709	223	99	2	8	229	4	225	4.42e-142	399
ung	Q9K682	53.394	221	102	1	7	227	4	223	5.48e-142	399
ung	Q3BNI2	60.000	230	92	0	2	231	5	234	5.82e-142	400
ung	Q8A5V6	57.727	220	92	1	4	223	2	220	6.82e-142	398
ung	B4F058	51.598	219	105	1	8	225	4	222	6.87e-142	399
ung	Q3YYT5	53.982	226	101	2	8	230	4	229	8.08e-142	399
ung	Q32CT9	54.425	226	100	2	8	230	4	229	8.08e-142	399
ung	Q31XQ4	53.982	226	101	2	8	230	4	229	8.08e-142	399
ung	B2TYK1	53.982	226	101	2	8	230	4	229	8.08e-142	399
ung	B6I5F5	53.982	226	101	2	8	230	4	229	8.08e-142	399
ung	B7N6H1	54.425	226	100	2	8	230	4	229	8.08e-142	399
ung	P12295	53.982	226	101	2	8	230	4	229	8.08e-142	399
ung	B1IVP7	53.982	226	101	2	8	230	4	229	8.08e-142	399
ung	A8A392	53.982	226	101	2	8	230	4	229	8.08e-142	399
ung	B1XBQ7	53.982	226	101	2	8	230	4	229	8.08e-142	399
ung	C4ZYK3	53.982	226	101	2	8	230	4	229	8.08e-142	399
ung	B7M8J5	53.982	226	101	2	8	230	4	229	8.08e-142	399
ung	B5Z154	54.425	226	100	2	8	230	4	229	8.08e-142	399
ung	Q8X444	54.425	226	100	2	8	230	4	229	8.08e-142	399
ung	B7LDH3	53.982	226	101	2	8	230	4	229	8.08e-142	399
ung	A7MS85	55.000	220	98	1	9	227	5	224	9.97e-142	398
ung	Q65VN0	55.505	218	96	1	9	225	2	219	1.13e-141	398
ung	Q1R8F2	54.425	226	100	2	8	230	4	229	1.27e-141	398
ung	B1LP93	54.425	226	100	2	8	230	4	229	1.27e-141	398
ung	A1AEB0	54.425	226	100	2	8	230	4	229	1.27e-141	398
ung	B7MIR5	54.425	226	100	2	8	230	4	229	1.27e-141	398
ung	B7UH19	54.425	226	100	2	8	230	4	229	1.27e-141	398
ung	A7ZQ25	54.425	226	100	2	8	230	4	229	1.27e-141	398
ung	C3LQD1	55.556	216	95	1	10	224	6	221	1.31e-141	398
ung	Q9KPK8	55.556	216	95	1	10	224	6	221	1.31e-141	398
ung	A5F5R5	55.556	216	95	1	10	224	6	221	1.31e-141	398
ung	C4LC44	55.963	218	95	1	9	225	2	219	1.44e-141	398
ung	B7MYL3	53.982	226	101	2	8	230	4	229	1.59e-141	398
ung	Q630K2	49.774	221	110	1	7	227	5	224	1.78e-141	398
ung	B2TQZ9	49.774	221	110	1	7	227	5	224	1.88e-141	398
ung	B2V017	49.774	221	110	1	7	227	5	224	1.88e-141	398
ung	Q9JUC4	55.963	218	95	1	9	225	2	219	1.91e-141	397
ung	Q7N1U8	54.709	223	99	2	8	229	4	225	2.01e-141	398
ung	B9IS32	49.774	221	110	1	7	227	5	224	2.14e-141	397
ung	B7HYF9	49.774	221	110	1	7	227	5	224	2.14e-141	397
ung	Q0TEQ8	54.425	226	100	2	8	230	4	229	2.26e-141	398
ung	B7NRN6	54.425	226	100	2	8	230	4	229	2.26e-141	398
ung	Q8FF08	55.157	223	98	2	8	229	4	225	3.14e-141	397
ung	B5XNF8	54.464	224	99	2	10	230	6	229	3.92e-141	397
ung	Q8PFZ6	59.052	232	95	0	2	233	5	236	4.19e-141	397
ung	A6M317	52.036	221	105	1	7	227	5	224	4.37e-141	397
ung	C0Z887	53.125	224	104	1	7	230	5	227	5.50e-141	397
ung	B7LUY5	54.425	226	100	2	8	230	4	229	7.73e-141	396
ung	Q72X51	49.774	221	110	1	7	227	5	224	7.98e-141	396
ung	B6J738	55.708	219	97	0	9	227	8	226	8.53e-141	396
ung	Q65DN9	53.394	221	102	1	7	227	5	224	8.81e-141	396
ung	A8AD07	55.752	226	97	2	8	230	4	229	1.02e-140	396
ung	Q83CW4	55.251	219	98	0	9	227	8	226	2.19e-140	395
ung	A8FIM7	55.251	219	97	1	7	225	5	222	2.37e-140	395
ung	A4WDE9	54.018	224	100	2	10	230	6	229	3.14e-140	395
ung	B5F228	53.982	226	101	2	8	230	4	229	3.87e-140	395
ung	B0BTB4	56.881	218	93	1	9	225	2	219	4.00e-140	394
ung	B3H0M4	56.881	218	93	1	9	225	2	219	4.00e-140	394
ung	A3MZ80	56.881	218	93	1	9	225	2	219	4.00e-140	394
ung	P67073	53.540	226	102	2	8	230	4	229	7.40e-140	394
ung	P67074	53.540	226	102	2	8	230	4	229	7.40e-140	394
ung	B4TS29	53.540	226	102	2	8	230	4	229	7.40e-140	394
ung	B5BAR7	53.540	226	102	2	8	230	4	229	7.40e-140	394
ung	C0PVZ2	53.540	226	102	2	8	230	4	229	7.40e-140	394
ung	A9N0W3	53.540	226	102	2	8	230	4	229	7.40e-140	394
ung	Q5PLH8	53.540	226	102	2	8	230	4	229	7.40e-140	394
ung	B4T290	53.540	226	102	2	8	230	4	229	7.40e-140	394
ung	B4TE28	53.540	226	102	2	8	230	4	229	7.40e-140	394
ung	B5RD62	53.540	226	102	2	8	230	4	229	7.40e-140	394
ung	B5QTW1	53.540	226	102	2	8	230	4	229	7.40e-140	394
ung	B5FRD9	53.540	226	102	2	8	230	4	229	7.40e-140	394
ung	Q57L54	53.540	226	102	2	8	230	4	229	7.40e-140	394
ung	Q0TUH0	51.818	220	105	1	8	227	6	224	8.16e-140	393
ung	B2VEC7	56.109	221	95	2	10	229	6	225	8.30e-140	393
ung	Q8P4D7	59.111	225	92	0	2	226	5	229	8.82e-140	394
ung	B0RWT2	59.111	225	92	0	2	226	5	229	8.82e-140	394
ung	Q4UPY9	59.111	225	92	0	2	226	5	229	8.82e-140	394
ung	Q5WAZ9	51.111	225	109	1	7	231	4	227	1.11e-139	393
ung	A9MGV9	53.982	226	101	2	8	230	4	229	1.13e-139	393
ung	A5UBC0	54.587	218	98	1	9	225	2	219	1.67e-139	392
ung	Q5GUS2	59.307	231	94	0	1	231	4	234	1.99e-139	393
ung	B2SJF5	59.307	231	94	0	1	231	4	234	1.99e-139	393
ung	Q2NY21	59.307	231	94	0	1	231	4	234	1.99e-139	393
ung	Q182G9	51.570	223	107	1	5	227	2	223	2.00e-139	392
ung	A9KCD5	55.760	217	96	0	9	225	8	224	2.29e-139	392
ung	Q814M9	49.774	221	110	1	7	227	5	224	2.52e-139	392
ung	B7HG60	49.774	221	110	1	7	227	5	224	2.52e-139	392
ung	Q4QPM6	54.587	218	98	1	9	225	2	219	2.54e-139	392
ung	A9VSJ0	49.321	221	111	1	7	227	5	224	2.88e-139	392
ung	B0VD25	58.036	224	93	1	3	225	12	235	2.91e-139	393
ung	B7I526	58.036	224	93	1	3	225	12	235	2.91e-139	393
ung	B7H3L4	58.036	224	93	1	3	225	12	235	2.91e-139	393
ung	Q92CI1	51.351	222	107	1	5	226	2	222	3.07e-139	392
ung	Q8XNR7	51.364	220	106	1	8	227	6	224	3.70e-139	392
ung	Q0SWB8	51.364	220	106	1	8	227	6	224	3.83e-139	392
ung	A0KMZ1	57.143	217	92	1	9	224	2	218	4.05e-139	392
ung	B2G626	52.466	223	105	1	7	229	5	226	5.32e-139	392
ung	A5VIJ2	52.466	223	105	1	7	229	5	226	5.32e-139	392
ung	A3M500	58.036	224	93	1	3	225	12	235	5.32e-139	392
ung	B2HZE0	58.036	224	93	1	3	225	12	235	5.32e-139	392
ung	B6J089	55.251	219	98	0	9	227	8	226	6.07e-139	392
ung	Q24YA3	51.584	221	105	2	7	227	4	222	6.44e-139	391
ung	B8FSV8	51.584	221	105	2	7	227	4	222	6.44e-139	391
ung	C1EQ68	51.131	221	107	1	7	227	5	224	6.84e-139	391
ung	A0RLI1	51.131	221	107	1	7	227	5	224	6.84e-139	391
ung	Q9PA28	57.940	233	96	1	2	234	13	243	6.85e-139	392
ung	Q03GV8	54.054	222	101	1	7	228	5	225	9.64e-139	391
ung	Q879Z0	58.369	233	95	1	2	234	13	243	1.13e-138	392
ung	B2IAB2	58.369	233	95	1	2	234	13	243	1.13e-138	392
ung	B7JHM3	51.584	221	106	1	7	227	5	224	1.54e-138	390
ung	P57807	55.505	218	96	1	9	225	2	219	1.92e-138	390
ung	Q6HAN7	51.131	221	107	1	7	227	5	224	2.00e-138	390
ung	B0U620	58.369	233	95	1	2	234	13	243	2.07e-138	391
ung	Q81JQ4	50.679	221	108	1	7	227	5	224	2.09e-138	390
ung	C3LFS7	50.679	221	108	1	7	227	5	224	2.09e-138	390
ung	C3P2F8	50.679	221	108	1	7	227	5	224	2.09e-138	390
ung	B6EKY3	53.425	219	101	1	7	224	1	219	2.25e-138	390
ung	Q720K2	51.351	222	107	1	5	226	2	222	3.03e-138	390
ung	B0VMZ7	57.143	224	95	1	3	225	12	235	4.82e-138	390
ung	C4Z8Z2	55.157	223	98	2	6	227	3	224	8.15e-138	388
ung	Q7VMC0	57.078	219	93	1	9	226	2	220	8.56e-138	388
ung	A4SK71	57.870	216	90	1	10	224	3	218	1.20e-137	388
ung	A6TVW5	51.111	225	109	1	7	231	4	227	1.65e-137	388
ung	B7IRS8	49.321	221	111	1	7	227	5	224	2.03e-137	387
ung	Q8Y7P6	51.802	222	106	1	5	226	2	222	2.30e-137	387
ung	B3ERG6	50.000	220	109	1	4	223	2	220	3.81e-137	387
ung	Q6F9Y2	56.250	224	97	1	3	225	12	235	4.51e-137	387
ung	P29950	83.491	212	35	0	18	229	1	212	8.24e-137	385
ung	Q5E2Y8	52.294	218	103	1	7	223	1	218	1.29e-136	385
ung	Q88YG1	55.111	225	100	1	7	231	5	228	1.34e-136	385
ung	B5FAJ7	52.294	218	103	1	7	223	1	218	1.64e-136	385
ung	A6VLV4	53.670	218	100	1	9	225	2	219	2.47e-136	385
ung	C1CXS7	56.889	225	94	3	7	230	25	247	7.51e-136	384
ung	Q8EPH6	52.466	223	105	1	7	229	5	226	1.54e-135	383
ung	B1JRB1	54.260	223	100	2	10	231	6	227	5.35e-135	382
ung	B2KA63	54.260	223	100	2	10	231	6	227	5.35e-135	382
ung	A0Q7Y8	50.230	217	107	1	10	225	2	218	5.41e-135	381
ung	A4IWI7	50.230	217	107	1	10	225	2	218	7.28e-135	381
ung	Q5NEP2	50.230	217	107	1	10	225	2	218	7.28e-135	381
ung	B2SFW5	50.230	217	107	1	10	225	2	218	7.28e-135	381
ung	Q14G45	50.230	217	107	1	10	225	2	218	7.28e-135	381
ung	Q667T7	54.260	223	100	2	10	231	6	227	8.67e-135	381
ung	A4TKZ2	54.260	223	100	2	10	231	6	227	8.67e-135	381
ung	Q1CKF8	54.260	223	100	2	10	231	6	227	8.67e-135	381
ung	A9R3Y6	54.260	223	100	2	10	231	6	227	8.67e-135	381
ung	Q8ZD85	54.260	223	100	2	10	231	6	227	8.67e-135	381
ung	Q1C570	54.260	223	100	2	10	231	6	227	8.67e-135	381
ung	A7GVX1	53.812	223	101	2	3	225	6	226	1.72e-134	380
ung	A7FFS4	54.260	223	100	2	10	231	6	227	2.13e-134	380
ung	A7I0A8	52.018	223	106	1	3	225	6	227	2.47e-134	380
ung	Q03SK6	52.174	230	107	2	7	234	5	233	3.08e-134	380
ung	Q1IWN1	55.702	228	99	2	5	232	20	245	3.57e-134	380
ung	B2GAM7	54.018	224	102	1	7	230	5	227	9.07e-134	378
ung	Q827B3	55.507	227	99	2	1	227	1	225	9.64e-134	378
ung	Q30Q92	51.131	221	107	1	5	225	4	223	1.25e-133	378
ung	Q38VY5	50.222	225	110	2	4	228	2	224	2.20e-133	377
ung	B0TXF5	52.074	217	103	1	10	225	2	218	3.21e-133	377
ung	B1YFL0	47.945	219	113	1	7	225	1	218	3.33e-133	377
ung	Q9RWH9	56.306	222	94	3	6	226	22	241	4.61e-133	377
ung	Q9K3Z0	54.185	227	102	2	1	227	1	225	4.72e-133	377
ung	Q9LIH6	52.212	226	105	1	3	225	105	330	5.87e-133	380
ung	Q0BN28	49.770	217	108	1	10	225	2	218	9.88e-133	375
ung	Q2A4Q4	49.770	217	108	1	10	225	2	218	9.88e-133	375
ung	A7NAN4	49.770	217	108	1	10	225	2	218	9.88e-133	375
ung	B6YR15	51.818	220	105	1	4	223	2	220	1.24e-132	375
ung	A7ZAZ4	55.157	223	98	2	3	225	6	226	2.72e-132	375
ung	A9KP29	50.673	223	108	2	6	227	3	224	4.21e-132	374
ung	Q7MA00	49.333	225	113	1	3	227	7	230	4.26e-132	374
ung	B2RHL6	52.489	221	103	2	4	223	3	222	4.66e-132	374
ung	A5FFT1	51.818	220	104	2	5	223	3	221	6.67e-132	373
ung	A0RM89	52.915	223	103	2	3	225	6	226	1.04e-131	373
ung	A0M1V1	52.036	221	104	2	4	223	2	221	2.60e-131	372
ung	Q74K70	48.899	227	114	2	7	233	5	229	3.25e-131	372
ung	Q3IG47	52.511	219	102	2	9	225	2	220	3.41e-131	372
ung	Q7MXF6	52.489	221	103	2	4	223	3	222	4.86e-131	371
ung	Q723S4	50.455	220	108	1	9	228	3	221	8.77e-131	370
ung	Q5HX80	49.327	223	112	1	3	225	9	230	8.80e-131	371
ung	A1VXG9	49.327	223	112	1	3	225	9	230	9.40e-131	371
ung	Q03AI1	49.554	224	111	2	4	227	2	223	1.04e-130	371
ung	B3WCZ5	49.554	224	111	2	4	227	2	223	1.04e-130	371
ung	Q9PJ40	49.327	223	112	1	3	225	9	230	1.08e-130	371
ung	Q8Y9X7	49.545	220	110	1	9	228	3	221	1.39e-130	370
ung	Q92EQ0	49.770	217	108	1	9	225	3	218	1.47e-130	370
ung	B1I012	45.909	220	116	2	8	225	6	224	2.68e-130	370
ung	P97931	53.456	217	99	2	9	224	89	304	5.56e-130	372
ung	A7H1G3	49.776	223	111	1	3	225	9	230	8.14e-130	368
ung	Q64QI5	49.091	220	111	1	4	223	2	220	9.54e-130	368
ung	Q5R080	50.935	214	103	2	11	223	3	215	1.18e-129	367
ung	Q1GB22	50.446	224	109	2	7	230	5	226	1.28e-129	368
ung	A5EVB8	50.893	224	108	2	3	225	7	229	1.34e-129	368
ung	A8FJP1	48.879	223	113	1	3	225	9	230	1.49e-129	368
ung	P13051	52.995	217	100	2	9	224	96	311	1.79e-129	371
ung	Q5LA67	49.091	220	111	1	4	223	2	220	3.22e-129	367
ung	B9KEK7	47.534	223	116	1	3	225	6	227	4.68e-129	367
ung	B0BA61	51.351	222	104	3	6	225	9	228	6.22e-129	366
ung	B0B8I2	51.351	222	104	3	6	225	9	228	6.22e-129	366
ung	Q04BG7	49.554	224	111	2	7	230	5	226	8.50e-129	366
ung	O84613	51.351	222	104	3	6	225	9	228	1.04e-128	365
ung	Q3KL88	51.351	222	104	3	6	225	9	228	1.04e-128	365
ung	Q8EB78	49.309	217	109	1	10	225	2	218	1.47e-128	365
ung	Q5FL46	49.339	227	113	2	7	233	6	230	3.17e-128	365
ung	Q8R634	49.550	222	111	1	6	227	3	223	3.72e-128	364
ung	Q4L3Q7	48.357	213	108	2	11	223	3	213	4.04e-128	364
ung	B9DKT3	49.533	214	106	2	10	223	2	213	7.66e-128	363
ung	Q821F7	53.363	223	100	3	6	226	9	229	1.37e-127	363
ung	Q9PJD2	50.000	222	107	3	6	225	9	228	1.52e-127	363
ung	A8YUE7	49.321	221	110	2	7	227	6	224	2.25e-127	362
ung	B5RKV2	46.396	222	118	1	4	224	2	223	2.84e-127	362
ung	Q5L4Q4	51.570	223	104	3	6	226	9	229	2.94e-127	362
ung	P67077	48.357	213	108	2	11	223	3	213	2.10e-126	359
ung	A8YZS8	48.357	213	108	2	11	223	3	213	2.10e-126	359
ung	P67076	48.357	213	108	2	11	223	3	213	2.10e-126	359
ung	P67075	48.357	213	108	2	11	223	3	213	2.10e-126	359
ung	A6QEN4	48.357	213	108	2	11	223	3	213	2.10e-126	359
ung	Q5HI95	48.357	213	108	2	11	223	3	213	2.10e-126	359
ung	A5IQD5	48.357	213	108	2	11	223	3	213	2.10e-126	359
ung	Q2G0J7	48.357	213	108	2	11	223	3	213	2.10e-126	359
ung	Q2FJ62	48.357	213	108	2	11	223	3	213	2.10e-126	359
ung	A6TZ58	48.357	213	108	2	11	223	3	213	2.10e-126	359
ung	A7WZ22	48.357	213	108	2	11	223	3	213	2.10e-126	359
ung	Q6GJ88	47.887	213	109	2	11	223	3	213	2.83e-126	359
ung	Q2YS83	47.887	213	109	2	11	223	3	213	2.83e-126	359
ung	Q256I7	52.018	223	103	3	6	226	9	229	3.62e-126	359
ung	B2S1N8	46.847	222	117	1	4	224	2	223	3.81e-126	359
ung	B5RQN2	45.946	222	119	1	4	224	2	223	4.25e-126	359
ung	A1QYK3	45.946	222	119	1	4	224	2	223	6.17e-126	358
ung	Q6GBQ6	48.357	213	108	2	11	223	3	213	6.51e-126	358
ung	Q03KM6	51.852	216	101	2	8	223	3	215	2.76e-125	356
ung	A3CN85	49.074	216	107	2	8	223	3	215	7.64e-125	355
ung	A8AXM4	48.611	216	108	2	8	223	3	215	1.00e-124	355
ung	Q49VD1	48.357	213	108	2	11	223	3	213	4.28e-124	353
ung	A4VV30	49.537	216	106	2	8	223	3	215	1.12e-123	352
ung	A4W1D5	49.537	216	106	2	8	223	3	215	1.12e-123	352
ung	B9E8N2	45.070	213	115	2	11	223	3	213	3.12e-123	351
ung	Q8DTV8	49.074	216	107	2	8	223	3	215	3.70e-123	351
ung	Q662W1	43.243	222	125	1	4	224	2	223	4.00e-123	351
ung	Q8CQ65	47.887	213	109	2	11	223	3	213	5.35e-123	351
ung	A1SUE5	47.907	215	111	1	10	223	2	216	6.96e-123	350
ung	Q9Z7D3	50.673	223	106	3	6	226	16	236	1.00e-122	351
ung	Q5HRG5	47.887	213	109	2	11	223	3	213	1.08e-122	350
ung	B7J0Y9	42.793	222	126	1	4	224	2	223	1.22e-122	350
ung	O51082	42.793	222	126	1	4	224	2	223	1.22e-122	350
ung	P0A4P4	49.074	216	107	2	8	223	3	215	4.26e-122	348
ung	P0A4P3	49.074	216	107	2	8	223	3	215	4.26e-122	348
ung	P0A4P5	49.074	216	107	2	8	223	3	215	4.26e-122	348
ung	P53766	50.224	223	107	4	8	227	125	346	6.05e-122	353
ung	B8D787	49.309	217	108	2	10	225	4	219	1.16e-121	347
ung	P57280	49.309	217	108	2	10	225	4	219	1.16e-121	347
ung	Q0SPB2	42.534	221	126	1	5	224	3	223	1.18e-121	348
ung	Q7VRQ7	45.622	217	117	1	10	225	5	221	1.56e-121	347
ung	B1IBW9	51.389	216	102	2	8	223	3	215	2.13e-121	346
ung	Q7VGS1	46.522	230	113	2	3	224	6	233	2.53e-121	347
ung	P59465	51.111	225	105	4	1	223	1	222	3.01e-121	346
ung	Q9U221	48.624	218	109	3	9	224	64	280	3.17e-121	349
ung	Q07YI6	50.000	216	107	1	11	225	5	220	5.94e-121	346
ung	A8EWN8	46.047	215	114	2	10	223	2	215	1.13e-120	345
ung	Q7P1I1	53.425	219	102	0	6	224	10	228	1.66e-120	345
ung	B9DSB9	50.463	216	104	2	8	223	3	215	1.67e-120	344
ung	C0M7J9	50.463	216	104	2	8	223	3	215	3.68e-120	343
ung	C1CKR8	50.463	216	104	2	8	223	3	215	3.93e-120	343
ung	B4U3D4	50.463	216	104	2	8	223	3	215	4.38e-120	343
ung	C1CRP5	50.000	216	105	2	8	223	3	215	5.83e-120	343
ung	C1CED4	50.000	216	105	2	8	223	3	215	5.83e-120	343
ung	P23379	50.000	216	105	2	8	223	3	215	5.83e-120	343
ung	B8ZQ48	50.000	216	105	2	8	223	3	215	5.83e-120	343
ung	Q8DPQ4	49.537	216	106	2	8	223	3	215	8.36e-120	343
ung	B5E4R3	49.537	216	106	2	8	223	3	215	8.36e-120	343
ung	Q04KE2	49.537	216	106	2	8	223	3	215	8.36e-120	343
ung	C0ME57	50.463	216	104	2	8	223	3	215	2.85e-119	341
ung	Q48U05	47.685	216	110	2	8	223	3	215	3.48e-119	341
ung	Q1JHA5	47.222	216	111	2	8	223	3	215	1.46e-118	340
ung	Q1JM60	47.222	216	111	2	8	223	3	215	1.46e-118	340
ung	Q1JC76	47.222	216	111	2	8	223	3	215	1.46e-118	340
ung	Q9A072	47.222	216	111	2	8	223	3	215	1.46e-118	340
ung	Q1J724	47.685	216	110	2	8	223	3	215	1.92e-118	339
ung	B5XL20	46.759	216	112	2	8	223	3	215	2.17e-118	339
ung	A2RF00	47.222	216	111	2	8	223	3	215	3.21e-118	338
ung	Q1BAP2	45.701	221	116	3	7	226	10	227	4.27e-118	339
ung	A1UEC0	45.701	221	116	3	7	226	10	227	4.27e-118	339
ung	A3PXS4	45.701	221	116	3	7	226	10	227	4.27e-118	339
ung	P0DG75	47.222	216	111	2	8	223	3	215	7.55e-118	338
ung	P0DG74	47.222	216	111	2	8	223	3	215	7.55e-118	338
ung	Q057V4	46.544	217	114	2	10	225	8	223	8.51e-118	338
ung	Q8P1B6	47.685	216	110	2	8	223	3	215	1.32e-117	337
ung	B2UDL1	53.043	230	96	4	7	227	35	261	1.10e-116	336
ung	Q5XCK3	47.222	216	111	2	8	223	3	215	1.23e-116	335
ung	A0PQ07	46.154	221	115	3	7	226	10	227	5.06e-116	333
ung	B2HIJ2	46.154	221	115	3	7	226	10	227	8.38e-116	333
ung	A0QV01	46.154	221	115	3	7	226	10	227	1.31e-115	332
ung	Q9CBS3	45.701	221	116	3	7	226	10	227	3.52e-115	331
ung	B8ZS02	45.701	221	116	3	7	226	10	227	3.52e-115	331
ung	A0QJA9	45.701	221	116	3	7	226	10	227	7.99e-115	330
ung	Q73VJ7	45.701	221	116	3	7	226	10	227	1.03e-114	330
ung	A1T717	45.701	221	114	4	7	226	10	225	1.21e-114	330
ung	A4TE31	45.249	221	115	4	7	226	10	225	1.66e-114	330
ung	B1MXY4	51.389	216	102	2	8	223	5	217	5.06e-114	328
ung	Q8XVE4	53.913	230	94	4	7	227	38	264	5.70e-114	330
ung	Q03W63	49.537	216	107	1	8	223	5	218	5.91e-114	328
ung	Q5YRZ2	43.891	221	120	3	7	226	10	227	6.45e-113	326
ung	Q47Q90	44.796	221	116	4	7	226	13	228	1.07e-111	323
ung	O74834	47.297	222	112	4	7	224	82	302	1.79e-111	325
ung	B1MDP0	44.344	221	118	4	7	226	10	226	4.51e-111	321
ung	Q8FPQ4	46.222	225	114	5	3	225	19	238	1.57e-110	320
ung	Q032L5	43.779	217	117	4	10	224	5	218	1.77e-110	319
ung	A2RHW2	44.240	217	116	4	10	224	5	218	2.32e-110	319
ung	Q9CIX2	44.240	217	116	4	10	224	5	218	3.85e-110	318
ung	P12887	41.102	236	121	6	7	225	102	336	1.25e-109	322
ung	P69859	44.690	226	121	4	1	225	89	311	9.72e-109	318
ung	P28866	44.690	226	121	4	1	225	89	311	9.72e-109	318
ung	A1SNW4	44.934	227	119	4	3	228	9	230	2.63e-108	314
ung	Q9EX12	44.344	221	117	4	7	226	10	225	7.26e-107	310
ung	Q82MX6	43.439	221	119	4	7	226	10	225	3.63e-106	308
ung	Q315T1	50.446	224	101	3	8	223	12	233	9.21e-106	308
ung	P9WFQ9	46.606	221	114	3	7	226	10	227	2.21e-105	306
ung	P9WFQ8	46.606	221	114	3	7	226	10	227	2.21e-105	306
ung	A5U6Y7	46.606	221	114	3	7	226	10	227	2.21e-105	306
ung	C1AG91	46.606	221	114	3	7	226	10	227	2.21e-105	306
ung	A1KMX0	46.606	221	114	3	7	226	10	227	2.21e-105	306
ung	P67072	46.606	221	114	3	7	226	10	227	2.21e-105	306
ung	A8LD98	42.986	221	120	4	7	226	10	225	1.71e-104	304
ung	P52506	45.089	224	119	4	3	225	94	314	2.20e-104	307
ung	Q7VUM8	45.045	222	114	4	11	228	23	240	2.90e-104	304
ung	P52507	45.089	224	119	4	3	225	95	315	4.43e-104	306
ung	Q7W1Y7	45.045	222	114	4	11	228	23	240	4.59e-104	304
ung	Q7WQW5	45.045	222	114	4	11	228	23	240	5.47e-104	304
ung	P53765	41.453	234	126	5	1	225	23	254	7.89e-104	304
ung	Q21SE9	47.899	238	105	5	3	223	15	250	2.05e-103	302
ung	P12888	42.308	234	120	5	3	225	26	255	2.93e-103	302
ung	Q8G3E9	44.340	212	108	4	21	225	5	213	3.63e-103	300
ung	A9IGW1	45.815	227	116	4	7	228	19	243	5.34e-103	301
ung	O36395	42.857	231	119	5	5	225	24	251	7.90e-103	301
ung	Q2L0Y2	45.249	221	115	3	7	223	19	237	1.31e-102	300
ung	P67078	40.909	220	126	3	7	225	13	229	3.29e-102	298
ung	P67079	40.909	220	126	3	7	225	13	229	3.29e-102	298
ung	P09307	41.964	224	127	3	3	225	83	304	6.15e-102	301
ung	Q9J3N2	41.964	224	127	3	3	225	83	304	1.03e-101	300
ung	Q8NQU9	38.400	250	117	6	3	225	15	254	1.32e-101	298
ung	B5ZC55	39.437	213	126	3	11	223	3	212	4.52e-101	295
ung	Q98PV4	40.183	219	128	3	8	225	4	220	1.12e-100	294
ung	P28275	42.793	222	123	4	5	225	37	255	2.88e-100	294
ung	P10186	43.243	222	122	4	5	225	116	334	5.75e-100	297
ung	Q9PPU2	40.845	213	123	3	11	223	3	212	3.23e-99	290
ung	B1AJI8	40.845	213	123	3	11	223	3	212	3.23e-99	290
ung	Q01019	41.810	232	126	3	2	225	21	251	7.79e-99	291
ung	Q9E6R2	42.342	222	124	4	6	225	92	311	8.37e-99	293
ung	Q1CRR1	40.465	215	117	4	7	212	9	221	1.32e-97	287
ung	B5Z8Z4	38.326	227	130	3	7	225	9	233	3.04e-97	286
ung	P53764	45.366	205	108	4	22	225	2	203	5.90e-97	284
ung	Q9ZJN9	39.904	208	115	3	7	206	9	214	1.02e-96	285
ung	B2UVB0	40.284	211	116	3	7	209	9	217	1.23e-96	284
ung	Q1GHJ4	42.857	217	119	4	12	226	11	224	2.13e-96	284
ung	P13158	42.661	218	121	4	5	221	77	291	2.91e-96	286
ung	P56397	40.865	208	113	3	7	206	9	214	3.56e-96	283
ung	Q17Z05	38.326	227	130	3	7	225	9	233	1.16e-95	282
ung	P52447	38.326	227	132	5	7	228	32	255	1.38e-95	283
ung	B6JNI4	39.151	212	119	3	3	206	5	214	3.46e-95	281
ung	F5HFA1	41.102	236	128	5	2	228	22	255	5.28e-95	281
ung	F5HI85	43.979	191	105	2	36	225	59	248	8.61e-95	281
ung	P16769	43.979	191	105	2	36	225	59	248	8.61e-95	281
ung	P52345	37.885	227	133	5	7	228	32	255	1.96e-94	280
ung	P50639	35.498	231	141	5	3	228	26	253	2.57e-94	279
ung	Q4A8N4	37.500	216	133	2	10	225	6	219	4.91e-89	265
ung	Q6UDG6	38.158	228	135	5	1	226	139	362	6.61e-89	269
ung	Q5UPT2	29.167	240	146	4	9	225	132	370	6.54e-79	244
ung	P47343	28.821	229	148	7	9	228	16	238	6.51e-74	227
ung	P75536	28.700	223	142	6	11	223	16	231	5.86e-71	219

Search has CONVERGED!
# BLAST processed 2 queries
