# PSIBLAST 2.6.0+
# Iteration: 1
# Query: aconitase | P63436.1 | WP_000531823.1 | 85.94%
# Database: /home/alex/Documents/data/local_db/swissprot
# Fields: query acc.ver, subject acc.ver, % identity, alignment length, mismatches, gap opens, q. start, q. end, s. start, s. end, evalue, bit score
# 663 hits found
aconitase	A8Z4W2	100.000	456	0	0	1	456	1	456	0.0	947
aconitase	P63436	100.000	456	0	0	1	456	1	456	0.0	947
aconitase	P63435	100.000	456	0	0	1	456	1	456	0.0	947
aconitase	A6QIQ5	100.000	456	0	0	1	456	1	456	0.0	947
aconitase	Q5HEE2	100.000	456	0	0	1	456	1	456	0.0	947
aconitase	Q2YUF0	100.000	456	0	0	1	456	1	456	0.0	947
aconitase	A5IUK5	100.000	456	0	0	1	456	1	456	0.0	947
aconitase	Q2FWK1	100.000	456	0	0	1	456	1	456	0.0	947
aconitase	Q2FF65	100.000	456	0	0	1	456	1	456	0.0	947
aconitase	A6U3E4	100.000	456	0	0	1	456	1	456	0.0	947
aconitase	A7X4N3	100.000	456	0	0	1	456	1	456	0.0	947
aconitase	P58947	99.561	456	2	0	1	456	1	456	0.0	944
aconitase	Q6G7P9	99.561	456	2	0	1	456	1	456	0.0	944
aconitase	Q6GF14	99.561	456	1	1	1	456	1	455	0.0	940
aconitase	Q8CNL1	88.816	456	51	0	1	456	1	456	0.0	858
aconitase	Q5HMF7	89.035	456	50	0	1	456	1	456	0.0	844
aconitase	Q49Z14	87.061	456	59	0	1	456	1	456	0.0	834
aconitase	Q4L7U2	85.526	456	66	0	1	456	1	456	0.0	818
aconitase	B9DMJ8	81.195	452	85	0	1	452	1	452	0.0	768
aconitase	Q8Y5R7	75.711	457	110	1	1	456	1	457	0.0	723
aconitase	A0AK94	75.711	457	110	1	1	456	1	457	0.0	722
aconitase	Q92A26	75.711	457	110	1	1	456	1	457	0.0	722
aconitase	B8DBU2	75.274	457	112	1	1	456	1	457	0.0	719
aconitase	Q71Y33	75.274	457	112	1	1	456	1	457	0.0	719
aconitase	C1KWT3	75.274	457	112	1	1	456	1	457	0.0	719
aconitase	Q5LZF4	67.841	454	145	1	2	454	3	456	0.0	648
aconitase	Q5M406	67.621	454	146	1	2	454	3	456	0.0	647
aconitase	Q03KB3	67.841	454	145	1	2	454	3	456	0.0	646
aconitase	A2RKR3	68.202	456	143	2	2	455	3	458	0.0	637
aconitase	A3CMJ2	66.520	454	151	1	2	454	3	456	0.0	632
aconitase	A8AWP5	66.300	454	152	1	2	454	3	456	0.0	632
aconitase	A7GMU3	66.300	454	152	1	1	453	1	454	0.0	630
aconitase	Q9AIM3	66.372	452	151	1	4	454	1	452	0.0	629
aconitase	A0RBL4	66.740	454	150	1	1	453	1	454	0.0	627
aconitase	Q63DX6	66.960	454	149	1	1	453	1	454	0.0	627
aconitase	Q81G10	66.960	454	149	1	1	453	1	454	0.0	627
aconitase	B7IN95	66.960	454	149	1	1	453	1	454	0.0	627
aconitase	Q02YY1	68.132	455	143	2	3	455	4	458	0.0	627
aconitase	Q8DTG4	65.859	454	154	1	2	454	3	456	0.0	626
aconitase	A9VLG9	66.300	454	152	1	1	453	1	454	0.0	626
aconitase	Q73B98	66.520	454	151	1	1	453	1	454	0.0	625
aconitase	C1EMB1	66.960	454	149	1	1	453	1	454	0.0	625
aconitase	Q81T66	66.960	454	149	1	1	453	1	454	0.0	625
aconitase	C3L9Q5	66.960	454	149	1	1	453	1	454	0.0	625
aconitase	C3P4Z8	66.960	454	149	1	1	453	1	454	0.0	625
aconitase	B7HHF7	66.740	454	150	1	1	453	1	454	0.0	625
aconitase	Q6HLF1	67.181	454	148	1	1	453	1	454	0.0	624
aconitase	B9IUZ2	66.740	454	150	1	1	453	1	454	0.0	624
aconitase	B7HKC6	66.740	454	150	1	1	453	1	454	0.0	624
aconitase	B7JFY7	66.740	454	150	1	1	453	1	454	0.0	623
aconitase	Q02142	66.740	457	150	2	2	456	3	459	0.0	618
aconitase	Q04DA3	63.457	457	166	1	1	456	1	457	0.0	617
aconitase	Q5KWJ5	63.636	462	158	3	3	454	4	465	0.0	617
aconitase	Q65GJ0	61.123	463	170	2	1	453	2	464	0.0	607
aconitase	C5D5L8	62.771	462	162	2	3	454	4	465	0.0	606
aconitase	A4IRH6	62.554	462	163	2	3	454	4	465	0.0	605
aconitase	B1MVR0	61.758	455	173	1	1	454	1	455	0.0	604
aconitase	A7Z7B6	61.771	463	167	3	1	453	2	464	0.0	604
aconitase	Q9K8F0	62.391	460	163	2	3	452	4	463	0.0	603
aconitase	P80858	61.555	463	168	3	1	453	2	464	0.0	602
aconitase	B7GH21	61.688	462	167	2	3	454	4	465	0.0	599
aconitase	Q03UM2	59.956	452	180	1	1	451	1	452	0.0	597
aconitase	B2GCB8	59.913	459	178	2	1	453	1	459	0.0	592
aconitase	A8FFW3	60.475	463	173	4	1	453	1	463	0.0	590
aconitase	B1HR96	61.720	465	168	2	1	455	1	465	0.0	589
aconitase	Q8EN69	59.956	457	176	2	3	452	5	461	0.0	581
aconitase	Q5WEN5	58.280	465	184	2	1	455	1	465	0.0	578
aconitase	Q67MJ2	61.159	466	170	4	2	456	10	475	0.0	571
aconitase	C1F700	57.974	464	183	3	1	452	1	464	0.0	560
aconitase	Q1AZC4	55.310	452	198	2	3	450	7	458	0.0	540
aconitase	A7H665	56.250	464	192	3	1	453	1	464	0.0	533
aconitase	A1W1X0	56.250	464	192	3	1	453	1	464	0.0	533
aconitase	A8FP33	56.223	466	193	3	1	455	1	466	0.0	533
aconitase	Q5HS78	56.250	464	192	3	1	453	1	464	0.0	531
aconitase	Q9PLW1	56.009	466	194	3	1	455	3	468	0.0	530
aconitase	Q47SA3	56.863	459	187	3	1	448	1	459	0.0	530
aconitase	B8HAC9	56.897	464	184	4	1	448	1	464	0.0	530
aconitase	O31293	54.721	466	200	3	1	455	1	466	0.0	529
aconitase	A1SLW5	57.734	459	183	3	1	448	1	459	0.0	529
aconitase	A0LVA3	55.991	459	191	3	2	449	9	467	0.0	528
aconitase	A0JXX8	57.112	464	183	4	1	448	1	464	0.0	526
aconitase	Q2SJD8	58.635	469	179	6	2	455	3	471	0.0	526
aconitase	A7NJH2	55.202	471	195	4	1	455	1	471	0.0	525
aconitase	A1R7K0	57.328	464	182	4	1	448	1	464	0.0	525
aconitase	Q2RV55	55.603	464	195	3	3	455	5	468	0.0	523
aconitase	P56934	54.292	466	200	4	1	454	1	465	0.0	523
aconitase	Q1IMI3	56.926	462	188	4	3	453	5	466	0.0	522
aconitase	A7HT10	55.246	467	193	4	3	453	4	470	0.0	521
aconitase	Q8FPR3	57.484	461	180	4	4	448	15	475	0.0	521
aconitase	P59519	54.721	466	198	5	1	454	1	465	0.0	521
aconitase	A1U0Y0	57.356	469	185	6	2	455	3	471	0.0	520
aconitase	Q3SHL1	57.235	463	186	5	2	452	3	465	0.0	519
aconitase	A6W7Q7	55.940	463	189	4	1	448	1	463	0.0	519
aconitase	Q1BAQ4	54.545	462	194	4	3	448	8	469	0.0	518
aconitase	A1UEA8	54.545	462	194	4	3	448	8	469	0.0	518
aconitase	A3PXR2	54.545	462	194	4	3	448	8	469	0.0	518
aconitase	Q01Z81	53.648	466	205	3	1	455	1	466	0.0	518
aconitase	A5UUP5	54.818	467	195	4	3	453	4	470	0.0	518
aconitase	A0QJB7	54.585	458	196	4	3	448	12	469	0.0	517
aconitase	Q73VI7	54.367	458	197	4	3	448	12	469	0.0	517
aconitase	O86534	55.435	460	194	3	1	449	1	460	0.0	516
aconitase	B2HII1	54.585	458	196	4	3	448	9	466	1.01e-180	516
aconitase	Q3IJS4	56.371	463	191	3	1	452	1	463	1.73e-180	515
aconitase	A8L567	55.556	459	193	3	1	448	1	459	2.27e-180	515
aconitase	B4F196	56.156	463	192	3	1	452	1	463	2.36e-180	515
aconitase	Q7UIA7	56.427	459	191	5	3	452	22	480	2.44e-180	515
aconitase	Q8FYG9	56.277	462	190	3	3	452	5	466	3.50e-180	514
aconitase	B0CIF7	56.277	462	190	3	3	452	5	466	3.50e-180	514
aconitase	A5VSN3	56.277	462	190	3	3	452	5	466	3.50e-180	514
aconitase	A9M8P2	56.277	462	190	3	3	452	5	466	3.50e-180	514
aconitase	Q57AZ0	56.277	462	190	3	3	452	5	466	3.50e-180	514
aconitase	Q2YLP7	56.277	462	190	3	3	452	5	466	3.50e-180	514
aconitase	B2S860	56.277	462	190	3	3	452	5	466	3.50e-180	514
aconitase	A1T700	54.762	462	193	4	3	448	8	469	3.51e-180	515
aconitase	A3QIN8	55.172	464	197	3	1	453	1	464	6.41e-180	514
aconitase	Q2J6W9	54.902	459	196	3	1	448	1	459	7.79e-180	513
aconitase	A4FMP2	55.000	460	195	4	1	448	1	460	8.53e-180	513
aconitase	O33123	54.762	462	193	5	3	448	8	469	8.78e-180	514
aconitase	B4RVU9	55.076	463	196	4	1	452	1	462	1.23e-179	513
aconitase	A7MWC3	55.579	466	194	4	1	454	1	465	1.42e-179	513
aconitase	Q0RDK7	55.556	459	193	3	1	448	1	459	1.43e-179	513
aconitase	P44968	54.274	468	202	4	1	456	1	468	1.67e-179	513
aconitase	A3CZK7	55.628	462	194	4	3	453	5	466	1.94e-179	513
aconitase	Q92L76	55.724	463	193	3	3	453	5	467	2.03e-179	513
aconitase	A0PPZ6	54.367	458	197	4	3	448	9	466	2.11e-179	513
aconitase	A6V2V3	55.626	471	192	5	2	455	3	473	2.21e-179	513
aconitase	Q2K376	55.076	463	196	3	3	453	5	467	2.29e-179	512
aconitase	Q8YJC9	56.061	462	191	3	3	452	5	466	2.75e-179	512
aconitase	C0RFF1	56.061	462	191	3	3	452	5	466	2.75e-179	512
aconitase	B1J530	55.106	470	195	4	2	455	3	472	2.99e-179	512
aconitase	Q0BRH4	54.818	467	200	3	1	456	1	467	3.15e-179	512
aconitase	A5G0G6	54.194	465	202	3	1	454	1	465	3.60e-179	512
aconitase	A9KY15	55.628	462	194	4	3	453	5	466	3.61e-179	512
aconitase	A6WIB7	55.628	462	194	4	3	453	5	466	3.61e-179	512
aconitase	Q9HZA3	55.839	471	191	5	2	455	3	473	3.65e-179	512
aconitase	Q02PT4	55.839	471	191	5	2	455	3	473	3.65e-179	512
aconitase	B7VBP9	55.839	471	191	5	2	455	3	473	3.65e-179	512
aconitase	A8FQ85	55.172	464	197	3	1	453	1	464	3.72e-179	512
aconitase	Q88LE8	55.106	470	195	4	2	455	3	472	4.14e-179	512
aconitase	Q4FRU7	55.128	468	193	4	2	452	3	470	5.76e-179	511
aconitase	A5WGT5	55.342	468	192	4	2	452	9	476	5.76e-179	512
aconitase	Q87SS9	55.365	466	195	4	1	454	1	465	7.22e-179	511
aconitase	Q82JR8	54.783	460	197	3	1	449	1	460	8.15e-179	511
aconitase	B8E4K6	55.628	462	194	4	3	453	5	466	1.09e-178	511
aconitase	A1WY14	57.543	464	185	4	2	453	3	466	1.47e-178	510
aconitase	A8ALM7	55.699	465	195	3	1	454	1	465	2.04e-178	510
aconitase	A1REY2	55.603	464	195	4	1	453	9	472	2.84e-178	510
aconitase	B0KF81	54.894	470	196	4	2	455	3	472	2.95e-178	510
aconitase	A4VKE7	55.626	471	192	5	2	455	3	473	3.07e-178	510
aconitase	Q4FP15	54.310	464	201	3	1	453	1	464	4.48e-178	509
aconitase	Q47WG2	55.292	463	193	4	3	451	7	469	4.62e-178	509
aconitase	Q48K99	54.894	470	196	4	2	455	3	472	5.12e-178	509
aconitase	A4Y2M2	55.603	464	195	4	1	453	9	472	5.97e-178	509
aconitase	B6ELJ8	54.310	464	201	3	2	454	4	467	7.23e-178	509
aconitase	Q884C2	55.011	469	195	4	2	454	3	471	8.21e-178	509
aconitase	A0L1Q8	55.628	462	194	3	3	453	11	472	9.04e-178	508
aconitase	B1MDQ1	53.896	462	197	5	3	448	8	469	9.55e-178	509
aconitase	Q3J716	56.710	462	188	4	2	451	3	464	1.08e-177	508
aconitase	Q1QAF2	55.128	468	193	4	2	452	3	470	1.18e-177	508
aconitase	Q07WH1	55.940	463	193	4	2	453	6	468	1.19e-177	508
aconitase	Q126M9	56.448	473	188	6	1	455	1	473	1.37e-177	508
aconitase	B1VZ03	54.348	460	199	3	1	449	1	460	1.50e-177	508
aconitase	Q4ZUZ6	54.894	470	196	4	2	455	3	472	1.63e-177	508
aconitase	A4TE23	53.896	462	197	4	3	448	8	469	1.92e-177	508
aconitase	Q0HE67	55.628	462	194	3	3	453	11	472	2.39e-177	508
aconitase	Q4KF08	55.957	470	191	5	2	455	3	472	2.60e-177	507
aconitase	Q1ICW0	54.468	470	198	4	2	455	3	472	2.99e-177	507
aconitase	B5FGH2	54.957	464	198	3	2	454	4	467	3.37e-177	507
aconitase	C6DEW0	55.484	465	196	3	1	454	1	465	3.48e-177	507
aconitase	A7MIC7	55.054	465	198	3	1	454	1	465	3.64e-177	507
aconitase	Q1MAJ9	55.724	463	193	3	3	453	5	467	4.22e-177	507
aconitase	Q4JUX2	54.762	462	193	4	4	449	7	468	4.25e-177	507
aconitase	B8GQD6	55.699	465	194	4	2	454	3	467	4.32e-177	507
aconitase	Q2VZV4	55.292	463	196	3	3	454	5	467	5.17e-177	506
aconitase	Q5YRY0	54.113	462	196	4	3	448	6	467	5.29e-177	506
aconitase	Q5E858	54.957	464	198	3	2	454	4	467	8.24e-177	506
aconitase	B1KKZ2	53.863	466	204	3	1	455	1	466	8.43e-177	506
aconitase	Q8F4E6	54.329	462	198	5	3	452	2	462	9.80e-177	506
aconitase	Q72RC4	54.329	462	198	5	3	452	2	462	9.80e-177	506
aconitase	O85072	52.361	466	209	4	1	454	1	465	9.82e-177	506
aconitase	C5CSH5	55.957	470	189	6	1	452	1	470	1.12e-176	506
aconitase	B3PR22	54.860	463	197	3	3	453	5	467	1.13e-176	506
aconitase	B8GY66	55.297	472	191	6	2	454	3	473	1.15e-176	506
aconitase	Q9ABN0	55.297	472	191	6	2	454	3	473	1.15e-176	506
aconitase	A4JMB6	55.342	468	195	5	1	454	1	468	1.28e-176	505
aconitase	Q0A9B0	55.508	463	194	5	2	452	3	465	1.37e-176	505
aconitase	Q0HZT2	55.652	460	193	3	5	453	13	472	1.46e-176	505
aconitase	A6UE05	55.076	463	196	3	3	453	5	467	1.58e-176	505
aconitase	A8M5I3	52.778	468	200	3	3	449	9	476	1.69e-176	506
aconitase	B5Y1W4	54.839	465	199	3	1	454	1	465	1.71e-176	505
aconitase	A4W6H7	55.292	463	196	3	1	452	1	463	1.81e-176	505
aconitase	A4G4F5	54.292	466	201	4	1	454	1	466	2.04e-176	505
aconitase	A0KGM7	54.936	466	197	4	1	454	1	465	2.10e-176	505
aconitase	A6T015	54.506	466	200	4	1	454	1	466	2.12e-176	505
aconitase	Q6LV26	55.315	461	195	3	3	452	9	469	2.24e-176	505
aconitase	B5ZTI5	55.724	463	193	3	3	453	5	467	2.31e-176	505
aconitase	C3M9V0	55.076	463	196	3	3	453	5	467	2.44e-176	504
aconitase	A9MQE0	54.409	465	201	3	1	454	1	465	2.48e-176	504
aconitase	P58949	56.503	469	187	4	3	454	4	472	2.54e-176	505
aconitase	Q4UYG5	56.503	469	187	4	3	454	4	472	2.54e-176	505
aconitase	Q1H0L4	55.484	465	194	5	3	455	4	467	3.10e-176	504
aconitase	B2JQE1	55.983	468	192	5	1	454	1	468	4.04e-176	504
aconitase	Q8DED9	55.388	464	194	4	1	452	1	463	4.15e-176	504
aconitase	Q7MP79	55.388	464	194	4	1	452	1	463	4.68e-176	504
aconitase	B7H0T7	55.769	468	190	4	2	452	3	470	4.83e-176	504
aconitase	Q11CQ6	55.940	463	192	3	3	453	5	467	5.48e-176	504
aconitase	Q8XXX3	54.915	468	197	5	1	454	1	468	5.60e-176	504
aconitase	B5BLB3	54.409	465	201	3	1	454	1	465	6.56e-176	503
aconitase	Q5PDG3	54.409	465	201	3	1	454	1	465	6.56e-176	503
aconitase	A4WNV5	54.741	464	199	3	3	455	5	468	6.56e-176	504
aconitase	P15717	54.409	465	201	3	1	454	1	465	6.85e-176	503
aconitase	Q6D0G6	54.839	465	199	3	1	454	1	465	7.00e-176	503
aconitase	P9WQF5	52.620	458	205	4	3	448	9	466	7.09e-176	504
aconitase	P9WQF4	52.620	458	205	4	3	448	9	466	7.09e-176	504
aconitase	A5U6Z9	52.620	458	205	4	3	448	9	466	7.09e-176	504
aconitase	Q606F2	55.195	462	195	4	2	451	3	464	7.95e-176	503
aconitase	Q8Z9I2	54.409	465	201	3	1	454	1	465	7.98e-176	503
aconitase	B4TWV9	54.409	465	201	3	1	454	1	465	7.98e-176	503
aconitase	B5F7U7	54.409	465	201	3	1	454	1	465	7.98e-176	503
aconitase	Q57TE8	54.409	465	201	3	1	454	1	465	7.98e-176	503
aconitase	B1LXK9	54.978	462	197	3	3	453	5	466	8.13e-176	503
aconitase	Q31HI2	55.246	467	195	6	3	455	4	470	1.68e-175	503
aconitase	B7I4E1	55.769	468	190	4	2	452	3	470	1.69e-175	503
aconitase	Q9PAX0	56.263	471	189	5	2	455	3	473	1.74e-175	503
aconitase	Q8E9N4	55.195	462	196	4	3	453	11	472	2.19e-175	503
aconitase	B1ZKX6	55.628	462	194	3	3	453	5	466	2.34e-175	502
aconitase	A4XVW2	54.989	471	195	5	2	455	3	473	2.42e-175	503
aconitase	Q3IZI8	54.839	465	199	3	3	456	5	469	2.47e-175	502
aconitase	B9KMK4	54.957	464	198	3	3	455	5	468	2.61e-175	502
aconitase	Q3SNV3	56.399	461	190	4	4	453	6	466	2.63e-175	502
aconitase	Q66EM3	55.292	463	196	4	3	454	9	471	2.67e-175	502
aconitase	B2K4C7	55.292	463	196	4	3	454	9	471	2.67e-175	502
aconitase	C4LAV5	55.699	465	195	3	1	454	1	465	2.67e-175	502
aconitase	B1JKA0	55.292	463	196	4	3	454	9	471	2.76e-175	502
aconitase	A4TQA4	55.292	463	196	4	3	454	9	471	2.76e-175	502
aconitase	Q1CMP7	55.292	463	196	4	3	454	9	471	2.76e-175	502
aconitase	A9R144	55.292	463	196	4	3	454	9	471	2.76e-175	502
aconitase	Q8ZIH0	55.292	463	196	4	3	454	9	471	2.76e-175	502
aconitase	Q1C1Z4	55.292	463	196	4	3	454	9	471	2.76e-175	502
aconitase	A7FM86	55.292	463	196	4	3	454	9	471	2.76e-175	502
aconitase	A6T4L7	54.409	465	201	3	1	454	1	465	2.80e-175	502
aconitase	B7KRK4	54.978	462	197	3	3	453	5	466	2.94e-175	502
aconitase	Q393X2	55.128	468	196	5	1	454	1	468	2.94e-175	502
aconitase	B8CM41	54.310	464	201	4	1	453	1	464	3.60e-175	501
aconitase	A3M1S8	55.556	468	191	4	2	452	3	470	3.64e-175	502
aconitase	C1AGA3	52.402	458	206	4	3	448	9	466	3.89e-175	502
aconitase	A1KMY2	52.402	458	206	4	3	448	9	466	3.89e-175	502
aconitase	Q7TXH6	52.402	458	206	4	3	448	9	466	3.89e-175	502
aconitase	B8F3W8	54.721	466	198	4	1	454	1	465	4.16e-175	501
aconitase	Q87BP9	56.263	471	189	5	2	455	3	473	4.35e-175	502
aconitase	B2I6I6	56.263	471	189	5	2	455	3	473	4.35e-175	502
aconitase	Q326G3	54.624	465	200	3	1	454	1	465	4.38e-175	501
aconitase	B2U279	54.624	465	200	3	1	454	1	465	4.43e-175	501
aconitase	Q1RGC5	54.624	465	200	3	1	454	1	465	4.43e-175	501
aconitase	B1LG09	54.624	465	200	3	1	454	1	465	4.43e-175	501
aconitase	B6HZ52	54.624	465	200	3	1	454	1	465	4.43e-175	501
aconitase	P0A6A6	54.624	465	200	3	1	454	1	465	4.43e-175	501
aconitase	P0A6A7	54.624	465	200	3	1	454	1	465	4.43e-175	501
aconitase	Q0TLR7	54.624	465	200	3	1	454	1	465	4.43e-175	501
aconitase	A1A7C0	54.624	465	200	3	1	454	1	465	4.43e-175	501
aconitase	C4ZPZ5	54.624	465	200	3	1	454	1	465	4.43e-175	501
aconitase	B7M117	54.624	465	200	3	1	454	1	465	4.43e-175	501
aconitase	B7MNT0	54.624	465	200	3	1	454	1	465	4.43e-175	501
aconitase	B7NHI0	54.624	465	200	3	1	454	1	465	4.43e-175	501
aconitase	B7MAJ7	54.624	465	200	3	1	454	1	465	4.43e-175	501
aconitase	P58946	55.098	461	191	4	4	448	15	475	4.70e-175	502
aconitase	B7UIC2	54.624	465	200	3	1	454	1	465	5.16e-175	501
aconitase	Q5FUG3	54.741	464	199	3	3	455	8	471	5.24e-175	501
aconitase	A1UZ32	54.915	468	197	5	1	454	1	468	5.60e-175	501
aconitase	Q62AI6	54.915	468	197	5	1	454	1	468	5.60e-175	501
aconitase	A2S127	54.915	468	197	5	1	454	1	468	5.60e-175	501
aconitase	A3MBT5	54.915	468	197	5	1	454	1	468	5.60e-175	501
aconitase	B7L4J3	54.624	465	200	3	1	454	1	465	5.94e-175	501
aconitase	Q82WI9	55.342	468	194	5	3	455	2	469	6.32e-175	501
aconitase	A0AZ60	54.915	468	197	5	1	454	1	468	6.45e-175	501
aconitase	B1K377	54.915	468	197	5	1	454	1	468	6.45e-175	501
aconitase	Q1BM55	54.915	468	197	5	1	454	1	468	6.45e-175	501
aconitase	Q63JK9	54.915	468	197	5	1	454	1	468	6.66e-175	501
aconitase	A3NM77	54.915	468	197	5	1	454	1	468	6.66e-175	501
aconitase	Q3JKG6	54.915	468	197	5	1	454	1	468	6.66e-175	501
aconitase	A3P7N9	54.915	468	197	5	1	454	1	468	6.66e-175	501
aconitase	A1JJH5	55.748	461	193	4	3	452	9	469	7.20e-175	501
aconitase	Q32K22	54.624	465	200	3	1	454	1	465	7.64e-175	501
aconitase	B7LWE0	54.624	465	200	3	1	454	1	465	7.89e-175	501
aconitase	B1IRA6	54.409	465	201	3	1	454	1	465	8.80e-175	501
aconitase	A7ZW23	54.409	465	201	3	1	454	1	465	8.80e-175	501
aconitase	B7N7U7	54.624	465	200	3	1	454	1	465	9.30e-175	501
aconitase	B5YZA8	54.624	465	200	3	1	454	1	465	9.61e-175	501
aconitase	Q8XA00	54.624	465	200	3	1	454	1	465	9.61e-175	501
aconitase	B2I359	55.556	468	191	4	2	452	3	470	1.09e-174	501
aconitase	P58945	54.077	466	201	5	1	454	1	465	1.15e-174	500
aconitase	B9JCN5	54.428	463	199	3	3	453	5	467	1.24e-174	500
aconitase	Q3Z5T8	54.624	465	200	3	1	454	1	465	1.26e-174	500
aconitase	A3PMQ9	54.624	465	200	3	3	456	5	469	1.38e-174	501
aconitase	Q5WPZ8	52.268	463	208	4	1	451	1	462	1.45e-174	500
aconitase	Q4QLS2	54.274	468	202	4	1	456	1	468	1.48e-174	500
aconitase	A4SR64	55.150	466	196	4	1	454	1	465	1.58e-174	500
aconitase	Q0T8C6	54.624	465	200	3	1	454	1	465	1.62e-174	500
aconitase	A4QDS8	54.881	461	192	4	4	448	15	475	1.74e-174	500
aconitase	A8H999	53.448	464	205	3	1	453	1	464	1.83e-174	500
aconitase	B0TQM2	53.664	464	204	3	1	453	1	464	2.62e-174	499
aconitase	P17279	53.291	471	203	4	3	456	50	520	2.79e-174	506
aconitase	Q821C2	54.409	465	201	3	1	454	1	465	2.96e-174	499
aconitase	B9MDK8	55.626	471	191	6	1	453	1	471	3.41e-174	499
aconitase	A8G9Q9	55.699	465	195	3	1	454	1	465	3.72e-174	499
aconitase	B0U3M6	56.051	471	190	5	2	455	3	473	3.73e-174	499
aconitase	A1WAS7	55.626	471	191	6	1	453	1	471	4.24e-174	499
aconitase	Q2T7H8	54.701	468	198	5	1	454	1	468	6.10e-174	499
aconitase	A6WXG4	54.428	463	199	3	3	453	5	467	7.93e-174	498
aconitase	A1S2E2	54.428	463	200	4	1	452	1	463	8.58e-174	498
aconitase	B7GNM7	55.338	459	192	5	1	446	1	459	1.28e-173	498
aconitase	A4SWW8	54.487	468	199	5	1	454	1	468	1.38e-173	498
aconitase	Q1GDM6	56.466	464	190	3	3	454	4	467	1.39e-173	498
aconitase	Q6ND69	55.435	460	194	3	4	452	7	466	1.46e-173	498
aconitase	Q0BAC8	54.701	468	198	5	1	454	1	468	1.63e-173	498
aconitase	B1Z1N0	54.701	468	198	5	1	454	1	468	1.63e-173	498
aconitase	Q11NN8	53.118	465	208	3	1	455	1	465	1.97e-173	497
aconitase	B3Q851	55.217	460	195	3	4	452	7	466	1.98e-173	497
aconitase	Q8UBY9	55.076	463	196	3	3	453	5	467	1.98e-173	497
aconitase	A4X4C8	52.350	468	202	3	3	449	9	476	2.21e-173	498
aconitase	A5UD83	53.846	468	204	4	1	456	1	468	2.31e-173	497
aconitase	A7ZHG4	54.409	465	201	3	1	454	1	465	2.45e-173	497
aconitase	Q5H4D1	55.650	469	191	4	3	454	4	472	3.14e-173	497
aconitase	B2SNH4	55.650	469	191	4	3	454	4	472	3.14e-173	497
aconitase	Q2P765	55.650	469	191	4	3	454	4	472	3.14e-173	497
aconitase	Q07UU3	55.315	461	195	3	4	453	8	468	3.32e-173	497
aconitase	Q13DU7	55.098	461	196	3	4	453	8	468	3.35e-173	497
aconitase	Q9EVG8	54.422	441	190	3	3	432	4	444	3.72e-173	496
aconitase	B6JAQ9	56.522	460	189	3	4	452	6	465	5.54e-173	496
aconitase	Q1QHI4	56.399	461	190	3	4	453	6	466	6.43e-173	496
aconitase	Q2J3A1	55.652	460	193	3	4	452	8	467	6.60e-173	496
aconitase	P58948	55.319	470	193	4	2	454	3	472	1.17e-172	496
aconitase	Q9EVI3	53.846	442	193	3	1	431	1	442	1.42e-172	494
aconitase	A1TLH6	56.263	471	188	8	1	453	1	471	1.50e-172	495
aconitase	Q98EF1	56.277	462	190	3	3	452	5	466	1.82e-172	495
aconitase	Q46YV7	54.060	468	201	5	1	454	1	468	1.96e-172	495
aconitase	Q0VPI0	53.319	467	204	5	2	454	3	469	2.70e-172	494
aconitase	B9JUD6	55.292	463	195	3	3	453	5	467	3.07e-172	494
aconitase	C5BL66	54.681	470	192	5	2	452	3	470	4.29e-172	494
aconitase	A1VRR0	54.244	483	193	6	1	455	1	483	4.40e-172	494
aconitase	Q3BPJ6	55.437	469	192	4	3	454	4	472	4.64e-172	494
aconitase	B8EN95	54.013	461	201	3	3	452	5	465	5.46e-172	494
aconitase	Q9CJN7	54.077	466	201	4	1	454	1	465	1.03e-171	493
aconitase	P48573	52.991	468	204	6	1	454	1	466	1.16e-171	493
aconitase	B4RCC2	54.989	471	192	6	2	453	3	472	1.54e-171	493
aconitase	A6VQL0	53.433	466	205	4	1	454	1	466	1.92e-171	492
aconitase	P55251	53.602	472	202	3	1	455	1	472	2.72e-171	502
aconitase	Q15QR2	55.032	467	198	4	1	456	1	466	4.83e-171	491
aconitase	B1XV55	54.060	468	201	5	1	454	1	468	5.46e-171	491
aconitase	Q5LX06	55.150	466	195	4	3	455	4	468	7.48e-171	491
aconitase	Q65V07	53.648	466	204	4	1	454	1	466	7.57e-171	491
aconitase	Q21CT4	55.217	460	195	3	4	452	11	470	9.69e-171	491
aconitase	Q6AFK7	54.923	457	194	4	4	448	9	465	1.06e-170	491
aconitase	Q9EVH4	53.725	443	194	3	1	432	1	443	1.07e-170	489
aconitase	Q2G958	52.966	472	204	6	3	456	7	478	1.41e-170	490
aconitase	C3LR34	55.172	464	195	4	2	453	4	466	1.93e-170	489
aconitase	Q9KP81	55.172	464	195	4	2	453	4	466	1.93e-170	489
aconitase	A5F5E2	55.172	464	195	4	2	453	4	466	1.93e-170	489
aconitase	Q7NUB6	55.128	468	195	6	3	456	4	470	2.05e-170	490
aconitase	Q28W60	55.032	467	196	4	2	455	3	468	2.56e-170	489
aconitase	Q6FEW0	54.176	467	197	4	3	452	9	475	4.02e-170	489
aconitase	Q9EVG5	53.273	443	196	3	1	432	1	443	4.52e-170	488
aconitase	Q6NHL0	53.680	462	198	5	4	449	13	474	5.86e-170	489
aconitase	B3GZY1	53.433	466	205	4	1	454	1	466	1.06e-169	488
aconitase	C1DD59	55.460	467	192	5	3	453	4	470	1.07e-169	488
aconitase	Q7N127	52.700	463	208	3	1	452	1	463	1.49e-169	488
aconitase	A8LKJ1	55.365	466	195	4	2	455	3	467	1.95e-169	487
aconitase	Q21IY3	54.797	469	195	6	2	453	3	471	2.19e-169	487
aconitase	A1B513	53.879	464	203	3	3	455	11	474	2.28e-169	487
aconitase	P49601	53.079	471	203	3	3	455	4	474	2.54e-169	498
aconitase	Q44427	53.731	469	195	4	3	449	12	480	2.93e-169	487
aconitase	A0L8J4	56.494	462	189	6	3	452	4	465	5.31e-169	486
aconitase	A0ZZS7	56.427	459	187	5	1	446	1	459	6.25e-169	486
aconitase	C5B7R2	54.741	464	199	3	1	453	1	464	8.18e-169	486
aconitase	A3MYL1	53.433	466	205	4	1	454	1	466	8.89e-169	486
aconitase	Q8G4W2	55.556	459	191	5	1	446	1	459	9.26e-169	485
aconitase	B3DPI2	55.556	459	191	5	1	446	1	459	9.26e-169	485
aconitase	Q9EVI0	53.499	443	195	3	1	432	1	443	1.18e-168	484
aconitase	B0BS44	53.219	466	206	4	1	454	1	466	1.62e-168	485
aconitase	B0USF4	53.448	464	204	4	1	452	1	464	2.13e-168	484
aconitase	Q0I2G3	53.448	464	204	4	1	452	1	464	2.13e-168	484
aconitase	Q89X34	54.881	461	197	3	4	453	6	466	2.22e-168	484
aconitase	Q9EVH7	53.047	443	195	4	1	431	1	442	2.53e-168	483
aconitase	A1KU80	54.428	463	198	5	3	452	4	466	3.15e-168	484
aconitase	Q9JU82	54.428	463	198	5	3	452	4	466	3.15e-168	484
aconitase	O85065	52.575	466	207	5	1	454	1	464	3.29e-168	484
aconitase	Q7VQJ8	51.940	464	210	4	1	452	1	463	5.84e-168	483
aconitase	A6VX34	55.414	471	193	4	2	455	3	473	6.53e-168	483
aconitase	Q9JZI5	54.212	463	199	5	3	452	4	466	6.99e-168	483
aconitase	A9LZF7	54.212	463	199	5	3	452	4	466	2.03e-167	482
aconitase	Q7W931	54.839	465	198	5	1	453	1	465	2.49e-167	482
aconitase	Q7WKH6	54.839	465	198	5	1	453	1	465	2.49e-167	482
aconitase	Q74ZM9	52.553	470	205	4	2	453	6	475	3.63e-167	492
aconitase	Q7VY75	54.624	465	199	5	1	453	1	465	3.94e-167	481
aconitase	B3PFN2	53.191	470	203	4	1	453	2	471	4.44e-167	481
aconitase	P55811	52.431	473	208	3	1	456	1	473	4.69e-167	491
aconitase	B8DVN0	56.427	459	187	5	1	446	1	459	7.03e-167	481
aconitase	B4RM67	53.863	466	202	5	3	455	4	469	8.67e-167	480
aconitase	B1WZV3	53.463	462	204	4	4	454	5	466	1.21e-166	480
aconitase	Q9EVI6	51.919	443	202	3	1	432	1	443	1.86e-166	479
aconitase	Q5F8T1	53.863	466	202	5	3	455	4	469	3.04e-166	479
aconitase	Q46HB8	53.664	464	204	5	3	455	4	467	9.44e-166	478
aconitase	Q493R2	52.802	464	208	3	1	453	1	464	1.13e-165	478
aconitase	Q2NVW5	53.548	465	205	3	1	454	1	465	1.17e-165	478
aconitase	A2C088	53.448	464	205	5	3	455	4	467	1.63e-165	477
aconitase	Q16CH7	54.624	465	199	3	3	455	4	468	4.73e-165	476
aconitase	B7K213	53.132	463	206	4	4	455	5	467	6.78e-165	476
aconitase	Q1GR84	52.442	471	206	4	3	455	5	475	7.40e-165	476
aconitase	B5ENJ1	53.219	466	206	5	3	456	4	469	8.08e-164	473
aconitase	B7J5E0	53.219	466	206	5	3	456	4	469	8.08e-164	473
aconitase	A9GL99	51.178	467	214	6	1	454	1	466	8.16e-164	473
aconitase	O14289	53.092	469	202	4	3	453	9	477	9.69e-164	483
aconitase	A1K4A1	52.688	465	207	5	3	454	4	468	1.14e-163	473
aconitase	B7KH96	51.404	463	214	4	4	455	5	467	1.45e-163	472
aconitase	B0CG35	51.082	462	215	4	4	454	5	466	1.74e-163	472
aconitase	P18250	52.340	470	195	5	1	453	1	458	5.11e-163	481
aconitase	A7HBI2	52.754	472	199	6	3	455	10	476	7.30e-163	471
aconitase	P54384	51.078	464	216	5	3	455	4	467	1.22e-162	470
aconitase	Q5NRC5	53.205	468	201	4	3	452	6	473	1.24e-162	471
aconitase	A8G2R6	50.756	463	217	5	4	455	5	467	1.63e-162	469
aconitase	Q00464	52.239	469	206	4	3	453	4	472	2.43e-162	480
aconitase	Q5P1J8	52.361	466	207	6	3	454	4	468	4.04e-162	469
aconitase	Q7V4U5	50.540	463	218	4	4	455	5	467	4.17e-162	469
aconitase	B8J825	50.533	469	214	5	3	455	11	477	5.32e-162	469
aconitase	Q3AN00	49.892	463	221	4	4	455	5	467	5.56e-162	468
aconitase	B4UAN0	50.320	469	215	5	3	455	11	477	8.40e-162	468
aconitase	Q2JQU3	50.862	464	217	4	3	455	4	467	9.02e-162	468
aconitase	B8HLN1	50.649	462	218	4	4	455	5	466	9.75e-162	468
aconitase	A2BUN7	52.061	461	208	6	4	452	5	464	1.09e-161	468
aconitase	Q7V336	51.620	463	213	5	4	455	5	467	1.45e-161	467
aconitase	A5CX27	51.820	467	209	5	1	452	1	466	1.54e-161	467
aconitase	A3PAX7	51.957	460	210	5	4	452	5	464	3.68e-161	466
aconitase	Q2IJC2	49.680	469	218	5	3	455	11	477	4.45e-161	466
aconitase	B1XLQ6	51.082	462	215	5	4	454	5	466	5.82e-161	466
aconitase	A9BDM7	51.078	464	216	5	3	455	4	467	7.35e-161	466
aconitase	P07264	53.191	470	200	5	3	453	10	478	1.18e-160	476
aconitase	B1ZUZ1	50.855	468	214	7	1	454	1	466	1.19e-160	465
aconitase	A2CCJ0	50.324	463	219	4	4	455	5	467	2.11e-160	464
aconitase	Q7VDT0	51.078	464	216	5	3	455	4	467	5.21e-160	463
aconitase	Q0AT09	50.985	457	215	3	3	450	15	471	5.58e-160	464
aconitase	Q9EVE0	51.467	443	204	3	1	432	2	444	8.05e-160	462
aconitase	A1SVE7	51.082	462	216	2	1	452	1	462	9.14e-160	462
aconitase	Q2JPG2	50.647	464	218	4	3	455	4	467	1.78e-159	462
aconitase	Q5V518	50.324	463	218	4	4	454	5	467	2.46e-159	462
aconitase	Q3M614	50.756	463	217	4	4	455	5	467	3.58e-159	461
aconitase	A5GIG7	51.082	462	215	5	4	454	5	466	7.72e-159	460
aconitase	Q8YX02	50.324	463	219	4	4	455	5	467	1.14e-158	460
aconitase	Q7U9J4	50.000	462	220	4	4	454	5	466	2.42e-158	459
aconitase	Q9EVG2	52.036	442	201	4	1	431	1	442	3.45e-158	457
aconitase	B0JY97	50.540	463	220	5	2	455	3	465	1.19e-157	457
aconitase	Q8DKF0	51.957	460	210	4	4	452	7	466	2.89e-157	456
aconitase	A2BP55	51.404	463	214	5	4	455	5	467	5.09e-157	456
aconitase	Q3IRQ4	51.404	463	213	5	4	454	5	467	7.03e-157	456
aconitase	Q5MZY3	51.522	460	212	4	4	452	5	464	1.62e-156	454
aconitase	Q31LZ1	51.522	460	212	4	4	452	5	464	1.62e-156	454
aconitase	Q47HR4	53.945	469	201	6	1	455	1	468	3.35e-156	453
aconitase	A1AW36	51.820	467	209	5	1	452	1	466	3.98e-156	453
aconitase	Q0IDD5	50.216	462	219	5	4	454	5	466	4.31e-156	453
aconitase	Q7ZAG7	49.460	463	222	4	4	454	5	467	1.06e-155	452
aconitase	Q2S0M6	50.000	466	218	7	4	455	5	469	1.37e-155	452
aconitase	Q3AW21	49.353	464	224	4	4	456	5	468	1.15e-154	450
aconitase	Q31CS6	51.620	463	213	5	4	455	5	467	1.35e-154	449
aconitase	A6L1V8	48.913	460	230	3	1	455	1	460	2.89e-154	448
aconitase	Q64QP1	48.268	462	229	3	4	455	3	464	9.02e-154	447
aconitase	Q5LAB1	48.268	462	229	3	4	455	3	464	9.02e-154	447
aconitase	B2J3M9	51.188	463	215	4	4	455	5	467	1.31e-153	447
aconitase	Q8A6L7	48.052	462	230	3	4	455	3	464	6.95e-152	442
aconitase	B9LUZ3	49.028	463	224	5	4	454	5	467	3.41e-150	438
aconitase	A5FKC6	47.084	463	236	3	1	454	1	463	2.80e-149	436
aconitase	Q7NFV7	50.787	445	206	6	4	436	7	450	3.47e-149	436
aconitase	Q89X98	48.380	463	229	2	2	454	13	475	2.75e-148	434
aconitase	Q9ZND5	48.283	466	228	6	1	454	1	465	4.77e-148	433
aconitase	Q72JB3	48.283	466	228	6	1	454	1	465	4.77e-148	433
aconitase	A5GWH5	50.216	462	219	4	4	454	5	466	5.92e-148	432
aconitase	B2UPW8	48.504	468	225	8	1	454	1	466	4.47e-145	425
aconitase	Q65VS0	47.009	468	235	4	1	455	5	472	8.13e-142	417
aconitase	Q57SN1	45.610	467	241	5	2	455	3	469	4.53e-141	415
aconitase	Q8ZRJ0	45.610	467	241	5	2	455	3	469	7.72e-141	414
aconitase	Q9AQC6	55.068	365	154	2	77	431	5	369	1.09e-137	403
aconitase	P96195	43.803	468	247	6	2	455	3	468	4.10e-111	338
aconitase	Q74BX5	38.745	462	237	9	1	453	1	425	1.18e-100	310
aconitase	Q39W70	39.177	462	235	10	1	453	1	425	1.63e-99	307
aconitase	A5G7U4	38.696	460	240	10	1	453	1	425	4.19e-98	303
aconitase	B5EHU2	37.991	458	244	8	1	452	1	424	3.23e-94	293
aconitase	A9A043	37.585	439	234	7	1	433	1	405	8.56e-90	282
aconitase	Q58409	35.556	450	245	9	4	446	2	413	1.02e-81	261
aconitase	A6Q5L6	37.773	458	244	9	1	454	1	421	2.60e-81	260
aconitase	O67078	36.207	464	247	9	1	455	1	424	3.55e-79	255
aconitase	Q8TVF2	35.886	457	246	10	1	452	1	415	5.06e-79	254
aconitase	Q7M9Z9	35.575	461	251	10	1	454	1	422	6.73e-79	254
aconitase	A7IA28	35.449	457	251	8	1	454	1	416	2.33e-78	252
aconitase	Q44023	46.388	263	131	3	201	453	1	263	4.35e-78	246
aconitase	O28316	36.443	461	242	10	1	454	1	417	2.41e-77	250
aconitase	B0TCR2	35.371	458	253	8	1	454	1	419	7.84e-77	248
aconitase	O27439	37.037	432	225	7	1	427	1	390	1.21e-76	248
aconitase	A7ZFP0	35.948	459	247	9	1	452	1	419	2.11e-76	248
aconitase	Q9RTI6	34.205	459	256	9	1	453	1	419	3.61e-75	244
aconitase	B8CX22	37.674	430	224	8	1	426	1	390	5.58e-75	244
aconitase	Q8U2A1	36.681	458	249	8	2	455	3	423	2.08e-74	242
aconitase	A7HZP6	35.153	458	253	11	1	453	1	419	1.14e-73	240
# PSIBLAST 2.6.0+
# Iteration: 2
# Query: aconitase | P63436.1 | WP_000531823.1 | 85.94%
# Database: /home/alex/Documents/data/local_db/swissprot
# Fields: query acc.ver, subject acc.ver, % identity, alignment length, mismatches, gap opens, q. start, q. end, s. start, s. end, evalue, bit score
# 670 hits found
aconitase	A8Z4W2	100.000	456	0	0	1	456	1	456	0.0	820
aconitase	P63436	100.000	456	0	0	1	456	1	456	0.0	820
aconitase	P63435	100.000	456	0	0	1	456	1	456	0.0	820
aconitase	A6QIQ5	100.000	456	0	0	1	456	1	456	0.0	820
aconitase	Q5HEE2	100.000	456	0	0	1	456	1	456	0.0	820
aconitase	Q2YUF0	100.000	456	0	0	1	456	1	456	0.0	820
aconitase	A5IUK5	100.000	456	0	0	1	456	1	456	0.0	820
aconitase	Q2FWK1	100.000	456	0	0	1	456	1	456	0.0	820
aconitase	Q2FF65	100.000	456	0	0	1	456	1	456	0.0	820
aconitase	A6U3E4	100.000	456	0	0	1	456	1	456	0.0	820
aconitase	A7X4N3	100.000	456	0	0	1	456	1	456	0.0	820
aconitase	P58947	99.561	456	2	0	1	456	1	456	0.0	819
aconitase	Q6G7P9	99.561	456	2	0	1	456	1	456	0.0	819
aconitase	Q6GF14	99.561	456	1	1	1	456	1	455	0.0	811
aconitase	Q8CNL1	88.816	456	51	0	1	456	1	456	0.0	809
aconitase	Q5KWJ5	62.851	463	162	2	2	454	3	465	0.0	792
aconitase	Q5HMF7	89.035	456	50	0	1	456	1	456	0.0	792
aconitase	Q4L7U2	85.526	456	66	0	1	456	1	456	0.0	791
aconitase	Q49Z14	87.061	456	59	0	1	456	1	456	0.0	787
aconitase	Q67MJ2	60.730	466	172	3	2	456	10	475	0.0	786
aconitase	A4IRH6	62.419	463	164	2	2	454	3	465	0.0	779
aconitase	C5D5L8	62.635	463	163	2	2	454	3	465	0.0	779
aconitase	B8DBU2	75.771	454	109	1	1	453	1	454	0.0	777
aconitase	P56934	53.978	465	203	3	1	454	1	465	0.0	777
aconitase	A0AK94	75.991	454	108	1	1	453	1	454	0.0	777
aconitase	P80858	60.560	464	173	2	1	454	2	465	0.0	777
aconitase	Q92A26	75.991	454	108	1	1	453	1	454	0.0	777
aconitase	Q8Y5R7	75.711	457	110	1	1	456	1	457	0.0	776
aconitase	Q65GJ0	60.907	463	171	2	1	453	2	464	0.0	776
aconitase	B7GH21	61.339	463	169	2	2	454	3	465	0.0	775
aconitase	Q71Y33	75.551	454	110	1	1	453	1	454	0.0	774
aconitase	C1KWT3	75.551	454	110	1	1	453	1	454	0.0	774
aconitase	A7Z7B6	60.776	464	172	2	1	454	2	465	0.0	771
aconitase	B9DMJ8	81.015	453	86	0	1	453	1	453	0.0	771
aconitase	Q47SA3	56.129	465	193	3	1	454	1	465	0.0	768
aconitase	P55251	53.503	471	202	3	1	454	1	471	0.0	768
aconitase	C1F700	57.543	464	185	3	1	452	1	464	0.0	767
aconitase	Q9K8F0	61.771	463	167	2	2	454	3	465	0.0	765
aconitase	A9VLG9	66.300	454	152	1	1	453	1	454	0.0	764
aconitase	A8FFW3	59.267	464	179	2	1	454	1	464	0.0	763
aconitase	A0RBL4	66.740	454	150	1	1	453	1	454	0.0	762
aconitase	B7IN95	66.740	454	150	1	1	453	1	454	0.0	762
aconitase	Q73B98	66.520	454	151	1	1	453	1	454	0.0	762
aconitase	Q63DX6	66.960	454	149	1	1	453	1	454	0.0	762
aconitase	Q81G10	66.740	454	150	1	1	453	1	454	0.0	762
aconitase	A7GMU3	66.300	454	152	1	1	453	1	454	0.0	761
aconitase	B4F196	55.914	465	194	3	1	454	1	465	0.0	760
aconitase	O85072	52.043	465	212	3	1	454	1	465	0.0	760
aconitase	Q81T66	66.960	454	149	1	1	453	1	454	0.0	760
aconitase	C3L9Q5	66.960	454	149	1	1	453	1	454	0.0	760
aconitase	C3P4Z8	66.960	454	149	1	1	453	1	454	0.0	760
aconitase	A0LVA3	55.388	464	196	3	2	454	9	472	0.0	760
aconitase	Q1AZC4	54.705	457	203	2	2	454	6	462	0.0	760
aconitase	A7MIC7	55.054	465	198	3	1	454	1	465	0.0	759
aconitase	B9IUZ2	66.740	454	150	1	1	453	1	454	0.0	759
aconitase	B7HKC6	66.740	454	150	1	1	453	1	454	0.0	759
aconitase	C1EMB1	66.960	454	149	1	1	453	1	454	0.0	759
aconitase	B7JFY7	66.740	454	150	1	1	453	1	454	0.0	759
aconitase	C6DEW0	55.484	465	196	3	1	454	1	465	0.0	759
aconitase	B7HHF7	66.520	454	151	1	1	453	1	454	0.0	759
aconitase	Q8EN69	59.825	458	177	2	2	452	4	461	0.0	758
aconitase	Q1H0L4	55.150	466	196	5	2	455	3	467	0.0	758
aconitase	P17279	52.766	470	205	3	4	456	51	520	0.0	758
aconitase	Q326G3	54.624	465	200	3	1	454	1	465	0.0	757
aconitase	Q92L76	55.603	464	194	3	2	453	4	467	0.0	757
aconitase	Q8FYG9	56.156	463	191	3	2	452	4	466	0.0	757
aconitase	B0CIF7	56.156	463	191	3	2	452	4	466	0.0	757
aconitase	A5VSN3	56.156	463	191	3	2	452	4	466	0.0	757
aconitase	A9M8P2	56.156	463	191	3	2	452	4	466	0.0	757
aconitase	Q57AZ0	56.156	463	191	3	2	452	4	466	0.0	757
aconitase	Q2YLP7	56.156	463	191	3	2	452	4	466	0.0	757
aconitase	B2S860	56.156	463	191	3	2	452	4	466	0.0	757
aconitase	B2U279	54.624	465	200	3	1	454	1	465	0.0	757
aconitase	Q1RGC5	54.624	465	200	3	1	454	1	465	0.0	757
aconitase	B1LG09	54.624	465	200	3	1	454	1	465	0.0	757
aconitase	B6HZ52	54.624	465	200	3	1	454	1	465	0.0	757
aconitase	B7N7U7	54.624	465	200	3	1	454	1	465	0.0	757
aconitase	P0A6A6	54.624	465	200	3	1	454	1	465	0.0	757
aconitase	P0A6A7	54.624	465	200	3	1	454	1	465	0.0	757
aconitase	Q0TLR7	54.624	465	200	3	1	454	1	465	0.0	757
aconitase	A1A7C0	54.624	465	200	3	1	454	1	465	0.0	757
aconitase	C4ZPZ5	54.624	465	200	3	1	454	1	465	0.0	757
aconitase	B7M117	54.624	465	200	3	1	454	1	465	0.0	757
aconitase	B7MNT0	54.624	465	200	3	1	454	1	465	0.0	757
aconitase	B7NHI0	54.624	465	200	3	1	454	1	465	0.0	757
aconitase	B7L4J3	54.624	465	200	3	1	454	1	465	0.0	757
aconitase	B7MAJ7	54.624	465	200	3	1	454	1	465	0.0	757
aconitase	Q3Z5T8	54.624	465	200	3	1	454	1	465	0.0	756
aconitase	B7LWE0	54.624	465	200	3	1	454	1	465	0.0	756
aconitase	B1IRA6	54.409	465	201	3	1	454	1	465	0.0	756
aconitase	A7ZW23	54.409	465	201	3	1	454	1	465	0.0	756
aconitase	Q6HLF1	67.181	454	148	1	1	453	1	454	0.0	756
aconitase	Q32K22	54.624	465	200	3	1	454	1	465	0.0	756
aconitase	Q6D0G6	54.839	465	199	3	1	454	1	465	0.0	756
aconitase	Q4FP15	54.310	464	201	3	1	453	1	464	0.0	756
aconitase	A7HT10	55.011	469	195	4	2	454	3	471	0.0	756
aconitase	A6T4L7	54.409	465	201	3	1	454	1	465	0.0	756
aconitase	A1JJH5	54.644	463	199	3	3	454	9	471	0.0	755
aconitase	Q0T8C6	54.624	465	200	3	1	454	1	465	0.0	755
aconitase	Q2RV55	55.460	467	195	4	1	454	1	467	0.0	755
aconitase	B5Y1W4	54.839	465	199	3	1	454	1	465	0.0	755
aconitase	B5YZA8	54.624	465	200	3	1	454	1	465	0.0	755
aconitase	Q8XA00	54.624	465	200	3	1	454	1	465	0.0	755
aconitase	Q821C2	54.409	465	201	3	1	454	1	465	0.0	755
aconitase	B7UIC2	54.624	465	200	3	1	454	1	465	0.0	755
aconitase	C3M9V0	54.957	464	197	3	2	453	4	467	0.0	754
aconitase	Q8YJC9	55.940	463	192	3	2	452	4	466	0.0	754
aconitase	C0RFF1	55.940	463	192	3	2	452	4	466	0.0	754
aconitase	Q2K376	54.957	464	197	3	2	453	4	467	0.0	753
aconitase	A4G4F5	54.292	466	201	4	1	454	1	466	0.0	753
aconitase	A8ALM7	55.699	465	195	3	1	454	1	465	0.0	753
aconitase	Q8Z9I2	54.409	465	201	3	1	454	1	465	0.0	752
aconitase	B4TWV9	54.409	465	201	3	1	454	1	465	0.0	752
aconitase	B5BLB3	54.409	465	201	3	1	454	1	465	0.0	752
aconitase	Q5PDG3	54.409	465	201	3	1	454	1	465	0.0	752
aconitase	B5F7U7	54.409	465	201	3	1	454	1	465	0.0	752
aconitase	A7ZHG4	54.409	465	201	3	1	454	1	465	0.0	752
aconitase	Q57TE8	54.409	465	201	3	1	454	1	465	0.0	752
aconitase	B8GQD6	55.699	465	194	4	2	454	3	467	0.0	752
aconitase	A1U0Y0	56.716	469	188	4	2	455	3	471	0.0	752
aconitase	A9MQE0	54.409	465	201	3	1	454	1	465	0.0	751
aconitase	A6T015	54.506	466	200	4	1	454	1	466	0.0	751
aconitase	Q7N127	52.700	463	208	3	1	452	1	463	0.0	750
aconitase	P15717	54.409	465	201	3	1	454	1	465	0.0	750
aconitase	B1JKA0	54.310	464	201	3	2	454	8	471	0.0	749
aconitase	A4TQA4	54.310	464	201	3	2	454	8	471	0.0	749
aconitase	Q1CMP7	54.310	464	201	3	2	454	8	471	0.0	749
aconitase	A9R144	54.310	464	201	3	2	454	8	471	0.0	749
aconitase	Q8ZIH0	54.310	464	201	3	2	454	8	471	0.0	749
aconitase	Q1C1Z4	54.310	464	201	3	2	454	8	471	0.0	749
aconitase	A7FM86	54.310	464	201	3	2	454	8	471	0.0	749
aconitase	Q3SHL1	56.559	465	190	4	2	454	3	467	0.0	749
aconitase	A6UE05	54.957	464	197	3	2	453	4	467	0.0	749
aconitase	Q66EM3	54.310	464	201	3	2	454	8	471	0.0	749
aconitase	B2K4C7	54.310	464	201	3	2	454	8	471	0.0	749
aconitase	B3PR22	54.741	464	198	3	2	453	4	467	0.0	749
aconitase	Q8UBY9	54.957	464	197	3	2	453	4	467	0.0	749
aconitase	B9KMK4	54.506	466	201	3	2	456	4	469	0.0	748
aconitase	Q3IZI8	54.506	466	201	3	2	456	4	469	0.0	748
aconitase	B2JQE1	55.983	468	192	5	1	454	1	468	0.0	748
aconitase	Q8F4E6	53.680	462	203	3	3	453	2	463	0.0	748
aconitase	Q72RC4	53.680	462	203	3	3	453	2	463	0.0	748
aconitase	Q0BRH4	54.839	465	199	3	1	454	1	465	0.0	748
aconitase	A4FMP2	54.292	466	201	4	1	454	1	466	0.0	747
aconitase	A3PMQ9	54.292	466	202	3	2	456	4	469	0.0	747
aconitase	Q2SJD8	57.783	469	183	4	2	455	3	471	0.0	747
aconitase	A4SWW8	54.487	468	199	5	1	454	1	468	0.0	747
aconitase	A4W6H7	55.054	465	198	3	1	454	1	465	0.0	747
aconitase	A5G0G6	54.194	465	202	3	1	454	1	465	0.0	747
aconitase	A6V2V3	55.085	472	195	4	2	456	3	474	0.0	746
aconitase	Q1MAJ9	55.603	464	194	3	2	453	4	467	0.0	746
aconitase	P44968	54.158	469	201	5	1	456	1	468	0.0	746
aconitase	P49601	52.754	472	205	3	2	455	3	474	0.0	746
aconitase	A8G9Q9	55.257	447	189	3	1	436	1	447	0.0	746
aconitase	A4WNV5	54.292	466	202	3	2	456	4	469	0.0	746
aconitase	Q48K99	54.681	470	197	4	2	455	3	472	0.0	746
aconitase	B5ZTI5	55.603	464	194	3	2	453	4	467	0.0	745
aconitase	Q4ZUZ6	54.681	470	197	4	2	455	3	472	0.0	745
aconitase	Q884C2	54.797	469	196	4	2	454	3	471	0.0	745
aconitase	Q9HZA3	55.297	472	194	4	2	456	3	474	0.0	745
aconitase	Q02PT4	55.297	472	194	4	2	456	3	474	0.0	745
aconitase	B7VBP9	55.297	472	194	4	2	456	3	474	0.0	745
aconitase	A6WXG4	54.310	464	200	3	2	453	4	467	0.0	745
aconitase	O31293	54.721	466	200	3	1	455	1	466	0.0	744
aconitase	Q46YV7	54.060	468	201	5	1	454	1	468	0.0	744
aconitase	Q2T7H8	54.487	468	199	5	1	454	1	468	0.0	744
aconitase	A1UZ32	54.701	468	198	5	1	454	1	468	0.0	744
aconitase	Q62AI6	54.701	468	198	5	1	454	1	468	0.0	744
aconitase	A2S127	54.701	468	198	5	1	454	1	468	0.0	744
aconitase	A3MBT5	54.701	468	198	5	1	454	1	468	0.0	744
aconitase	B9JCN5	54.310	464	200	3	2	453	4	467	0.0	744
aconitase	Q63JK9	54.701	468	198	5	1	454	1	468	0.0	744
aconitase	A3NM77	54.701	468	198	5	1	454	1	468	0.0	744
aconitase	Q3JKG6	54.701	468	198	5	1	454	1	468	0.0	744
aconitase	A3P7N9	54.701	468	198	5	1	454	1	468	0.0	744
aconitase	A4VKE7	55.202	471	194	4	2	455	3	473	0.0	743
aconitase	Q1ICW0	54.468	470	198	4	2	455	3	472	0.0	743
aconitase	Q8FPR3	56.745	467	186	4	4	454	15	481	0.0	743
aconitase	B9JUD6	55.172	464	196	3	2	453	4	467	0.0	743
aconitase	A0AZ60	54.701	468	198	5	1	454	1	468	0.0	743
aconitase	B1K377	54.701	468	198	5	1	454	1	468	0.0	743
aconitase	Q1BM55	54.701	468	198	5	1	454	1	468	0.0	743
aconitase	A7MWC3	55.269	465	197	3	1	454	1	465	0.0	742
aconitase	Q606F2	54.957	464	197	4	2	453	3	466	0.0	742
aconitase	Q11CQ6	55.603	464	194	3	2	453	4	467	0.0	742
aconitase	Q87SS9	55.054	465	198	3	1	454	1	465	0.0	742
aconitase	P55811	52.431	473	208	3	1	456	1	473	0.0	742
aconitase	Q3SNV3	55.794	466	193	4	1	453	1	466	0.0	742
aconitase	Q0A9B0	55.076	463	196	4	2	452	3	465	0.0	742
aconitase	B1XV55	54.060	468	201	5	1	454	1	468	0.0	742
aconitase	A1SLW5	56.774	465	190	3	1	454	1	465	0.0	742
aconitase	B1HR96	61.505	465	169	2	1	455	1	465	0.0	741
aconitase	B8F3W8	54.624	465	200	3	1	454	1	465	0.0	741
aconitase	Q98EF1	55.819	464	193	3	2	453	4	467	0.0	741
aconitase	B0KF81	54.894	470	196	4	2	455	3	472	0.0	741
aconitase	A4XVW2	54.777	471	196	4	2	455	3	473	0.0	741
aconitase	Q393X2	54.915	468	197	5	1	454	1	468	0.0	741
aconitase	Q8XXX3	54.915	468	197	5	1	454	1	468	0.0	741
aconitase	Q88LE8	55.106	470	195	4	2	455	3	472	0.0	741
aconitase	A4JMB6	55.128	468	196	5	1	454	1	468	0.0	740
aconitase	A3QIN8	55.172	464	197	3	1	453	1	464	0.0	739
aconitase	O14289	52.654	471	205	4	2	454	8	478	0.0	739
aconitase	B1J530	55.106	470	195	4	2	455	3	472	0.0	739
aconitase	A1T700	53.731	469	201	4	2	454	7	475	0.0	739
aconitase	P58949	56.170	470	189	4	2	454	3	472	0.0	739
aconitase	Q4UYG5	56.170	470	189	4	2	454	3	472	0.0	739
aconitase	Q4KF08	55.532	470	193	4	2	455	3	472	0.0	738
aconitase	Q126M9	56.448	473	188	6	1	455	1	473	0.0	738
aconitase	O86534	54.624	465	200	3	1	454	1	465	0.0	738
aconitase	Q8DED9	54.741	464	199	3	1	453	1	464	0.0	737
aconitase	A4TE23	52.878	469	205	4	2	454	7	475	0.0	737
aconitase	A6W7Q7	55.011	469	196	4	1	454	1	469	0.0	737
aconitase	A7NJH2	54.989	471	196	4	1	455	1	471	0.0	737
aconitase	Q07UU3	55.315	461	195	3	4	453	8	468	0.0	737
aconitase	Q4JUX2	53.961	467	199	4	4	454	7	473	0.0	737
aconitase	Q5WEN5	58.280	465	184	2	1	455	1	465	0.0	737
aconitase	A6VQL0	53.433	466	205	4	1	454	1	466	0.0	737
aconitase	A1WAS7	55.508	472	192	6	1	454	1	472	0.0	737
aconitase	A3M1S8	55.319	470	193	4	2	454	3	472	0.0	737
aconitase	Q2VZV4	55.032	467	197	4	1	454	1	467	0.0	737
aconitase	Q7MP79	54.741	464	199	3	1	453	1	464	0.0	736
aconitase	B1VZ03	53.763	465	204	3	1	454	1	465	0.0	736
aconitase	A1REY2	55.508	463	195	3	2	453	10	472	0.0	736
aconitase	A4Y2M2	55.508	463	195	3	2	453	10	472	0.0	736
aconitase	A3CZK7	55.076	463	197	3	2	453	4	466	0.0	736
aconitase	B7H0T7	55.532	470	192	4	2	454	3	472	0.0	736
aconitase	Q65V07	53.533	467	203	5	1	454	1	466	0.0	736
aconitase	Q89X34	54.292	466	200	4	1	453	1	466	0.0	736
aconitase	Q82JR8	54.194	465	202	3	1	454	1	465	0.0	736
aconitase	B9MDK8	55.508	472	192	6	1	454	1	472	0.0	736
aconitase	B8E4K6	54.860	463	198	3	2	453	4	466	0.0	735
aconitase	Q6ND69	55.098	461	196	3	4	453	7	467	0.0	735
aconitase	Q5FUG3	54.624	465	200	3	2	455	7	471	0.0	735
aconitase	Q0BAC8	54.487	468	199	5	1	454	1	468	0.0	735
aconitase	B1Z1N0	54.487	468	199	5	1	454	1	468	0.0	735
aconitase	C5CSH5	55.720	472	191	6	1	454	1	472	0.0	735
aconitase	A0L1Q8	55.508	463	195	3	2	453	10	472	0.0	735
aconitase	A9KY15	54.860	463	198	3	2	453	4	466	0.0	735
aconitase	A6WIB7	54.860	463	198	3	2	453	4	466	0.0	735
aconitase	B3Q851	55.098	461	196	3	4	453	7	467	0.0	735
aconitase	Q7UIA7	55.531	461	196	3	2	453	21	481	0.0	735
aconitase	B8HAC9	55.957	470	191	4	1	454	1	470	0.0	735
aconitase	B2HII1	53.548	465	204	4	2	454	8	472	0.0	735
aconitase	Q9PAX0	55.626	471	192	4	2	455	3	473	0.0	735
aconitase	P58948	55.106	470	194	4	2	454	3	472	0.0	735
aconitase	B6JAQ9	56.009	466	192	4	1	453	1	466	0.0	735
aconitase	B7I4E1	55.532	470	192	4	2	454	3	472	0.0	735
aconitase	Q0HE67	55.508	463	195	3	2	453	10	472	0.0	734
aconitase	Q07WH1	55.076	463	197	3	2	453	6	468	0.0	734
aconitase	Q73VI7	53.333	465	205	4	2	454	11	475	0.0	734
aconitase	Q87BP9	55.626	471	192	4	2	455	3	473	0.0	734
aconitase	B2I6I6	55.626	471	192	4	2	455	3	473	0.0	734
aconitase	B1KKZ2	53.863	466	204	3	1	455	1	466	0.0	734
aconitase	A0QJB7	53.548	465	204	4	2	454	11	475	0.0	734
aconitase	A0JXX8	56.383	470	189	4	1	454	1	470	0.0	734
aconitase	B2I359	55.319	470	193	4	2	454	3	472	0.0	734
aconitase	Q13DU7	55.098	461	196	3	4	453	8	468	0.0	734
aconitase	Q6LV26	54.957	464	198	3	2	454	8	471	0.0	734
aconitase	A1R7K0	56.383	470	189	4	1	454	1	470	0.0	734
aconitase	Q1IMI3	56.156	463	192	3	2	453	4	466	0.0	734
aconitase	A1TLH6	55.085	472	194	6	1	454	1	472	0.0	734
aconitase	Q5H4D1	55.319	470	193	4	2	454	3	472	0.0	733
aconitase	B2SNH4	55.319	470	193	4	2	454	3	472	0.0	733
aconitase	Q2P765	55.319	470	193	4	2	454	3	472	0.0	733
aconitase	Q31HI2	54.274	468	200	4	2	455	3	470	0.0	733
aconitase	A3PXR2	53.518	469	202	4	2	454	7	475	0.0	733
aconitase	B0U3M6	55.414	471	193	4	2	455	3	473	0.0	732
aconitase	B0TQM2	53.664	464	204	3	1	453	1	464	0.0	732
aconitase	Q1BAQ4	53.518	469	202	4	2	454	7	475	0.0	732
aconitase	A1UEA8	53.518	469	202	4	2	454	7	475	0.0	732
aconitase	Q8E9N4	54.860	463	198	3	2	453	10	472	0.0	732
aconitase	Q2J3A1	55.315	461	195	3	4	453	8	468	0.0	732
aconitase	B1ZKX6	55.508	463	195	3	2	453	4	466	0.0	732
aconitase	B4RVU9	54.526	464	199	4	1	453	1	463	0.0	732
aconitase	Q9CJN7	53.978	465	203	3	1	454	1	465	0.0	732
aconitase	Q1QHI4	55.794	466	193	4	1	453	1	466	0.0	732
aconitase	Q82WI9	55.128	468	195	5	3	455	2	469	0.0	732
aconitase	B1LXK9	54.860	463	198	3	2	453	4	466	0.0	732
aconitase	Q3BPJ6	55.106	470	194	4	2	454	3	472	0.0	731
aconitase	A8FQ85	55.172	464	197	3	1	453	1	464	0.0	731
aconitase	A1S2E2	53.996	463	202	3	1	452	1	463	0.0	731
aconitase	Q21CT4	55.098	461	196	3	4	453	11	471	0.0	731
aconitase	A8M5I3	52.110	474	206	3	2	454	8	481	0.0	731
aconitase	A5WGT5	55.106	470	194	4	2	454	9	478	0.0	731
aconitase	Q3IJS4	56.371	463	191	3	1	452	1	463	0.0	731
aconitase	Q3J716	56.710	462	188	4	2	451	3	464	0.0	731
aconitase	Q4QLS2	54.158	469	201	5	1	456	1	468	0.0	731
aconitase	A1B513	53.648	466	205	3	2	456	10	475	0.0	730
aconitase	A1KU80	54.310	464	199	5	2	452	3	466	0.0	730
aconitase	Q9JZI5	54.095	464	200	5	2	452	3	466	0.0	730
aconitase	A0PPZ6	53.333	465	205	4	2	454	8	472	0.0	730
aconitase	B0USF4	53.333	465	203	5	1	452	1	464	0.0	730
aconitase	Q0I2G3	53.333	465	203	5	1	452	1	464	0.0	730
aconitase	P48573	52.677	467	207	5	1	454	1	466	0.0	730
aconitase	A1K4A1	52.575	466	208	5	2	454	3	468	0.0	730
aconitase	Q0HZT2	55.652	460	193	3	5	453	13	472	0.0	730
aconitase	O33123	53.518	469	202	4	2	454	7	475	0.0	730
aconitase	C4LAV5	55.484	465	196	3	1	454	1	465	0.0	729
aconitase	Q9EVG8	54.072	442	192	3	2	432	3	444	0.0	729
aconitase	Q74ZM9	52.229	471	207	4	2	454	6	476	0.0	729
aconitase	B8CM41	53.664	464	204	3	1	453	1	464	0.0	729
aconitase	A8H999	53.448	464	205	3	1	453	1	464	0.0	729
aconitase	A9LZF7	54.095	464	200	5	2	452	3	466	0.0	729
aconitase	B7KRK4	54.860	463	198	3	2	453	4	466	0.0	729
aconitase	B2GCB8	59.783	460	179	2	1	454	1	460	0.0	729
aconitase	P07264	52.654	471	205	4	2	454	9	479	0.0	728
aconitase	Q9JU82	54.310	464	199	5	2	452	3	466	0.0	728
aconitase	Q03UM2	59.956	452	180	1	1	451	1	452	0.0	728
aconitase	O85065	52.258	465	210	4	1	454	1	464	0.0	728
aconitase	A5UUP5	54.468	470	198	4	2	455	3	472	0.0	728
aconitase	B4RM67	53.863	466	202	5	2	454	3	468	0.0	728
aconitase	Q5E858	54.741	464	199	3	2	454	4	467	0.0	728
aconitase	A1VRR0	54.037	483	194	6	1	455	1	483	0.0	727
aconitase	Q6FEW0	53.830	470	200	4	2	454	8	477	0.0	727
aconitase	A5UD83	53.731	469	203	5	1	456	1	468	0.0	726
aconitase	P18250	51.592	471	199	4	1	454	1	459	0.0	726
aconitase	Q0VPI0	53.105	467	205	4	2	454	3	469	0.0	726
aconitase	B3GZY1	53.319	467	204	5	1	454	1	466	0.0	726
aconitase	B5FGH2	54.957	464	198	3	2	454	4	467	0.0	725
aconitase	Q5LX06	54.506	466	200	3	2	455	3	468	0.0	725
aconitase	Q5F8T1	53.863	466	202	5	2	454	3	468	0.0	725
aconitase	P59519	53.978	465	203	3	1	454	1	465	0.0	725
aconitase	Q1GDM6	56.129	465	192	3	2	454	3	467	0.0	724
aconitase	B0BS44	53.105	467	205	5	1	454	1	466	0.0	724
aconitase	Q5YRY0	53.305	469	203	4	2	454	5	473	0.0	724
aconitase	P9WQF5	51.613	465	213	4	2	454	8	472	0.0	724
aconitase	P9WQF4	51.613	465	213	4	2	454	8	472	0.0	724
aconitase	A5U6Z9	51.613	465	213	4	2	454	8	472	0.0	724
aconitase	Q5LZF4	67.841	454	145	1	2	454	3	456	0.0	723
aconitase	A3MYL1	53.319	467	204	5	1	454	1	466	0.0	723
aconitase	C1AGA3	51.398	465	214	4	2	454	8	472	0.0	722
aconitase	A1KMY2	51.398	465	214	4	2	454	8	472	0.0	722
aconitase	Q7TXH6	51.398	465	214	4	2	454	8	472	0.0	722
aconitase	A1WY14	57.328	464	186	4	2	453	3	466	0.0	722
aconitase	B1MDQ1	52.665	469	206	4	2	454	7	475	0.0	722
aconitase	Q47WG2	55.292	463	193	4	2	450	6	468	0.0	722
aconitase	P58945	53.548	465	205	3	1	454	1	465	0.0	722
aconitase	B7GNM7	54.390	467	200	5	1	454	1	467	0.0	722
aconitase	C3LR34	54.741	464	199	3	2	454	4	467	0.0	722
aconitase	Q9KP81	54.741	464	199	3	2	454	4	467	0.0	722
aconitase	A5F5E2	54.741	464	199	3	2	454	4	467	0.0	722
aconitase	Q5M406	67.621	454	146	1	2	454	3	456	0.0	722
aconitase	B1MVR0	61.758	455	173	1	1	454	1	455	0.0	722
aconitase	A8LKJ1	55.150	466	196	4	2	455	3	467	0.0	722
aconitase	Q9EVG5	53.047	443	197	3	1	432	1	443	0.0	722
aconitase	Q03KB3	67.841	454	145	1	2	454	3	456	0.0	721
aconitase	A4X4C8	51.477	474	209	3	2	454	8	481	0.0	721
aconitase	Q6NHL0	52.677	467	205	4	4	454	13	479	0.0	721
aconitase	Q5P1J8	52.146	466	210	5	2	454	3	468	0.0	721
aconitase	Q2G958	52.220	473	208	4	2	456	6	478	0.0	720
aconitase	A8L567	54.409	465	201	3	1	454	1	465	0.0	720
aconitase	P58946	54.741	464	194	4	4	451	15	478	0.0	720
aconitase	B6ELJ8	54.526	464	200	3	2	454	4	467	0.0	720
aconitase	Q28W60	54.721	466	199	3	2	455	3	468	0.0	720
aconitase	Q0RDK7	55.257	447	189	3	1	436	1	447	0.0	720
aconitase	Q7W931	54.506	466	200	4	1	454	1	466	0.0	720
aconitase	Q7WKH6	54.506	466	200	4	1	454	1	466	0.0	720
aconitase	A4SR64	54.839	465	199	3	1	454	1	465	0.0	720
aconitase	A4QDS8	54.176	467	198	4	4	454	15	481	0.0	719
aconitase	Q9EVI6	51.693	443	203	3	1	432	1	443	0.0	719
aconitase	Q7VY75	54.292	466	201	4	1	454	1	466	0.0	719
aconitase	Q9EVI3	53.394	442	195	3	1	431	1	442	0.0	718
aconitase	A0KGM7	54.624	465	200	3	1	454	1	465	0.0	718
aconitase	A2RKR3	67.982	456	144	2	2	455	3	458	0.0	718
aconitase	B8EN95	53.680	462	203	3	2	452	4	465	0.0	717
aconitase	Q9EVI0	53.499	443	195	3	1	432	1	443	0.0	717
aconitase	Q00464	51.805	471	209	4	2	454	3	473	0.0	717
aconitase	Q9EVH4	53.725	443	194	3	1	432	1	443	0.0	717
aconitase	Q7NUB6	55.150	466	196	5	2	454	3	468	0.0	717
aconitase	A7H665	56.009	466	194	3	1	455	1	466	0.0	717
aconitase	B1WZV3	52.790	466	208	5	1	454	1	466	0.0	716
aconitase	Q2J6W9	53.978	465	203	3	1	454	1	465	0.0	715
aconitase	B7KH96	51.178	467	216	5	1	455	1	467	0.0	715
aconitase	Q9EVH7	52.489	442	199	3	1	431	1	442	0.0	715
aconitase	Q01Z81	53.219	466	207	3	1	455	1	466	0.0	715
aconitase	C1DD59	55.342	468	193	5	2	453	3	470	0.0	715
aconitase	A1W1X0	56.009	466	194	3	1	455	1	466	0.0	715
aconitase	A8FP33	56.223	466	193	3	1	455	1	466	0.0	715
aconitase	Q2JPG2	50.647	464	218	4	3	455	4	467	0.0	714
aconitase	Q1QAF2	54.894	470	195	4	2	454	3	472	0.0	713
aconitase	B3PFN2	52.979	470	204	4	2	454	3	472	0.0	713
aconitase	Q2JQU3	50.862	464	217	4	3	455	4	467	0.0	713
aconitase	Q4FRU7	54.894	470	195	4	2	454	3	472	0.0	713
aconitase	Q6AFK7	54.565	460	197	4	4	451	9	468	0.0	713
aconitase	B8HLN1	50.429	466	220	5	1	455	1	466	0.0	712
aconitase	B5ENJ1	52.891	467	208	4	2	456	3	469	0.0	712
aconitase	B7J5E0	52.891	467	208	4	2	456	3	469	0.0	712
aconitase	Q5HS78	56.009	466	194	3	1	455	1	466	0.0	712
aconitase	Q44427	52.842	475	202	4	2	454	11	485	0.0	712
aconitase	Q21IY3	53.617	470	201	4	2	454	3	472	0.0	711
aconitase	Q9PLW1	56.009	466	194	3	1	455	3	468	0.0	710
aconitase	Q8DTG4	65.859	454	154	1	2	454	3	456	0.0	710
aconitase	B8GY66	54.025	472	197	5	2	454	3	473	0.0	709
aconitase	Q9ABN0	54.025	472	197	5	2	454	3	473	0.0	709
aconitase	Q7VQJ8	51.940	464	210	4	1	452	1	463	0.0	709
aconitase	A3CMJ2	66.520	454	151	1	2	454	3	456	0.0	709
aconitase	B0JY97	50.108	463	222	4	2	455	3	465	0.0	709
aconitase	B7K213	52.463	467	210	5	1	455	1	467	0.0	708
aconitase	A0L8J4	55.603	464	194	4	2	453	3	466	0.0	707
aconitase	Q16CH7	54.077	466	202	3	2	455	3	468	0.0	707
aconitase	A2C088	52.473	465	210	4	2	455	3	467	0.0	707
aconitase	A8AWP5	66.300	454	152	1	2	454	3	456	0.0	707
aconitase	Q46HB8	52.688	465	209	4	2	455	3	467	0.0	706
aconitase	A3PAX7	50.964	467	217	5	1	455	1	467	0.0	705
aconitase	Q04DA3	63.457	457	166	1	1	456	1	457	0.0	705
aconitase	Q5WPZ8	51.948	462	211	3	1	451	1	462	0.0	704
aconitase	Q3M614	50.535	467	219	5	1	455	1	467	0.0	704
aconitase	Q9AIM3	66.519	451	150	1	5	454	2	452	0.0	704
aconitase	A8G2R6	50.321	467	220	5	1	455	1	467	0.0	703
aconitase	Q02142	66.740	457	150	2	2	456	3	459	0.0	703
aconitase	B1XLQ6	50.215	466	220	5	1	454	1	466	0.0	703
aconitase	C5BL66	54.158	469	198	4	2	453	3	471	0.0	702
aconitase	Q02YY1	67.763	456	145	2	2	455	3	458	0.0	702
aconitase	C5B7R2	54.409	465	201	3	1	454	1	465	0.0	702
aconitase	P54384	50.538	465	219	4	2	455	3	467	0.0	700
aconitase	Q11NN8	52.688	465	210	3	1	455	1	465	0.0	700
aconitase	Q8YX02	50.107	467	221	5	1	455	1	467	0.0	700
aconitase	Q493R2	52.688	465	209	3	1	454	1	465	0.0	699
aconitase	Q7VDT0	49.676	463	222	4	4	455	5	467	0.0	699
aconitase	B4RCC2	54.123	473	197	5	2	455	3	474	0.0	699
aconitase	Q2NVW5	53.020	447	199	3	1	436	1	447	0.0	699
aconitase	Q7V336	50.964	467	217	5	1	455	1	467	0.0	697
aconitase	A2BUN7	50.749	467	218	5	1	455	1	467	0.0	696
aconitase	A6VX34	55.414	471	193	4	2	455	3	473	0.0	696
aconitase	Q3AN00	49.676	463	222	4	4	455	5	467	0.0	696
aconitase	Q8G4W2	55.157	446	187	5	1	433	1	446	0.0	695
aconitase	B3DPI2	55.157	446	187	5	1	433	1	446	0.0	695
aconitase	A0ZZS7	56.054	446	183	5	1	433	1	446	0.0	695
aconitase	B8DVN0	55.460	467	195	5	1	454	1	467	0.0	694
aconitase	Q15QR2	54.139	447	193	4	1	436	1	446	0.0	694
aconitase	A9BDM7	50.538	465	219	4	2	455	3	467	0.0	694
aconitase	Q1GR84	52.008	473	209	4	2	456	4	476	0.0	691
aconitase	B0CG35	51.073	466	216	5	1	454	1	466	0.0	690
aconitase	Q47HR4	53.846	468	203	5	1	455	1	468	0.0	690
aconitase	Q7V4U5	50.540	463	218	4	4	455	5	467	0.0	689
aconitase	Q5MZY3	50.964	467	217	5	1	455	1	467	0.0	689
aconitase	Q31LZ1	50.964	467	217	5	1	455	1	467	0.0	689
aconitase	Q9EVE0	51.357	442	204	3	2	432	3	444	0.0	688
aconitase	A5CX27	52.106	451	200	5	1	436	1	450	0.0	688
aconitase	A5GIG7	50.216	462	219	4	4	454	5	466	0.0	688
aconitase	A9GL99	50.429	466	219	4	1	454	1	466	0.0	687
aconitase	A1AW36	51.448	449	202	5	1	434	1	448	0.0	686
aconitase	A2CCJ0	50.324	463	219	4	4	455	5	467	0.0	686
aconitase	Q8DKF0	51.392	467	215	5	1	455	3	469	0.0	685
aconitase	Q0IDD5	49.351	462	223	4	4	454	5	466	0.0	685
aconitase	B2J3M9	50.749	467	218	5	1	455	1	467	0.0	684
aconitase	A2BP55	50.964	467	217	5	1	455	1	467	0.0	683
aconitase	Q5NRC5	52.866	471	204	4	2	454	5	475	0.0	683
aconitase	Q9EVG2	51.584	442	203	3	1	431	1	442	0.0	681
aconitase	A1SVE7	50.972	463	217	2	1	453	1	463	0.0	679
aconitase	Q31CS6	50.964	467	217	5	1	455	1	467	0.0	676
aconitase	Q7ZAG7	49.460	463	222	4	4	454	5	467	0.0	673
aconitase	Q9ZND5	47.527	465	233	4	1	454	1	465	0.0	671
aconitase	Q72JB3	47.527	465	233	4	1	454	1	465	0.0	671
aconitase	Q64QP1	48.268	462	229	3	4	455	3	464	0.0	671
aconitase	Q5LAB1	48.268	462	229	3	4	455	3	464	0.0	671
aconitase	Q5V518	50.321	467	219	5	1	454	1	467	0.0	670
aconitase	B1ZUZ1	49.785	466	222	4	1	454	1	466	0.0	670
aconitase	Q7U9J4	50.000	462	220	4	4	454	5	466	0.0	669
aconitase	Q7NFV7	50.225	444	210	4	4	436	7	450	0.0	668
aconitase	B8J825	50.213	470	216	5	2	455	10	477	0.0	667
aconitase	B4UAN0	50.000	470	217	5	2	455	10	477	0.0	666
aconitase	Q8A6L7	48.052	462	230	3	4	455	3	464	0.0	665
aconitase	A6L1V8	48.913	460	230	3	1	455	1	460	0.0	664
aconitase	Q3AW21	49.138	464	225	4	4	456	5	468	0.0	664
aconitase	A5FKC6	47.084	463	236	3	1	454	1	463	0.0	663
aconitase	Q2IJC2	49.362	470	220	5	2	455	10	477	0.0	663
aconitase	Q2S0M6	49.247	465	223	5	4	455	5	469	0.0	660
aconitase	A7HBI2	52.679	448	194	5	2	433	9	454	0.0	660
aconitase	B9LUZ3	48.380	463	227	4	4	454	5	467	0.0	658
aconitase	Q0AT09	50.108	463	222	3	2	455	14	476	0.0	654
aconitase	Q3IRQ4	50.540	463	217	4	4	454	5	467	0.0	652
aconitase	Q65VS0	46.795	468	236	4	1	455	5	472	0.0	647
aconitase	B2UPW8	47.210	466	234	4	1	454	1	466	0.0	641
aconitase	Q8ZRJ0	44.968	467	244	4	2	455	3	469	0.0	634
aconitase	A5GWH5	49.784	462	221	4	4	454	5	466	0.0	631
aconitase	Q57SN1	44.968	467	244	4	2	455	3	469	0.0	631
aconitase	Q89X98	47.738	442	221	2	2	433	13	454	0.0	623
aconitase	Q9AQC6	54.472	369	158	2	73	431	1	369	0.0	597
aconitase	O67078	36.207	464	247	8	1	455	1	424	0.0	595
aconitase	Q8U2A1	36.245	458	251	7	2	455	3	423	0.0	587
aconitase	Q9UZ07	34.641	459	259	7	1	455	1	422	0.0	584
aconitase	B4U7U5	33.843	458	259	7	1	454	1	418	0.0	578
aconitase	Q74BX5	37.744	461	247	7	1	455	1	427	0.0	568
aconitase	Q39W70	38.178	461	245	7	1	455	1	427	0.0	563
aconitase	B0TCR2	35.730	459	250	8	1	454	1	419	0.0	562
aconitase	B5YKE0	33.115	459	262	8	1	454	1	419	0.0	560
aconitase	A5G7U4	37.744	461	247	8	1	455	1	427	0.0	557
aconitase	Q24XT4	33.696	460	261	8	1	455	1	421	0.0	556
aconitase	Q2LWJ2	32.898	459	263	8	1	454	1	419	0.0	556
aconitase	B5EHU2	36.876	461	251	7	1	455	1	427	0.0	556
aconitase	B8CX22	36.957	460	245	8	1	455	1	420	0.0	554
aconitase	Q2RG98	34.783	460	255	8	1	455	1	420	0.0	554
aconitase	Q8TVF2	34.934	458	255	7	1	455	1	418	0.0	549
aconitase	Q9WZ24	35.088	456	253	8	3	454	1	417	0.0	547
aconitase	A4XJ48	33.181	437	248	8	2	433	4	401	0.0	546
aconitase	Q7M9Z9	34.573	457	261	7	1	454	1	422	0.0	546
aconitase	B2UYH6	33.479	457	259	8	1	452	1	417	0.0	546
aconitase	O28316	36.009	461	244	10	1	454	1	417	0.0	545
aconitase	B2TIQ9	33.479	457	259	8	1	452	1	417	0.0	544
# PSIBLAST 2.6.0+
# Iteration: 3
# Query: aconitase | P63436.1 | WP_000531823.1 | 85.94%
# Database: /home/alex/Documents/data/local_db/swissprot
# Fields: query acc.ver, subject acc.ver, % identity, alignment length, mismatches, gap opens, q. start, q. end, s. start, s. end, evalue, bit score
# 670 hits found
aconitase	Q5KWJ5	62.581	465	164	2	2	456	3	467	0.0	782
aconitase	Q67MJ2	60.730	466	172	3	2	456	10	475	0.0	779
aconitase	Q8CNL1	88.816	456	51	0	1	456	1	456	0.0	777
aconitase	P56934	53.978	465	203	3	1	454	1	465	0.0	772
aconitase	A4IRH6	62.151	465	166	2	2	456	3	467	0.0	771
aconitase	P80858	60.345	464	174	2	1	454	2	465	0.0	769
aconitase	Q6GF14	99.561	456	1	1	1	456	1	455	0.0	769
aconitase	C5D5L8	62.635	463	163	2	2	454	3	465	0.0	768
aconitase	Q47SA3	56.129	465	193	3	1	454	1	465	0.0	767
aconitase	Q65GJ0	60.560	464	173	2	1	454	2	465	0.0	767
aconitase	B7GH21	61.339	463	169	2	2	454	3	465	0.0	766
aconitase	P55251	53.503	471	202	3	1	454	1	471	0.0	764
aconitase	A7Z7B6	60.776	464	172	2	1	454	2	465	0.0	761
aconitase	C1F700	57.543	464	185	3	1	452	1	464	0.0	761
aconitase	Q5HMF7	89.035	456	50	0	1	456	1	456	0.0	760
aconitase	Q4L7U2	85.526	456	66	0	1	456	1	456	0.0	759
aconitase	B4F196	55.914	465	194	3	1	454	1	465	0.0	759
aconitase	Q1AZC4	54.705	457	203	2	2	454	6	462	0.0	759
aconitase	A8Z4W2	100.000	456	0	0	1	456	1	456	0.0	758
aconitase	P63436	100.000	456	0	0	1	456	1	456	0.0	758
aconitase	P63435	100.000	456	0	0	1	456	1	456	0.0	758
aconitase	A6QIQ5	100.000	456	0	0	1	456	1	456	0.0	758
aconitase	Q5HEE2	100.000	456	0	0	1	456	1	456	0.0	758
aconitase	Q2YUF0	100.000	456	0	0	1	456	1	456	0.0	758
aconitase	A5IUK5	100.000	456	0	0	1	456	1	456	0.0	758
aconitase	Q2FWK1	100.000	456	0	0	1	456	1	456	0.0	758
aconitase	Q2FF65	100.000	456	0	0	1	456	1	456	0.0	758
aconitase	A6U3E4	100.000	456	0	0	1	456	1	456	0.0	758
aconitase	A7X4N3	100.000	456	0	0	1	456	1	456	0.0	758
aconitase	P58947	99.561	456	2	0	1	456	1	456	0.0	757
aconitase	Q6G7P9	99.561	456	2	0	1	456	1	456	0.0	757
aconitase	Q4FP15	53.978	465	203	3	1	454	1	465	0.0	757
aconitase	A7MIC7	55.054	465	198	3	1	454	1	465	0.0	757
aconitase	O85072	51.828	465	213	3	1	454	1	465	0.0	756
aconitase	Q1H0L4	55.365	466	195	5	2	455	3	467	0.0	756
aconitase	Q92L76	55.603	464	194	3	2	453	4	467	0.0	756
aconitase	B8DBU2	75.771	454	109	1	1	453	1	454	0.0	756
aconitase	A0LVA3	55.388	464	196	3	2	454	9	472	0.0	756
aconitase	Q326G3	54.624	465	200	3	1	454	1	465	0.0	755
aconitase	Q2RV55	55.388	464	196	3	2	454	4	467	0.0	755
aconitase	P17279	52.564	468	205	3	4	454	51	518	0.0	755
aconitase	C6DEW0	55.269	465	197	3	1	454	1	465	0.0	755
aconitase	Q92A26	75.991	454	108	1	1	453	1	454	0.0	755
aconitase	B2U279	54.624	465	200	3	1	454	1	465	0.0	754
aconitase	Q1RGC5	54.624	465	200	3	1	454	1	465	0.0	754
aconitase	B1LG09	54.624	465	200	3	1	454	1	465	0.0	754
aconitase	B6HZ52	54.624	465	200	3	1	454	1	465	0.0	754
aconitase	P0A6A6	54.624	465	200	3	1	454	1	465	0.0	754
aconitase	P0A6A7	54.624	465	200	3	1	454	1	465	0.0	754
aconitase	Q0TLR7	54.624	465	200	3	1	454	1	465	0.0	754
aconitase	A1A7C0	54.624	465	200	3	1	454	1	465	0.0	754
aconitase	C4ZPZ5	54.624	465	200	3	1	454	1	465	0.0	754
aconitase	B7M117	54.624	465	200	3	1	454	1	465	0.0	754
aconitase	B7MNT0	54.624	465	200	3	1	454	1	465	0.0	754
aconitase	B7NHI0	54.624	465	200	3	1	454	1	465	0.0	754
aconitase	B7L4J3	54.624	465	200	3	1	454	1	465	0.0	754
aconitase	B7MAJ7	54.624	465	200	3	1	454	1	465	0.0	754
aconitase	A0AK94	75.991	454	108	1	1	453	1	454	0.0	754
aconitase	B7LWE0	54.624	465	200	3	1	454	1	465	0.0	754
aconitase	B7N7U7	54.624	465	200	3	1	454	1	465	0.0	754
aconitase	B1IRA6	54.409	465	201	3	1	454	1	465	0.0	754
aconitase	A7ZW23	54.409	465	201	3	1	454	1	465	0.0	754
aconitase	Q3Z5T8	54.624	465	200	3	1	454	1	465	0.0	754
aconitase	Q32K22	54.624	465	200	3	1	454	1	465	0.0	754
aconitase	A6T4L7	54.409	465	201	3	1	454	1	465	0.0	754
aconitase	Q9K8F0	61.987	463	166	2	2	454	3	465	0.0	754
aconitase	B5Y1W4	54.839	465	199	3	1	454	1	465	0.0	753
aconitase	B5YZA8	54.624	465	200	3	1	454	1	465	0.0	753
aconitase	Q8XA00	54.624	465	200	3	1	454	1	465	0.0	753
aconitase	A8FFW3	59.267	464	179	2	1	454	1	464	0.0	753
aconitase	Q0T8C6	54.624	465	200	3	1	454	1	465	0.0	753
aconitase	A7HT10	54.797	469	196	4	2	454	3	471	0.0	753
aconitase	Q8Y5R7	75.824	455	109	1	1	454	1	455	0.0	753
aconitase	Q8FYG9	56.156	463	191	3	2	452	4	466	0.0	753
aconitase	B0CIF7	56.156	463	191	3	2	452	4	466	0.0	753
aconitase	A5VSN3	56.156	463	191	3	2	452	4	466	0.0	753
aconitase	A9M8P2	56.156	463	191	3	2	452	4	466	0.0	753
aconitase	Q57AZ0	56.156	463	191	3	2	452	4	466	0.0	753
aconitase	Q2YLP7	56.156	463	191	3	2	452	4	466	0.0	753
aconitase	B2S860	56.156	463	191	3	2	452	4	466	0.0	753
aconitase	C3M9V0	54.957	464	197	3	2	453	4	467	0.0	752
aconitase	Q821C2	54.409	465	201	3	1	454	1	465	0.0	752
aconitase	B7UIC2	54.624	465	200	3	1	454	1	465	0.0	752
aconitase	A1JJH5	54.644	463	199	3	3	454	9	471	0.0	752
aconitase	Q49Z14	87.061	456	59	0	1	456	1	456	0.0	752
aconitase	Q6D0G6	54.624	465	200	3	1	454	1	465	0.0	752
aconitase	Q71Y33	75.551	454	110	1	1	453	1	454	0.0	752
aconitase	C1KWT3	75.551	454	110	1	1	453	1	454	0.0	752
aconitase	A8ALM7	55.699	465	195	3	1	454	1	465	0.0	750
aconitase	A9VLG9	66.300	454	152	1	1	453	1	454	0.0	750
aconitase	Q8Z9I2	54.409	465	201	3	1	454	1	465	0.0	750
aconitase	B4TWV9	54.409	465	201	3	1	454	1	465	0.0	750
aconitase	B5BLB3	54.409	465	201	3	1	454	1	465	0.0	750
aconitase	Q5PDG3	54.409	465	201	3	1	454	1	465	0.0	750
aconitase	B5F7U7	54.409	465	201	3	1	454	1	465	0.0	750
aconitase	A4G4F5	54.292	466	201	4	1	454	1	466	0.0	750
aconitase	A7ZHG4	54.409	465	201	3	1	454	1	465	0.0	750
aconitase	Q57TE8	54.409	465	201	3	1	454	1	465	0.0	750
aconitase	Q2K376	54.957	464	197	3	2	453	4	467	0.0	749
aconitase	Q8YJC9	55.940	463	192	3	2	452	4	466	0.0	749
aconitase	C0RFF1	55.940	463	192	3	2	452	4	466	0.0	749
aconitase	Q7N127	52.700	463	208	3	1	452	1	463	0.0	749
aconitase	A9MQE0	54.409	465	201	3	1	454	1	465	0.0	748
aconitase	Q8EN69	59.565	460	179	2	2	454	4	463	0.0	748
aconitase	B8GQD6	55.699	465	194	4	2	454	3	467	0.0	747
aconitase	A6UE05	54.957	464	197	3	2	453	4	467	0.0	747
aconitase	P15717	54.409	465	201	3	1	454	1	465	0.0	747
aconitase	A7GMU3	66.300	454	152	1	1	453	1	454	0.0	747
aconitase	Q8UBY9	54.957	464	197	3	2	453	4	467	0.0	747
aconitase	B1JKA0	54.310	464	201	3	2	454	8	471	0.0	746
aconitase	A4TQA4	54.310	464	201	3	2	454	8	471	0.0	746
aconitase	Q1CMP7	54.310	464	201	3	2	454	8	471	0.0	746
aconitase	A9R144	54.310	464	201	3	2	454	8	471	0.0	746
aconitase	Q8ZIH0	54.310	464	201	3	2	454	8	471	0.0	746
aconitase	Q1C1Z4	54.310	464	201	3	2	454	8	471	0.0	746
aconitase	A7FM86	54.310	464	201	3	2	454	8	471	0.0	746
aconitase	A1U0Y0	56.716	469	188	4	2	455	3	471	0.0	746
aconitase	A6T015	54.506	466	200	4	1	454	1	466	0.0	746
aconitase	Q63DX6	66.960	454	149	1	1	453	1	454	0.0	746
aconitase	B7IN95	66.740	454	150	1	1	453	1	454	0.0	746
aconitase	Q73B98	66.520	454	151	1	1	453	1	454	0.0	746
aconitase	A0RBL4	66.740	454	150	1	1	453	1	454	0.0	746
aconitase	Q66EM3	54.310	464	201	3	2	454	8	471	0.0	746
aconitase	B2K4C7	54.310	464	201	3	2	454	8	471	0.0	746
aconitase	B9DMJ8	81.015	453	86	0	1	453	1	453	0.0	746
aconitase	A4FMP2	54.292	466	201	4	1	454	1	466	0.0	746
aconitase	Q81G10	66.740	454	150	1	1	453	1	454	0.0	746
aconitase	Q3SHL1	56.559	465	190	4	2	454	3	467	0.0	746
aconitase	B9KMK4	54.506	466	201	3	2	456	4	469	0.0	746
aconitase	Q3IZI8	54.506	466	201	3	2	456	4	469	0.0	746
aconitase	A3PMQ9	54.292	466	202	3	2	456	4	469	0.0	745
aconitase	B3PR22	54.741	464	198	3	2	453	4	467	0.0	745
aconitase	Q0BRH4	54.839	465	199	3	1	454	1	465	0.0	745
aconitase	A4W6H7	55.292	463	196	3	1	452	1	463	0.0	744
aconitase	Q81T66	66.960	454	149	1	1	453	1	454	0.0	744
aconitase	C3L9Q5	66.960	454	149	1	1	453	1	454	0.0	744
aconitase	C3P4Z8	66.960	454	149	1	1	453	1	454	0.0	744
aconitase	Q48K99	54.681	470	197	4	2	455	3	472	0.0	744
aconitase	Q2SJD8	57.783	469	183	4	2	455	3	471	0.0	744
aconitase	Q8FPR3	56.745	467	186	4	4	454	15	481	0.0	744
aconitase	P49601	52.754	472	205	3	2	455	3	474	0.0	743
aconitase	A4WNV5	54.292	466	202	3	2	456	4	469	0.0	743
aconitase	B2JQE1	55.983	468	192	5	1	454	1	468	0.0	743
aconitase	P44968	54.506	466	200	4	1	454	1	466	0.0	743
aconitase	B9IUZ2	66.740	454	150	1	1	453	1	454	0.0	743
aconitase	B7HKC6	66.740	454	150	1	1	453	1	454	0.0	743
aconitase	B7HHF7	66.520	454	151	1	1	453	1	454	0.0	743
aconitase	C1EMB1	66.960	454	149	1	1	453	1	454	0.0	743
aconitase	B7JFY7	66.740	454	150	1	1	453	1	454	0.0	743
aconitase	A5G0G6	54.194	465	202	3	1	454	1	465	0.0	743
aconitase	A8G9Q9	55.257	447	189	3	1	436	1	447	0.0	742
aconitase	Q4ZUZ6	54.681	470	197	4	2	455	3	472	0.0	742
aconitase	A6V2V3	55.085	472	195	4	2	456	3	474	0.0	742
aconitase	Q8F4E6	53.680	462	203	3	3	453	2	463	0.0	742
aconitase	Q72RC4	53.680	462	203	3	3	453	2	463	0.0	742
aconitase	Q1MAJ9	55.603	464	194	3	2	453	4	467	0.0	742
aconitase	Q884C2	54.797	469	196	4	2	454	3	471	0.0	742
aconitase	A4SWW8	54.487	468	199	5	1	454	1	468	0.0	742
aconitase	B5ZTI5	55.603	464	194	3	2	453	4	467	0.0	741
aconitase	A6WXG4	54.310	464	200	3	2	453	4	467	0.0	741
aconitase	A1SLW5	56.774	465	190	3	1	454	1	465	0.0	741
aconitase	B8F3W8	54.624	465	200	3	1	454	1	465	0.0	741
aconitase	Q98EF1	55.819	464	193	3	2	453	4	467	0.0	741
aconitase	Q9HZA3	55.297	472	194	4	2	456	3	474	0.0	740
aconitase	Q02PT4	55.297	472	194	4	2	456	3	474	0.0	740
aconitase	B7VBP9	55.297	472	194	4	2	456	3	474	0.0	740
aconitase	Q3SNV3	55.794	466	193	4	1	453	1	466	0.0	740
aconitase	Q2T7H8	54.487	468	199	5	1	454	1	468	0.0	740
aconitase	A1UZ32	54.701	468	198	5	1	454	1	468	0.0	740
aconitase	Q62AI6	54.701	468	198	5	1	454	1	468	0.0	740
aconitase	A2S127	54.701	468	198	5	1	454	1	468	0.0	740
aconitase	A3MBT5	54.701	468	198	5	1	454	1	468	0.0	740
aconitase	Q6HLF1	67.181	454	148	1	1	453	1	454	0.0	740
aconitase	B9JUD6	55.172	464	196	3	2	453	4	467	0.0	740
aconitase	Q63JK9	54.701	468	198	5	1	454	1	468	0.0	740
aconitase	A3NM77	54.701	468	198	5	1	454	1	468	0.0	740
aconitase	Q3JKG6	54.701	468	198	5	1	454	1	468	0.0	740
aconitase	A3P7N9	54.701	468	198	5	1	454	1	468	0.0	740
aconitase	B9JCN5	54.310	464	200	3	2	453	4	467	0.0	740
aconitase	A4TE23	52.654	471	207	4	2	456	7	477	0.0	739
aconitase	Q1ICW0	54.468	470	198	4	2	455	3	472	0.0	739
aconitase	A1T700	53.503	471	203	4	2	456	7	477	0.0	739
aconitase	Q606F2	54.957	464	197	4	2	453	3	466	0.0	739
aconitase	Q46YV7	54.060	468	201	5	1	454	1	468	0.0	739
aconitase	Q11CQ6	55.603	464	194	3	2	453	4	467	0.0	739
aconitase	Q0A9B0	55.076	463	196	4	2	452	3	465	0.0	739
aconitase	A0AZ60	54.701	468	198	5	1	454	1	468	0.0	738
aconitase	B1K377	54.701	468	198	5	1	454	1	468	0.0	738
aconitase	Q1BM55	54.701	468	198	5	1	454	1	468	0.0	738
aconitase	Q87SS9	55.054	465	198	3	1	454	1	465	0.0	738
aconitase	A7MWC3	55.269	465	197	3	1	454	1	465	0.0	738
aconitase	Q4JUX2	53.731	469	201	4	2	454	5	473	0.0	738
aconitase	O14289	52.654	471	205	4	2	454	8	478	0.0	737
aconitase	A4VKE7	55.202	471	194	4	2	455	3	473	0.0	737
aconitase	B0KF81	54.894	470	196	4	2	455	3	472	0.0	737
aconitase	Q89X34	54.292	466	200	4	1	453	1	466	0.0	737
aconitase	O86534	54.624	465	200	3	1	454	1	465	0.0	736
aconitase	A7NJH2	54.777	471	197	4	1	455	1	471	0.0	736
aconitase	Q88LE8	55.106	470	195	4	2	455	3	472	0.0	736
aconitase	A6W7Q7	54.797	469	197	4	1	454	1	469	0.0	736
aconitase	O31293	54.721	466	200	3	1	455	1	466	0.0	736
aconitase	Q07UU3	55.076	463	197	3	2	453	6	468	0.0	735
aconitase	P55811	52.229	471	208	3	1	454	1	471	0.0	735
aconitase	B1XV55	53.846	468	202	5	1	454	1	468	0.0	735
aconitase	Q393X2	54.915	468	197	5	1	454	1	468	0.0	735
aconitase	Q6ND69	54.860	463	198	3	2	453	5	467	0.0	735
aconitase	A4XVW2	54.777	471	196	4	2	455	3	473	0.0	735
aconitase	B3Q851	54.860	463	198	3	2	453	5	467	0.0	735
aconitase	Q4KF08	55.532	470	193	4	2	455	3	472	0.0	735
aconitase	Q73VI7	53.333	465	205	4	2	454	11	475	0.0	735
aconitase	Q2VZV4	55.032	467	197	4	1	454	1	467	0.0	735
aconitase	Q8DED9	54.741	464	199	3	1	453	1	464	0.0	734
aconitase	A3QIN8	55.172	464	197	3	1	453	1	464	0.0	734
aconitase	B1J530	55.106	470	195	4	2	455	3	472	0.0	734
aconitase	A6VQL0	53.433	466	205	4	1	454	1	466	0.0	734
aconitase	B1VZ03	53.763	465	204	3	1	454	1	465	0.0	734
aconitase	A0QJB7	53.548	465	204	4	2	454	11	475	0.0	734
aconitase	Q82JR8	54.194	465	202	3	1	454	1	465	0.0	734
aconitase	Q8XXX3	54.915	468	197	5	1	454	1	468	0.0	734
aconitase	B6JAQ9	55.794	466	193	4	1	453	1	466	0.0	734
aconitase	A4JMB6	55.128	468	196	5	1	454	1	468	0.0	734
aconitase	Q65V07	53.648	466	204	4	1	454	1	466	0.0	734
aconitase	Q7MP79	54.741	464	199	3	1	453	1	464	0.0	733
aconitase	B2HII1	53.548	465	204	4	2	454	8	472	0.0	733
aconitase	B8HAC9	55.957	470	191	4	1	454	1	470	0.0	732
aconitase	Q13DU7	54.860	463	198	3	2	453	6	468	0.0	732
aconitase	A3PXR2	53.518	469	202	4	2	454	7	475	0.0	732
aconitase	B1HR96	61.505	465	169	2	1	455	1	465	0.0	732
aconitase	A3M1S8	55.319	470	193	4	2	454	3	472	0.0	732
aconitase	P58949	55.957	470	190	4	2	454	3	472	0.0	732
aconitase	Q4UYG5	55.957	470	190	4	2	454	3	472	0.0	732
aconitase	Q2J3A1	55.076	463	197	3	2	453	6	468	0.0	732
aconitase	Q9CJN7	53.978	465	203	3	1	454	1	465	0.0	732
aconitase	Q5FUG3	54.409	465	201	3	2	455	7	471	0.0	732
aconitase	Q1BAQ4	53.518	469	202	4	2	454	7	475	0.0	731
aconitase	A1UEA8	53.518	469	202	4	2	454	7	475	0.0	731
aconitase	A0JXX8	56.383	470	189	4	1	454	1	470	0.0	731
aconitase	A1WAS7	55.508	472	192	6	1	454	1	472	0.0	731
aconitase	B7H0T7	55.532	470	192	4	2	454	3	472	0.0	731
aconitase	Q07WH1	55.076	463	197	3	2	453	6	468	0.0	731
aconitase	Q126M9	56.448	473	188	6	1	455	1	473	0.0	731
aconitase	Q1IMI3	56.156	463	192	3	2	453	4	466	0.0	731
aconitase	B1KKZ2	53.863	466	204	3	1	455	1	466	0.0	730
aconitase	B1LXK9	54.860	463	198	3	2	453	4	466	0.0	730
aconitase	B1ZKX6	55.508	463	195	3	2	453	4	466	0.0	730
aconitase	Q0BAC8	54.487	468	199	5	1	454	1	468	0.0	730
aconitase	B1Z1N0	54.487	468	199	5	1	454	1	468	0.0	730
aconitase	B9MDK8	55.508	472	192	6	1	454	1	472	0.0	730
aconitase	A1REY2	55.508	463	195	3	2	453	10	472	0.0	730
aconitase	A4Y2M2	55.508	463	195	3	2	453	10	472	0.0	730
aconitase	A3CZK7	55.076	463	197	3	2	453	4	466	0.0	730
aconitase	Q21CT4	54.860	463	198	3	2	453	9	471	0.0	730
aconitase	A1R7K0	56.383	470	189	4	1	454	1	470	0.0	730
aconitase	Q1QHI4	55.794	466	193	4	1	453	1	466	0.0	730
aconitase	B0USF4	53.448	464	204	4	1	452	1	464	0.0	730
aconitase	Q0I2G3	53.448	464	204	4	1	452	1	464	0.0	730
aconitase	Q9PAX0	55.626	471	192	4	2	455	3	473	0.0	730
aconitase	B8E4K6	54.860	463	198	3	2	453	4	466	0.0	730
aconitase	Q7UIA7	55.531	461	196	3	2	453	21	481	0.0	730
aconitase	Q6LV26	54.957	464	198	3	2	454	8	471	0.0	730
aconitase	P58948	55.106	470	194	4	2	454	3	472	0.0	729
aconitase	O33123	53.518	469	202	4	2	454	7	475	0.0	729
aconitase	B2I359	55.319	470	193	4	2	454	3	472	0.0	729
aconitase	B0TQM2	53.664	464	204	3	1	453	1	464	0.0	729
aconitase	B7I4E1	55.532	470	192	4	2	454	3	472	0.0	729
aconitase	Q87BP9	55.626	471	192	4	2	455	3	473	0.0	729
aconitase	B2I6I6	55.626	471	192	4	2	455	3	473	0.0	729
aconitase	A9KY15	54.860	463	198	3	2	453	4	466	0.0	729
aconitase	A6WIB7	54.860	463	198	3	2	453	4	466	0.0	729
aconitase	Q82WI9	55.128	468	195	5	3	455	2	469	0.0	729
aconitase	A0L1Q8	55.508	463	195	3	2	453	10	472	0.0	728
aconitase	A8M5I3	52.321	474	205	3	2	454	8	481	0.0	728
aconitase	A0PPZ6	53.333	465	205	4	2	454	8	472	0.0	728
aconitase	Q4QLS2	54.506	466	200	4	1	454	1	466	0.0	728
aconitase	C5CSH5	55.720	472	191	6	1	454	1	472	0.0	728
aconitase	Q3IJS4	56.371	463	191	3	1	452	1	463	0.0	728
aconitase	Q3J716	56.344	465	191	4	2	454	3	467	0.0	728
aconitase	Q9JZI5	54.095	464	200	5	2	452	3	466	0.0	728
aconitase	Q0HE67	55.508	463	195	3	2	453	10	472	0.0	727
aconitase	A1S2E2	53.996	463	202	3	1	452	1	463	0.0	727
aconitase	A5UUP5	54.255	470	199	4	2	455	3	472	0.0	727
aconitase	A1KU80	54.310	464	199	5	2	452	3	466	0.0	727
aconitase	B7KRK4	54.860	463	198	3	2	453	4	466	0.0	727
aconitase	Q74ZM9	52.229	471	207	4	2	454	6	476	0.0	727
aconitase	B4RVU9	54.409	465	200	4	1	454	1	464	0.0	727
aconitase	B0U3M6	55.414	471	193	4	2	455	3	473	0.0	727
aconitase	Q5H4D1	55.319	470	193	4	2	454	3	472	0.0	727
aconitase	B2SNH4	55.319	470	193	4	2	454	3	472	0.0	727
aconitase	Q2P765	55.319	470	193	4	2	454	3	472	0.0	727
aconitase	A8FQ85	55.172	464	197	3	1	453	1	464	0.0	727
aconitase	P07264	52.654	471	205	4	2	454	9	479	0.0	727
aconitase	Q31HI2	54.274	468	200	4	2	455	3	470	0.0	727
aconitase	Q3BPJ6	55.106	470	194	4	2	454	3	472	0.0	726
aconitase	A1TLH6	55.085	472	194	6	1	454	1	472	0.0	726
aconitase	Q8E9N4	54.860	463	198	3	2	453	10	472	0.0	726
aconitase	A9LZF7	54.095	464	200	5	2	452	3	466	0.0	726
aconitase	Q5WEN5	58.280	465	184	2	1	455	1	465	0.0	726
aconitase	A1K4A1	52.575	466	208	5	2	454	3	468	0.0	726
aconitase	Q9JU82	54.310	464	199	5	2	452	3	466	0.0	725
aconitase	B8CM41	53.448	464	205	3	1	453	1	464	0.0	725
aconitase	A5WGT5	55.106	470	194	4	2	454	9	478	0.0	725
aconitase	A1B513	53.648	466	205	3	2	456	10	475	0.0	725
aconitase	Q9EVG8	54.072	442	192	3	2	432	3	444	0.0	725
aconitase	P48573	52.677	467	207	5	1	454	1	466	0.0	725
aconitase	B4RM67	53.863	466	202	5	2	454	3	468	0.0	725
aconitase	B3GZY1	53.433	466	205	4	1	454	1	466	0.0	725
aconitase	A8H999	53.448	464	205	3	1	453	1	464	0.0	724
aconitase	O85065	52.258	465	210	4	1	454	1	464	0.0	724
aconitase	P18250	51.592	471	199	4	1	454	1	459	0.0	724
aconitase	Q6FEW0	53.830	470	200	4	2	454	8	477	0.0	724
aconitase	A5UD83	54.077	466	202	4	1	454	1	466	0.0	724
aconitase	C4LAV5	55.269	465	197	3	1	454	1	465	0.0	723
aconitase	B0BS44	53.219	466	206	4	1	454	1	466	0.0	723
aconitase	P9WQF5	51.613	465	213	4	2	454	8	472	0.0	722
aconitase	P9WQF4	51.613	465	213	4	2	454	8	472	0.0	722
aconitase	A5U6Z9	51.613	465	213	4	2	454	8	472	0.0	722
aconitase	Q6NHL0	52.677	467	205	4	4	454	13	479	0.0	722
aconitase	A3MYL1	53.433	466	205	4	1	454	1	466	0.0	722
aconitase	Q0HZT2	55.652	460	193	3	5	453	13	472	0.0	722
aconitase	Q5LX06	54.506	466	200	3	2	455	3	468	0.0	722
aconitase	Q5F8T1	53.863	466	202	5	2	454	3	468	0.0	722
aconitase	B7GNM7	54.176	467	201	5	1	454	1	467	0.0	722
aconitase	C1AGA3	51.398	465	214	4	2	454	8	472	0.0	722
aconitase	A1KMY2	51.398	465	214	4	2	454	8	472	0.0	722
aconitase	Q7TXH6	51.398	465	214	4	2	454	8	472	0.0	722
aconitase	B1MDQ1	52.665	469	206	4	2	454	7	475	0.0	722
aconitase	Q5E858	54.741	464	199	3	2	454	4	467	0.0	722
aconitase	Q2G958	52.220	473	208	4	2	456	6	478	0.0	721
aconitase	Q5YRY0	53.305	469	203	4	2	454	5	473	0.0	721
aconitase	P58946	54.390	467	197	4	4	454	15	481	0.0	721
aconitase	Q0VPI0	53.105	467	205	4	2	454	3	469	0.0	721
aconitase	A4QDS8	54.176	467	198	4	4	454	15	481	0.0	720
aconitase	Q47WG2	55.292	463	193	4	2	450	6	468	0.0	720
aconitase	A1VRR0	54.037	483	194	6	1	455	1	483	0.0	720
aconitase	A4X4C8	51.477	474	209	3	2	454	8	481	0.0	720
aconitase	B5FGH2	54.741	464	199	3	2	454	4	467	0.0	720
aconitase	Q1GDM6	56.129	465	192	3	2	454	3	467	0.0	719
aconitase	C3LR34	54.741	464	199	3	2	454	4	467	0.0	718
aconitase	Q9KP81	54.741	464	199	3	2	454	4	467	0.0	718
aconitase	A5F5E2	54.741	464	199	3	2	454	4	467	0.0	718
aconitase	Q7W931	54.506	466	200	4	1	454	1	466	0.0	718
aconitase	Q7WKH6	54.506	466	200	4	1	454	1	466	0.0	718
aconitase	P59519	53.763	465	204	3	1	454	1	465	0.0	718
aconitase	A8L567	54.409	465	201	3	1	454	1	465	0.0	717
aconitase	Q0RDK7	54.409	465	201	3	1	454	1	465	0.0	717
aconitase	A8LKJ1	55.150	466	196	4	2	455	3	467	0.0	717
aconitase	Q5P1J8	52.146	466	210	5	2	454	3	468	0.0	717
aconitase	B8EN95	53.680	462	203	3	2	452	4	465	0.0	717
aconitase	A1WY14	57.328	464	186	4	2	453	3	466	0.0	717
aconitase	Q7VY75	54.292	466	201	4	1	454	1	466	0.0	717
aconitase	Q9EVG5	52.596	443	199	3	1	432	1	443	0.0	717
aconitase	A4SR64	54.839	465	199	3	1	454	1	465	0.0	716
aconitase	B2GCB8	59.783	460	179	2	1	454	1	460	0.0	715
aconitase	Q00464	51.797	473	206	6	2	454	3	473	0.0	715
aconitase	P58945	53.333	465	206	3	1	454	1	465	0.0	715
aconitase	A0KGM7	54.624	465	200	3	1	454	1	465	0.0	715
aconitase	Q9EVI0	53.273	443	196	3	1	432	1	443	0.0	714
aconitase	Q2JPG2	50.647	464	218	4	3	455	4	467	0.0	714
aconitase	Q28W60	54.292	466	201	3	2	455	3	468	0.0	714
aconitase	B7KH96	51.178	467	216	5	1	455	1	467	0.0	714
aconitase	Q2J6W9	53.978	465	203	3	1	454	1	465	0.0	714
aconitase	Q9EVI6	51.693	443	203	3	1	432	1	443	0.0	714
aconitase	Q2JQU3	50.862	464	217	4	3	455	4	467	0.0	713
aconitase	Q03UM2	59.956	452	180	1	1	451	1	452	0.0	713
aconitase	B1WZV3	52.790	466	208	5	1	454	1	466	0.0	713
aconitase	Q9EVI3	53.394	442	195	3	1	431	1	442	0.0	713
aconitase	Q9EVH7	52.489	442	199	3	1	431	1	442	0.0	713
aconitase	B6ELJ8	54.526	464	200	3	2	454	4	467	0.0	713
aconitase	Q9EVH4	53.499	443	195	3	1	432	1	443	0.0	712
aconitase	A7H665	56.009	466	194	3	1	455	1	466	0.0	712
aconitase	Q6AFK7	53.978	465	202	4	2	454	7	471	0.0	712
aconitase	Q7NUB6	54.915	468	198	5	2	456	3	470	0.0	712
aconitase	B5ENJ1	52.891	467	208	4	2	456	3	469	0.0	711
aconitase	B7J5E0	52.891	467	208	4	2	456	3	469	0.0	711
aconitase	A8FP33	56.223	466	193	3	1	455	1	466	0.0	710
aconitase	B8HLN1	50.429	466	220	5	1	455	1	466	0.0	710
aconitase	A1W1X0	56.009	466	194	3	1	455	1	466	0.0	710
aconitase	Q44427	52.842	475	202	4	2	454	11	485	0.0	710
aconitase	Q01Z81	53.219	466	207	3	1	455	1	466	0.0	709
aconitase	B0JY97	50.108	463	222	4	2	455	3	465	0.0	709
aconitase	C1DD59	55.128	468	194	5	2	453	3	470	0.0	709
aconitase	B3PFN2	52.979	470	204	4	2	454	3	472	0.0	709
aconitase	B8GY66	54.025	472	197	5	2	454	3	473	0.0	708
aconitase	Q9ABN0	54.025	472	197	5	2	454	3	473	0.0	708
aconitase	Q21IY3	53.617	470	201	4	2	454	3	472	0.0	707
aconitase	Q1QAF2	54.894	470	195	4	2	454	3	472	0.0	707
aconitase	Q5HS78	56.009	466	194	3	1	455	1	466	0.0	707
aconitase	Q4FRU7	54.894	470	195	4	2	454	3	472	0.0	706
aconitase	B7K213	52.463	467	210	5	1	455	1	467	0.0	706
aconitase	B1MVR0	61.758	455	173	1	1	454	1	455	0.0	706
aconitase	Q9PLW1	56.009	466	194	3	1	455	3	468	0.0	705
aconitase	Q7VQJ8	51.398	465	215	3	1	454	1	465	0.0	705
aconitase	A2C088	52.473	465	210	4	2	455	3	467	0.0	704
aconitase	Q3M614	50.535	467	219	5	1	455	1	467	0.0	704
aconitase	A0L8J4	55.603	464	194	4	2	453	3	466	0.0	704
aconitase	Q16CH7	54.077	466	202	3	2	455	3	468	0.0	703
aconitase	B1XLQ6	50.215	466	220	5	1	454	1	466	0.0	703
aconitase	Q46HB8	52.688	465	209	4	2	455	3	467	0.0	703
aconitase	Q5LZF4	67.841	454	145	1	2	454	3	456	0.0	702
aconitase	A3PAX7	50.964	467	217	5	1	455	1	467	0.0	702
aconitase	Q03KB3	67.841	454	145	1	2	454	3	456	0.0	700
aconitase	Q5M406	67.621	454	146	1	2	454	3	456	0.0	700
aconitase	Q8YX02	50.107	467	221	5	1	455	1	467	0.0	699
aconitase	A2RKR3	68.202	456	143	2	2	455	3	458	0.0	699
aconitase	A8G2R6	50.321	467	220	5	1	455	1	467	0.0	698
aconitase	C5B7R2	54.409	465	201	3	1	454	1	465	0.0	698
aconitase	C5BL66	54.158	469	198	4	2	453	3	471	0.0	697
aconitase	Q5WPZ8	51.948	462	211	3	1	451	1	462	0.0	697
aconitase	Q493R2	52.688	465	209	3	1	454	1	465	0.0	697
aconitase	B4RCC2	54.123	473	197	5	2	455	3	474	0.0	697
aconitase	Q7VDT0	49.676	463	222	4	4	455	5	467	0.0	696
aconitase	P54384	50.538	465	219	4	2	455	3	467	0.0	696
aconitase	A2BUN7	50.535	467	219	5	1	455	1	467	0.0	695
aconitase	Q8G4W2	54.390	467	200	5	1	454	1	467	0.0	695
aconitase	B3DPI2	54.390	467	200	5	1	454	1	467	0.0	695
aconitase	A0ZZS7	55.246	467	196	5	1	454	1	467	0.0	695
aconitase	Q2NVW5	53.020	447	199	3	1	436	1	447	0.0	695
aconitase	B8DVN0	55.246	467	196	5	1	454	1	467	0.0	694
aconitase	Q7V336	50.535	467	219	5	1	455	1	467	0.0	694
aconitase	Q11NN8	52.688	465	210	3	1	455	1	465	0.0	693
aconitase	Q8DTG4	65.859	454	154	1	2	454	3	456	0.0	692
aconitase	Q1GR84	52.008	473	209	4	2	456	4	476	0.0	692
aconitase	Q3AN00	49.676	463	222	4	4	455	5	467	0.0	692
aconitase	A3CMJ2	66.520	454	151	1	2	454	3	456	0.0	691
aconitase	Q15QR2	54.139	447	193	4	1	436	1	446	0.0	690
aconitase	A6VX34	55.414	471	193	4	2	455	3	473	0.0	690
aconitase	A9BDM7	50.538	465	219	4	2	455	3	467	0.0	689
aconitase	Q04DA3	63.877	454	163	1	1	453	1	454	0.0	689
aconitase	A8AWP5	66.300	454	152	1	2	454	3	456	0.0	688
aconitase	Q47HR4	53.846	468	203	5	1	455	1	468	0.0	688
aconitase	Q5MZY3	50.964	467	217	5	1	455	1	467	0.0	687
aconitase	Q31LZ1	50.964	467	217	5	1	455	1	467	0.0	687
aconitase	B0CG35	51.073	466	216	5	1	454	1	466	0.0	687
aconitase	A9GL99	50.429	466	219	4	1	454	1	466	0.0	687
aconitase	Q9AIM3	66.519	451	150	1	5	454	2	452	0.0	686
aconitase	Q8DKF0	51.173	469	215	5	1	455	1	469	0.0	685
aconitase	Q7V4U5	50.540	463	218	4	4	455	5	467	0.0	685
aconitase	Q9EVE0	51.357	442	204	3	2	432	3	444	0.0	685
aconitase	Q02142	66.521	457	151	2	2	456	3	459	0.0	685
aconitase	A5CX27	51.885	451	201	5	1	436	1	450	0.0	684
aconitase	B2J3M9	50.749	467	218	5	1	455	1	467	0.0	684
aconitase	A5GIG7	50.216	462	219	4	4	454	5	466	0.0	684
aconitase	Q02YY1	67.763	456	145	2	2	455	3	458	0.0	684
aconitase	A1AW36	51.448	449	202	5	1	434	1	448	0.0	683
aconitase	Q0IDD5	49.351	462	223	4	4	454	5	466	0.0	682
aconitase	A2CCJ0	50.324	463	219	4	4	455	5	467	0.0	682
aconitase	Q5NRC5	52.866	471	204	4	2	454	5	475	0.0	680
aconitase	A2BP55	50.964	467	217	5	1	455	1	467	0.0	678
aconitase	Q9EVG2	51.357	442	204	3	1	431	1	442	0.0	678
aconitase	A1SVE7	50.972	463	217	2	1	453	1	463	0.0	676
aconitase	Q31CS6	50.964	467	217	5	1	455	1	467	0.0	672
aconitase	B1ZUZ1	49.785	466	222	4	1	454	1	466	0.0	671
aconitase	Q9ZND5	47.527	465	233	4	1	454	1	465	0.0	671
aconitase	Q72JB3	47.527	465	233	4	1	454	1	465	0.0	671
aconitase	Q64QP1	48.268	462	229	3	4	455	3	464	0.0	668
aconitase	Q5LAB1	48.268	462	229	3	4	455	3	464	0.0	668
aconitase	B8J825	50.213	470	216	5	2	455	10	477	0.0	668
aconitase	Q7ZAG7	49.460	463	222	4	4	454	5	467	0.0	667
aconitase	Q5V518	50.321	467	219	5	1	454	1	467	0.0	667
aconitase	B4UAN0	50.000	470	217	5	2	455	10	477	0.0	666
aconitase	Q7NFV7	50.225	444	210	4	4	436	7	450	0.0	666
aconitase	Q7U9J4	50.000	462	220	4	4	454	5	466	0.0	665
aconitase	A5FKC6	47.084	463	236	3	1	454	1	463	0.0	663
aconitase	Q8A6L7	48.052	462	230	3	4	455	3	464	0.0	663
aconitase	Q2IJC2	49.362	470	220	5	2	455	10	477	0.0	663
aconitase	A6L1V8	48.913	460	230	3	1	455	1	460	0.0	662
aconitase	A7HBI2	52.455	448	195	5	2	433	9	454	0.0	659
aconitase	Q3AW21	49.351	462	223	4	4	454	5	466	0.0	659
aconitase	Q2S0M6	49.247	465	223	5	4	455	5	469	0.0	657
aconitase	B9LUZ3	48.380	463	227	4	4	454	5	467	0.0	652
aconitase	Q0AT09	49.892	463	223	3	2	455	14	476	0.0	652
aconitase	Q65VS0	46.795	468	236	4	1	455	5	472	0.0	649
aconitase	Q3IRQ4	50.540	463	217	4	4	454	5	467	0.0	648
aconitase	B2UPW8	47.210	466	234	4	1	454	1	466	0.0	642
aconitase	Q8ZRJ0	44.968	467	244	4	2	455	3	469	0.0	637
aconitase	Q57SN1	44.968	467	244	4	2	455	3	469	0.0	635
aconitase	A5GWH5	49.784	462	221	4	4	454	5	466	0.0	628
aconitase	Q89X98	47.738	442	221	2	2	433	13	454	0.0	625
aconitase	O67078	36.207	464	247	8	1	455	1	424	0.0	607
aconitase	Q9AQC6	54.201	369	159	2	73	431	1	369	0.0	602
aconitase	Q8U2A1	36.245	458	251	7	2	455	3	423	0.0	597
aconitase	B4U7U5	33.843	458	259	7	1	454	1	418	0.0	593
aconitase	Q9UZ07	34.641	459	259	7	1	455	1	422	0.0	592
aconitase	Q74BX5	37.255	459	252	6	1	455	1	427	0.0	578
aconitase	B0TCR2	35.512	459	251	8	1	454	1	419	0.0	573
aconitase	Q39W70	37.744	461	247	7	1	455	1	427	0.0	573
aconitase	B5YKE0	32.533	458	266	7	1	454	1	419	0.0	572
aconitase	Q24XT4	33.043	460	264	8	1	455	1	421	0.0	568
aconitase	A5G7U4	37.310	461	249	8	1	455	1	427	0.0	566
aconitase	Q2LWJ2	32.751	458	265	7	1	454	1	419	0.0	564
aconitase	Q2RG98	34.205	459	259	7	1	455	1	420	0.0	564
aconitase	B8CX22	36.601	459	248	7	1	455	1	420	0.0	563
aconitase	B5EHU2	36.659	461	252	7	1	455	1	427	0.0	563
aconitase	Q8TVF2	35.153	458	254	7	1	455	1	418	0.0	562
aconitase	A4XJ48	32.823	457	265	7	2	454	4	422	0.0	560
aconitase	Q7M9Z9	34.573	457	261	7	1	454	1	422	0.0	555
aconitase	Q9WZ24	35.088	456	253	8	3	454	1	417	0.0	555
aconitase	O28316	36.226	461	243	10	1	454	1	417	0.0	555
aconitase	B2UYH6	33.260	457	260	8	1	452	1	417	0.0	554
aconitase	B9MLV4	32.166	457	268	7	2	454	4	422	0.0	554

Search has CONVERGED!
# BLAST processed 3 queries
