# PSIBLAST 2.6.0+
# Iteration: 1
# Query: Me-amine-deh_L | P22641.2 | WP_036750427.1 | 98.4%
# Database: /home/alex/Documents/data/local_db/swissprot
# Fields: query acc.ver, subject acc.ver, % identity, alignment length, mismatches, gap opens, q. start, q. end, s. start, s. end, evalue, bit score
# 6 hits found
Me-amine-deh_L	P22641	100.000	188	0	0	1	188	1	188	7.70e-139	387
Me-amine-deh_L	P22619	92.021	188	15	0	1	188	1	188	3.64e-128	360
Me-amine-deh_L	P00372	84.043	188	28	1	1	188	1	186	6.57e-117	332
Me-amine-deh_L	Q50425	66.489	188	61	1	1	188	1	186	1.34e-92	270
Me-amine-deh_L	Q59543	65.934	182	61	1	7	188	7	187	2.46e-81	242
Me-amine-deh_L	P84887	40.659	182	102	3	7	187	4	180	1.21e-45	151
# PSIBLAST 2.6.0+
# Iteration: 2
# Query: Me-amine-deh_L | P22641.2 | WP_036750427.1 | 98.4%
# Database: /home/alex/Documents/data/local_db/swissprot
# Fields: query acc.ver, subject acc.ver, % identity, alignment length, mismatches, gap opens, q. start, q. end, s. start, s. end, evalue, bit score
# 6 hits found
Me-amine-deh_L	P22641	100.000	188	0	0	1	188	1	188	2.39e-114	325
Me-amine-deh_L	P22619	92.021	188	15	0	1	188	1	188	3.51e-114	325
Me-amine-deh_L	P00372	84.043	188	28	1	1	188	1	186	3.46e-108	310
Me-amine-deh_L	Q50425	66.489	188	61	1	1	188	1	186	1.09e-107	308
Me-amine-deh_L	Q59543	64.362	188	66	1	1	188	1	187	1.04e-97	283
Me-amine-deh_L	P84887	40.659	182	102	3	7	187	4	180	5.09e-83	246

Search has CONVERGED!
# BLAST processed 2 queries
