# PSIBLAST 2.6.0+
# Iteration: 1
# Query: Ribosomal_L4 | Q8A477.1 | WP_008762035.1 | 96.08%
# Database: /home/alex/Documents/data/local_db/swissprot
# Fields: query acc.ver, subject acc.ver, % identity, alignment length, mismatches, gap opens, q. start, q. end, s. start, s. end, evalue, bit score
# 775 hits found
Ribosomal_L4	Q8A477	100.000	208	0	0	1	208	1	208	7.28e-151	419
Ribosomal_L4	Q64NK9	94.231	208	12	0	1	208	1	208	4.30e-143	400
Ribosomal_L4	Q5L8B0	94.231	208	12	0	1	208	1	208	4.30e-143	400
Ribosomal_L4	A6KYJ4	86.957	207	27	0	1	207	1	207	1.23e-132	373
Ribosomal_L4	A6LEJ0	76.961	204	47	0	1	204	1	204	7.78e-115	328
Ribosomal_L4	B2RLZ1	68.116	207	66	0	1	207	1	207	4.91e-102	296
Ribosomal_L4	Q7MTL4	68.116	207	66	0	1	207	1	207	5.67e-102	296
Ribosomal_L4	B6YQ84	64.734	207	71	1	1	205	1	207	3.11e-96	281
Ribosomal_L4	A6GZ98	61.275	204	79	0	1	204	1	204	1.93e-86	256
Ribosomal_L4	A0M597	57.971	207	87	0	1	207	1	207	2.20e-86	256
Ribosomal_L4	A5FMY0	58.333	204	85	0	1	204	1	204	9.78e-83	247
Ribosomal_L4	Q11QB3	53.623	207	96	0	1	207	1	207	2.58e-80	241
Ribosomal_L4	B3EUM2	56.650	203	88	0	1	203	1	203	5.17e-75	228
Ribosomal_L4	B3QY25	50.242	207	103	0	1	207	1	207	2.40e-66	206
Ribosomal_L4	B3QR77	47.826	207	108	0	1	207	1	207	1.47e-65	204
Ribosomal_L4	Q8KAH3	48.309	207	107	0	1	207	1	207	2.04e-64	201
Ribosomal_L4	A1BJ33	46.860	207	110	0	1	207	1	207	2.57e-64	200
Ribosomal_L4	B3EGY9	47.343	207	109	0	1	207	1	207	2.56e-63	198
Ribosomal_L4	A4SCR0	47.343	207	109	0	1	207	1	207	1.14e-62	196
Ribosomal_L4	Q3B6G0	46.377	207	111	0	1	207	1	207	3.28e-62	195
Ribosomal_L4	Q3APH4	48.309	207	107	0	1	207	1	207	3.78e-62	195
Ribosomal_L4	Q2S3R3	45.411	207	113	0	1	207	1	207	7.21e-62	194
Ribosomal_L4	B7GJ68	48.544	206	104	2	2	207	3	206	2.44e-60	190
Ribosomal_L4	B4S5M6	44.444	207	115	0	1	207	1	207	6.39e-59	187
Ribosomal_L4	C5D3R8	47.573	206	106	2	2	207	3	206	3.24e-58	185
Ribosomal_L4	Q5L3Z6	47.087	206	107	2	2	207	3	206	5.65e-58	184
Ribosomal_L4	P28601	47.087	206	107	2	2	207	3	206	6.37e-58	184
Ribosomal_L4	B3EP60	47.343	207	109	0	1	207	1	207	1.07e-57	184
Ribosomal_L4	A4IJJ0	47.087	206	107	2	2	207	3	206	1.26e-57	183
Ribosomal_L4	A9VP78	48.058	206	105	2	2	207	3	206	1.44e-57	183
Ribosomal_L4	Q6HPQ7	47.573	206	106	2	2	207	3	206	4.14e-57	182
Ribosomal_L4	Q63H89	47.573	206	106	2	2	207	3	206	4.14e-57	182
Ribosomal_L4	Q81J41	47.573	206	106	2	2	207	3	206	4.14e-57	182
Ribosomal_L4	B9IZJ5	47.573	206	106	2	2	207	3	206	4.14e-57	182
Ribosomal_L4	B7HQU5	47.573	206	106	2	2	207	3	206	4.14e-57	182
Ribosomal_L4	B7HJ49	47.573	206	106	2	2	207	3	206	4.14e-57	182
Ribosomal_L4	C1ET40	47.573	206	106	2	2	207	3	206	4.14e-57	182
Ribosomal_L4	B7IT20	47.573	206	106	2	2	207	3	206	4.14e-57	182
Ribosomal_L4	Q73F95	47.573	206	106	2	2	207	3	206	4.14e-57	182
Ribosomal_L4	B7JKC0	47.573	206	106	2	2	207	3	206	4.14e-57	182
Ribosomal_L4	Q81VS9	47.573	206	106	2	2	207	3	206	4.14e-57	182
Ribosomal_L4	A0R8I1	47.573	206	106	2	2	207	3	206	4.14e-57	182
Ribosomal_L4	C3LJ83	47.573	206	106	2	2	207	3	206	4.14e-57	182
Ribosomal_L4	C3P9Q6	47.573	206	106	2	2	207	3	206	4.14e-57	182
Ribosomal_L4	A7GK21	48.058	206	105	2	2	207	3	206	5.56e-57	182
Ribosomal_L4	B0K5P4	45.366	205	109	2	2	206	3	204	4.62e-55	177
Ribosomal_L4	B0KCK1	45.366	205	109	2	2	206	3	204	4.62e-55	177
Ribosomal_L4	C0ZII1	45.146	206	111	2	2	207	3	206	7.87e-55	176
Ribosomal_L4	Q8R7V5	44.660	206	111	2	2	207	3	205	2.82e-54	175
Ribosomal_L4	C4Z2T1	47.059	204	105	3	3	206	4	204	3.94e-54	174
Ribosomal_L4	A8MLE1	42.927	205	115	2	2	206	3	205	8.90e-54	174
Ribosomal_L4	Q9Z9L3	44.175	206	113	2	2	207	3	206	1.11e-53	173
Ribosomal_L4	B9E9J2	44.608	204	111	2	4	207	5	206	2.24e-53	172
Ribosomal_L4	A6TWI1	42.439	205	116	2	2	206	3	205	5.59e-53	171
Ribosomal_L4	A9KJJ3	44.608	204	110	2	3	206	4	204	5.79e-53	171
Ribosomal_L4	C4KZP5	44.175	206	113	2	2	207	3	206	6.73e-53	171
Ribosomal_L4	A4J112	45.631	206	109	2	2	207	3	205	9.24e-53	171
Ribosomal_L4	Q65PA6	45.146	206	111	2	2	207	3	206	5.67e-52	169
Ribosomal_L4	B9DM18	44.608	204	111	2	4	207	5	206	8.29e-52	169
Ribosomal_L4	Q6GEI4	44.608	204	111	2	4	207	5	206	1.20e-51	168
Ribosomal_L4	P42921	44.660	206	112	2	2	207	3	206	3.33e-51	167
Ribosomal_L4	P61060	44.118	204	112	2	4	207	5	206	4.32e-51	167
Ribosomal_L4	Q6G772	44.118	204	112	2	4	207	5	206	4.32e-51	167
Ribosomal_L4	P61059	44.118	204	112	2	4	207	5	206	4.32e-51	167
Ribosomal_L4	P61058	44.118	204	112	2	4	207	5	206	4.32e-51	167
Ribosomal_L4	A6QJ91	44.118	204	112	2	4	207	5	206	4.32e-51	167
Ribosomal_L4	Q5HDV9	44.118	204	112	2	4	207	5	206	4.32e-51	167
Ribosomal_L4	Q2YYP7	44.118	204	112	2	4	207	5	206	4.32e-51	167
Ribosomal_L4	A5IV33	44.118	204	112	2	4	207	5	206	4.32e-51	167
Ribosomal_L4	Q2FW07	44.118	204	112	2	4	207	5	206	4.32e-51	167
Ribosomal_L4	Q2FEP0	44.118	204	112	2	4	207	5	206	4.32e-51	167
Ribosomal_L4	A6U3X4	44.118	204	112	2	4	207	5	206	4.32e-51	167
Ribosomal_L4	A7X5G2	44.118	204	112	2	4	207	5	206	4.32e-51	167
Ribosomal_L4	B2G8X7	43.415	205	114	2	3	207	4	206	9.25e-51	166
Ribosomal_L4	A5VLK4	43.415	205	114	2	3	207	4	206	9.25e-51	166
Ribosomal_L4	A7Z0N9	44.175	206	113	2	2	207	3	206	1.02e-50	166
Ribosomal_L4	Q8CRG1	43.627	204	113	2	4	207	5	206	1.04e-50	166
Ribosomal_L4	Q5HM00	43.627	204	113	2	4	207	5	206	1.04e-50	166
Ribosomal_L4	C4ZBD5	45.098	204	109	2	3	206	4	204	1.43e-50	165
Ribosomal_L4	P61069	41.546	207	119	2	1	206	1	206	1.89e-50	165
Ribosomal_L4	A8F986	44.828	203	110	2	2	204	3	203	1.90e-50	165
Ribosomal_L4	Q250N1	43.689	206	114	2	2	207	3	206	2.60e-50	165
Ribosomal_L4	B1YGV1	41.748	206	118	2	2	207	3	206	4.88e-50	164
Ribosomal_L4	Q4L8B3	43.137	204	114	2	4	207	5	206	5.44e-50	164
Ribosomal_L4	B8D0C5	42.718	206	117	1	2	207	3	207	6.58e-50	164
Ribosomal_L4	Q67JU4	41.748	206	118	2	2	207	3	206	1.28e-49	163
Ribosomal_L4	Q49ZG7	43.137	204	114	2	4	207	5	206	2.41e-49	162
Ribosomal_L4	Q5WLR1	43.204	206	115	2	2	207	3	206	2.41e-49	162
Ribosomal_L4	B8G1W7	43.204	206	115	2	2	207	3	206	2.63e-49	162
Ribosomal_L4	P61055	44.271	192	106	1	16	207	16	206	4.05e-49	162
Ribosomal_L4	B8DB09	44.271	192	106	1	16	207	16	206	4.05e-49	162
Ribosomal_L4	Q71WE7	44.271	192	106	1	16	207	16	206	4.05e-49	162
Ribosomal_L4	C1KZH9	44.271	192	106	1	16	207	16	206	4.05e-49	162
Ribosomal_L4	P61054	44.271	192	106	1	16	207	16	206	4.05e-49	162
Ribosomal_L4	Q1WS91	43.902	205	113	2	3	207	4	206	4.77e-49	161
Ribosomal_L4	Q0TMP7	41.951	205	114	3	2	206	3	202	7.35e-49	161
Ribosomal_L4	B1HMX9	43.689	206	114	2	2	207	3	206	7.86e-49	161
Ribosomal_L4	Q03ZP4	45.745	188	101	1	16	203	16	202	8.04e-49	161
Ribosomal_L4	Q03EB7	42.927	205	115	2	3	207	4	206	8.67e-49	161
Ribosomal_L4	B0TC57	43.204	206	115	2	2	207	3	206	1.72e-48	160
Ribosomal_L4	A7GJ73	42.439	205	115	2	2	206	3	204	2.01e-48	160
Ribosomal_L4	C1FMV0	42.439	205	115	2	2	206	3	204	2.01e-48	160
Ribosomal_L4	A5I7K5	42.439	205	115	2	2	206	3	204	2.01e-48	160
Ribosomal_L4	A7FZ68	42.439	205	115	2	2	206	3	204	2.01e-48	160
Ribosomal_L4	A0ALW7	43.750	192	107	1	16	207	16	206	2.18e-48	160
Ribosomal_L4	B3WAL6	43.902	205	113	2	3	207	4	206	2.25e-48	160
Ribosomal_L4	B2A4E0	40.097	207	122	2	2	208	3	207	2.51e-48	160
Ribosomal_L4	Q8ETY1	45.026	191	104	1	17	207	17	206	2.96e-48	159
Ribosomal_L4	Q0SQE5	41.951	205	114	3	2	206	3	202	3.59e-48	159
Ribosomal_L4	Q839G3	44.390	205	112	2	3	207	4	206	3.59e-48	159
Ribosomal_L4	B1KSM4	41.951	205	116	2	2	206	3	204	5.75e-48	159
Ribosomal_L4	Q8XHS4	41.463	205	115	3	2	206	3	202	5.97e-48	159
Ribosomal_L4	B0RZU1	41.748	206	118	2	2	207	3	206	6.05e-48	159
Ribosomal_L4	Q890P0	40.686	204	118	2	3	206	4	204	6.69e-48	159
Ribosomal_L4	B1IGF3	41.463	205	117	2	2	206	3	204	8.78e-48	158
Ribosomal_L4	C3KVQ0	41.951	205	116	2	2	206	3	204	1.09e-47	158
Ribosomal_L4	A9NED4	42.718	206	116	2	3	208	4	207	1.24e-47	158
Ribosomal_L4	A0PXU7	39.706	204	120	2	3	206	4	204	1.37e-47	158
Ribosomal_L4	Q8E2D0	43.000	200	110	2	11	207	8	206	1.54e-47	157
Ribosomal_L4	Q8E7T7	43.000	200	110	2	11	207	8	206	1.54e-47	157
Ribosomal_L4	Q3K3W8	43.000	200	110	2	11	207	8	206	1.54e-47	157
Ribosomal_L4	A6LLL4	40.639	219	116	3	2	207	3	220	1.66e-47	158
Ribosomal_L4	Q034Y4	43.415	205	114	2	3	207	4	206	2.11e-47	157
Ribosomal_L4	B2GDW8	41.463	205	118	2	3	207	4	206	2.23e-47	157
Ribosomal_L4	B1MW13	45.213	188	102	1	16	203	16	202	4.18e-47	156
Ribosomal_L4	A4VSF5	42.439	205	116	2	3	207	4	206	5.48e-47	156
Ribosomal_L4	A4VYP4	42.439	205	116	2	3	207	4	206	5.48e-47	156
Ribosomal_L4	Q38UR3	43.415	205	114	2	3	207	4	206	7.18e-47	156
Ribosomal_L4	Q3A9R7	42.718	206	116	2	2	207	3	206	7.36e-47	156
Ribosomal_L4	Q5FM89	42.365	203	113	3	5	207	6	204	7.97e-47	155
Ribosomal_L4	Q03PV8	41.951	205	117	2	3	207	4	206	1.33e-46	155
Ribosomal_L4	A8AZM4	40.976	205	119	2	3	207	4	206	1.77e-46	155
Ribosomal_L4	Q88XY5	43.979	191	106	1	17	207	17	206	1.93e-46	155
Ribosomal_L4	A6LPR2	41.176	204	117	2	3	206	4	204	2.33e-46	154
Ribosomal_L4	B2TIH6	39.706	204	120	2	3	206	4	204	2.48e-46	154
Ribosomal_L4	B2UYB1	39.706	204	120	2	3	206	4	204	2.48e-46	154
Ribosomal_L4	A8YXK6	41.951	205	115	2	3	207	4	204	2.72e-46	154
Ribosomal_L4	A2RNQ4	41.546	207	118	3	2	207	3	207	2.78e-46	154
Ribosomal_L4	A3DJH3	40.976	205	120	1	2	206	3	206	2.81e-46	154
Ribosomal_L4	Q02W25	41.546	207	118	3	2	207	3	207	3.10e-46	154
Ribosomal_L4	A3CK64	40.488	205	120	2	3	207	4	206	3.74e-46	154
Ribosomal_L4	B1I1I9	41.379	203	117	2	5	207	6	206	4.40e-46	154
Ribosomal_L4	Q2RFP8	40.000	205	121	2	3	207	4	206	6.86e-46	153
Ribosomal_L4	Q03IF2	42.500	200	111	2	11	207	8	206	8.24e-46	153
Ribosomal_L4	Q5M2B4	42.500	200	111	2	11	207	8	206	8.24e-46	153
Ribosomal_L4	Q5LXR2	42.500	200	111	2	11	207	8	206	8.24e-46	153
Ribosomal_L4	P61065	40.580	207	121	2	1	206	1	206	8.58e-46	153
Ribosomal_L4	B8ZKF8	40.488	205	120	2	3	207	4	206	1.72e-45	152
Ribosomal_L4	B5E6F6	40.488	205	120	2	3	207	4	206	1.72e-45	152
Ribosomal_L4	Q9CDW3	41.063	207	119	3	2	207	3	207	2.30e-45	152
Ribosomal_L4	P0DE54	41.500	200	113	2	11	207	8	206	3.97e-45	151
Ribosomal_L4	P0C0D5	41.500	200	113	2	11	207	8	206	4.01e-45	151
Ribosomal_L4	P0DE55	41.500	200	113	2	11	207	8	206	4.01e-45	151
Ribosomal_L4	Q48VU8	41.500	200	113	2	11	207	8	206	4.01e-45	151
Ribosomal_L4	A2RC15	41.500	200	113	2	11	207	8	206	4.01e-45	151
Ribosomal_L4	Q1JJ61	41.500	200	113	2	11	207	8	206	4.01e-45	151
Ribosomal_L4	Q1JP16	41.500	200	113	2	11	207	8	206	4.01e-45	151
Ribosomal_L4	P60831	41.500	200	113	2	11	207	8	206	4.01e-45	151
Ribosomal_L4	Q5XED4	41.500	200	113	2	11	207	8	206	4.01e-45	151
Ribosomal_L4	P0C0D6	41.500	200	113	2	11	207	8	206	4.01e-45	151
Ribosomal_L4	B9DSV1	41.500	200	113	2	11	207	8	206	5.21e-45	151
Ribosomal_L4	C1CP89	40.000	205	121	2	3	207	4	206	5.50e-45	151
Ribosomal_L4	C1CI98	40.000	205	121	2	3	207	4	206	5.50e-45	151
Ribosomal_L4	C1CC07	40.000	205	121	2	3	207	4	206	5.50e-45	151
Ribosomal_L4	Q8CWV7	40.000	205	121	2	3	207	4	206	5.50e-45	151
Ribosomal_L4	B2IS41	40.000	205	121	2	3	207	4	206	5.50e-45	151
Ribosomal_L4	Q97SV4	40.000	205	121	2	3	207	4	206	5.50e-45	151
Ribosomal_L4	B1I8J9	40.000	205	121	2	3	207	4	206	5.50e-45	151
Ribosomal_L4	C1CAL3	40.000	205	121	2	3	207	4	206	5.50e-45	151
Ribosomal_L4	Q04MN5	40.000	205	121	2	3	207	4	206	5.50e-45	151
Ribosomal_L4	Q2NIV5	38.350	206	125	2	2	207	3	206	6.33e-45	151
Ribosomal_L4	P10135	40.097	207	122	2	1	206	1	206	7.18e-45	151
Ribosomal_L4	B5XJ37	41.000	200	114	2	11	207	8	206	7.28e-45	151
Ribosomal_L4	B8FET4	42.995	207	115	3	2	208	3	206	9.58e-45	150
Ribosomal_L4	P61067	38.350	206	125	2	2	207	3	206	1.05e-44	150
Ribosomal_L4	Q0AUI1	39.806	206	122	2	2	207	3	206	1.95e-44	150
Ribosomal_L4	Q6F1Z3	39.130	207	124	2	1	206	1	206	2.91e-44	149
Ribosomal_L4	B7IHU7	40.639	219	116	3	2	207	3	220	5.07e-44	149
Ribosomal_L4	P61064	40.976	205	117	2	3	207	4	204	8.68e-44	148
Ribosomal_L4	A7HM51	39.545	220	118	3	2	207	3	221	1.27e-43	148
Ribosomal_L4	A5D5J1	39.024	205	122	2	3	207	4	205	1.71e-43	147
Ribosomal_L4	Q04G84	40.777	206	120	2	2	207	3	206	2.46e-43	147
Ribosomal_L4	C0MCB1	41.500	200	113	2	11	207	8	206	4.42e-43	146
Ribosomal_L4	B9MKI0	39.024	205	124	1	2	206	3	206	6.50e-43	146
Ribosomal_L4	Q04C14	41.146	192	110	1	16	207	16	204	6.79e-43	145
Ribosomal_L4	Q1GBL7	41.146	192	110	1	16	207	16	204	6.79e-43	145
Ribosomal_L4	Q046C4	40.488	205	118	2	3	207	4	204	7.33e-43	145
Ribosomal_L4	A5N4P8	39.796	196	113	2	14	206	11	204	8.32e-43	145
Ribosomal_L4	B9DYB0	39.796	196	113	2	14	206	11	204	8.32e-43	145
Ribosomal_L4	C0M6G6	41.500	200	113	2	11	207	8	206	8.74e-43	145
Ribosomal_L4	B8I7Y0	40.000	205	121	2	2	206	3	205	1.59e-42	145
Ribosomal_L4	B4U501	41.000	200	114	2	11	207	8	206	2.01e-42	144
Ribosomal_L4	A4XLS9	37.561	205	127	1	2	206	3	206	2.46e-42	144
Ribosomal_L4	P61070	39.801	201	119	2	1	201	1	199	3.09e-42	144
Ribosomal_L4	B1VAE7	38.725	204	123	2	4	207	5	206	5.16e-42	144
Ribosomal_L4	B3QZZ2	39.796	196	116	2	4	199	5	198	6.41e-42	143
Ribosomal_L4	A9BHA4	37.900	219	122	3	2	207	3	220	1.31e-41	143
Ribosomal_L4	Q9ZI49	42.021	188	108	1	17	203	6	193	3.35e-41	141
Ribosomal_L4	B9K887	37.054	224	122	3	2	207	3	225	4.03e-41	142
Ribosomal_L4	Q110A8	40.488	205	116	4	5	206	6	207	7.15e-41	140
Ribosomal_L4	Q8RIF6	39.320	206	123	2	3	207	4	208	8.99e-41	140
Ribosomal_L4	Q2RQW1	40.097	207	122	2	1	207	1	205	9.51e-41	140
Ribosomal_L4	B2S2D7	38.462	208	122	3	1	206	1	204	1.05e-40	140
Ribosomal_L4	O83220	38.462	208	122	3	1	206	1	204	1.05e-40	140
Ribosomal_L4	Q97EH9	37.255	204	125	2	3	206	4	204	1.19e-40	140
Ribosomal_L4	C0Q9X2	40.099	202	118	2	3	204	4	202	2.15e-40	139
Ribosomal_L4	A8ZV58	39.320	206	121	2	3	208	4	205	2.32e-40	139
Ribosomal_L4	B5YG46	38.776	196	119	1	1	196	2	196	2.85e-40	139
Ribosomal_L4	B0C1D4	40.000	205	117	4	5	206	6	207	4.16e-40	139
Ribosomal_L4	A1VEB5	39.024	205	122	2	3	207	4	205	6.59e-40	138
Ribosomal_L4	Q72CH9	39.024	205	122	2	3	207	4	205	6.59e-40	138
Ribosomal_L4	Q3MFC0	40.191	209	119	4	1	206	2	207	2.17e-39	137
Ribosomal_L4	B6EPS6	39.267	191	114	1	17	207	11	199	2.67e-39	136
Ribosomal_L4	Q1MPR2	39.109	202	120	2	3	204	4	202	3.12e-39	136
Ribosomal_L4	O66432	40.957	188	110	1	17	203	6	193	3.59e-39	136
Ribosomal_L4	B4U745	39.683	189	112	1	17	203	6	194	3.77e-39	136
Ribosomal_L4	Q30Z43	40.976	205	118	2	3	207	4	205	4.46e-39	136
Ribosomal_L4	Q8YPI0	39.713	209	120	4	1	206	2	207	1.06e-38	135
Ribosomal_L4	P44345	40.314	191	112	1	17	207	11	199	1.16e-38	135
Ribosomal_L4	A5UHT1	40.314	191	112	1	17	207	11	199	1.16e-38	135
Ribosomal_L4	A5UDU6	40.314	191	112	1	17	207	11	199	1.16e-38	135
Ribosomal_L4	Q4QMC1	40.314	191	112	1	17	207	11	199	1.16e-38	135
Ribosomal_L4	B8IYH3	39.109	202	120	2	3	204	4	202	1.28e-38	135
Ribosomal_L4	Q87T12	38.500	200	118	2	8	207	5	199	1.47e-38	134
Ribosomal_L4	Q6AP70	37.379	206	126	2	3	208	8	210	1.79e-38	134
Ribosomal_L4	Q2LQA0	41.146	192	111	1	16	207	26	215	4.17e-38	134
Ribosomal_L4	C4XLX4	38.537	205	122	3	3	206	4	205	7.17e-38	133
Ribosomal_L4	Q9CL33	40.314	191	112	1	17	207	11	199	7.28e-38	132
Ribosomal_L4	Q211E9	37.745	204	125	2	1	204	1	202	7.80e-38	133
Ribosomal_L4	Q7VKD3	39.791	191	113	1	17	207	11	199	8.93e-38	132
Ribosomal_L4	B8IS86	38.725	204	123	2	1	204	1	202	9.07e-38	132
Ribosomal_L4	A7MWI4	38.500	200	118	2	8	207	5	199	9.53e-38	132
Ribosomal_L4	B7KHY8	39.604	202	116	4	5	203	6	204	1.05e-37	132
Ribosomal_L4	Q7MYF2	38.071	197	120	1	11	207	6	200	1.28e-37	132
Ribosomal_L4	A3Q983	37.056	197	122	1	11	207	6	200	1.40e-37	132
Ribosomal_L4	C3LRQ7	39.267	191	114	1	17	207	11	199	1.45e-37	132
Ribosomal_L4	Q9KNY5	39.267	191	114	1	17	207	11	199	1.45e-37	132
Ribosomal_L4	A5F548	39.267	191	114	1	17	207	11	199	1.45e-37	132
Ribosomal_L4	B4S092	36.041	197	124	1	11	207	6	200	1.54e-37	132
Ribosomal_L4	B5FG10	38.000	200	119	2	8	207	5	199	1.67e-37	132
Ribosomal_L4	Q5E8B4	38.000	200	119	2	8	207	5	199	1.67e-37	132
Ribosomal_L4	B0BST2	39.791	191	113	1	17	207	11	199	1.74e-37	132
Ribosomal_L4	B3GZ12	39.791	191	113	1	17	207	11	199	1.74e-37	132
Ribosomal_L4	A3N359	39.791	191	113	1	17	207	11	199	1.74e-37	132
Ribosomal_L4	B0JI02	41.262	206	115	4	4	206	5	207	1.76e-37	132
Ribosomal_L4	P49226	36.082	194	122	1	14	207	8	199	2.55e-37	131
Ribosomal_L4	Q21M56	36.538	208	128	2	1	208	1	204	2.69e-37	131
Ribosomal_L4	Q2GL58	37.681	207	127	2	1	207	1	205	3.14e-37	131
Ribosomal_L4	B2ITQ4	39.336	211	120	5	1	206	2	209	3.28e-37	131
Ribosomal_L4	A0KF22	36.735	196	122	1	12	207	7	200	4.12e-37	131
Ribosomal_L4	B7VLF6	37.000	200	121	2	8	207	5	199	4.71e-37	130
Ribosomal_L4	Q3A6P6	36.408	206	128	2	2	207	3	205	4.99e-37	130
Ribosomal_L4	C4L7T1	36.041	197	124	1	11	207	6	200	5.22e-37	130
Ribosomal_L4	Q7MPI7	38.220	191	116	1	17	207	11	199	5.42e-37	130
Ribosomal_L4	Q8DE40	38.220	191	116	1	17	207	11	199	5.42e-37	130
Ribosomal_L4	A4ST05	36.735	196	122	1	12	207	7	200	7.54e-37	130
Ribosomal_L4	Q01W93	38.743	191	116	1	17	207	17	206	8.56e-37	130
Ribosomal_L4	A1T0E1	38.265	196	119	1	12	207	7	200	1.03e-36	130
Ribosomal_L4	A0LIJ1	36.098	205	128	2	3	207	4	205	1.04e-36	130
Ribosomal_L4	A1JS46	36.548	197	123	1	11	207	6	200	1.09e-36	130
Ribosomal_L4	Q83PY4	36.041	197	124	1	11	207	6	200	1.11e-36	130
Ribosomal_L4	Q0SZY4	36.041	197	124	1	11	207	6	200	1.11e-36	130
Ribosomal_L4	B8F756	38.220	191	116	1	17	207	11	199	1.37e-36	129
Ribosomal_L4	A0KRM5	36.548	197	123	1	11	207	6	200	1.38e-36	129
Ribosomal_L4	Q8EK67	36.548	197	123	1	11	207	6	200	1.38e-36	129
Ribosomal_L4	C5BGM4	36.041	197	124	1	11	207	6	200	1.41e-36	129
Ribosomal_L4	A5ELM6	38.537	205	122	4	1	204	1	202	1.47e-36	129
Ribosomal_L4	Q0I0A4	36.548	197	123	1	11	207	6	200	1.55e-36	129
Ribosomal_L4	Q0HNT6	36.548	197	123	1	11	207	6	200	1.55e-36	129
Ribosomal_L4	A8GKJ6	36.041	197	124	1	11	207	6	200	1.87e-36	129
Ribosomal_L4	A4WFC7	36.041	197	124	1	11	207	6	200	1.93e-36	129
Ribosomal_L4	A6TEX1	36.548	197	123	1	11	207	6	200	1.95e-36	129
Ribosomal_L4	B5XN95	36.548	197	123	1	11	207	6	200	1.95e-36	129
Ribosomal_L4	Q3YWU0	36.041	197	124	1	11	207	6	200	2.15e-36	129
Ribosomal_L4	Q32B32	36.041	197	124	1	11	207	6	200	2.15e-36	129
Ribosomal_L4	Q31VV7	36.041	197	124	1	11	207	6	200	2.15e-36	129
Ribosomal_L4	B2U2T7	36.041	197	124	1	11	207	6	200	2.15e-36	129
Ribosomal_L4	P60726	36.041	197	124	1	11	207	6	200	2.15e-36	129
Ribosomal_L4	P60727	36.041	197	124	1	11	207	6	200	2.15e-36	129
Ribosomal_L4	B4TXE1	36.041	197	124	1	11	207	6	200	2.15e-36	129
Ribosomal_L4	B5BGY5	36.041	197	124	1	11	207	6	200	2.15e-36	129
Ribosomal_L4	C0Q0B5	36.041	197	124	1	11	207	6	200	2.15e-36	129
Ribosomal_L4	Q5PIV3	36.041	197	124	1	11	207	6	200	2.15e-36	129
Ribosomal_L4	B4SUT9	36.041	197	124	1	11	207	6	200	2.15e-36	129
Ribosomal_L4	B4TKL4	36.041	197	124	1	11	207	6	200	2.15e-36	129
Ribosomal_L4	B5RH16	36.041	197	124	1	11	207	6	200	2.15e-36	129
Ribosomal_L4	B5R290	36.041	197	124	1	11	207	6	200	2.15e-36	129
Ribosomal_L4	B5FJL3	36.041	197	124	1	11	207	6	200	2.15e-36	129
Ribosomal_L4	Q57J33	36.041	197	124	1	11	207	6	200	2.15e-36	129
Ribosomal_L4	A9MN48	36.041	197	124	1	11	207	6	200	2.15e-36	129
Ribosomal_L4	B5F8F1	36.041	197	124	1	11	207	6	200	2.15e-36	129
Ribosomal_L4	B7LRT5	36.041	197	124	1	11	207	6	200	2.15e-36	129
Ribosomal_L4	Q1R604	36.041	197	124	1	11	207	6	200	2.15e-36	129
Ribosomal_L4	B1LHD3	36.041	197	124	1	11	207	6	200	2.15e-36	129
Ribosomal_L4	B6I233	36.041	197	124	1	11	207	6	200	2.15e-36	129
Ribosomal_L4	B7NDU0	36.041	197	124	1	11	207	6	200	2.15e-36	129
Ribosomal_L4	P60723	36.041	197	124	1	11	207	6	200	2.15e-36	129
Ribosomal_L4	B1IPY0	36.041	197	124	1	11	207	6	200	2.15e-36	129
Ribosomal_L4	P60724	36.041	197	124	1	11	207	6	200	2.15e-36	129
Ribosomal_L4	Q0TCE2	36.041	197	124	1	11	207	6	200	2.15e-36	129
Ribosomal_L4	A1AGK6	36.041	197	124	1	11	207	6	200	2.15e-36	129
Ribosomal_L4	A8A5C4	36.041	197	124	1	11	207	6	200	2.15e-36	129
Ribosomal_L4	B1X6H0	36.041	197	124	1	11	207	6	200	2.15e-36	129
Ribosomal_L4	C4ZUH4	36.041	197	124	1	11	207	6	200	2.15e-36	129
Ribosomal_L4	B7M1N3	36.041	197	124	1	11	207	6	200	2.15e-36	129
Ribosomal_L4	B7N1A3	36.041	197	124	1	11	207	6	200	2.15e-36	129
Ribosomal_L4	B7NLN8	36.041	197	124	1	11	207	6	200	2.15e-36	129
Ribosomal_L4	B5YTP0	36.041	197	124	1	11	207	6	200	2.15e-36	129
Ribosomal_L4	P60725	36.041	197	124	1	11	207	6	200	2.15e-36	129
Ribosomal_L4	B7L4K8	36.041	197	124	1	11	207	6	200	2.15e-36	129
Ribosomal_L4	B7MCT4	36.041	197	124	1	11	207	6	200	2.15e-36	129
Ribosomal_L4	B7UK43	36.041	197	124	1	11	207	6	200	2.15e-36	129
Ribosomal_L4	A7ZSK8	36.041	197	124	1	11	207	6	200	2.15e-36	129
Ribosomal_L4	A7MPH8	36.041	197	124	1	11	207	6	200	2.15e-36	129
Ribosomal_L4	A8AQL8	36.041	197	124	1	11	207	6	200	2.15e-36	129
Ribosomal_L4	Q2IXQ9	36.275	204	128	2	1	204	1	202	2.49e-36	129
Ribosomal_L4	Q9FA03	36.967	211	125	2	1	204	1	210	2.58e-36	129
Ribosomal_L4	Q134T0	37.255	204	126	2	1	204	1	202	2.60e-36	129
Ribosomal_L4	A1S219	36.548	197	123	1	11	207	6	200	2.87e-36	129
Ribosomal_L4	A1REB5	36.548	197	123	1	11	207	6	200	2.90e-36	129
Ribosomal_L4	A4YBY2	36.548	197	123	1	11	207	6	200	2.90e-36	129
Ribosomal_L4	Q12SV8	36.548	197	123	1	11	207	6	200	2.90e-36	129
Ribosomal_L4	A9KWA3	36.548	197	123	1	11	207	6	200	2.90e-36	129
Ribosomal_L4	A6WHS9	36.548	197	123	1	11	207	6	200	2.90e-36	129
Ribosomal_L4	A3DA71	36.548	197	123	1	11	207	6	200	2.90e-36	129
Ribosomal_L4	B8EBK4	36.548	197	123	1	11	207	6	200	2.90e-36	129
Ribosomal_L4	Q0BYB5	35.294	204	129	3	1	203	1	202	2.99e-36	129
Ribosomal_L4	Q6CZX1	36.548	197	123	1	11	207	6	200	3.45e-36	128
Ribosomal_L4	Q0ANQ1	35.784	204	128	3	1	203	1	202	3.69e-36	129
Ribosomal_L4	B8HMQ5	37.561	205	122	4	5	206	6	207	3.75e-36	129
Ribosomal_L4	Q8UE19	36.275	204	128	2	1	204	1	202	3.79e-36	129
Ribosomal_L4	Q89J85	38.049	205	123	4	1	204	1	202	3.87e-36	128
Ribosomal_L4	Q07KL9	36.275	204	128	2	1	204	1	202	3.91e-36	128
Ribosomal_L4	A4YSJ3	38.049	205	123	4	1	204	1	202	3.95e-36	128
Ribosomal_L4	A8GYX7	36.224	196	123	1	12	207	7	200	3.97e-36	128
Ribosomal_L4	Q4K534	33.816	207	129	2	1	207	1	199	4.30e-36	128
Ribosomal_L4	B1JIW2	36.041	197	124	1	11	207	6	200	4.82e-36	128
Ribosomal_L4	P60731	36.041	197	124	1	11	207	6	200	4.82e-36	128
Ribosomal_L4	A4TGZ3	36.041	197	124	1	11	207	6	200	4.82e-36	128
Ribosomal_L4	Q1CCU5	36.041	197	124	1	11	207	6	200	4.82e-36	128
Ribosomal_L4	A9R8Z7	36.041	197	124	1	11	207	6	200	4.82e-36	128
Ribosomal_L4	P60730	36.041	197	124	1	11	207	6	200	4.82e-36	128
Ribosomal_L4	B2K5M9	36.041	197	124	1	11	207	6	200	4.82e-36	128
Ribosomal_L4	Q1C2U8	36.041	197	124	1	11	207	6	200	4.82e-36	128
Ribosomal_L4	A7FNN4	36.041	197	124	1	11	207	6	200	4.82e-36	128
Ribosomal_L4	Q3Z980	35.266	207	132	2	1	207	1	205	5.29e-36	128
Ribosomal_L4	A6VLI9	38.220	191	116	1	17	207	12	200	5.73e-36	128
Ribosomal_L4	B1ZLK5	36.585	205	128	2	1	205	1	203	5.83e-36	128
Ribosomal_L4	Q65QV6	38.220	191	116	1	17	207	11	199	5.88e-36	128
Ribosomal_L4	B4F1I5	36.548	197	123	1	11	207	6	200	6.04e-36	128
Ribosomal_L4	C6C186	37.563	197	120	2	3	199	4	197	6.63e-36	128
Ribosomal_L4	P55836	38.220	191	116	1	17	207	11	199	6.77e-36	127
Ribosomal_L4	B8DN97	38.614	202	121	2	3	204	4	202	9.78e-36	127
Ribosomal_L4	C4K7B7	36.041	197	124	1	11	207	6	200	1.08e-35	127
Ribosomal_L4	B3QBX9	37.255	204	126	2	1	204	1	202	1.17e-35	127
Ribosomal_L4	P61068	37.255	204	126	2	1	204	1	202	1.17e-35	127
Ribosomal_L4	A7IFY2	35.784	204	129	2	1	204	1	202	1.29e-35	127
Ribosomal_L4	C0QVZ7	36.493	211	126	2	1	204	1	210	1.36e-35	127
Ribosomal_L4	Q089Q3	36.041	197	124	1	11	207	6	200	1.40e-35	127
Ribosomal_L4	Q0I162	37.696	191	117	1	17	207	11	199	1.41e-35	127
Ribosomal_L4	A8G1E7	36.041	197	124	1	11	207	6	200	1.65e-35	127
Ribosomal_L4	B8CND4	35.714	196	124	1	12	207	7	200	1.96e-35	126
Ribosomal_L4	C3K2X5	33.333	207	130	2	1	207	1	199	2.08e-35	126
Ribosomal_L4	Q3K5Y9	33.333	207	130	2	1	207	1	199	2.39e-35	126
Ribosomal_L4	C6DG73	36.041	197	124	1	11	207	6	200	2.82e-35	126
Ribosomal_L4	Q3ZZM3	34.783	207	133	2	1	207	1	205	2.84e-35	126
Ribosomal_L4	A5FRZ0	34.783	207	133	2	1	207	1	205	2.84e-35	126
Ribosomal_L4	B0UHW8	37.745	204	125	2	1	204	1	202	2.84e-35	126
Ribosomal_L4	Q92QG9	35.122	205	131	2	1	205	1	203	2.90e-35	126
Ribosomal_L4	B1KMY2	36.041	197	124	1	11	207	6	200	2.95e-35	126
Ribosomal_L4	B8J861	36.585	205	125	3	4	207	5	205	3.13e-35	126
Ribosomal_L4	C5CGR3	40.625	224	114	4	2	207	3	225	3.38e-35	127
Ribosomal_L4	A6U860	35.122	205	131	2	1	205	1	203	3.49e-35	126
Ribosomal_L4	B0TM11	35.533	197	125	1	11	207	6	200	3.54e-35	126
Ribosomal_L4	Q48D37	33.333	207	130	2	1	207	1	199	4.32e-35	125
Ribosomal_L4	Q1D774	38.342	193	116	2	16	207	16	206	4.44e-35	125
Ribosomal_L4	B2VK63	36.041	197	124	1	11	207	6	200	5.05e-35	125
Ribosomal_L4	B1LBN9	37.500	224	121	3	2	207	3	225	5.40e-35	126
Ribosomal_L4	A5IM84	37.500	224	121	3	2	207	3	225	5.40e-35	126
Ribosomal_L4	Q28UW1	35.266	207	132	2	1	207	1	205	5.42e-35	125
Ribosomal_L4	B8GV57	37.056	197	122	1	11	207	6	200	5.87e-35	125
Ribosomal_L4	Q7NPG9	37.073	205	122	4	3	203	4	205	6.26e-35	125
Ribosomal_L4	P73319	37.561	205	122	4	5	206	6	207	6.44e-35	125
Ribosomal_L4	B0U0Y8	36.538	208	131	1	1	208	1	207	6.83e-35	125
Ribosomal_L4	B6JET4	35.784	204	129	2	1	204	1	202	7.65e-35	125
Ribosomal_L4	B0UX14	37.173	191	118	1	17	207	11	199	8.25e-35	125
Ribosomal_L4	Q0ABH4	34.783	207	132	2	1	207	1	204	9.14e-35	125
Ribosomal_L4	Q15YN8	36.735	196	122	1	12	207	7	200	9.24e-35	125
Ribosomal_L4	Q8DMN0	36.098	205	125	4	5	206	6	207	9.28e-35	125
Ribosomal_L4	Q3IF24	36.735	196	122	1	12	207	7	200	9.75e-35	125
Ribosomal_L4	Q2IJ86	35.784	204	128	2	4	207	5	205	9.80e-35	125
Ribosomal_L4	Q1MIE0	33.824	204	133	2	1	204	1	202	1.15e-34	125
Ribosomal_L4	B7K334	36.585	205	124	4	5	206	6	207	1.21e-34	125
Ribosomal_L4	Q2NQM3	35.533	197	125	1	11	207	6	200	1.25e-34	124
Ribosomal_L4	C3MAY1	34.634	205	132	2	1	205	1	203	1.38e-34	124
Ribosomal_L4	B4UBA0	35.784	204	128	2	4	207	5	205	1.38e-34	124
Ribosomal_L4	B8ELG2	38.095	210	116	4	1	204	1	202	1.41e-34	124
Ribosomal_L4	A9W4Q2	36.275	204	128	2	1	204	1	202	1.52e-34	124
Ribosomal_L4	B7L0R2	36.275	204	128	2	1	204	1	202	1.52e-34	124
Ribosomal_L4	B7V645	35.749	207	125	2	1	207	1	199	1.54e-34	124
Ribosomal_L4	B3PWS2	33.824	204	133	2	1	204	1	202	1.57e-34	124
Ribosomal_L4	Q9HWD6	35.749	207	125	2	1	207	1	199	1.66e-34	124
Ribosomal_L4	Q02T79	35.749	207	125	2	1	207	1	199	1.66e-34	124
Ribosomal_L4	A6UZI9	35.749	207	125	2	1	207	1	199	1.66e-34	124
Ribosomal_L4	Q6LVB5	36.000	200	123	2	8	207	5	199	1.72e-34	124
Ribosomal_L4	Q487Z4	36.735	196	122	1	12	207	7	200	1.78e-34	124
Ribosomal_L4	Q4ZMP5	33.333	207	130	2	1	207	1	199	1.93e-34	124
Ribosomal_L4	Q889X0	33.333	207	130	2	1	207	1	199	1.93e-34	124
Ribosomal_L4	Q2K9L5	33.659	205	134	2	1	205	1	203	2.22e-34	124
Ribosomal_L4	Q11HQ3	34.146	205	133	2	1	205	1	203	2.24e-34	124
Ribosomal_L4	B1JDW3	33.816	207	129	2	1	207	1	199	2.37e-34	124
Ribosomal_L4	Q88QN4	33.816	207	129	2	1	207	1	199	2.37e-34	124
Ribosomal_L4	B0KK68	33.816	207	129	2	1	207	1	199	2.37e-34	124
Ribosomal_L4	A5VXP8	33.816	207	129	2	1	207	1	199	2.37e-34	124
Ribosomal_L4	B9JVN8	36.585	205	128	2	1	205	1	203	2.45e-34	124
Ribosomal_L4	B3E7T6	34.634	205	131	2	3	207	4	205	2.81e-34	124
Ribosomal_L4	B9JDS9	34.634	205	132	2	1	205	1	203	3.10e-34	124
Ribosomal_L4	A1ALU2	31.707	205	137	2	3	207	4	205	3.12e-34	124
Ribosomal_L4	Q2G8X9	37.561	205	124	4	1	204	1	202	3.12e-34	124
Ribosomal_L4	B3PK38	36.715	207	127	2	1	207	1	203	3.34e-34	123
Ribosomal_L4	B9M6U4	35.437	206	130	2	2	207	3	205	3.43e-34	124
Ribosomal_L4	B5ZYT6	33.659	205	134	2	1	205	1	203	4.10e-34	123
Ribosomal_L4	A4IZT3	34.615	208	135	1	1	208	1	207	6.41e-34	123
Ribosomal_L4	Q5NHW7	34.615	208	135	1	1	208	1	207	6.41e-34	123
Ribosomal_L4	Q0BNS6	34.615	208	135	1	1	208	1	207	6.41e-34	123
Ribosomal_L4	A0Q4I4	34.615	208	135	1	1	208	1	207	6.41e-34	123
Ribosomal_L4	Q2A5G9	34.615	208	135	1	1	208	1	207	6.41e-34	123
Ribosomal_L4	A7N9S7	34.615	208	135	1	1	208	1	207	6.41e-34	123
Ribosomal_L4	Q14JB9	34.615	208	135	1	1	208	1	207	6.41e-34	123
Ribosomal_L4	Q1QDI5	35.385	195	124	1	13	207	7	199	6.88e-34	122
Ribosomal_L4	Q5QXZ1	33.816	207	130	2	1	207	1	200	7.54e-34	122
Ribosomal_L4	B1LWS7	35.784	204	129	2	1	204	1	202	1.06e-33	122
Ribosomal_L4	Q1IFW5	33.333	207	130	2	1	207	1	199	1.08e-33	122
Ribosomal_L4	A5WCJ1	34.359	195	126	1	13	207	7	199	1.33e-33	122
Ribosomal_L4	Q98N56	34.314	204	132	2	1	204	1	202	1.38e-33	122
Ribosomal_L4	O24690	41.420	169	94	3	41	206	41	207	1.49e-33	122
Ribosomal_L4	Q31L08	41.420	169	94	3	41	206	41	207	1.49e-33	122
Ribosomal_L4	B7J244	33.971	209	136	2	1	208	1	208	1.68e-33	122
Ribosomal_L4	A1TYJ8	35.385	195	124	1	13	207	8	200	1.73e-33	121
Ribosomal_L4	P49546	38.764	178	108	1	30	206	35	212	1.91e-33	122
Ribosomal_L4	B6IRQ7	37.255	204	126	2	1	204	1	202	2.13e-33	121
Ribosomal_L4	Q3SSW5	34.804	204	131	2	1	204	1	202	2.58e-33	121
Ribosomal_L4	B2SDY4	34.615	208	135	1	1	208	1	207	2.68e-33	121
Ribosomal_L4	P61063	34.146	205	132	2	3	207	4	205	3.28e-33	121
Ribosomal_L4	P94268	33.971	209	136	2	1	208	1	208	3.65e-33	121
Ribosomal_L4	Q6F7R3	33.854	192	125	1	13	204	12	201	4.12e-33	120
Ribosomal_L4	Q2W2J2	36.765	204	127	2	1	204	1	202	5.08e-33	120
Ribosomal_L4	C5BQ62	33.816	207	133	2	1	207	1	203	5.14e-33	120
Ribosomal_L4	Q8G077	33.824	204	133	2	1	204	1	202	5.19e-33	120
Ribosomal_L4	B0CH31	33.824	204	133	2	1	204	1	202	5.19e-33	120
Ribosomal_L4	A5VR05	33.824	204	133	2	1	204	1	202	5.19e-33	120
Ribosomal_L4	Q8YHN9	33.824	204	133	2	1	204	1	202	5.19e-33	120
Ribosomal_L4	C0RJK0	33.824	204	133	2	1	204	1	202	5.19e-33	120
Ribosomal_L4	A9M5P9	33.824	204	133	2	1	204	1	202	5.19e-33	120
Ribosomal_L4	Q57CQ9	33.824	204	133	2	1	204	1	202	5.19e-33	120
Ribosomal_L4	Q2YM04	33.824	204	133	2	1	204	1	202	5.19e-33	120
Ribosomal_L4	B2S678	33.824	204	133	2	1	204	1	202	5.19e-33	120
Ribosomal_L4	Q5PA59	37.019	208	129	2	1	208	1	206	5.24e-33	120
Ribosomal_L4	B9KJ69	37.019	208	129	2	1	208	1	206	5.24e-33	120
Ribosomal_L4	Q5NQ63	34.804	204	131	2	1	204	1	202	6.53e-33	120
Ribosomal_L4	A5GAW6	34.951	206	131	2	2	207	3	205	7.68e-33	120
Ribosomal_L4	A0L5X4	37.306	193	120	1	15	207	15	206	1.19e-32	119
Ribosomal_L4	Q1GK36	37.500	208	125	4	1	207	1	204	1.23e-32	119
Ribosomal_L4	Q4FUF5	34.359	195	126	1	13	207	7	199	1.24e-32	119
Ribosomal_L4	B0V6W9	33.333	192	126	1	13	204	7	196	1.27e-32	119
Ribosomal_L4	A3M982	33.333	192	126	1	13	204	7	196	1.27e-32	119
Ribosomal_L4	B0VQR9	33.333	192	126	1	13	204	7	196	1.27e-32	119
Ribosomal_L4	B2HZM1	33.333	192	126	1	13	204	7	196	1.27e-32	119
Ribosomal_L4	B7IA38	33.333	192	126	1	13	204	7	196	1.27e-32	119
Ribosomal_L4	B7GW03	33.333	192	126	1	13	204	7	196	1.27e-32	119
Ribosomal_L4	Q661E2	33.493	209	137	2	1	208	1	208	1.31e-32	119
Ribosomal_L4	Q0SN28	33.493	209	137	2	1	208	1	208	1.46e-32	119
Ribosomal_L4	Q31IY1	36.869	198	122	2	10	207	11	205	1.84e-32	119
Ribosomal_L4	Q2S913	35.079	191	122	1	17	207	13	201	1.95e-32	119
Ribosomal_L4	P51313	40.187	214	111	9	1	206	7	211	2.04e-32	119
Ribosomal_L4	Q1QN29	35.784	204	129	2	1	204	1	202	2.12e-32	119
Ribosomal_L4	A8F4R2	37.668	223	120	3	3	207	4	225	2.14e-32	119
Ribosomal_L4	P38516	38.393	224	119	3	2	207	3	225	2.43e-32	119
Ribosomal_L4	A5IHR3	36.735	196	122	1	12	207	7	200	2.89e-32	118
Ribosomal_L4	Q5ZYP2	36.735	196	122	1	12	207	8	201	2.93e-32	118
Ribosomal_L4	Q5X858	36.735	196	122	1	12	207	7	200	4.21e-32	118
Ribosomal_L4	Q5WZL1	36.735	196	122	1	12	207	7	200	4.89e-32	118
Ribosomal_L4	Q6ACZ6	36.500	200	124	3	3	201	5	202	5.00e-32	118
Ribosomal_L4	A6X0B9	33.333	204	134	2	1	204	1	202	5.01e-32	118
Ribosomal_L4	C1DKL4	33.816	207	129	2	1	207	1	199	5.36e-32	117
Ribosomal_L4	B8H4D5	37.561	205	123	4	1	203	1	202	6.65e-32	118
Ribosomal_L4	Q9A8V2	37.561	205	123	4	1	203	1	202	6.65e-32	118
Ribosomal_L4	A4VHN1	32.367	207	132	2	1	207	1	199	6.72e-32	117
Ribosomal_L4	O06114	37.438	203	124	3	1	202	3	203	7.33e-32	118
Ribosomal_L4	B0T2C3	37.864	206	121	5	1	203	1	202	7.81e-32	117
Ribosomal_L4	Q82X87	34.896	192	122	2	17	207	16	205	1.13e-31	117
Ribosomal_L4	A0QSD2	37.438	203	124	3	1	202	3	203	1.20e-31	117
Ribosomal_L4	Q39Y05	34.146	205	132	2	3	207	4	205	1.25e-31	117
Ribosomal_L4	A1WVC1	32.850	207	136	2	1	207	1	204	1.31e-31	117
Ribosomal_L4	A4WVK7	35.610	205	128	3	1	204	1	202	1.40e-31	117
Ribosomal_L4	C6E4Q6	34.466	206	132	2	2	207	3	205	1.49e-31	117
Ribosomal_L4	B5EFQ1	34.466	206	132	2	2	207	3	205	1.49e-31	117
Ribosomal_L4	Q98PY2	35.602	191	119	4	19	207	103	291	1.55e-31	119
Ribosomal_L4	Q1LTD7	37.879	198	121	1	11	208	6	201	1.61e-31	116
Ribosomal_L4	A7HBL9	36.098	205	126	3	4	207	5	205	1.85e-31	116
# PSIBLAST 2.6.0+
# Iteration: 2
# Query: Ribosomal_L4 | Q8A477.1 | WP_008762035.1 | 96.08%
# Database: /home/alex/Documents/data/local_db/swissprot
# Fields: query acc.ver, subject acc.ver, % identity, alignment length, mismatches, gap opens, q. start, q. end, s. start, s. end, evalue, bit score
# 813 hits found
Ribosomal_L4	P28601	47.087	206	107	2	2	207	3	206	3.44e-119	339
Ribosomal_L4	Q5L3Z6	47.087	206	107	2	2	207	3	206	2.70e-118	337
Ribosomal_L4	A4IJJ0	47.087	206	107	2	2	207	3	206	6.28e-118	336
Ribosomal_L4	C5D3R8	47.573	206	106	2	2	207	3	206	2.45e-117	334
Ribosomal_L4	B7GJ68	48.544	206	104	2	2	207	3	206	3.29e-117	334
Ribosomal_L4	Q9Z9L3	44.175	206	113	2	2	207	3	206	2.24e-115	329
Ribosomal_L4	Q5WLR1	43.204	206	115	2	2	207	3	206	9.51e-115	328
Ribosomal_L4	Q65PA6	45.146	206	111	2	2	207	3	206	7.06e-113	323
Ribosomal_L4	A9VP78	48.058	206	105	2	2	207	3	206	1.47e-112	323
Ribosomal_L4	A7GK21	48.058	206	105	2	2	207	3	206	1.55e-112	323
Ribosomal_L4	Q6HPQ7	47.573	206	106	2	2	207	3	206	1.87e-112	322
Ribosomal_L4	Q63H89	47.573	206	106	2	2	207	3	206	1.87e-112	322
Ribosomal_L4	Q81J41	47.573	206	106	2	2	207	3	206	1.87e-112	322
Ribosomal_L4	B9IZJ5	47.573	206	106	2	2	207	3	206	1.87e-112	322
Ribosomal_L4	B7HQU5	47.573	206	106	2	2	207	3	206	1.87e-112	322
Ribosomal_L4	B7HJ49	47.573	206	106	2	2	207	3	206	1.87e-112	322
Ribosomal_L4	C1ET40	47.573	206	106	2	2	207	3	206	1.87e-112	322
Ribosomal_L4	B7IT20	47.573	206	106	2	2	207	3	206	1.87e-112	322
Ribosomal_L4	Q73F95	47.573	206	106	2	2	207	3	206	1.87e-112	322
Ribosomal_L4	B7JKC0	47.573	206	106	2	2	207	3	206	1.87e-112	322
Ribosomal_L4	Q81VS9	47.573	206	106	2	2	207	3	206	1.87e-112	322
Ribosomal_L4	A0R8I1	47.573	206	106	2	2	207	3	206	1.87e-112	322
Ribosomal_L4	C3LJ83	47.573	206	106	2	2	207	3	206	1.87e-112	322
Ribosomal_L4	C3P9Q6	47.573	206	106	2	2	207	3	206	1.87e-112	322
Ribosomal_L4	C4KZP5	44.175	206	113	2	2	207	3	206	5.08e-112	321
Ribosomal_L4	B1HMX9	43.689	206	114	2	2	207	3	206	1.01e-111	320
Ribosomal_L4	B0K5P4	45.366	205	109	2	2	206	3	204	1.12e-111	320
Ribosomal_L4	B0KCK1	45.366	205	109	2	2	206	3	204	1.12e-111	320
Ribosomal_L4	B1YGV1	41.748	206	118	2	2	207	3	206	1.42e-111	320
Ribosomal_L4	P42921	44.660	206	112	2	2	207	3	206	7.95e-111	318
Ribosomal_L4	A4J112	45.631	206	109	2	2	207	3	205	1.42e-110	317
Ribosomal_L4	A8F986	44.660	206	112	2	2	207	3	206	4.39e-110	316
Ribosomal_L4	A7Z0N9	44.175	206	113	2	2	207	3	206	8.03e-110	316
Ribosomal_L4	P61060	44.118	204	112	2	4	207	5	206	1.50e-109	315
Ribosomal_L4	Q6G772	44.118	204	112	2	4	207	5	206	1.50e-109	315
Ribosomal_L4	P61059	44.118	204	112	2	4	207	5	206	1.50e-109	315
Ribosomal_L4	P61058	44.118	204	112	2	4	207	5	206	1.50e-109	315
Ribosomal_L4	A6QJ91	44.118	204	112	2	4	207	5	206	1.50e-109	315
Ribosomal_L4	Q5HDV9	44.118	204	112	2	4	207	5	206	1.50e-109	315
Ribosomal_L4	Q2YYP7	44.118	204	112	2	4	207	5	206	1.50e-109	315
Ribosomal_L4	A5IV33	44.118	204	112	2	4	207	5	206	1.50e-109	315
Ribosomal_L4	Q2FW07	44.118	204	112	2	4	207	5	206	1.50e-109	315
Ribosomal_L4	Q2FEP0	44.118	204	112	2	4	207	5	206	1.50e-109	315
Ribosomal_L4	A6U3X4	44.118	204	112	2	4	207	5	206	1.50e-109	315
Ribosomal_L4	A7X5G2	44.118	204	112	2	4	207	5	206	1.50e-109	315
Ribosomal_L4	C0ZII1	45.146	206	111	2	2	207	3	206	1.89e-109	314
Ribosomal_L4	A5D5J1	39.024	205	122	2	3	207	4	205	1.95e-109	314
Ribosomal_L4	Q6GEI4	44.608	204	111	2	4	207	5	206	2.37e-109	314
Ribosomal_L4	B9E9J2	44.118	204	112	2	4	207	5	206	4.29e-109	314
Ribosomal_L4	B0TC57	42.233	206	117	2	2	207	3	206	5.00e-109	314
Ribosomal_L4	Q8R7V5	44.660	206	111	2	2	207	3	205	5.27e-109	313
Ribosomal_L4	B1I1I9	41.176	204	118	2	4	207	5	206	1.15e-108	312
Ribosomal_L4	Q38UR3	43.415	205	114	2	3	207	4	206	2.86e-108	312
Ribosomal_L4	B9DM18	44.608	204	111	2	4	207	5	206	4.15e-108	311
Ribosomal_L4	Q2RFP8	40.000	205	121	2	3	207	4	206	4.53e-108	311
Ribosomal_L4	Q8ETY1	43.204	206	115	2	2	207	3	206	4.73e-108	311
Ribosomal_L4	Q03EB7	42.927	205	115	2	3	207	4	206	5.33e-108	311
Ribosomal_L4	Q3A9R7	42.233	206	117	2	2	207	3	206	8.35e-108	310
Ribosomal_L4	C4Z2T1	45.588	204	108	2	3	206	4	204	8.82e-108	310
Ribosomal_L4	A8MLE1	42.927	205	115	2	2	206	3	205	2.32e-107	309
Ribosomal_L4	A9KJJ3	44.608	204	110	2	3	206	4	204	2.47e-107	309
Ribosomal_L4	Q4L8B3	43.137	204	114	2	4	207	5	206	4.09e-107	309
Ribosomal_L4	Q8CRG1	43.627	204	113	2	4	207	5	206	9.21e-107	308
Ribosomal_L4	Q5HM00	43.627	204	113	2	4	207	5	206	9.21e-107	308
Ribosomal_L4	A0PXU7	39.706	204	120	2	3	206	4	204	1.12e-106	307
Ribosomal_L4	Q1WS91	43.902	205	113	2	3	207	4	206	1.38e-106	307
Ribosomal_L4	P61055	41.748	206	118	2	2	207	3	206	1.54e-106	307
Ribosomal_L4	B8DB09	41.748	206	118	2	2	207	3	206	1.54e-106	307
Ribosomal_L4	Q71WE7	41.748	206	118	2	2	207	3	206	1.54e-106	307
Ribosomal_L4	C1KZH9	41.748	206	118	2	2	207	3	206	1.54e-106	307
Ribosomal_L4	P61054	41.748	206	118	2	2	207	3	206	1.54e-106	307
Ribosomal_L4	B2A4E0	40.097	207	122	2	2	208	3	207	1.92e-106	307
Ribosomal_L4	A6TWI1	42.439	205	116	2	2	206	3	205	2.26e-106	307
Ribosomal_L4	A0ALW7	41.262	206	119	2	2	207	3	206	2.44e-106	307
Ribosomal_L4	Q49ZG7	43.137	204	114	2	4	207	5	206	3.62e-106	306
Ribosomal_L4	Q890P0	40.686	204	118	2	3	206	4	204	4.50e-106	306
Ribosomal_L4	B3WAL6	43.902	205	113	2	3	207	4	206	5.93e-106	306
Ribosomal_L4	B0RZU1	41.748	206	118	2	2	207	3	206	9.40e-106	305
Ribosomal_L4	Q67JU4	41.748	206	118	2	2	207	3	206	9.71e-106	305
Ribosomal_L4	A3DJH3	40.976	205	120	1	2	206	3	206	1.06e-105	305
Ribosomal_L4	Q21M56	36.538	208	128	2	1	208	1	204	1.39e-105	305
Ribosomal_L4	A0KF22	36.548	197	123	1	11	207	6	200	1.44e-105	304
Ribosomal_L4	A4ST05	36.548	197	123	1	11	207	6	200	2.21e-105	304
Ribosomal_L4	B3PK38	36.715	207	127	2	1	207	1	203	4.10e-105	304
Ribosomal_L4	B3QR77	47.826	207	108	0	1	207	1	207	4.41e-105	304
Ribosomal_L4	Q034Y4	43.415	205	114	2	3	207	4	206	7.62e-105	303
Ribosomal_L4	A8AZM4	40.976	205	119	2	3	207	4	206	1.38e-104	302
Ribosomal_L4	Q839G3	44.390	205	112	2	3	207	4	206	2.16e-104	302
Ribosomal_L4	A3CK64	40.488	205	120	2	3	207	4	206	2.38e-104	302
Ribosomal_L4	C4L7T1	35.266	207	127	2	1	207	1	200	3.31e-104	301
Ribosomal_L4	A6LPR2	41.176	204	117	2	3	206	4	204	3.68e-104	301
Ribosomal_L4	A7GJ73	42.439	205	115	2	2	206	3	204	5.29e-104	301
Ribosomal_L4	C1FMV0	42.439	205	115	2	2	206	3	204	5.29e-104	301
Ribosomal_L4	A5I7K5	42.439	205	115	2	2	206	3	204	5.29e-104	301
Ribosomal_L4	A7FZ68	42.439	205	115	2	2	206	3	204	5.29e-104	301
Ribosomal_L4	Q0AUI1	39.806	206	122	2	2	207	3	206	5.35e-104	301
Ribosomal_L4	B1IGF3	41.463	205	117	2	2	206	3	204	6.16e-104	301
Ribosomal_L4	C4ZBD5	45.098	204	109	2	3	206	4	204	8.29e-104	300
Ribosomal_L4	Q87T12	38.647	207	119	3	1	207	1	199	8.76e-104	300
Ribosomal_L4	A6LLL4	40.639	219	116	3	2	207	3	220	9.16e-104	301
Ribosomal_L4	C3LRQ7	37.681	207	121	2	1	207	1	199	9.88e-104	300
Ribosomal_L4	Q9KNY5	37.681	207	121	2	1	207	1	199	9.88e-104	300
Ribosomal_L4	A5F548	37.681	207	121	2	1	207	1	199	9.88e-104	300
Ribosomal_L4	C3KVQ0	41.951	205	116	2	2	206	3	204	1.15e-103	300
Ribosomal_L4	Q3IF24	35.749	207	126	2	1	207	1	200	1.17e-103	300
Ribosomal_L4	Q7MYF2	37.198	207	123	2	1	207	1	200	1.33e-103	299
Ribosomal_L4	B5FG10	38.164	207	120	3	1	207	1	199	1.50e-103	299
Ribosomal_L4	Q5E8B4	38.164	207	120	3	1	207	1	199	1.50e-103	299
Ribosomal_L4	B9MKI0	39.024	205	124	1	2	206	3	206	1.52e-103	300
Ribosomal_L4	A4XLS9	37.561	205	127	1	2	206	3	206	1.68e-103	299
Ribosomal_L4	B1KSM4	41.951	205	116	2	2	206	3	204	2.22e-103	299
Ribosomal_L4	Q03PV8	41.951	205	117	2	3	207	4	206	3.49e-103	299
Ribosomal_L4	Q8E2D0	41.951	205	117	2	3	207	4	206	3.52e-103	299
Ribosomal_L4	Q8E7T7	41.951	205	117	2	3	207	4	206	3.52e-103	299
Ribosomal_L4	Q3K3W8	41.951	205	117	2	3	207	4	206	3.52e-103	299
Ribosomal_L4	B9DSV1	40.488	205	120	2	3	207	4	206	3.80e-103	299
Ribosomal_L4	A4SCR0	47.343	207	109	0	1	207	1	207	3.90e-103	299
Ribosomal_L4	B4S092	35.266	207	127	2	1	207	1	200	4.20e-103	298
Ribosomal_L4	B4F1I5	35.749	207	126	2	1	207	1	200	4.59e-103	298
Ribosomal_L4	Q250N1	43.689	206	114	2	2	207	3	206	4.89e-103	298
Ribosomal_L4	A1T0E1	37.198	207	123	2	1	207	1	200	5.12e-103	298
Ribosomal_L4	C1CP89	40.000	205	121	2	3	207	4	206	5.64e-103	298
Ribosomal_L4	C1CI98	40.000	205	121	2	3	207	4	206	5.64e-103	298
Ribosomal_L4	C1CC07	40.000	205	121	2	3	207	4	206	5.64e-103	298
Ribosomal_L4	Q8CWV7	40.000	205	121	2	3	207	4	206	5.64e-103	298
Ribosomal_L4	B2IS41	40.000	205	121	2	3	207	4	206	5.64e-103	298
Ribosomal_L4	Q97SV4	40.000	205	121	2	3	207	4	206	5.64e-103	298
Ribosomal_L4	B1I8J9	40.000	205	121	2	3	207	4	206	5.64e-103	298
Ribosomal_L4	C1CAL3	40.000	205	121	2	3	207	4	206	5.64e-103	298
Ribosomal_L4	Q04MN5	40.000	205	121	2	3	207	4	206	5.64e-103	298
Ribosomal_L4	A5N4P8	38.235	204	123	2	3	206	4	204	5.70e-103	298
Ribosomal_L4	B9DYB0	38.235	204	123	2	3	206	4	204	5.70e-103	298
Ribosomal_L4	B7VLF6	37.198	207	122	3	1	207	1	199	5.77e-103	298
Ribosomal_L4	B8ZKF8	40.488	205	120	2	3	207	4	206	6.30e-103	298
Ribosomal_L4	B5E6F6	40.488	205	120	2	3	207	4	206	6.30e-103	298
Ribosomal_L4	Q7MPI7	36.715	207	123	2	1	207	1	199	6.50e-103	298
Ribosomal_L4	Q8DE40	36.715	207	123	2	1	207	1	199	6.50e-103	298
Ribosomal_L4	Q5QXZ1	33.816	207	130	2	1	207	1	200	6.66e-103	298
Ribosomal_L4	A4WFC7	35.266	207	127	2	1	207	1	200	8.38e-103	297
Ribosomal_L4	P0DE54	40.488	205	120	2	3	207	4	206	9.55e-103	297
Ribosomal_L4	Q6LVB5	36.232	207	124	3	1	207	1	199	9.86e-103	297
Ribosomal_L4	A4VSF5	42.439	205	116	2	3	207	4	206	1.10e-102	297
Ribosomal_L4	A4VYP4	42.439	205	116	2	3	207	4	206	1.10e-102	297
Ribosomal_L4	B6EPS6	37.681	207	121	2	1	207	1	199	1.18e-102	297
Ribosomal_L4	B2TIH6	39.706	204	120	2	3	206	4	204	1.19e-102	297
Ribosomal_L4	B2UYB1	39.706	204	120	2	3	206	4	204	1.19e-102	297
Ribosomal_L4	A1JS46	36.232	207	125	2	1	207	1	200	1.37e-102	297
Ribosomal_L4	P0C0D5	40.488	205	120	2	3	207	4	206	1.42e-102	297
Ribosomal_L4	P0DE55	40.488	205	120	2	3	207	4	206	1.42e-102	297
Ribosomal_L4	Q48VU8	40.488	205	120	2	3	207	4	206	1.42e-102	297
Ribosomal_L4	A2RC15	40.488	205	120	2	3	207	4	206	1.42e-102	297
Ribosomal_L4	Q1JJ61	40.488	205	120	2	3	207	4	206	1.42e-102	297
Ribosomal_L4	Q1JP16	40.488	205	120	2	3	207	4	206	1.42e-102	297
Ribosomal_L4	P60831	40.488	205	120	2	3	207	4	206	1.42e-102	297
Ribosomal_L4	Q5XED4	40.488	205	120	2	3	207	4	206	1.42e-102	297
Ribosomal_L4	P0C0D6	40.488	205	120	2	3	207	4	206	1.42e-102	297
Ribosomal_L4	Q64NK9	94.231	208	12	0	1	208	1	208	1.47e-102	297
Ribosomal_L4	Q5L8B0	94.231	208	12	0	1	208	1	208	1.47e-102	297
Ribosomal_L4	C5BQ62	33.816	207	133	2	1	207	1	203	1.57e-102	297
Ribosomal_L4	Q3YWU0	35.266	207	127	2	1	207	1	200	1.75e-102	297
Ribosomal_L4	Q32B32	35.266	207	127	2	1	207	1	200	1.75e-102	297
Ribosomal_L4	Q31VV7	35.266	207	127	2	1	207	1	200	1.75e-102	297
Ribosomal_L4	B2U2T7	35.266	207	127	2	1	207	1	200	1.75e-102	297
Ribosomal_L4	P60726	35.266	207	127	2	1	207	1	200	1.75e-102	297
Ribosomal_L4	P60727	35.266	207	127	2	1	207	1	200	1.75e-102	297
Ribosomal_L4	B4TXE1	35.266	207	127	2	1	207	1	200	1.75e-102	297
Ribosomal_L4	B5BGY5	35.266	207	127	2	1	207	1	200	1.75e-102	297
Ribosomal_L4	C0Q0B5	35.266	207	127	2	1	207	1	200	1.75e-102	297
Ribosomal_L4	Q5PIV3	35.266	207	127	2	1	207	1	200	1.75e-102	297
Ribosomal_L4	B4SUT9	35.266	207	127	2	1	207	1	200	1.75e-102	297
Ribosomal_L4	B4TKL4	35.266	207	127	2	1	207	1	200	1.75e-102	297
Ribosomal_L4	B5RH16	35.266	207	127	2	1	207	1	200	1.75e-102	297
Ribosomal_L4	B5R290	35.266	207	127	2	1	207	1	200	1.75e-102	297
Ribosomal_L4	B5FJL3	35.266	207	127	2	1	207	1	200	1.75e-102	297
Ribosomal_L4	Q57J33	35.266	207	127	2	1	207	1	200	1.75e-102	297
Ribosomal_L4	A9MN48	35.266	207	127	2	1	207	1	200	1.75e-102	297
Ribosomal_L4	B5F8F1	35.266	207	127	2	1	207	1	200	1.75e-102	297
Ribosomal_L4	B7LRT5	35.266	207	127	2	1	207	1	200	1.75e-102	297
Ribosomal_L4	Q1R604	35.266	207	127	2	1	207	1	200	1.75e-102	297
Ribosomal_L4	B1LHD3	35.266	207	127	2	1	207	1	200	1.75e-102	297
Ribosomal_L4	B6I233	35.266	207	127	2	1	207	1	200	1.75e-102	297
Ribosomal_L4	B7NDU0	35.266	207	127	2	1	207	1	200	1.75e-102	297
Ribosomal_L4	P60723	35.266	207	127	2	1	207	1	200	1.75e-102	297
Ribosomal_L4	B1IPY0	35.266	207	127	2	1	207	1	200	1.75e-102	297
Ribosomal_L4	P60724	35.266	207	127	2	1	207	1	200	1.75e-102	297
Ribosomal_L4	Q0TCE2	35.266	207	127	2	1	207	1	200	1.75e-102	297
Ribosomal_L4	A1AGK6	35.266	207	127	2	1	207	1	200	1.75e-102	297
Ribosomal_L4	A8A5C4	35.266	207	127	2	1	207	1	200	1.75e-102	297
Ribosomal_L4	B1X6H0	35.266	207	127	2	1	207	1	200	1.75e-102	297
Ribosomal_L4	C4ZUH4	35.266	207	127	2	1	207	1	200	1.75e-102	297
Ribosomal_L4	B7M1N3	35.266	207	127	2	1	207	1	200	1.75e-102	297
Ribosomal_L4	B7N1A3	35.266	207	127	2	1	207	1	200	1.75e-102	297
Ribosomal_L4	B7NLN8	35.266	207	127	2	1	207	1	200	1.75e-102	297
Ribosomal_L4	B5YTP0	35.266	207	127	2	1	207	1	200	1.75e-102	297
Ribosomal_L4	P60725	35.266	207	127	2	1	207	1	200	1.75e-102	297
Ribosomal_L4	B7L4K8	35.266	207	127	2	1	207	1	200	1.75e-102	297
Ribosomal_L4	B7MCT4	35.266	207	127	2	1	207	1	200	1.75e-102	297
Ribosomal_L4	B7UK43	35.266	207	127	2	1	207	1	200	1.75e-102	297
Ribosomal_L4	A7ZSK8	35.266	207	127	2	1	207	1	200	1.75e-102	297
Ribosomal_L4	A7MPH8	35.266	207	127	2	1	207	1	200	1.75e-102	297
Ribosomal_L4	A8AQL8	35.266	207	127	2	1	207	1	200	1.75e-102	297
Ribosomal_L4	B8G1W7	43.204	206	115	2	2	207	3	206	1.80e-102	297
Ribosomal_L4	Q6CZX1	35.749	207	126	2	1	207	1	200	1.84e-102	297
Ribosomal_L4	B8F756	36.715	207	123	2	1	207	1	199	1.99e-102	296
Ribosomal_L4	B5XJ37	40.000	205	121	2	3	207	4	206	2.01e-102	297
Ribosomal_L4	Q0TMP7	41.951	205	114	3	2	206	3	202	2.31e-102	296
Ribosomal_L4	P55836	36.715	207	123	2	1	207	1	199	2.32e-102	296
Ribosomal_L4	A6TEX1	35.749	207	126	2	1	207	1	200	2.40e-102	296
Ribosomal_L4	B5XN95	35.749	207	126	2	1	207	1	200	2.40e-102	296
Ribosomal_L4	B3EGY9	47.343	207	109	0	1	207	1	207	2.56e-102	297
Ribosomal_L4	Q0SQE5	41.951	205	114	3	2	206	3	202	2.69e-102	296
Ribosomal_L4	Q8A477	100.000	208	0	0	1	208	1	208	3.33e-102	296
Ribosomal_L4	Q83PY4	35.266	207	127	2	1	207	1	200	4.02e-102	296
Ribosomal_L4	Q0SZY4	35.266	207	127	2	1	207	1	200	4.02e-102	296
Ribosomal_L4	A1BJ33	46.860	207	110	0	1	207	1	207	4.15e-102	296
Ribosomal_L4	B1JIW2	35.266	207	127	2	1	207	1	200	5.46e-102	296
Ribosomal_L4	P60731	35.266	207	127	2	1	207	1	200	5.46e-102	296
Ribosomal_L4	A4TGZ3	35.266	207	127	2	1	207	1	200	5.46e-102	296
Ribosomal_L4	Q1CCU5	35.266	207	127	2	1	207	1	200	5.46e-102	296
Ribosomal_L4	A9R8Z7	35.266	207	127	2	1	207	1	200	5.46e-102	296
Ribosomal_L4	P60730	35.266	207	127	2	1	207	1	200	5.46e-102	296
Ribosomal_L4	B2K5M9	35.266	207	127	2	1	207	1	200	5.46e-102	296
Ribosomal_L4	Q1C2U8	35.266	207	127	2	1	207	1	200	5.46e-102	296
Ribosomal_L4	A7FNN4	35.266	207	127	2	1	207	1	200	5.46e-102	296
Ribosomal_L4	C6DG73	35.266	207	127	2	1	207	1	200	7.25e-102	295
Ribosomal_L4	B7IHU7	40.639	219	116	3	2	207	3	220	8.62e-102	296
Ribosomal_L4	A5WCJ1	34.359	195	126	1	13	207	7	199	9.22e-102	295
Ribosomal_L4	B9K887	36.607	224	123	3	2	207	3	225	9.92e-102	296
Ribosomal_L4	Q8XHS4	41.463	205	115	3	2	206	3	202	1.05e-101	295
Ribosomal_L4	Q1QDI5	35.385	195	124	1	13	207	7	199	1.23e-101	294
Ribosomal_L4	Q03IF2	41.463	205	118	2	3	207	4	206	1.24e-101	295
Ribosomal_L4	Q5M2B4	41.463	205	118	2	3	207	4	206	1.24e-101	295
Ribosomal_L4	Q5LXR2	41.463	205	118	2	3	207	4	206	1.24e-101	295
Ribosomal_L4	A8GKJ6	35.266	207	127	2	1	207	1	200	1.42e-101	294
Ribosomal_L4	C5BGM4	35.266	207	127	2	1	207	1	200	1.46e-101	294
Ribosomal_L4	Q15YN8	35.749	207	126	2	1	207	1	200	1.84e-101	294
Ribosomal_L4	Q4FUF5	34.359	195	126	1	13	207	7	199	1.94e-101	294
Ribosomal_L4	Q4K534	33.816	207	129	2	1	207	1	199	2.01e-101	294
Ribosomal_L4	P44345	38.647	207	119	2	1	207	1	199	2.01e-101	294
Ribosomal_L4	A5UHT1	38.647	207	119	2	1	207	1	199	2.01e-101	294
Ribosomal_L4	A5UDU6	38.647	207	119	2	1	207	1	199	2.01e-101	294
Ribosomal_L4	Q4QMC1	38.647	207	119	2	1	207	1	199	2.01e-101	294
Ribosomal_L4	Q9CL33	38.647	207	119	2	1	207	1	199	2.61e-101	294
Ribosomal_L4	A7MWI4	38.647	207	119	3	1	207	1	199	2.98e-101	294
Ribosomal_L4	Q88XY5	42.439	205	116	2	3	207	4	206	3.11e-101	294
Ribosomal_L4	Q8KAH3	48.309	207	107	0	1	207	1	207	3.40e-101	294
Ribosomal_L4	A1REB5	35.749	207	126	2	1	207	1	200	3.71e-101	293
Ribosomal_L4	A4YBY2	35.749	207	126	2	1	207	1	200	3.71e-101	293
Ribosomal_L4	Q12SV8	35.749	207	126	2	1	207	1	200	3.71e-101	293
Ribosomal_L4	A9KWA3	35.749	207	126	2	1	207	1	200	3.71e-101	293
Ribosomal_L4	A6WHS9	35.749	207	126	2	1	207	1	200	3.71e-101	293
Ribosomal_L4	A3DA71	35.749	207	126	2	1	207	1	200	3.71e-101	293
Ribosomal_L4	B8EBK4	35.749	207	126	2	1	207	1	200	3.71e-101	293
Ribosomal_L4	B2G8X7	43.415	205	114	2	3	207	4	206	4.51e-101	293
Ribosomal_L4	A5VLK4	43.415	205	114	2	3	207	4	206	4.51e-101	293
Ribosomal_L4	Q2RQW1	40.097	207	122	2	1	207	1	205	4.55e-101	293
Ribosomal_L4	Q3K5Y9	33.333	207	130	2	1	207	1	199	4.77e-101	293
Ribosomal_L4	B8D0C5	42.718	206	117	1	2	207	3	207	5.22e-101	293
Ribosomal_L4	Q089Q3	35.266	207	127	2	1	207	1	200	5.88e-101	293
Ribosomal_L4	A3Q983	36.232	207	125	2	1	207	1	200	7.48e-101	292
Ribosomal_L4	A6VLI9	36.715	207	124	2	1	207	1	200	7.56e-101	292
Ribosomal_L4	B2VK63	35.266	207	127	2	1	207	1	200	7.65e-101	292
Ribosomal_L4	B0BST2	38.164	207	120	2	1	207	1	199	8.24e-101	292
Ribosomal_L4	B3GZ12	38.164	207	120	2	1	207	1	199	8.24e-101	292
Ribosomal_L4	A3N359	38.164	207	120	2	1	207	1	199	8.24e-101	292
Ribosomal_L4	C3K2X5	33.333	207	130	2	1	207	1	199	1.00e-100	292
Ribosomal_L4	A8GYX7	35.266	207	127	2	1	207	1	200	1.11e-100	292
Ribosomal_L4	Q5FM89	41.951	205	115	3	3	207	4	204	1.26e-100	292
Ribosomal_L4	Q487Z4	35.749	207	126	2	1	207	1	200	1.34e-100	292
Ribosomal_L4	A6KYJ4	86.957	207	27	0	1	207	1	207	1.43e-100	292
Ribosomal_L4	Q9HWD6	36.139	202	124	2	6	207	3	199	1.46e-100	292
Ribosomal_L4	Q02T79	36.139	202	124	2	6	207	3	199	1.46e-100	292
Ribosomal_L4	A6UZI9	36.139	202	124	2	6	207	3	199	1.46e-100	292
Ribosomal_L4	Q48D37	33.333	207	130	2	1	207	1	199	1.51e-100	292
Ribosomal_L4	A8G1E7	35.266	207	127	2	1	207	1	200	1.52e-100	292
Ribosomal_L4	Q7VKD3	38.164	207	120	2	1	207	1	199	1.61e-100	292
Ribosomal_L4	Q0ABH4	34.783	207	132	2	1	207	1	204	1.62e-100	292
Ribosomal_L4	B7V645	36.139	202	124	2	6	207	3	199	1.77e-100	292
Ribosomal_L4	B0TM11	34.783	207	128	2	1	207	1	200	1.86e-100	292
Ribosomal_L4	Q4ZMP5	33.333	207	130	2	1	207	1	199	1.96e-100	291
Ribosomal_L4	Q889X0	33.333	207	130	2	1	207	1	199	1.96e-100	291
Ribosomal_L4	Q2S913	34.300	207	130	3	1	207	1	201	2.24e-100	291
Ribosomal_L4	Q97EH9	37.255	204	125	2	3	206	4	204	2.35e-100	291
Ribosomal_L4	A1TYJ8	34.300	207	129	2	1	207	1	200	2.36e-100	291
Ribosomal_L4	Q2NQM3	34.783	207	128	2	1	207	1	200	2.42e-100	291
Ribosomal_L4	A0KRM5	35.749	207	126	2	1	207	1	200	2.55e-100	291
Ribosomal_L4	Q8EK67	35.749	207	126	2	1	207	1	200	2.55e-100	291
Ribosomal_L4	Q0I0A4	35.749	207	126	2	1	207	1	200	2.64e-100	291
Ribosomal_L4	Q0HNT6	35.749	207	126	2	1	207	1	200	2.64e-100	291
Ribosomal_L4	B1JDW3	33.816	207	129	2	1	207	1	199	3.00e-100	291
Ribosomal_L4	Q88QN4	33.816	207	129	2	1	207	1	199	3.00e-100	291
Ribosomal_L4	B0KK68	33.816	207	129	2	1	207	1	199	3.00e-100	291
Ribosomal_L4	A5VXP8	33.816	207	129	2	1	207	1	199	3.00e-100	291
Ribosomal_L4	Q65QV6	36.715	207	123	2	1	207	1	199	3.24e-100	291
Ribosomal_L4	B1KMY2	35.266	207	127	2	1	207	1	200	3.58e-100	291
Ribosomal_L4	Q1IFW5	33.333	207	130	2	1	207	1	199	3.66e-100	291
Ribosomal_L4	A9BHA4	37.443	219	123	3	2	207	3	220	3.81e-100	292
Ribosomal_L4	Q6AP70	37.379	206	126	2	3	208	8	210	3.84e-100	291
Ribosomal_L4	Q3APH4	48.309	207	107	0	1	207	1	207	4.17e-100	291
Ribosomal_L4	C0M6G6	40.488	205	120	2	3	207	4	206	4.36e-100	291
Ribosomal_L4	Q3B6G0	46.377	207	111	0	1	207	1	207	5.31e-100	291
Ribosomal_L4	A4VHN1	32.673	202	131	2	6	207	3	199	5.54e-100	290
Ribosomal_L4	C0MCB1	40.488	205	120	2	3	207	4	206	7.45e-100	290
Ribosomal_L4	Q04C14	39.706	204	119	3	4	207	5	204	8.66e-100	290
Ribosomal_L4	Q1GBL7	39.706	204	119	3	4	207	5	204	8.66e-100	290
Ribosomal_L4	Q02W25	40.777	206	121	1	2	207	3	207	1.21e-99	290
Ribosomal_L4	B8I7Y0	40.000	205	121	2	2	206	3	205	1.29e-99	290
Ribosomal_L4	A6LEJ0	76.961	204	47	0	1	204	1	204	1.35e-99	290
Ribosomal_L4	A6W391	32.367	207	133	2	1	207	1	200	1.36e-99	289
Ribosomal_L4	Q0I162	36.232	207	124	2	1	207	1	199	1.38e-99	289
Ribosomal_L4	Q9CDW3	40.291	206	122	1	2	207	3	207	1.52e-99	289
Ribosomal_L4	B8IS86	38.164	207	126	2	1	207	1	205	1.57e-99	289
Ribosomal_L4	B8CND4	34.783	207	128	2	1	207	1	200	1.75e-99	289
Ribosomal_L4	Q8UE19	35.749	207	131	2	1	207	1	205	1.85e-99	289
Ribosomal_L4	P61064	40.976	205	117	3	3	207	4	204	1.88e-99	289
Ribosomal_L4	B4U501	40.000	205	121	2	3	207	4	206	1.89e-99	289
Ribosomal_L4	Q04G84	40.291	206	121	2	2	207	3	206	2.00e-99	289
Ribosomal_L4	P49226	34.783	207	127	2	1	207	1	199	2.20e-99	289
Ribosomal_L4	A2RNQ4	40.777	206	121	1	2	207	3	207	2.46e-99	289
Ribosomal_L4	P61069	41.546	207	119	2	1	206	1	206	2.52e-99	289
Ribosomal_L4	A8YXK6	41.951	205	115	3	3	207	4	204	2.62e-99	289
Ribosomal_L4	Q0VSK2	31.818	198	133	1	10	207	4	199	3.10e-99	289
Ribosomal_L4	Q03ZP4	43.689	206	114	2	2	207	3	206	3.45e-99	289
Ribosomal_L4	A1S219	35.749	207	126	2	1	207	1	200	3.61e-99	288
Ribosomal_L4	A9NED4	42.233	206	117	2	3	208	4	207	3.73e-99	289
Ribosomal_L4	B1MW13	43.204	206	115	2	2	207	3	206	4.49e-99	288
Ribosomal_L4	B0UX14	35.749	207	125	2	1	207	1	199	4.96e-99	288
Ribosomal_L4	Q211E9	37.198	207	128	2	1	207	1	205	5.40e-99	288
Ribosomal_L4	A0LIJ1	36.098	205	128	2	3	207	4	205	6.37e-99	288
Ribosomal_L4	C1DKL4	34.158	202	128	2	6	207	3	199	8.39e-99	287
Ribosomal_L4	A6U860	34.783	207	133	2	1	207	1	205	9.86e-99	287
Ribosomal_L4	A7HM51	39.545	220	118	3	2	207	3	221	1.10e-98	288
Ribosomal_L4	A6GZ98	60.870	207	81	0	1	207	1	207	1.25e-98	287
Ribosomal_L4	B9JVN8	36.232	207	130	2	1	207	1	205	1.38e-98	287
Ribosomal_L4	Q046C4	40.488	205	118	3	3	207	4	204	1.51e-98	287
Ribosomal_L4	Q2L2F7	29.808	208	141	3	1	207	1	204	1.78e-98	287
Ribosomal_L4	B4S5M6	44.444	207	115	0	1	207	1	207	1.93e-98	287
Ribosomal_L4	Q92QG9	34.783	207	133	2	1	207	1	205	2.27e-98	286
Ribosomal_L4	A9IIZ9	30.288	208	140	3	1	207	1	204	2.73e-98	286
Ribosomal_L4	Q39KG6	30.769	208	140	3	1	207	1	205	2.79e-98	286
Ribosomal_L4	C3MAY1	34.300	207	134	2	1	207	1	205	2.82e-98	286
Ribosomal_L4	A4XZ89	33.663	202	129	2	6	207	3	199	2.96e-98	286
Ribosomal_L4	B3PWS2	33.333	207	136	2	1	207	1	205	2.98e-98	286
Ribosomal_L4	A4G9T7	30.288	208	141	3	1	207	1	205	2.98e-98	286
Ribosomal_L4	Q2K9L5	33.333	207	136	2	1	207	1	205	3.08e-98	286
Ribosomal_L4	A4IZT3	34.615	208	135	1	1	208	1	207	3.22e-98	286
Ribosomal_L4	Q5NHW7	34.615	208	135	1	1	208	1	207	3.22e-98	286
Ribosomal_L4	Q0BNS6	34.615	208	135	1	1	208	1	207	3.22e-98	286
Ribosomal_L4	A0Q4I4	34.615	208	135	1	1	208	1	207	3.22e-98	286
Ribosomal_L4	Q2A5G9	34.615	208	135	1	1	208	1	207	3.22e-98	286
Ribosomal_L4	A7N9S7	34.615	208	135	1	1	208	1	207	3.22e-98	286
Ribosomal_L4	Q14JB9	34.615	208	135	1	1	208	1	207	3.22e-98	286
Ribosomal_L4	B2GDW8	41.463	205	118	2	3	207	4	206	3.56e-98	286
Ribosomal_L4	A4JAP1	30.769	208	140	3	1	207	1	205	3.71e-98	286
Ribosomal_L4	Q0BJ45	30.769	208	140	3	1	207	1	205	3.71e-98	286
Ribosomal_L4	A0K3M6	30.769	208	140	3	1	207	1	205	3.71e-98	286
Ribosomal_L4	B1JU23	30.769	208	140	3	1	207	1	205	3.71e-98	286
Ribosomal_L4	Q1BRU9	30.769	208	140	3	1	207	1	205	3.71e-98	286
Ribosomal_L4	B1YRD1	30.769	208	140	3	1	207	1	205	3.71e-98	286
Ribosomal_L4	B6JET4	35.266	207	132	2	1	207	1	205	4.05e-98	286
Ribosomal_L4	Q1R0H4	34.653	202	129	2	6	207	3	201	4.07e-98	286
Ribosomal_L4	B1ZLK5	36.232	207	130	2	1	207	1	205	4.23e-98	286
Ribosomal_L4	Q11HQ3	33.816	207	135	2	1	207	1	205	4.32e-98	286
Ribosomal_L4	B0UHW8	37.198	207	128	2	1	207	1	205	5.33e-98	286
Ribosomal_L4	B4E5C1	30.769	208	140	3	1	207	1	205	5.75e-98	286
Ribosomal_L4	Q11QB3	53.623	207	96	0	1	207	1	207	6.22e-98	286
Ribosomal_L4	A9ADJ4	31.731	208	138	3	1	207	1	205	7.90e-98	285
Ribosomal_L4	P61067	37.864	206	126	2	2	207	3	206	8.26e-98	285
Ribosomal_L4	B0U0Y8	36.538	208	131	1	1	208	1	207	8.45e-98	285
Ribosomal_L4	B6IRQ7	37.198	207	128	2	1	207	1	205	8.91e-98	285
Ribosomal_L4	Q1MIE0	33.333	207	136	2	1	207	1	205	1.06e-97	285
Ribosomal_L4	Q2SU28	32.212	208	137	3	1	207	1	205	1.06e-97	285
Ribosomal_L4	Q63Q12	32.212	208	137	3	1	207	1	205	1.06e-97	285
Ribosomal_L4	A3NEH8	32.212	208	137	3	1	207	1	205	1.06e-97	285
Ribosomal_L4	Q3JMR4	32.212	208	137	3	1	207	1	205	1.06e-97	285
Ribosomal_L4	A3P0B2	32.212	208	137	3	1	207	1	205	1.06e-97	285
Ribosomal_L4	A1V8A2	32.212	208	137	3	1	207	1	205	1.06e-97	285
Ribosomal_L4	Q62GK6	32.212	208	137	3	1	207	1	205	1.06e-97	285
Ribosomal_L4	A2S7H7	32.212	208	137	3	1	207	1	205	1.06e-97	285
Ribosomal_L4	A3MRV5	32.212	208	137	3	1	207	1	205	1.06e-97	285
Ribosomal_L4	B2SDY4	34.615	208	135	1	1	208	1	207	1.23e-97	285
Ribosomal_L4	B8D848	33.816	207	130	2	1	207	1	200	1.28e-97	284
Ribosomal_L4	P57590	33.816	207	130	2	1	207	1	200	1.28e-97	284
Ribosomal_L4	Q07KL9	35.749	207	131	2	1	207	1	205	1.37e-97	284
Ribosomal_L4	A1WVC1	32.850	207	136	2	1	207	1	204	1.46e-97	284
Ribosomal_L4	Q2IXQ9	35.749	207	131	2	1	207	1	205	1.54e-97	284
Ribosomal_L4	B3QBX9	36.715	207	129	2	1	207	1	205	1.78e-97	284
Ribosomal_L4	P61068	36.715	207	129	2	1	207	1	205	1.78e-97	284
Ribosomal_L4	A6T3K3	30.769	208	140	3	1	207	1	205	2.58e-97	284
Ribosomal_L4	B7KHY8	38.537	205	120	4	5	206	6	207	2.86e-97	284
Ribosomal_L4	Q7W2F5	30.769	208	139	3	1	207	1	204	3.03e-97	284
Ribosomal_L4	Q7WRC4	30.769	208	139	3	1	207	1	204	3.03e-97	284
Ribosomal_L4	C4LL51	35.266	207	131	3	1	206	4	208	3.06e-97	284
Ribosomal_L4	A7IFY2	35.266	207	132	2	1	207	1	205	3.54e-97	284
Ribosomal_L4	C4XLX4	37.561	205	125	2	3	207	4	205	3.89e-97	284
Ribosomal_L4	C4K7B7	36.041	197	124	1	11	207	6	200	3.97e-97	283
Ribosomal_L4	Q134T0	36.715	207	129	2	1	207	1	205	3.99e-97	283
Ribosomal_L4	B3QZZ2	37.864	206	126	2	2	207	3	206	4.18e-97	283
Ribosomal_L4	A5FMY0	57.971	207	87	0	1	207	1	207	4.73e-97	283
Ribosomal_L4	Q7VTD2	30.769	208	139	3	1	207	1	204	4.75e-97	283
Ribosomal_L4	Q1QN29	35.266	207	132	2	1	207	1	205	5.19e-97	283
Ribosomal_L4	B8D9U6	33.816	207	130	2	1	207	1	200	5.69e-97	283
Ribosomal_L4	B9JDS9	34.300	207	134	2	1	207	1	205	5.73e-97	283
Ribosomal_L4	Q3SSW5	34.300	207	134	2	1	207	1	205	6.54e-97	283
Ribosomal_L4	B5ZYT6	33.333	207	136	2	1	207	1	205	7.70e-97	282
Ribosomal_L4	Q13TH1	29.327	208	143	3	1	207	1	205	8.41e-97	282
Ribosomal_L4	B2T750	29.327	208	143	3	1	207	1	205	8.41e-97	282
Ribosomal_L4	Q2NIV5	37.864	206	126	2	2	207	3	206	9.09e-97	282
Ribosomal_L4	B4RQX9	30.622	209	141	3	1	208	1	206	1.16e-96	282
Ribosomal_L4	Q5F5S8	30.622	209	141	3	1	208	1	206	1.16e-96	282
Ribosomal_L4	A0QSD2	36.946	203	125	3	1	202	3	203	1.17e-96	282
Ribosomal_L4	Q47JA2	32.212	208	138	3	1	207	1	206	1.55e-96	282
Ribosomal_L4	Q1MPR2	39.024	205	122	2	3	207	4	205	1.59e-96	282
Ribosomal_L4	A4YSJ3	35.749	207	131	2	1	207	1	205	1.87e-96	282
Ribosomal_L4	Q6F1Z3	39.130	207	124	2	1	206	1	206	1.98e-96	282
Ribosomal_L4	Q2W2J2	36.715	207	129	2	1	207	1	205	2.00e-96	282
Ribosomal_L4	B1LWS7	35.266	207	132	2	1	207	1	205	2.02e-96	282
Ribosomal_L4	B2JIG5	29.808	208	142	3	1	207	1	205	2.06e-96	282
Ribosomal_L4	Q6F7R3	33.854	192	125	1	13	204	12	201	2.54e-96	281
Ribosomal_L4	Q89J85	35.749	207	131	2	1	207	1	205	2.93e-96	281
Ribosomal_L4	Q8DMN0	36.098	205	125	4	5	206	6	207	2.95e-96	281
Ribosomal_L4	Q5P331	34.135	208	133	3	1	207	1	205	3.03e-96	281
Ribosomal_L4	B1VAE7	38.350	206	125	2	2	207	3	206	3.03e-96	281
Ribosomal_L4	A1KRH4	30.144	209	142	3	1	208	1	206	3.06e-96	281
Ribosomal_L4	P61057	30.144	209	142	3	1	208	1	206	3.06e-96	281
Ribosomal_L4	P61056	30.144	209	142	3	1	208	1	206	3.06e-96	281
Ribosomal_L4	A9M3W5	30.144	209	142	3	1	208	1	206	3.06e-96	281
Ribosomal_L4	B8GV57	36.232	207	125	2	1	207	1	200	3.18e-96	281
Ribosomal_L4	A5ELM6	36.232	207	130	2	1	207	1	205	3.38e-96	281
Ribosomal_L4	Q7MTL4	68.116	207	66	0	1	207	1	207	3.95e-96	281
Ribosomal_L4	A9W4Q2	35.749	207	131	2	1	207	1	205	4.54e-96	281
Ribosomal_L4	B7L0R2	35.749	207	131	2	1	207	1	205	4.54e-96	281
Ribosomal_L4	C6C186	36.585	205	127	2	3	207	4	205	4.59e-96	281
Ribosomal_L4	B2RLZ1	68.116	207	66	0	1	207	1	207	7.06e-96	280
Ribosomal_L4	Q3A6P6	36.408	206	128	2	2	207	3	205	7.51e-96	280
Ribosomal_L4	B8FET4	41.546	207	118	2	2	208	3	206	7.51e-96	280
Ribosomal_L4	A1VEB5	39.024	205	122	2	3	207	4	205	1.18e-95	280
Ribosomal_L4	Q72CH9	39.024	205	122	2	3	207	4	205	1.18e-95	280
Ribosomal_L4	B3QY25	50.242	207	103	0	1	207	1	207	1.24e-95	280
Ribosomal_L4	O06114	36.946	203	125	3	1	202	3	203	1.51e-95	280
Ribosomal_L4	A2SLF6	30.288	208	141	3	1	207	1	205	1.84e-95	279
Ribosomal_L4	P61065	40.580	207	121	2	1	206	1	206	1.93e-95	279
Ribosomal_L4	B0V6W9	33.333	192	126	1	13	204	7	196	2.13e-95	279
Ribosomal_L4	A3M982	33.333	192	126	1	13	204	7	196	2.13e-95	279
Ribosomal_L4	B0VQR9	33.333	192	126	1	13	204	7	196	2.13e-95	279
Ribosomal_L4	B2HZM1	33.333	192	126	1	13	204	7	196	2.13e-95	279
Ribosomal_L4	B7IA38	33.333	192	126	1	13	204	7	196	2.13e-95	279
Ribosomal_L4	B7GW03	33.333	192	126	1	13	204	7	196	2.13e-95	279
Ribosomal_L4	A0M597	57.971	207	87	0	1	207	1	207	2.15e-95	279
Ribosomal_L4	Q3MFC0	39.423	208	120	4	2	206	3	207	2.60e-95	279
Ribosomal_L4	P10135	40.097	207	122	2	1	206	1	206	3.06e-95	279
Ribosomal_L4	Q2LQA0	39.706	204	120	2	4	207	15	215	3.13e-95	279
Ribosomal_L4	Q8G077	33.333	207	136	2	1	207	1	205	3.76e-95	278
Ribosomal_L4	B0CH31	33.333	207	136	2	1	207	1	205	3.76e-95	278
Ribosomal_L4	A5VR05	33.333	207	136	2	1	207	1	205	3.76e-95	278
Ribosomal_L4	Q8YHN9	33.333	207	136	2	1	207	1	205	3.76e-95	278
Ribosomal_L4	C0RJK0	33.333	207	136	2	1	207	1	205	3.76e-95	278
Ribosomal_L4	A9M5P9	33.333	207	136	2	1	207	1	205	3.76e-95	278
Ribosomal_L4	Q57CQ9	33.333	207	136	2	1	207	1	205	3.76e-95	278
Ribosomal_L4	Q2YM04	33.333	207	136	2	1	207	1	205	3.76e-95	278
Ribosomal_L4	B2S678	33.333	207	136	2	1	207	1	205	3.76e-95	278
Ribosomal_L4	B5YG46	37.931	203	125	1	1	203	2	203	3.78e-95	279
Ribosomal_L4	A6X0B9	32.850	207	137	2	1	207	1	205	4.89e-95	278
Ribosomal_L4	Q0K620	29.327	208	143	3	1	207	1	205	5.05e-95	278
Ribosomal_L4	B3R7S2	29.327	208	143	3	1	207	1	205	5.76e-95	278
Ribosomal_L4	Q46WE5	29.327	208	143	3	1	207	1	205	5.76e-95	278
Ribosomal_L4	B0C1D4	39.512	205	118	4	5	206	6	207	5.79e-95	278
Ribosomal_L4	Q8YPI0	38.942	208	121	4	2	206	3	207	6.97e-95	278
Ribosomal_L4	C1DAR8	33.654	208	134	3	1	207	1	205	9.02e-95	277
Ribosomal_L4	B3EP60	47.343	207	109	0	1	207	1	207	1.15e-94	277
Ribosomal_L4	B8ELG2	36.232	207	130	2	1	207	1	205	1.43e-94	277
Ribosomal_L4	Q1LI38	29.327	208	143	3	1	207	1	205	2.42e-94	276
Ribosomal_L4	Q98N56	33.816	207	135	2	1	207	1	205	3.14e-94	276
Ribosomal_L4	Q1BDA6	35.323	201	127	3	3	202	5	203	5.11e-94	276
Ribosomal_L4	A1UBN7	35.323	201	127	3	3	202	5	203	5.11e-94	276
Ribosomal_L4	A3PVC2	35.323	201	127	3	3	202	5	203	5.11e-94	276
Ribosomal_L4	P73319	36.098	205	125	4	5	206	6	207	5.22e-94	276
Ribosomal_L4	Q6A6M7	35.149	202	128	3	3	203	7	206	6.96e-94	279
Ribosomal_L4	B1Y8I6	29.327	208	143	3	1	207	1	205	7.14e-94	275
Ribosomal_L4	Q110A8	39.512	205	118	4	5	206	6	207	7.43e-94	275
Ribosomal_L4	Q8XV13	28.365	208	145	3	1	207	1	205	9.39e-94	275
Ribosomal_L4	B0JI02	41.262	206	115	4	4	206	5	207	1.03e-93	275
Ribosomal_L4	Q28UW1	35.266	207	132	2	1	207	1	205	1.22e-93	274
Ribosomal_L4	Q31IY1	34.783	207	133	1	1	207	1	205	1.25e-93	274
Ribosomal_L4	B2UEL8	28.365	208	145	3	1	207	1	205	1.41e-93	274
Ribosomal_L4	Q7NQF3	33.173	208	135	3	1	207	1	205	1.52e-93	274
Ribosomal_L4	C0Q9X2	39.024	205	122	2	3	207	4	205	1.92e-93	274
Ribosomal_L4	B7K334	35.610	205	126	4	5	206	6	207	1.97e-93	274
Ribosomal_L4	A5EX81	30.918	207	137	2	1	207	1	201	2.29e-93	274
Ribosomal_L4	Q8K951	31.884	207	134	2	1	207	1	200	2.37e-93	274
Ribosomal_L4	A1TJ08	29.327	208	143	3	1	207	1	205	3.10e-93	274
Ribosomal_L4	O24690	35.610	205	126	4	5	206	6	207	3.11e-93	274
Ribosomal_L4	Q31L08	35.610	205	126	4	5	206	6	207	3.11e-93	274
Ribosomal_L4	A4SUW2	28.846	208	144	3	1	207	1	205	3.90e-93	273
Ribosomal_L4	Q83ES3	30.435	207	141	2	1	207	1	204	4.49e-93	273
Ribosomal_L4	A9NAM5	30.435	207	141	2	1	207	1	204	4.49e-93	273
Ribosomal_L4	A1W2Q8	29.327	208	143	3	1	207	1	205	4.59e-93	273
Ribosomal_L4	B9MB74	29.327	208	143	3	1	207	1	205	4.59e-93	273
Ribosomal_L4	Q3J8R5	30.918	207	141	1	1	207	1	205	4.69e-93	273
Ribosomal_L4	B8HMQ5	37.561	205	122	4	5	206	6	207	5.15e-93	273
# PSIBLAST 2.6.0+
# Iteration: 3
# Query: Ribosomal_L4 | Q8A477.1 | WP_008762035.1 | 96.08%
# Database: /home/alex/Documents/data/local_db/swissprot
# Fields: query acc.ver, subject acc.ver, % identity, alignment length, mismatches, gap opens, q. start, q. end, s. start, s. end, evalue, bit score
# 845 hits found
Ribosomal_L4	P28601	47.087	206	107	2	2	207	3	206	3.77e-116	331
Ribosomal_L4	Q5L3Z6	47.087	206	107	2	2	207	3	206	2.99e-115	329
Ribosomal_L4	A4IJJ0	47.087	206	107	2	2	207	3	206	5.29e-115	329
Ribosomal_L4	C5D3R8	47.573	206	106	2	2	207	3	206	7.60e-115	328
Ribosomal_L4	B7GJ68	48.544	206	104	2	2	207	3	206	1.95e-114	327
Ribosomal_L4	Q9Z9L3	44.175	206	113	2	2	207	3	206	4.89e-113	324
Ribosomal_L4	Q5WLR1	43.204	206	115	2	2	207	3	206	6.65e-113	323
Ribosomal_L4	A9VP78	48.058	206	105	2	2	207	3	206	1.56e-110	317
Ribosomal_L4	Q6HPQ7	47.573	206	106	2	2	207	3	206	1.94e-110	317
Ribosomal_L4	Q63H89	47.573	206	106	2	2	207	3	206	1.94e-110	317
Ribosomal_L4	Q81J41	47.573	206	106	2	2	207	3	206	1.94e-110	317
Ribosomal_L4	B9IZJ5	47.573	206	106	2	2	207	3	206	1.94e-110	317
Ribosomal_L4	B7HQU5	47.573	206	106	2	2	207	3	206	1.94e-110	317
Ribosomal_L4	B7HJ49	47.573	206	106	2	2	207	3	206	1.94e-110	317
Ribosomal_L4	C1ET40	47.573	206	106	2	2	207	3	206	1.94e-110	317
Ribosomal_L4	B7IT20	47.573	206	106	2	2	207	3	206	1.94e-110	317
Ribosomal_L4	Q73F95	47.573	206	106	2	2	207	3	206	1.94e-110	317
Ribosomal_L4	B7JKC0	47.573	206	106	2	2	207	3	206	1.94e-110	317
Ribosomal_L4	Q81VS9	47.573	206	106	2	2	207	3	206	1.94e-110	317
Ribosomal_L4	A0R8I1	47.573	206	106	2	2	207	3	206	1.94e-110	317
Ribosomal_L4	C3LJ83	47.573	206	106	2	2	207	3	206	1.94e-110	317
Ribosomal_L4	C3P9Q6	47.573	206	106	2	2	207	3	206	1.94e-110	317
Ribosomal_L4	Q65PA6	45.146	206	111	2	2	207	3	206	2.10e-110	317
Ribosomal_L4	A7GK21	48.058	206	105	2	2	207	3	206	2.31e-110	317
Ribosomal_L4	B0K5P4	45.146	206	110	2	2	207	3	205	6.40e-110	316
Ribosomal_L4	B0KCK1	45.146	206	110	2	2	207	3	205	6.40e-110	316
Ribosomal_L4	B1HMX9	43.204	206	115	2	2	207	3	206	1.41e-109	315
Ribosomal_L4	C4KZP5	44.175	206	113	2	2	207	3	206	1.43e-109	315
Ribosomal_L4	B1YGV1	41.748	206	118	2	2	207	3	206	2.14e-109	314
Ribosomal_L4	P42921	44.660	206	112	2	2	207	3	206	4.65e-108	311
Ribosomal_L4	A7Z0N9	44.175	206	113	2	2	207	3	206	9.69e-108	310
Ribosomal_L4	A8F986	44.660	206	112	2	2	207	3	206	1.04e-107	310
Ribosomal_L4	A5D5J1	39.024	205	122	2	3	207	4	205	2.71e-107	309
Ribosomal_L4	Q3A9R7	42.233	206	117	2	2	207	3	206	4.49e-107	309
Ribosomal_L4	C0ZII1	45.146	206	111	2	2	207	3	206	5.35e-107	308
Ribosomal_L4	A4J112	45.631	206	109	2	2	207	3	205	5.46e-107	308
Ribosomal_L4	Q8R7V5	44.660	206	111	2	2	207	3	205	8.75e-107	308
Ribosomal_L4	B1I1I9	40.976	205	119	2	3	207	4	206	1.50e-106	307
Ribosomal_L4	A8MLE1	42.718	206	116	2	2	207	3	206	2.54e-106	307
Ribosomal_L4	P61060	44.118	204	112	2	4	207	5	206	4.39e-106	306
Ribosomal_L4	Q6G772	44.118	204	112	2	4	207	5	206	4.39e-106	306
Ribosomal_L4	P61059	44.118	204	112	2	4	207	5	206	4.39e-106	306
Ribosomal_L4	P61058	44.118	204	112	2	4	207	5	206	4.39e-106	306
Ribosomal_L4	A6QJ91	44.118	204	112	2	4	207	5	206	4.39e-106	306
Ribosomal_L4	Q5HDV9	44.118	204	112	2	4	207	5	206	4.39e-106	306
Ribosomal_L4	Q2YYP7	44.118	204	112	2	4	207	5	206	4.39e-106	306
Ribosomal_L4	A5IV33	44.118	204	112	2	4	207	5	206	4.39e-106	306
Ribosomal_L4	Q2FW07	44.118	204	112	2	4	207	5	206	4.39e-106	306
Ribosomal_L4	Q2FEP0	44.118	204	112	2	4	207	5	206	4.39e-106	306
Ribosomal_L4	A6U3X4	44.118	204	112	2	4	207	5	206	4.39e-106	306
Ribosomal_L4	A7X5G2	44.118	204	112	2	4	207	5	206	4.39e-106	306
Ribosomal_L4	Q8ETY1	43.204	206	115	2	2	207	3	206	4.84e-106	306
Ribosomal_L4	B9E9J2	44.118	204	112	2	4	207	5	206	6.80e-106	306
Ribosomal_L4	Q6GEI4	44.608	204	111	2	4	207	5	206	7.67e-106	306
Ribosomal_L4	B2A4E0	40.097	207	122	2	2	208	3	207	8.02e-106	305
Ribosomal_L4	B0TC57	42.233	206	117	2	2	207	3	206	9.66e-106	305
Ribosomal_L4	Q2RFP8	40.000	205	121	2	3	207	4	206	1.01e-105	305
Ribosomal_L4	C4Z2T1	45.366	205	109	2	3	207	4	205	1.32e-105	305
Ribosomal_L4	B9DM18	44.608	204	111	2	4	207	5	206	2.99e-105	304
Ribosomal_L4	A9KJJ3	44.390	205	111	2	3	207	4	205	3.29e-105	304
Ribosomal_L4	A0PXU7	39.512	205	121	2	3	207	4	205	4.37e-105	303
Ribosomal_L4	Q38UR3	43.415	205	114	2	3	207	4	206	4.78e-105	303
Ribosomal_L4	A6TWI1	42.233	206	117	2	2	207	3	206	5.11e-105	303
Ribosomal_L4	Q67JU4	41.262	206	119	2	2	207	3	206	1.34e-104	302
Ribosomal_L4	Q03EB7	42.927	205	115	2	3	207	4	206	2.61e-104	301
Ribosomal_L4	Q4L8B3	43.137	204	114	2	4	207	5	206	3.83e-104	301
Ribosomal_L4	Q890P0	40.488	205	119	2	3	207	4	205	4.61e-104	301
Ribosomal_L4	B0RZU1	41.748	206	118	2	2	207	3	206	7.90e-104	300
Ribosomal_L4	P61055	41.748	206	118	2	2	207	3	206	1.24e-103	300
Ribosomal_L4	B8DB09	41.748	206	118	2	2	207	3	206	1.24e-103	300
Ribosomal_L4	Q71WE7	41.748	206	118	2	2	207	3	206	1.24e-103	300
Ribosomal_L4	C1KZH9	41.748	206	118	2	2	207	3	206	1.24e-103	300
Ribosomal_L4	P61054	41.748	206	118	2	2	207	3	206	1.24e-103	300
Ribosomal_L4	A0ALW7	41.262	206	119	2	2	207	3	206	1.43e-103	300
Ribosomal_L4	A3DJH3	40.777	206	121	1	2	207	3	207	2.37e-103	299
Ribosomal_L4	Q8CRG1	43.627	204	113	2	4	207	5	206	2.41e-103	299
Ribosomal_L4	Q5HM00	43.627	204	113	2	4	207	5	206	2.41e-103	299
Ribosomal_L4	Q1WS91	43.902	205	113	2	3	207	4	206	3.47e-103	299
Ribosomal_L4	Q49ZG7	43.137	204	114	2	4	207	5	206	4.81e-103	298
Ribosomal_L4	B1IGF3	41.262	206	118	2	2	207	3	205	1.75e-102	297
Ribosomal_L4	B9MKI0	38.835	206	125	1	2	207	3	207	1.88e-102	297
Ribosomal_L4	A7GJ73	42.233	206	116	2	2	207	3	205	2.77e-102	296
Ribosomal_L4	C1FMV0	42.233	206	116	2	2	207	3	205	2.77e-102	296
Ribosomal_L4	A5I7K5	42.233	206	116	2	2	207	3	205	2.77e-102	296
Ribosomal_L4	A7FZ68	42.233	206	116	2	2	207	3	205	2.77e-102	296
Ribosomal_L4	A4XLS9	37.379	206	128	1	2	207	3	207	2.81e-102	296
Ribosomal_L4	C3KVQ0	41.748	206	117	2	2	207	3	205	3.13e-102	296
Ribosomal_L4	A6LPR2	40.976	205	118	2	3	207	4	205	3.23e-102	296
Ribosomal_L4	C4ZBD5	44.878	205	110	2	3	207	4	205	4.85e-102	296
Ribosomal_L4	B3WAL6	43.902	205	113	2	3	207	4	206	6.82e-102	296
Ribosomal_L4	Q0AUI1	39.806	206	122	2	2	207	3	206	7.53e-102	295
Ribosomal_L4	B1KSM4	41.748	206	117	2	2	207	3	205	7.85e-102	295
Ribosomal_L4	A5N4P8	38.049	205	124	2	3	207	4	205	9.15e-102	295
Ribosomal_L4	B9DYB0	38.049	205	124	2	3	207	4	205	9.15e-102	295
Ribosomal_L4	B2TIH6	39.512	205	121	2	3	207	4	205	1.73e-101	294
Ribosomal_L4	B2UYB1	39.512	205	121	2	3	207	4	205	1.73e-101	294
Ribosomal_L4	A6LLL4	40.639	219	116	3	2	207	3	220	1.97e-101	295
Ribosomal_L4	Q034Y4	43.415	205	114	2	3	207	4	206	4.69e-101	293
Ribosomal_L4	Q21M56	36.538	208	128	2	1	208	1	204	6.48e-101	293
Ribosomal_L4	B3QR77	47.826	207	108	0	1	207	1	207	7.36e-101	293
Ribosomal_L4	A0KF22	36.548	197	123	1	11	207	6	200	7.77e-101	292
Ribosomal_L4	Q839G3	44.390	205	112	2	3	207	4	206	7.93e-101	293
Ribosomal_L4	A4ST05	36.548	197	123	1	11	207	6	200	1.24e-100	292
Ribosomal_L4	Q250N1	43.689	206	114	2	2	207	3	206	1.46e-100	292
Ribosomal_L4	B3PK38	36.715	207	127	2	1	207	1	203	2.31e-100	291
Ribosomal_L4	A8AZM4	40.976	205	119	2	3	207	4	206	2.89e-100	291
Ribosomal_L4	B9DSV1	40.488	205	120	2	3	207	4	206	3.05e-100	291
Ribosomal_L4	C4L7T1	34.783	207	128	2	1	207	1	200	3.19e-100	291
Ribosomal_L4	Q0TMP7	41.748	206	115	3	2	207	3	203	3.21e-100	291
Ribosomal_L4	Q0SQE5	41.748	206	115	3	2	207	3	203	3.24e-100	291
Ribosomal_L4	A3CK64	40.488	205	120	2	3	207	4	206	4.06e-100	291
Ribosomal_L4	B8G1W7	43.204	206	115	2	2	207	3	206	4.38e-100	291
Ribosomal_L4	Q8E2D0	41.951	205	117	2	3	207	4	206	4.78e-100	291
Ribosomal_L4	Q8E7T7	41.951	205	117	2	3	207	4	206	4.78e-100	291
Ribosomal_L4	Q3K3W8	41.951	205	117	2	3	207	4	206	4.78e-100	291
Ribosomal_L4	B8D0C5	42.718	206	117	1	2	207	3	207	6.03e-100	291
Ribosomal_L4	B9K887	36.607	224	123	3	2	207	3	225	8.12e-100	291
Ribosomal_L4	B7IHU7	40.183	219	117	3	2	207	3	220	8.34e-100	291
Ribosomal_L4	P0DE54	40.488	205	120	2	3	207	4	206	8.45e-100	290
Ribosomal_L4	A4VSF5	42.439	205	116	2	3	207	4	206	1.07e-99	290
Ribosomal_L4	A4VYP4	42.439	205	116	2	3	207	4	206	1.07e-99	290
Ribosomal_L4	P0C0D5	40.488	205	120	2	3	207	4	206	1.25e-99	290
Ribosomal_L4	P0DE55	40.488	205	120	2	3	207	4	206	1.25e-99	290
Ribosomal_L4	Q48VU8	40.488	205	120	2	3	207	4	206	1.25e-99	290
Ribosomal_L4	A2RC15	40.488	205	120	2	3	207	4	206	1.25e-99	290
Ribosomal_L4	Q1JJ61	40.488	205	120	2	3	207	4	206	1.25e-99	290
Ribosomal_L4	Q1JP16	40.488	205	120	2	3	207	4	206	1.25e-99	290
Ribosomal_L4	P60831	40.488	205	120	2	3	207	4	206	1.25e-99	290
Ribosomal_L4	Q5XED4	40.488	205	120	2	3	207	4	206	1.25e-99	290
Ribosomal_L4	P0C0D6	40.488	205	120	2	3	207	4	206	1.25e-99	290
Ribosomal_L4	Q8XHS4	41.262	206	116	3	2	207	3	203	1.41e-99	289
Ribosomal_L4	B5XJ37	40.000	205	121	2	3	207	4	206	1.63e-99	289
Ribosomal_L4	Q7MYF2	37.198	207	123	2	1	207	1	200	1.67e-99	289
Ribosomal_L4	Q3IF24	35.749	207	126	2	1	207	1	200	1.90e-99	289
Ribosomal_L4	Q03PV8	41.951	205	117	2	3	207	4	206	2.55e-99	289
Ribosomal_L4	C1CP89	40.000	205	121	2	3	207	4	206	2.70e-99	289
Ribosomal_L4	C1CI98	40.000	205	121	2	3	207	4	206	2.70e-99	289
Ribosomal_L4	C1CC07	40.000	205	121	2	3	207	4	206	2.70e-99	289
Ribosomal_L4	Q8CWV7	40.000	205	121	2	3	207	4	206	2.70e-99	289
Ribosomal_L4	B2IS41	40.000	205	121	2	3	207	4	206	2.70e-99	289
Ribosomal_L4	Q97SV4	40.000	205	121	2	3	207	4	206	2.70e-99	289
Ribosomal_L4	B1I8J9	40.000	205	121	2	3	207	4	206	2.70e-99	289
Ribosomal_L4	C1CAL3	40.000	205	121	2	3	207	4	206	2.70e-99	289
Ribosomal_L4	Q04MN5	40.000	205	121	2	3	207	4	206	2.70e-99	289
Ribosomal_L4	B8ZKF8	40.488	205	120	2	3	207	4	206	2.82e-99	289
Ribosomal_L4	B5E6F6	40.488	205	120	2	3	207	4	206	2.82e-99	289
Ribosomal_L4	A4SCR0	47.343	207	109	0	1	207	1	207	3.22e-99	289
Ribosomal_L4	B4S092	34.783	207	128	2	1	207	1	200	4.19e-99	288
Ribosomal_L4	A1T0E1	36.715	207	124	2	1	207	1	200	5.63e-99	288
Ribosomal_L4	Q87T12	37.198	207	122	2	1	207	1	199	5.87e-99	288
Ribosomal_L4	B5FG10	36.715	207	123	2	1	207	1	199	5.94e-99	288
Ribosomal_L4	Q5E8B4	36.715	207	123	2	1	207	1	199	5.94e-99	288
Ribosomal_L4	A1BJ33	46.860	207	110	0	1	207	1	207	6.01e-99	288
Ribosomal_L4	C3LRQ7	37.681	207	121	2	1	207	1	199	6.63e-99	287
Ribosomal_L4	Q9KNY5	37.681	207	121	2	1	207	1	199	6.63e-99	287
Ribosomal_L4	A5F548	37.681	207	121	2	1	207	1	199	6.63e-99	287
Ribosomal_L4	B4F1I5	35.749	207	126	2	1	207	1	200	7.09e-99	287
Ribosomal_L4	Q5QXZ1	33.816	207	130	2	1	207	1	200	7.74e-99	287
Ribosomal_L4	Q97EH9	37.073	205	126	2	3	207	4	205	8.41e-99	287
Ribosomal_L4	Q2RQW1	40.097	207	122	2	1	207	1	205	8.98e-99	287
Ribosomal_L4	P55836	36.715	207	123	2	1	207	1	199	9.30e-99	287
Ribosomal_L4	B8F756	37.019	208	121	3	1	207	1	199	1.00e-98	287
Ribosomal_L4	B8I7Y0	38.835	206	124	2	2	207	3	206	1.21e-98	287
Ribosomal_L4	Q03IF2	41.463	205	118	2	3	207	4	206	1.25e-98	287
Ribosomal_L4	Q5M2B4	41.463	205	118	2	3	207	4	206	1.25e-98	287
Ribosomal_L4	Q5LXR2	41.463	205	118	2	3	207	4	206	1.25e-98	287
Ribosomal_L4	B3EGY9	47.343	207	109	0	1	207	1	207	1.57e-98	287
Ribosomal_L4	A4WFC7	34.783	207	128	2	1	207	1	200	1.59e-98	287
Ribosomal_L4	B7VLF6	35.749	207	125	2	1	207	1	199	1.70e-98	287
Ribosomal_L4	Q6CZX1	35.266	207	127	2	1	207	1	200	2.31e-98	286
Ribosomal_L4	A1JS46	35.749	207	126	2	1	207	1	200	2.79e-98	286
Ribosomal_L4	Q6LVB5	34.783	207	127	2	1	207	1	199	3.07e-98	286
Ribosomal_L4	Q0ABH4	34.783	207	132	2	1	207	1	204	3.49e-98	286
Ribosomal_L4	Q3YWU0	34.783	207	128	2	1	207	1	200	3.55e-98	286
Ribosomal_L4	Q32B32	34.783	207	128	2	1	207	1	200	3.55e-98	286
Ribosomal_L4	Q31VV7	34.783	207	128	2	1	207	1	200	3.55e-98	286
Ribosomal_L4	B2U2T7	34.783	207	128	2	1	207	1	200	3.55e-98	286
Ribosomal_L4	P60726	34.783	207	128	2	1	207	1	200	3.55e-98	286
Ribosomal_L4	P60727	34.783	207	128	2	1	207	1	200	3.55e-98	286
Ribosomal_L4	B4TXE1	34.783	207	128	2	1	207	1	200	3.55e-98	286
Ribosomal_L4	B5BGY5	34.783	207	128	2	1	207	1	200	3.55e-98	286
Ribosomal_L4	C0Q0B5	34.783	207	128	2	1	207	1	200	3.55e-98	286
Ribosomal_L4	Q5PIV3	34.783	207	128	2	1	207	1	200	3.55e-98	286
Ribosomal_L4	B4SUT9	34.783	207	128	2	1	207	1	200	3.55e-98	286
Ribosomal_L4	B4TKL4	34.783	207	128	2	1	207	1	200	3.55e-98	286
Ribosomal_L4	B5RH16	34.783	207	128	2	1	207	1	200	3.55e-98	286
Ribosomal_L4	B5R290	34.783	207	128	2	1	207	1	200	3.55e-98	286
Ribosomal_L4	B5FJL3	34.783	207	128	2	1	207	1	200	3.55e-98	286
Ribosomal_L4	Q57J33	34.783	207	128	2	1	207	1	200	3.55e-98	286
Ribosomal_L4	A9MN48	34.783	207	128	2	1	207	1	200	3.55e-98	286
Ribosomal_L4	B5F8F1	34.783	207	128	2	1	207	1	200	3.55e-98	286
Ribosomal_L4	B7LRT5	34.783	207	128	2	1	207	1	200	3.55e-98	286
Ribosomal_L4	Q1R604	34.783	207	128	2	1	207	1	200	3.55e-98	286
Ribosomal_L4	B1LHD3	34.783	207	128	2	1	207	1	200	3.55e-98	286
Ribosomal_L4	B6I233	34.783	207	128	2	1	207	1	200	3.55e-98	286
Ribosomal_L4	B7NDU0	34.783	207	128	2	1	207	1	200	3.55e-98	286
Ribosomal_L4	P60723	34.783	207	128	2	1	207	1	200	3.55e-98	286
Ribosomal_L4	B1IPY0	34.783	207	128	2	1	207	1	200	3.55e-98	286
Ribosomal_L4	P60724	34.783	207	128	2	1	207	1	200	3.55e-98	286
Ribosomal_L4	Q0TCE2	34.783	207	128	2	1	207	1	200	3.55e-98	286
Ribosomal_L4	A1AGK6	34.783	207	128	2	1	207	1	200	3.55e-98	286
Ribosomal_L4	A8A5C4	34.783	207	128	2	1	207	1	200	3.55e-98	286
Ribosomal_L4	B1X6H0	34.783	207	128	2	1	207	1	200	3.55e-98	286
Ribosomal_L4	C4ZUH4	34.783	207	128	2	1	207	1	200	3.55e-98	286
Ribosomal_L4	B7M1N3	34.783	207	128	2	1	207	1	200	3.55e-98	286
Ribosomal_L4	B7N1A3	34.783	207	128	2	1	207	1	200	3.55e-98	286
Ribosomal_L4	B7NLN8	34.783	207	128	2	1	207	1	200	3.55e-98	286
Ribosomal_L4	B5YTP0	34.783	207	128	2	1	207	1	200	3.55e-98	286
Ribosomal_L4	P60725	34.783	207	128	2	1	207	1	200	3.55e-98	286
Ribosomal_L4	B7L4K8	34.783	207	128	2	1	207	1	200	3.55e-98	286
Ribosomal_L4	B7MCT4	34.783	207	128	2	1	207	1	200	3.55e-98	286
Ribosomal_L4	B7UK43	34.783	207	128	2	1	207	1	200	3.55e-98	286
Ribosomal_L4	A7ZSK8	34.783	207	128	2	1	207	1	200	3.55e-98	286
Ribosomal_L4	A7MPH8	34.783	207	128	2	1	207	1	200	3.55e-98	286
Ribosomal_L4	A8AQL8	34.783	207	128	2	1	207	1	200	3.55e-98	286
Ribosomal_L4	Q7MPI7	36.715	207	123	2	1	207	1	199	3.66e-98	286
Ribosomal_L4	Q8DE40	36.715	207	123	2	1	207	1	199	3.66e-98	286
Ribosomal_L4	A6TEX1	35.266	207	127	2	1	207	1	200	4.09e-98	286
Ribosomal_L4	B5XN95	35.266	207	127	2	1	207	1	200	4.09e-98	286
Ribosomal_L4	C5BQ62	33.816	207	133	2	1	207	1	203	4.15e-98	286
Ribosomal_L4	A5WCJ1	34.359	195	126	1	13	207	7	199	5.31e-98	285
Ribosomal_L4	B1JIW2	35.266	207	127	2	1	207	1	200	6.27e-98	285
Ribosomal_L4	P60731	35.266	207	127	2	1	207	1	200	6.27e-98	285
Ribosomal_L4	A4TGZ3	35.266	207	127	2	1	207	1	200	6.27e-98	285
Ribosomal_L4	Q1CCU5	35.266	207	127	2	1	207	1	200	6.27e-98	285
Ribosomal_L4	A9R8Z7	35.266	207	127	2	1	207	1	200	6.27e-98	285
Ribosomal_L4	P60730	35.266	207	127	2	1	207	1	200	6.27e-98	285
Ribosomal_L4	B2K5M9	35.266	207	127	2	1	207	1	200	6.27e-98	285
Ribosomal_L4	Q1C2U8	35.266	207	127	2	1	207	1	200	6.27e-98	285
Ribosomal_L4	A7FNN4	35.266	207	127	2	1	207	1	200	6.27e-98	285
Ribosomal_L4	B6EPS6	37.681	207	121	2	1	207	1	199	6.40e-98	285
Ribosomal_L4	A9BHA4	37.443	219	123	3	2	207	3	220	6.87e-98	286
Ribosomal_L4	Q5FM89	41.463	205	116	3	3	207	4	204	7.43e-98	285
Ribosomal_L4	Q83PY4	34.783	207	128	2	1	207	1	200	7.55e-98	285
Ribosomal_L4	Q0SZY4	34.783	207	128	2	1	207	1	200	7.55e-98	285
Ribosomal_L4	P61069	41.346	208	120	2	1	207	1	207	7.88e-98	285
Ribosomal_L4	Q4K534	33.816	207	129	2	1	207	1	199	8.32e-98	285
Ribosomal_L4	A1REB5	35.266	207	127	2	1	207	1	200	1.05e-97	285
Ribosomal_L4	A4YBY2	35.266	207	127	2	1	207	1	200	1.05e-97	285
Ribosomal_L4	Q12SV8	35.266	207	127	2	1	207	1	200	1.05e-97	285
Ribosomal_L4	A9KWA3	35.266	207	127	2	1	207	1	200	1.05e-97	285
Ribosomal_L4	A6WHS9	35.266	207	127	2	1	207	1	200	1.05e-97	285
Ribosomal_L4	A3DA71	35.266	207	127	2	1	207	1	200	1.05e-97	285
Ribosomal_L4	B8EBK4	35.266	207	127	2	1	207	1	200	1.05e-97	285
Ribosomal_L4	B2G8X7	43.415	205	114	2	3	207	4	206	1.13e-97	285
Ribosomal_L4	A5VLK4	43.415	205	114	2	3	207	4	206	1.13e-97	285
Ribosomal_L4	C6DG73	34.783	207	128	2	1	207	1	200	1.24e-97	284
Ribosomal_L4	Q9CL33	38.647	207	119	2	1	207	1	199	1.25e-97	284
Ribosomal_L4	P44345	38.647	207	119	2	1	207	1	199	1.25e-97	284
Ribosomal_L4	A5UHT1	38.647	207	119	2	1	207	1	199	1.25e-97	284
Ribosomal_L4	A5UDU6	38.647	207	119	2	1	207	1	199	1.25e-97	284
Ribosomal_L4	Q4QMC1	38.647	207	119	2	1	207	1	199	1.25e-97	284
Ribosomal_L4	Q88XY5	42.439	205	116	2	3	207	4	206	1.32e-97	284
Ribosomal_L4	A8GKJ6	34.783	207	128	2	1	207	1	200	1.33e-97	284
Ribosomal_L4	Q9HWD6	36.139	202	124	2	6	207	3	199	1.66e-97	284
Ribosomal_L4	Q02T79	36.139	202	124	2	6	207	3	199	1.66e-97	284
Ribosomal_L4	A6UZI9	36.139	202	124	2	6	207	3	199	1.66e-97	284
Ribosomal_L4	Q8KAH3	48.309	207	107	0	1	207	1	207	1.68e-97	284
Ribosomal_L4	Q3K5Y9	33.333	207	130	2	1	207	1	199	1.85e-97	284
Ribosomal_L4	Q211E9	37.198	207	128	2	1	207	1	205	1.95e-97	284
Ribosomal_L4	Q089Q3	34.783	207	128	2	1	207	1	200	2.00e-97	284
Ribosomal_L4	Q2L2F7	29.808	208	141	3	1	207	1	204	2.06e-97	284
Ribosomal_L4	Q1QDI5	34.872	195	125	1	13	207	7	199	2.25e-97	284
Ribosomal_L4	C5BGM4	34.783	207	128	2	1	207	1	200	2.36e-97	284
Ribosomal_L4	B7V645	36.139	202	124	2	6	207	3	199	2.54e-97	284
Ribosomal_L4	A8GYX7	34.783	207	128	2	1	207	1	200	2.63e-97	284
Ribosomal_L4	Q48D37	33.333	207	130	2	1	207	1	199	2.81e-97	284
Ribosomal_L4	B0TM11	34.300	207	129	2	1	207	1	200	2.90e-97	284
Ribosomal_L4	Q4ZMP5	33.333	207	130	2	1	207	1	199	3.23e-97	283
Ribosomal_L4	Q889X0	33.333	207	130	2	1	207	1	199	3.23e-97	283
Ribosomal_L4	A6VLI9	36.715	207	124	2	1	207	1	200	3.24e-97	283
Ribosomal_L4	Q3APH4	48.309	207	107	0	1	207	1	207	3.34e-97	284
Ribosomal_L4	Q15YN8	35.266	207	127	2	1	207	1	200	3.42e-97	283
Ribosomal_L4	Q4FUF5	34.359	195	126	1	13	207	7	199	3.45e-97	283
Ribosomal_L4	A0KRM5	35.266	207	127	2	1	207	1	200	3.54e-97	283
Ribosomal_L4	Q8EK67	35.266	207	127	2	1	207	1	200	3.54e-97	283
Ribosomal_L4	C3K2X5	33.333	207	130	2	1	207	1	199	3.57e-97	283
Ribosomal_L4	A3Q983	35.749	207	126	2	1	207	1	200	4.08e-97	283
Ribosomal_L4	Q6AP70	37.379	206	126	2	3	208	8	210	4.51e-97	283
Ribosomal_L4	Q0I0A4	35.266	207	127	2	1	207	1	200	4.60e-97	283
Ribosomal_L4	Q0HNT6	35.266	207	127	2	1	207	1	200	4.60e-97	283
Ribosomal_L4	A8G1E7	34.783	207	128	2	1	207	1	200	4.65e-97	283
Ribosomal_L4	B3QBX9	36.715	207	129	2	1	207	1	205	4.78e-97	283
Ribosomal_L4	P61068	36.715	207	129	2	1	207	1	205	4.78e-97	283
Ribosomal_L4	Q64NK9	94.231	208	12	0	1	208	1	208	4.90e-97	283
Ribosomal_L4	Q5L8B0	94.231	208	12	0	1	208	1	208	4.90e-97	283
Ribosomal_L4	A7HM51	39.545	220	118	3	2	207	3	221	5.39e-97	284
Ribosomal_L4	C0M6G6	40.488	205	120	2	3	207	4	206	6.30e-97	283
Ribosomal_L4	B0BST2	38.164	207	120	2	1	207	1	199	6.52e-97	282
Ribosomal_L4	B3GZ12	38.164	207	120	2	1	207	1	199	6.52e-97	282
Ribosomal_L4	A3N359	38.164	207	120	2	1	207	1	199	6.52e-97	282
Ribosomal_L4	Q2NQM3	34.300	207	129	2	1	207	1	200	6.75e-97	282
Ribosomal_L4	Q3B6G0	46.377	207	111	0	1	207	1	207	7.04e-97	283
Ribosomal_L4	Q65QV6	36.715	207	123	2	1	207	1	199	7.27e-97	282
Ribosomal_L4	Q2S913	34.300	207	130	3	1	207	1	201	7.29e-97	282
Ribosomal_L4	B1JDW3	33.816	207	129	2	1	207	1	199	7.60e-97	282
Ribosomal_L4	Q88QN4	33.816	207	129	2	1	207	1	199	7.60e-97	282
Ribosomal_L4	B0KK68	33.816	207	129	2	1	207	1	199	7.60e-97	282
Ribosomal_L4	A5VXP8	33.816	207	129	2	1	207	1	199	7.60e-97	282
Ribosomal_L4	Q03ZP4	43.689	206	114	2	2	207	3	206	8.56e-97	282
Ribosomal_L4	A9IIZ9	30.288	208	140	3	1	207	1	204	8.63e-97	282
Ribosomal_L4	B8IS86	38.164	207	126	2	1	207	1	205	9.03e-97	282
Ribosomal_L4	C0MCB1	40.488	205	120	2	3	207	4	206	9.24e-97	282
Ribosomal_L4	Q07KL9	35.749	207	131	2	1	207	1	205	9.33e-97	282
Ribosomal_L4	Q1IFW5	33.333	207	130	2	1	207	1	199	9.46e-97	282
Ribosomal_L4	Q2IXQ9	35.749	207	131	2	1	207	1	205	9.54e-97	282
Ribosomal_L4	B1MW13	43.204	206	115	2	2	207	3	206	9.65e-97	282
Ribosomal_L4	Q7VKD3	38.164	207	120	2	1	207	1	199	1.04e-96	282
Ribosomal_L4	A4VHN1	32.673	202	131	2	6	207	3	199	1.31e-96	282
Ribosomal_L4	Q9CDW3	40.291	206	122	1	2	207	3	207	1.40e-96	282
Ribosomal_L4	B2VK63	34.783	207	128	2	1	207	1	200	1.48e-96	282
Ribosomal_L4	B1KMY2	34.783	207	128	2	1	207	1	200	1.50e-96	282
Ribosomal_L4	Q134T0	36.715	207	129	2	1	207	1	205	1.51e-96	282
Ribosomal_L4	A0LIJ1	35.610	205	129	2	3	207	4	205	1.67e-96	282
Ribosomal_L4	B6IRQ7	37.198	207	128	2	1	207	1	205	1.74e-96	282
Ribosomal_L4	Q8UE19	35.749	207	131	2	1	207	1	205	1.82e-96	282
Ribosomal_L4	B4U501	40.000	205	121	2	3	207	4	206	2.01e-96	282
Ribosomal_L4	Q487Z4	35.749	207	126	2	1	207	1	200	2.11e-96	281
Ribosomal_L4	Q02W25	40.777	206	121	1	2	207	3	207	2.32e-96	281
Ribosomal_L4	Q0I162	36.232	207	124	2	1	207	1	199	2.45e-96	281
Ribosomal_L4	B6JET4	35.266	207	132	2	1	207	1	205	2.47e-96	281
Ribosomal_L4	A7MWI4	37.198	207	122	2	1	207	1	199	2.56e-96	281
Ribosomal_L4	A9NED4	42.233	206	117	2	3	208	4	207	3.05e-96	281
Ribosomal_L4	Q04G84	40.291	206	121	2	2	207	3	206	3.18e-96	281
Ribosomal_L4	A8YXK6	41.463	205	116	3	3	207	4	204	3.25e-96	281
Ribosomal_L4	Q04C14	39.706	204	119	3	4	207	5	204	3.43e-96	281
Ribosomal_L4	Q1GBL7	39.706	204	119	3	4	207	5	204	3.43e-96	281
Ribosomal_L4	B8CND4	34.300	207	129	2	1	207	1	200	4.20e-96	281
Ribosomal_L4	Q11HQ3	33.816	207	135	2	1	207	1	205	4.67e-96	281
Ribosomal_L4	A2RNQ4	40.777	206	121	1	2	207	3	207	4.78e-96	281
Ribosomal_L4	P49226	34.783	207	127	2	1	207	1	199	4.89e-96	280
Ribosomal_L4	A6W391	32.673	202	132	2	6	207	3	200	5.29e-96	280
Ribosomal_L4	P61067	37.864	206	126	2	2	207	3	206	5.39e-96	281
Ribosomal_L4	Q1QN29	35.266	207	132	2	1	207	1	205	5.50e-96	281
Ribosomal_L4	B9JVN8	36.232	207	130	2	1	207	1	205	5.50e-96	281
Ribosomal_L4	B0UX14	35.749	207	125	2	1	207	1	199	6.02e-96	280
Ribosomal_L4	C4LL51	35.610	205	129	3	3	206	6	208	6.23e-96	281
Ribosomal_L4	A1TYJ8	34.300	207	129	2	1	207	1	200	6.37e-96	280
Ribosomal_L4	A6U860	34.783	207	133	2	1	207	1	205	7.23e-96	280
Ribosomal_L4	B1ZLK5	36.232	207	130	2	1	207	1	205	7.89e-96	280
Ribosomal_L4	C6C186	36.585	205	127	2	3	207	4	205	1.06e-95	280
Ribosomal_L4	Q7W2F5	30.769	208	139	3	1	207	1	204	1.08e-95	280
Ribosomal_L4	Q7WRC4	30.769	208	139	3	1	207	1	204	1.08e-95	280
Ribosomal_L4	A4YSJ3	35.749	207	131	2	1	207	1	205	1.28e-95	279
Ribosomal_L4	P61064	40.976	205	117	3	3	207	4	204	1.36e-95	279
Ribosomal_L4	Q8A477	100.000	208	0	0	1	208	1	208	1.40e-95	279
Ribosomal_L4	Q7VTD2	30.769	208	139	3	1	207	1	204	1.57e-95	279
Ribosomal_L4	Q3SSW5	34.300	207	134	2	1	207	1	205	1.59e-95	279
Ribosomal_L4	Q92QG9	34.783	207	133	2	1	207	1	205	1.72e-95	279
Ribosomal_L4	A6LEJ0	75.845	207	50	0	1	207	1	207	1.74e-95	279
Ribosomal_L4	A1S219	35.266	207	127	2	1	207	1	200	1.78e-95	279
Ribosomal_L4	A4G9T7	30.288	208	141	3	1	207	1	205	1.85e-95	279
Ribosomal_L4	C3MAY1	34.300	207	134	2	1	207	1	205	1.96e-95	279
Ribosomal_L4	B7KHY8	37.864	206	122	4	5	207	6	208	2.08e-95	279
Ribosomal_L4	B3QZZ2	37.864	206	126	2	2	207	3	206	2.41e-95	279
Ribosomal_L4	A5ELM6	36.232	207	130	2	1	207	1	205	2.69e-95	279
Ribosomal_L4	B0UHW8	37.198	207	128	2	1	207	1	205	2.84e-95	279
Ribosomal_L4	A4XZ89	33.663	202	129	2	6	207	3	199	3.01e-95	278
Ribosomal_L4	Q39KG6	30.769	208	140	3	1	207	1	205	4.08e-95	278
Ribosomal_L4	Q89J85	35.749	207	131	2	1	207	1	205	4.45e-95	278
Ribosomal_L4	C4XLX4	37.561	205	125	2	3	207	4	205	4.57e-95	278
Ribosomal_L4	B2GDW8	41.463	205	118	2	3	207	4	206	4.66e-95	278
Ribosomal_L4	A6GZ98	60.870	207	81	0	1	207	1	207	4.77e-95	278
Ribosomal_L4	B3PWS2	33.333	207	136	2	1	207	1	205	4.86e-95	278
Ribosomal_L4	A7IFY2	34.615	208	132	3	1	207	1	205	5.30e-95	278
Ribosomal_L4	B4S5M6	44.444	207	115	0	1	207	1	207	5.38e-95	278
Ribosomal_L4	B4E5C1	30.769	208	140	3	1	207	1	205	5.60e-95	278
Ribosomal_L4	C1DKL4	34.158	202	128	2	6	207	3	199	5.87e-95	277
Ribosomal_L4	Q2K9L5	33.333	207	136	2	1	207	1	205	6.60e-95	278
Ribosomal_L4	Q6F1Z3	38.942	208	125	2	1	207	1	207	6.99e-95	278
Ribosomal_L4	A4JAP1	30.769	208	140	3	1	207	1	205	7.13e-95	277
Ribosomal_L4	Q0BJ45	30.769	208	140	3	1	207	1	205	7.13e-95	277
Ribosomal_L4	A0K3M6	30.769	208	140	3	1	207	1	205	7.13e-95	277
Ribosomal_L4	B1JU23	30.769	208	140	3	1	207	1	205	7.13e-95	277
Ribosomal_L4	Q1BRU9	30.769	208	140	3	1	207	1	205	7.13e-95	277
Ribosomal_L4	B1YRD1	30.769	208	140	3	1	207	1	205	7.13e-95	277
Ribosomal_L4	Q0VSK2	31.818	198	133	1	10	207	4	199	7.23e-95	277
Ribosomal_L4	A1WVC1	32.850	207	136	2	1	207	1	204	7.44e-95	277
Ribosomal_L4	P61065	40.385	208	122	2	1	207	1	207	7.80e-95	277
Ribosomal_L4	Q2NIV5	37.864	206	126	2	2	207	3	206	7.88e-95	277
Ribosomal_L4	B8D848	33.816	207	130	2	1	207	1	200	8.91e-95	277
Ribosomal_L4	P57590	33.816	207	130	2	1	207	1	200	8.91e-95	277
Ribosomal_L4	Q1R0H4	34.653	202	129	2	6	207	3	201	9.33e-95	277
Ribosomal_L4	Q3A6P6	36.408	206	128	2	2	207	3	205	1.21e-94	277
Ribosomal_L4	Q046C4	40.488	205	118	3	3	207	4	204	1.26e-94	277
Ribosomal_L4	Q2SU28	32.212	208	137	3	1	207	1	205	1.32e-94	277
Ribosomal_L4	Q63Q12	32.212	208	137	3	1	207	1	205	1.32e-94	277
Ribosomal_L4	A3NEH8	32.212	208	137	3	1	207	1	205	1.32e-94	277
Ribosomal_L4	Q3JMR4	32.212	208	137	3	1	207	1	205	1.32e-94	277
Ribosomal_L4	A3P0B2	32.212	208	137	3	1	207	1	205	1.32e-94	277
Ribosomal_L4	A1V8A2	32.212	208	137	3	1	207	1	205	1.32e-94	277
Ribosomal_L4	Q62GK6	32.212	208	137	3	1	207	1	205	1.32e-94	277
Ribosomal_L4	A2S7H7	32.212	208	137	3	1	207	1	205	1.32e-94	277
Ribosomal_L4	A3MRV5	32.212	208	137	3	1	207	1	205	1.32e-94	277
Ribosomal_L4	A9ADJ4	31.731	208	138	3	1	207	1	205	1.47e-94	277
Ribosomal_L4	Q1MIE0	33.333	207	136	2	1	207	1	205	1.59e-94	277
Ribosomal_L4	P10135	39.904	208	123	2	1	207	1	207	1.66e-94	277
Ribosomal_L4	A6KYJ4	86.957	207	27	0	1	207	1	207	1.70e-94	277
Ribosomal_L4	A6T3K3	30.769	208	140	3	1	207	1	205	1.99e-94	276
Ribosomal_L4	A4IZT3	34.615	208	135	1	1	208	1	207	2.06e-94	276
Ribosomal_L4	Q5NHW7	34.615	208	135	1	1	208	1	207	2.06e-94	276
Ribosomal_L4	Q0BNS6	34.615	208	135	1	1	208	1	207	2.06e-94	276
Ribosomal_L4	A0Q4I4	34.615	208	135	1	1	208	1	207	2.06e-94	276
Ribosomal_L4	Q2A5G9	34.615	208	135	1	1	208	1	207	2.06e-94	276
Ribosomal_L4	A7N9S7	34.615	208	135	1	1	208	1	207	2.06e-94	276
Ribosomal_L4	Q14JB9	34.615	208	135	1	1	208	1	207	2.06e-94	276
Ribosomal_L4	Q3MFC0	38.571	210	121	5	2	207	3	208	2.55e-94	276
Ribosomal_L4	B3QY25	50.242	207	103	0	1	207	1	207	2.85e-94	276
Ribosomal_L4	B8D9U6	33.816	207	130	2	1	207	1	200	3.74e-94	276
Ribosomal_L4	Q2W2J2	36.715	207	129	2	1	207	1	205	3.85e-94	276
Ribosomal_L4	Q5P331	34.135	208	133	3	1	207	1	205	3.85e-94	276
Ribosomal_L4	A9W4Q2	35.749	207	131	2	1	207	1	205	4.95e-94	276
Ribosomal_L4	B7L0R2	35.749	207	131	2	1	207	1	205	4.95e-94	276
Ribosomal_L4	B9JDS9	34.300	207	134	2	1	207	1	205	5.23e-94	276
Ribosomal_L4	B5YG46	38.119	202	124	1	2	203	3	203	5.80e-94	276
Ribosomal_L4	B0U0Y8	36.538	208	131	1	1	208	1	207	5.97e-94	275
Ribosomal_L4	B1LWS7	35.266	207	132	2	1	207	1	205	6.09e-94	275
Ribosomal_L4	A0QSD2	36.946	203	125	3	1	202	3	203	6.16e-94	276
Ribosomal_L4	Q13TH1	29.327	208	143	3	1	207	1	205	6.65e-94	275
Ribosomal_L4	B2T750	29.327	208	143	3	1	207	1	205	6.65e-94	275
Ribosomal_L4	Q8YPI0	38.095	210	122	5	2	207	3	208	7.14e-94	275
Ribosomal_L4	Q11QB3	53.623	207	96	0	1	207	1	207	7.20e-94	275
Ribosomal_L4	Q1MPR2	39.024	205	122	2	3	207	4	205	8.10e-94	275
Ribosomal_L4	Q8G077	33.333	207	136	2	1	207	1	205	9.14e-94	275
Ribosomal_L4	B0CH31	33.333	207	136	2	1	207	1	205	9.14e-94	275
Ribosomal_L4	A5VR05	33.333	207	136	2	1	207	1	205	9.14e-94	275
Ribosomal_L4	Q8YHN9	33.333	207	136	2	1	207	1	205	9.14e-94	275
Ribosomal_L4	C0RJK0	33.333	207	136	2	1	207	1	205	9.14e-94	275
Ribosomal_L4	A9M5P9	33.333	207	136	2	1	207	1	205	9.14e-94	275
Ribosomal_L4	Q57CQ9	33.333	207	136	2	1	207	1	205	9.14e-94	275
Ribosomal_L4	Q2YM04	33.333	207	136	2	1	207	1	205	9.14e-94	275
Ribosomal_L4	B2S678	33.333	207	136	2	1	207	1	205	9.14e-94	275
Ribosomal_L4	B2SDY4	34.615	208	135	1	1	208	1	207	9.15e-94	275
Ribosomal_L4	B5ZYT6	33.333	207	136	2	1	207	1	205	1.10e-93	275
Ribosomal_L4	B4RQX9	30.622	209	141	3	1	208	1	206	1.26e-93	274
Ribosomal_L4	Q5F5S8	30.622	209	141	3	1	208	1	206	1.26e-93	274
Ribosomal_L4	A5FMY0	57.971	207	87	0	1	207	1	207	1.45e-93	274
Ribosomal_L4	Q2LQA0	39.512	205	121	2	3	207	14	215	1.53e-93	275
Ribosomal_L4	B0C1D4	39.320	206	119	4	5	207	6	208	1.62e-93	274
Ribosomal_L4	A1KRH4	30.144	209	142	3	1	208	1	206	1.82e-93	274
Ribosomal_L4	P61057	30.144	209	142	3	1	208	1	206	1.82e-93	274
Ribosomal_L4	P61056	30.144	209	142	3	1	208	1	206	1.82e-93	274
Ribosomal_L4	A9M3W5	30.144	209	142	3	1	208	1	206	1.82e-93	274
Ribosomal_L4	A1VEB5	39.024	205	122	2	3	207	4	205	2.10e-93	274
Ribosomal_L4	Q72CH9	39.024	205	122	2	3	207	4	205	2.10e-93	274
Ribosomal_L4	A2SLF6	30.288	208	141	3	1	207	1	205	2.24e-93	274
Ribosomal_L4	A6X0B9	32.850	207	137	2	1	207	1	205	2.73e-93	274
Ribosomal_L4	B2JIG5	29.808	208	142	3	1	207	1	205	3.22e-93	274
Ribosomal_L4	B8FET4	41.546	207	118	2	2	208	3	206	3.33e-93	273
Ribosomal_L4	Q8DMN0	35.922	206	126	4	5	207	6	208	3.38e-93	274
Ribosomal_L4	B1VAE7	38.350	206	125	2	2	207	3	206	3.48e-93	273
Ribosomal_L4	C4K7B7	34.783	207	128	2	1	207	1	200	3.77e-93	273
Ribosomal_L4	O06114	36.946	203	125	3	1	202	3	203	5.62e-93	273
Ribosomal_L4	Q47JA2	32.212	208	138	3	1	207	1	206	7.82e-93	272
Ribosomal_L4	P73319	35.922	206	126	4	5	207	6	208	9.76e-93	272
Ribosomal_L4	Q0K620	29.327	208	143	3	1	207	1	205	1.03e-92	272
Ribosomal_L4	B8GV57	35.749	207	126	2	1	207	1	200	1.07e-92	272
Ribosomal_L4	B3R7S2	29.327	208	143	3	1	207	1	205	1.66e-92	272
Ribosomal_L4	Q46WE5	29.327	208	143	3	1	207	1	205	1.66e-92	272
Ribosomal_L4	A1TJ08	29.327	208	143	3	1	207	1	205	2.07e-92	271
Ribosomal_L4	B3EP60	47.343	207	109	0	1	207	1	207	2.29e-92	271
Ribosomal_L4	B8ELG2	36.232	207	130	2	1	207	1	205	2.58e-92	271
Ribosomal_L4	O24690	35.437	206	127	4	5	207	6	208	2.59e-92	271
Ribosomal_L4	Q31L08	35.437	206	127	4	5	207	6	208	2.59e-92	271
Ribosomal_L4	Q6F7R3	33.854	192	125	1	13	204	12	201	2.93e-92	271
Ribosomal_L4	A1W2Q8	29.327	208	143	3	1	207	1	205	3.46e-92	271
Ribosomal_L4	B9MB74	29.327	208	143	3	1	207	1	205	3.46e-92	271
Ribosomal_L4	A0M597	57.971	207	87	0	1	207	1	207	4.46e-92	271
Ribosomal_L4	B1Y8I6	28.846	208	144	3	1	207	1	205	4.75e-92	271
Ribosomal_L4	B8HMQ5	37.379	206	123	4	5	207	6	208	6.42e-92	270
Ribosomal_L4	B2RLZ1	68.116	207	66	0	1	207	1	207	6.62e-92	270
Ribosomal_L4	Q7MTL4	68.116	207	66	0	1	207	1	207	8.06e-92	270
Ribosomal_L4	Q110A8	38.756	209	122	4	2	207	3	208	9.22e-92	270
Ribosomal_L4	Q98N56	33.816	207	135	2	1	207	1	205	9.37e-92	270
Ribosomal_L4	Q1LI38	29.327	208	143	3	1	207	1	205	9.37e-92	270
Ribosomal_L4	B7K334	35.437	206	127	4	5	207	6	208	9.42e-92	270
Ribosomal_L4	Q3Z980	35.266	207	132	2	1	207	1	205	9.83e-92	270
Ribosomal_L4	C0Q9X2	39.024	205	122	2	3	207	4	205	1.22e-91	269
Ribosomal_L4	Q7NQF3	33.173	208	135	3	1	207	1	205	1.34e-91	269
Ribosomal_L4	C1DAR8	33.654	208	134	3	1	207	1	205	1.48e-91	269
Ribosomal_L4	Q8XV13	28.365	208	145	3	1	207	1	205	1.99e-91	269
Ribosomal_L4	B0V6W9	33.333	192	126	1	13	204	7	196	2.19e-91	269
Ribosomal_L4	A3M982	33.333	192	126	1	13	204	7	196	2.19e-91	269
Ribosomal_L4	B0VQR9	33.333	192	126	1	13	204	7	196	2.19e-91	269
Ribosomal_L4	B2HZM1	33.333	192	126	1	13	204	7	196	2.19e-91	269
Ribosomal_L4	B7IA38	33.333	192	126	1	13	204	7	196	2.19e-91	269
Ribosomal_L4	B7GW03	33.333	192	126	1	13	204	7	196	2.19e-91	269
Ribosomal_L4	B2UEL8	28.365	208	145	3	1	207	1	205	2.30e-91	269
Ribosomal_L4	Q31IY1	34.783	207	133	1	1	207	1	205	2.46e-91	269
Ribosomal_L4	Q3YRL0	33.654	208	135	2	1	208	1	205	3.26e-91	268
Ribosomal_L4	Q1BDA6	35.323	201	127	3	3	202	5	203	3.53e-91	269
Ribosomal_L4	A1UBN7	35.323	201	127	3	3	202	5	203	3.53e-91	269
Ribosomal_L4	A3PVC2	35.323	201	127	3	3	202	5	203	3.53e-91	269
Ribosomal_L4	B1LBN9	37.054	224	122	3	2	207	3	225	4.03e-91	269
Ribosomal_L4	A5IM84	37.054	224	122	3	2	207	3	225	4.03e-91	269
Ribosomal_L4	Q3ZZM3	34.783	207	133	2	1	207	1	205	4.17e-91	268
Ribosomal_L4	A5FRZ0	34.783	207	133	2	1	207	1	205	4.17e-91	268
Ribosomal_L4	Q30Z43	40.976	205	118	2	3	207	4	205	5.58e-91	268
Ribosomal_L4	A0L5X4	35.437	206	131	2	2	207	3	206	5.77e-91	268
Ribosomal_L4	Q83ES3	30.435	207	141	2	1	207	1	204	6.15e-91	267
# BLAST processed 3 queries
