# PSIBLAST 2.6.0+
# Iteration: 1
# Query: P | P04441.3 | NP_001036070.1 | 32.5%
# Database: /home/alex/Documents/data/local_db/swissprot
# Fields: query acc.ver, subject acc.ver, % identity, alignment length, mismatches, gap opens, q. start, q. end, s. start, s. end, evalue, bit score
# 3 hits found
P	P04441	100.000	279	0	0	1	279	1	279	0.0	581
P	P10247	87.857	280	33	1	1	279	1	280	0.0	521
P	P04233	76.512	281	63	3	1	279	17	296	1.38e-160	451
# PSIBLAST 2.6.0+
# Iteration: 2
# Query: P | P04441.3 | NP_001036070.1 | 32.5%
# Database: /home/alex/Documents/data/local_db/swissprot
# Fields: query acc.ver, subject acc.ver, % identity, alignment length, mismatches, gap opens, q. start, q. end, s. start, s. end, evalue, bit score
# 3 hits found
P	P04441	100.000	279	0	0	1	279	1	279	0.0	556
P	P10247	87.857	280	33	1	1	279	1	280	0.0	548
P	P04233	76.512	281	63	3	1	279	17	296	0.0	528

Search has CONVERGED!
# BLAST processed 2 queries
