# PSIBLAST 2.6.0+
# Iteration: 1
# Query: tubulin | Q40665.2 | XP_015643315.1 | 98.13%
# Database: /home/alex/Documents/data/local_db/swissprot
# Fields: query acc.ver, subject acc.ver, % identity, alignment length, mismatches, gap opens, q. start, q. end, s. start, s. end, evalue, bit score
# 430 hits found
tubulin	Q40665	100.000	446	0	0	1	446	1	446	0.0	941
tubulin	Q41784	97.968	443	9	0	1	443	1	443	0.0	924
tubulin	P46265	97.987	447	7	1	1	445	1	447	0.0	918
tubulin	Q9ZPP0	97.309	446	11	1	1	446	1	445	0.0	914
tubulin	Q9ZPN8	96.637	446	15	0	1	446	1	446	0.0	913
tubulin	Q9ZRB0	96.404	445	16	0	1	445	1	445	0.0	912
tubulin	P37832	96.847	444	13	1	1	444	1	443	0.0	909
tubulin	Q6VAF7	96.861	446	13	1	1	446	1	445	0.0	909
tubulin	P18025	96.279	430	16	0	1	430	1	430	0.0	877
tubulin	P28551	99.265	408	3	0	1	408	1	408	0.0	859
tubulin	Q9ZPN9	94.595	444	23	1	1	443	1	444	0.0	858
tubulin	P93176	96.279	430	16	0	1	430	1	430	0.0	854
tubulin	Q41783	96.512	430	15	0	1	430	1	430	0.0	854
tubulin	Q9ZRA9	96.977	430	13	0	1	430	1	430	0.0	854
tubulin	P45960	96.512	430	15	0	1	430	1	430	0.0	853
tubulin	Q8H7U1	96.512	430	15	0	1	430	1	430	0.0	853
tubulin	P37392	96.279	430	16	0	1	430	1	430	0.0	852
tubulin	Q9ZPN7	96.279	430	16	0	1	430	1	430	0.0	851
tubulin	Q9ASR0	96.279	430	16	0	1	430	1	430	0.0	851
tubulin	Q9ZRB1	95.814	430	18	0	1	430	1	430	0.0	851
tubulin	Q56YW9	96.279	430	16	0	1	430	1	430	0.0	851
tubulin	Q43594	96.279	430	16	0	1	430	1	430	0.0	851
tubulin	P29516	95.413	436	20	0	1	436	1	436	0.0	850
tubulin	Q6VAF4	95.602	432	19	0	1	432	1	432	0.0	850
tubulin	Q43697	96.270	429	16	0	1	429	1	429	0.0	849
tubulin	P12411	95.592	431	18	1	1	430	1	431	0.0	848
tubulin	P29515	95.824	431	18	0	1	431	1	431	0.0	848
tubulin	Q40106	95.814	430	18	0	1	430	1	430	0.0	848
tubulin	P29500	95.581	430	19	0	1	430	1	430	0.0	848
tubulin	P29514	95.581	430	19	0	1	430	1	430	0.0	847
tubulin	Q76FS3	96.019	427	17	0	1	427	1	427	0.0	845
tubulin	Q41785	96.037	429	17	0	1	429	1	429	0.0	845
tubulin	Q9ZRA8	95.581	430	19	0	1	430	1	430	0.0	845
tubulin	P24636	95.581	430	19	0	1	430	1	430	0.0	845
tubulin	Q9ZRB2	95.360	431	20	0	1	431	1	431	0.0	845
tubulin	P29513	95.128	431	20	1	1	430	1	431	0.0	845
tubulin	P29517	95.581	430	19	0	1	430	1	430	0.0	844
tubulin	P29501	95.561	428	19	0	3	430	1	428	0.0	843
tubulin	Q6VAF6	94.907	432	20	1	1	430	1	432	0.0	842
tubulin	Q39697	93.166	439	30	0	1	439	1	439	0.0	842
tubulin	P46264	94.676	432	20	1	1	429	1	432	0.0	841
tubulin	P18026	94.639	429	23	0	1	429	1	429	0.0	841
tubulin	P46263	94.676	432	20	1	1	429	1	432	0.0	841
tubulin	Q39445	94.907	432	20	1	1	430	1	432	0.0	841
tubulin	P04690	93.953	430	26	0	1	430	1	430	0.0	839
tubulin	P11482	93.953	430	26	0	1	430	1	430	0.0	838
tubulin	O04386	93.721	430	27	0	1	430	1	430	0.0	838
tubulin	P12460	94.884	430	22	0	1	430	1	430	0.0	837
tubulin	Q43695	94.651	430	23	0	1	430	1	430	0.0	837
tubulin	Q76FS2	94.872	429	22	0	1	429	1	429	0.0	835
tubulin	P22852	93.488	430	28	0	1	430	1	430	0.0	833
tubulin	Q41782	93.981	432	24	1	1	430	1	432	0.0	833
tubulin	Q6VAF8	95.047	424	21	0	1	424	1	424	0.0	830
tubulin	P33630	94.200	431	25	0	1	431	1	431	0.0	830
tubulin	P29502	95.487	421	19	0	10	430	1	421	0.0	828
tubulin	P34108	92.093	430	34	0	1	430	1	430	0.0	824
tubulin	P41352	91.628	430	36	0	1	430	1	430	0.0	823
tubulin	P33188	91.628	430	36	0	1	430	1	430	0.0	823
tubulin	P10876	91.395	430	37	0	1	430	1	430	0.0	822
tubulin	Q9ZSW1	90.909	429	39	0	1	429	1	429	0.0	820
tubulin	P20365	91.860	430	35	0	1	430	1	430	0.0	819
tubulin	P12459	91.163	430	38	0	1	430	1	430	0.0	817
tubulin	Q08115	90.930	430	39	0	1	430	1	430	0.0	815
tubulin	P11857	91.395	430	37	0	1	430	1	430	0.0	814
tubulin	P10878	90.000	430	43	0	1	430	1	430	0.0	811
tubulin	Q6VAF5	90.465	430	41	0	1	430	1	430	0.0	811
tubulin	P14643	89.767	430	44	0	1	430	1	430	0.0	804
tubulin	Q7KQL5	89.767	430	44	0	1	430	1	430	0.0	804
tubulin	Q27380	89.767	430	44	0	1	430	1	430	0.0	804
tubulin	P14140	89.535	430	45	0	1	430	1	430	0.0	803
tubulin	P50262	90.465	430	41	0	1	430	1	430	0.0	803
tubulin	P07436	89.583	432	45	0	1	432	1	432	0.0	801
tubulin	Q9N2N6	89.767	430	44	0	1	430	1	430	0.0	801
tubulin	O59837	88.837	430	48	0	1	430	1	430	0.0	793
tubulin	P11833	88.605	430	49	0	1	430	1	430	0.0	793
tubulin	P41937	85.586	444	63	1	1	443	1	444	0.0	793
tubulin	P30883	88.605	430	49	0	1	430	1	430	0.0	793
tubulin	Q9NFZ6	87.907	430	52	0	1	430	1	430	0.0	792
tubulin	O17449	87.298	433	55	0	1	433	1	433	0.0	791
tubulin	P02554	88.140	430	51	0	1	430	1	430	0.0	790
tubulin	P85108	87.907	430	52	0	1	430	1	430	0.0	790
tubulin	Q7TMM9	87.907	430	52	0	1	430	1	430	0.0	790
tubulin	Q4R5B3	87.907	430	52	0	1	430	1	430	0.0	790
tubulin	Q13885	87.907	430	52	0	1	430	1	430	0.0	790
tubulin	Q04709	88.811	429	48	0	1	429	1	429	0.0	790
tubulin	P32882	87.907	430	52	0	1	430	1	430	0.0	790
tubulin	Q3KRE8	87.907	430	52	0	1	430	1	430	0.0	790
tubulin	Q9CWF2	87.907	430	52	0	1	430	1	430	0.0	790
tubulin	Q9BVA1	87.907	430	52	0	1	430	1	430	0.0	790
tubulin	Q6B856	87.907	430	52	0	1	430	1	430	0.0	790
tubulin	P09203	87.674	430	53	0	1	430	1	430	0.0	788
tubulin	Q27U48	87.879	429	52	0	1	429	1	429	0.0	788
tubulin	Q24560	87.879	429	52	0	1	429	1	429	0.0	788
tubulin	P08562	87.179	429	55	0	1	429	1	429	0.0	787
tubulin	Q91240	88.140	430	51	0	1	430	1	430	0.0	787
tubulin	Q6P9T8	88.525	427	49	0	1	427	1	427	0.0	787
tubulin	P68372	88.525	427	49	0	1	427	1	427	0.0	787
tubulin	P68371	88.525	427	49	0	1	427	1	427	0.0	787
tubulin	Q3MHM5	88.525	427	49	0	1	427	1	427	0.0	787
tubulin	P09244	88.112	429	51	0	1	429	1	429	0.0	786
tubulin	Q6GLE7	88.112	429	51	0	1	429	1	429	0.0	786
tubulin	Q91575	88.112	429	51	0	1	429	1	429	0.0	786
tubulin	P69897	88.112	429	51	0	1	429	1	429	0.0	786
tubulin	Q5R943	88.112	429	51	0	1	429	1	429	0.0	786
tubulin	Q767L7	88.112	429	51	0	1	429	1	429	0.0	786
tubulin	Q7JJU6	88.112	429	51	0	1	429	1	429	0.0	786
tubulin	P99024	88.112	429	51	0	1	429	1	429	0.0	786
tubulin	P69895	88.112	429	51	0	1	429	1	429	0.0	786
tubulin	P07437	88.112	429	51	0	1	429	1	429	0.0	786
tubulin	P69893	88.112	429	51	0	1	429	1	429	0.0	786
tubulin	Q2KJD0	88.112	429	51	0	1	429	1	429	0.0	786
tubulin	P04107	87.646	429	53	0	1	429	1	429	0.0	786
tubulin	Q9LKI8	85.581	430	62	0	1	430	1	430	0.0	786
tubulin	Q9YHC3	87.674	430	53	0	1	430	1	430	0.0	786
tubulin	P13602	87.007	431	56	0	1	431	1	431	0.0	785
tubulin	P33631	94.634	410	22	0	33	442	1	410	0.0	785
tubulin	P36221	87.442	430	54	0	1	430	1	430	0.0	785
tubulin	P20802	88.837	430	46	2	1	430	1	428	0.0	783
tubulin	P09206	87.646	429	53	0	1	429	1	429	0.0	781
tubulin	P30157	85.116	430	64	0	1	430	1	430	0.0	781
tubulin	P30156	85.116	430	64	0	1	430	1	430	0.0	781
tubulin	Q9D6F9	87.822	427	52	0	1	427	1	427	0.0	781
tubulin	Q4R4X8	87.822	427	52	0	1	427	1	427	0.0	781
tubulin	P04350	87.822	427	52	0	1	427	1	427	0.0	781
tubulin	Q3ZBU7	87.822	427	52	0	1	427	1	427	0.0	781
tubulin	P09652	84.152	448	69	1	1	446	1	448	0.0	780
tubulin	Q4QRB4	84.305	446	70	0	1	446	1	446	0.0	780
tubulin	Q9ERD7	84.305	446	70	0	1	446	1	446	0.0	780
tubulin	Q60HC2	84.494	445	67	1	1	443	1	445	0.0	780
tubulin	Q13509	84.494	445	67	1	1	443	1	445	0.0	780
tubulin	Q2T9S0	84.494	445	67	1	1	443	1	445	0.0	780
tubulin	O44388	86.279	430	59	0	1	430	1	430	0.0	779
tubulin	P50261	86.512	430	58	0	1	430	1	430	0.0	778
tubulin	P25862	96.842	380	11	1	63	441	1	380	0.0	778
tubulin	P61857	86.744	430	57	0	1	430	1	430	0.0	775
tubulin	P61858	86.744	430	57	0	1	430	1	430	0.0	775
tubulin	P83130	86.744	430	57	0	1	430	1	430	0.0	775
tubulin	P05304	85.514	428	62	0	1	428	1	428	0.0	774
tubulin	P41387	83.258	442	74	0	1	442	1	442	0.0	769
tubulin	Q94571	81.336	434	76	1	1	429	1	434	0.0	769
tubulin	P12457	88.112	429	48	3	1	429	1	426	0.0	767
tubulin	P21148	85.417	432	61	2	1	430	1	432	0.0	766
tubulin	Q17299	85.915	426	60	0	1	426	1	426	0.0	765
tubulin	P08841	81.778	450	75	2	1	444	1	449	0.0	765
tubulin	Q9NFZ7	84.813	428	65	0	1	428	1	428	0.0	764
tubulin	P09653	85.349	430	63	0	1	430	1	430	0.0	763
tubulin	Q2HJ81	85.116	430	64	0	1	430	1	430	0.0	763
tubulin	P12456	85.446	426	62	0	1	426	1	426	0.0	763
tubulin	P52275	82.910	433	74	0	1	433	1	433	0.0	761
tubulin	Q922F4	84.884	430	65	0	1	430	1	430	0.0	761
tubulin	P50260	90.864	405	37	0	26	430	1	405	0.0	759
tubulin	P18241	81.306	444	83	0	1	444	1	444	0.0	759
tubulin	Q9BUF5	84.259	432	68	0	1	432	1	432	0.0	758
tubulin	P79008	82.791	430	74	0	1	430	1	430	0.0	755
tubulin	Q9HFQ3	82.477	428	75	0	1	428	1	428	0.0	751
tubulin	Q3ZCM7	83.841	427	69	0	1	427	1	427	0.0	751
tubulin	Q25009	82.910	433	70	2	1	429	1	433	0.0	747
tubulin	Q96TU8	82.009	428	77	0	1	428	1	428	0.0	746
tubulin	Q8WP14	83.372	427	71	0	1	427	1	427	0.0	746
tubulin	Q6EVK8	81.628	430	79	0	1	430	1	430	0.0	745
tubulin	P30668	82.093	430	77	0	1	430	1	430	0.0	744
tubulin	Q8WP13	83.138	427	72	0	1	427	1	427	0.0	744
tubulin	P53373	81.352	429	80	0	1	429	1	429	0.0	744
tubulin	P12458	78.959	442	93	0	1	442	1	442	0.0	744
tubulin	P24637	80.370	433	85	0	1	433	1	433	0.0	743
tubulin	P41388	80.698	430	83	0	1	430	1	430	0.0	741
tubulin	P40905	80.886	429	82	0	1	429	1	429	0.0	740
tubulin	Q86ZP5	80.886	429	82	0	1	429	1	429	0.0	739
tubulin	Q9UV72	80.841	428	82	0	1	428	1	428	0.0	739
tubulin	P53376	80.420	429	84	0	1	429	1	429	0.0	738
tubulin	P16040	80.653	429	83	0	1	429	1	429	0.0	738
tubulin	Q92268	81.206	431	81	0	1	431	1	431	0.0	737
tubulin	P05220	80.607	428	83	0	1	428	1	428	0.0	737
tubulin	P41799	79.953	429	86	0	1	429	1	429	0.0	735
tubulin	Q52NY7	80.607	428	83	0	1	428	1	428	0.0	735
tubulin	P35394	78.864	440	93	0	1	440	1	440	0.0	735
tubulin	P17938	80.607	428	83	0	1	428	1	428	0.0	734
tubulin	Q4R9N3	80.000	430	86	0	1	430	1	430	0.0	734
tubulin	O42786	79.767	430	87	0	1	430	1	430	0.0	734
tubulin	P53375	77.852	447	96	1	1	444	1	447	0.0	733
tubulin	P40904	80.140	428	85	0	1	428	1	428	0.0	733
tubulin	P33127	80.374	428	84	0	1	428	1	428	0.0	732
tubulin	Q6QDC9	79.302	430	89	0	1	430	1	430	0.0	731
tubulin	Q3KVN1	79.535	430	88	0	1	430	1	430	0.0	730
tubulin	P41741	79.907	428	86	0	1	428	1	428	0.0	730
tubulin	Q4HZS8	79.907	428	86	0	1	428	1	428	0.0	730
tubulin	P53374	79.907	428	86	0	1	428	1	428	0.0	729
tubulin	P22014	79.907	428	86	0	1	428	1	428	0.0	729
tubulin	Q9SEV2	77.904	439	97	0	1	439	1	439	0.0	727
tubulin	P09207	78.781	443	94	0	1	443	1	443	0.0	727
tubulin	Q875L3	77.528	445	98	1	1	443	1	445	0.0	724
tubulin	Q4P235	78.837	430	91	0	1	430	1	430	0.0	724
tubulin	A6NNZ2	81.733	427	78	0	1	427	1	427	0.0	723
tubulin	Q8SS99	77.419	434	98	0	1	434	1	434	0.0	719
tubulin	Q24829	76.959	434	100	0	1	434	1	434	0.0	717
tubulin	Q9GSR5	76.728	434	101	0	1	434	1	434	0.0	716
tubulin	Q2U2U3	79.720	429	87	0	1	429	1	429	0.0	716
tubulin	P22012	79.487	429	88	0	1	429	1	429	0.0	714
tubulin	P10653	79.720	429	87	0	1	429	1	429	0.0	714
tubulin	P41742	77.829	433	95	1	1	432	1	433	0.0	714
tubulin	Q875L2	78.738	428	91	0	1	428	1	428	0.0	714
tubulin	Q00264	79.487	429	88	0	1	429	1	429	0.0	713
tubulin	P31863	78.738	428	91	0	1	428	1	428	0.0	713
tubulin	Q5UBX3	74.775	444	110	1	1	442	1	444	0.0	706
tubulin	P31864	75.785	446	105	2	1	443	1	446	0.0	705
tubulin	Q9NFZ5	75.395	443	109	0	1	443	1	443	0.0	703
tubulin	Q4WA70	75.058	429	107	0	1	429	1	429	0.0	701
tubulin	P32256	76.027	438	100	1	1	433	1	438	0.0	699
tubulin	Q8WZE0	76.389	432	102	0	1	432	1	432	0.0	697
tubulin	P10874	76.157	432	103	0	1	432	1	432	0.0	689
tubulin	P32924	75.058	429	107	0	1	429	1	429	0.0	685
tubulin	P41385	75.524	429	105	0	1	429	1	429	0.0	684
tubulin	P02557	73.243	441	118	0	1	441	1	441	0.0	684
tubulin	P10875	72.727	440	120	0	1	440	1	440	0.0	684
tubulin	A2AQ07	75.116	430	107	0	1	430	1	430	0.0	679
tubulin	P05219	74.766	428	108	0	1	428	1	428	0.0	679
tubulin	Q9H4B7	76.047	430	103	0	1	430	1	430	0.0	677
tubulin	P50259	73.469	441	113	1	1	441	1	437	0.0	674
tubulin	Q84TG9	74.359	429	110	0	1	429	1	429	0.0	669
tubulin	P32928	70.872	436	122	2	1	433	1	434	0.0	642
tubulin	P22013	70.794	428	123	1	1	428	1	426	0.0	632
tubulin	P41386	88.856	341	38	0	75	415	1	341	0.0	624
tubulin	Q42480	67.749	431	138	1	2	431	3	433	0.0	613
tubulin	P20364	94.966	298	15	0	133	430	1	298	0.0	573
tubulin	P32925	61.745	447	167	3	1	445	1	445	0.0	568
tubulin	P18700	87.636	275	34	0	156	430	1	275	0.0	522
tubulin	Q8J1R4	57.407	432	181	1	2	430	3	434	0.0	521
tubulin	P86221	63.939	391	40	5	1	391	1	290	1.34e-160	457
tubulin	P33632	93.363	226	15	0	205	430	1	226	1.28e-159	453
tubulin	Q9VRX3	50.708	424	206	2	1	423	1	422	7.58e-158	457
tubulin	Q962P8	40.271	442	256	1	1	434	1	442	1.10e-131	390
tubulin	P11480	41.964	448	250	2	1	438	1	448	1.99e-128	382
tubulin	Q02245	41.935	434	242	2	1	424	1	434	3.60e-126	376
tubulin	P50258	41.814	452	250	3	1	442	1	449	3.64e-126	376
tubulin	O22349	41.648	449	249	3	1	439	1	446	3.16e-125	374
tubulin	P33629	41.648	449	252	2	1	439	1	449	4.93e-125	373
tubulin	P28752	40.757	449	256	2	1	439	1	449	5.55e-125	373
tubulin	Q6VAG0	41.814	452	250	3	1	442	1	449	7.69e-125	372
tubulin	P11139	41.705	434	243	2	1	424	1	434	1.17e-124	372
tubulin	P53372	41.518	448	252	2	1	438	1	448	1.38e-124	372
tubulin	Q43473	41.475	434	244	2	1	424	1	434	1.43e-124	372
tubulin	P33627	41.475	434	244	2	1	424	1	434	4.05e-124	370
tubulin	B9DHQ0	41.705	434	243	2	1	424	1	434	4.23e-124	370
tubulin	Q56WH1	41.705	434	243	2	1	424	1	434	4.23e-124	370
tubulin	P04106	41.722	453	251	3	1	443	1	450	5.91e-124	370
tubulin	P41351	42.045	440	245	2	1	430	1	440	9.04e-124	370
tubulin	P04105	40.848	448	255	3	1	438	1	448	1.79e-123	369
tubulin	P14642	41.280	453	253	3	1	443	1	450	2.17e-123	369
tubulin	P11237	41.935	434	242	2	1	424	1	434	2.20e-123	369
tubulin	P14641	41.935	434	242	2	1	424	1	434	3.43e-123	368
tubulin	P14640	41.935	434	242	2	1	424	1	434	3.43e-123	368
tubulin	P33625	41.935	434	242	2	1	424	1	434	3.51e-123	368
tubulin	Q27352	41.501	453	252	3	1	443	1	450	4.13e-123	368
tubulin	O22347	41.935	434	242	2	1	424	1	434	4.17e-123	368
tubulin	P46259	41.935	434	242	2	1	424	1	434	4.45e-123	368
tubulin	Q9ZRR5	41.935	434	242	2	1	424	1	434	7.41e-123	367
tubulin	P10872	42.045	440	245	3	1	430	1	440	8.54e-123	367
tubulin	O22348	40.783	434	247	2	1	424	1	434	8.93e-123	367
tubulin	P33623	41.898	432	241	2	1	422	1	432	1.05e-122	367
tubulin	P68373	41.295	448	253	2	1	438	1	448	1.05e-122	367
tubulin	P68365	41.295	448	253	2	1	438	1	448	1.05e-122	367
tubulin	Q6AYZ1	41.295	448	253	2	1	438	1	448	1.35e-122	367
tubulin	P04689	41.556	450	250	4	1	439	1	448	1.73e-122	367
tubulin	P08537	41.071	448	254	2	1	438	1	448	1.83e-122	366
tubulin	Q9BQE3	41.071	448	254	2	1	438	1	448	1.95e-122	366
tubulin	Q25563	41.705	434	243	2	1	424	1	434	2.36e-122	366
tubulin	Q53M52	41.935	434	242	2	1	424	1	434	2.53e-122	366
tubulin	P22275	41.150	452	251	4	1	440	1	449	2.70e-122	366
tubulin	Q6VAF9	41.705	434	243	2	1	424	1	434	2.76e-122	366
tubulin	Q96460	41.950	441	243	3	1	431	1	438	2.85e-122	366
tubulin	P29511	41.935	434	242	2	1	424	1	434	2.91e-122	366
tubulin	Q9ZRB7	41.950	441	243	3	1	431	1	438	4.03e-122	365
tubulin	P12543	40.487	452	255	3	1	438	1	452	4.11e-122	365
tubulin	Q25008	40.222	450	259	2	1	440	1	450	1.17e-121	364
tubulin	Q38771	40.406	443	254	2	1	433	1	443	1.48e-121	364
tubulin	Q0WV25	41.705	434	243	2	1	424	1	434	1.94e-121	364
tubulin	B9DGT7	41.705	434	243	2	1	424	1	434	1.94e-121	364
tubulin	Q08114	41.705	434	243	2	1	424	1	434	2.81e-121	363
tubulin	P34690	40.509	432	249	1	1	424	1	432	3.35e-121	363
tubulin	Q5R1W4	41.475	434	244	2	1	424	1	434	5.87e-121	363
tubulin	Q3ZCJ7	40.625	448	256	2	1	438	1	448	6.27e-121	362
tubulin	Q8WQ47	40.312	449	258	2	1	439	1	449	8.13e-121	362
tubulin	Q5XIF6	40.402	448	257	2	1	438	1	448	8.50e-121	362
tubulin	P68368	40.402	448	257	2	1	438	1	448	8.50e-121	362
tubulin	P68367	40.402	448	257	2	1	438	1	448	8.50e-121	362
tubulin	P68366	40.402	448	257	2	1	438	1	448	8.50e-121	362
tubulin	P81948	40.402	448	257	2	1	438	1	448	8.50e-121	362
tubulin	Q9ZRJ4	41.244	434	245	2	1	424	1	434	8.86e-121	362
tubulin	P04688	40.088	454	258	2	1	440	1	454	1.15e-120	362
tubulin	P09204	41.014	434	246	2	1	424	1	434	1.15e-120	362
tubulin	P36220	41.475	434	244	2	1	424	1	434	1.17e-120	362
tubulin	Q6P9V9	41.475	434	244	2	1	424	1	434	1.19e-120	362
tubulin	Q2XVP4	41.475	434	244	2	1	424	1	434	1.19e-120	362
tubulin	P05213	41.475	434	244	2	1	424	1	434	1.19e-120	362
tubulin	P68360	41.475	434	244	2	1	424	1	434	1.19e-120	362
tubulin	Q4R538	41.475	434	244	2	1	424	1	434	1.19e-120	362
tubulin	P68363	41.475	434	244	2	1	424	1	434	1.19e-120	362
tubulin	P68361	41.475	434	244	2	1	424	1	434	1.19e-120	362
tubulin	P81947	41.475	434	244	2	1	424	1	434	1.19e-120	362
tubulin	P11481	41.014	434	246	2	1	424	1	434	1.54e-120	362
tubulin	Q9FT36	41.270	441	246	3	1	431	1	438	2.80e-120	361
tubulin	P28268	41.818	440	245	3	1	430	1	439	3.02e-120	361
tubulin	P28287	41.475	434	244	2	1	424	1	434	5.66e-120	360
tubulin	Q6VAG1	41.014	434	246	2	1	424	1	434	9.53e-120	360
tubulin	P09205	41.014	434	246	3	1	424	1	434	1.21e-119	359
tubulin	P68370	41.014	434	246	2	1	424	1	434	1.41e-119	359
tubulin	A5A6J1	41.014	434	246	2	1	424	1	434	1.41e-119	359
tubulin	P68369	41.014	434	246	2	1	424	1	434	1.41e-119	359
tubulin	Q71U36	41.014	434	246	2	1	424	1	434	1.41e-119	359
tubulin	P68362	41.014	434	246	2	1	424	1	434	1.41e-119	359
tubulin	P91910	40.265	452	257	3	1	442	1	449	1.41e-119	359
tubulin	Q2HJ86	40.783	434	247	2	1	424	1	434	1.53e-119	359
tubulin	P50719	40.089	449	259	2	1	439	1	449	2.10e-119	358
tubulin	P02550	41.014	434	246	2	1	424	1	434	2.37e-119	358
tubulin	P18288	40.323	434	249	2	1	424	1	434	2.98e-119	358
tubulin	Q94572	40.323	434	249	2	1	424	1	434	3.65e-119	358
tubulin	Q8T6A5	40.783	434	247	2	1	424	1	434	3.94e-119	358
tubulin	Q52PV9	39.644	449	261	2	1	439	1	449	4.45e-119	358
tubulin	Q28IX8	40.553	434	248	2	1	424	1	434	5.07e-119	358
tubulin	P06605	40.553	434	248	2	1	424	1	434	5.12e-119	358
tubulin	Q91060	40.323	434	249	2	1	424	1	434	5.35e-119	358
tubulin	P87066	41.480	446	249	3	1	434	1	446	5.53e-119	357
tubulin	P18258	40.553	434	248	2	1	424	1	434	6.70e-119	357
tubulin	P06603	40.323	434	249	2	1	424	1	434	9.50e-119	357
tubulin	Q06331	40.323	434	249	2	1	424	1	434	1.30e-118	357
tubulin	Q40831	40.590	441	249	3	1	431	1	438	1.40e-118	357
tubulin	Q68FR8	40.092	434	250	2	1	424	1	434	1.90e-118	356
tubulin	P05214	40.092	434	250	2	1	424	1	434	1.90e-118	356
tubulin	P0DPH8	40.092	434	250	2	1	424	1	434	1.90e-118	356
tubulin	P0DPH7	40.092	434	250	2	1	424	1	434	1.90e-118	356
tubulin	P10873	41.014	434	246	2	1	424	1	434	2.74e-118	356
tubulin	Q71G51	41.014	434	246	2	1	424	1	434	2.74e-118	356
tubulin	Q94570	39.374	447	261	2	1	437	1	447	3.64e-118	355
tubulin	P38669	40.133	451	254	3	1	438	1	448	4.68e-118	355
tubulin	P32255	40.940	447	243	6	2	430	3	446	4.95e-118	355
tubulin	P52273	39.862	434	251	2	1	424	1	434	5.62e-118	355
tubulin	Q9NY65	40.183	438	244	3	1	424	1	434	1.20e-117	354
tubulin	Q32KN8	39.862	434	251	2	1	424	1	434	1.43e-117	354
tubulin	P38668	38.222	450	259	3	3	433	4	453	1.57e-117	354
tubulin	Q40832	40.323	434	249	2	1	424	1	434	2.15e-117	353
tubulin	P24634	39.732	448	256	4	3	439	4	448	2.62e-117	353
tubulin	Q92335	39.911	451	255	3	1	438	1	448	2.95e-117	353
tubulin	P41383	39.954	438	250	3	1	428	1	435	3.62e-117	353
tubulin	P06604	40.179	448	257	3	1	437	1	448	5.42e-117	352
tubulin	P09733	41.387	447	250	4	1	435	1	447	6.74e-117	352
tubulin	Q6AY56	39.954	438	245	3	1	424	1	434	1.03e-116	352
tubulin	P30436	39.862	434	251	2	1	424	1	434	1.06e-116	352
tubulin	Q9JJZ2	39.954	438	245	3	1	424	1	434	1.10e-116	352
tubulin	P09243	41.014	434	245	3	1	424	1	433	1.23e-116	352
tubulin	Q9SCC8	40.553	434	248	2	1	424	1	434	2.15e-116	351
tubulin	Q9C413	38.444	450	263	2	3	438	4	453	2.38e-116	351
tubulin	Q6PEY2	40.187	428	246	2	1	418	1	428	1.05e-115	349
tubulin	Q2HJB8	39.401	434	253	2	1	424	1	434	1.07e-115	349
tubulin	P09644	40.092	434	250	3	1	424	1	434	1.16e-115	349
tubulin	P49741	39.238	446	249	3	1	437	1	433	4.05e-115	348
tubulin	O94128	39.294	453	257	3	1	439	1	449	4.31e-115	348
tubulin	Q752Y2	39.823	452	251	5	1	435	1	448	5.19e-115	347
tubulin	Q8SRI6	37.923	443	265	3	1	435	1	441	1.27e-114	346
tubulin	P49742	39.286	448	261	3	1	440	1	445	4.95e-114	345
tubulin	P08070	38.914	442	261	2	1	434	1	441	5.46e-114	345
tubulin	Q5I2J3	38.839	448	264	2	1	438	1	448	2.62e-113	343
tubulin	P09734	40.315	444	253	4	1	432	1	444	1.22e-112	341
tubulin	P24633	38.767	454	249	4	1	441	1	438	2.68e-112	340
tubulin	P07304	40.741	432	241	3	1	422	1	427	4.65e-111	337
tubulin	P06606	38.612	461	259	4	1	437	1	461	2.20e-110	336
tubulin	P52274	39.198	449	261	3	2	441	6	451	1.22e-108	331
tubulin	P02552	40.722	388	222	1	45	424	8	395	1.13e-107	327
tubulin	P32348	36.735	441	264	6	2	428	3	442	2.22e-107	328
tubulin	A6NHL2	38.322	441	255	3	1	424	1	441	2.73e-107	327
tubulin	Q3UX10	38.322	441	255	3	1	424	1	441	2.17e-106	325
tubulin	P31017	36.807	451	266	6	1	433	1	450	7.25e-105	322
tubulin	P18695	35.491	448	267	8	2	435	3	442	2.12e-104	320
tubulin	P25295	34.624	439	273	7	2	427	3	440	2.05e-102	315
tubulin	P40633	33.478	460	287	8	2	445	3	459	2.08e-102	315
tubulin	P54404	36.484	455	265	10	2	443	3	446	2.37e-101	313
tubulin	P53371	38.005	421	245	4	1	408	1	418	4.17e-101	311
tubulin	Q9Y882	34.713	435	270	7	2	423	3	436	2.91e-100	310
tubulin	P23258	35.308	439	262	8	2	423	3	436	1.15e-99	308
tubulin	P23257	35.698	451	266	9	3	435	4	448	2.47e-99	308
tubulin	Q0VCD2	35.080	439	263	8	2	423	3	436	4.14e-99	306
tubulin	Q9NRH3	35.033	451	266	9	2	435	3	443	7.25e-99	306
tubulin	Q9GKK5	34.852	439	264	8	2	423	3	436	2.25e-98	305
tubulin	O49068	36.073	438	263	7	2	423	3	439	2.66e-98	305
tubulin	Q32KM1	34.852	439	264	8	2	423	3	436	6.47e-98	303
tubulin	Q7Z9Z2	33.871	434	274	6	2	423	3	435	6.65e-98	303
tubulin	P83888	34.852	439	264	8	2	423	3	436	1.71e-97	303
tubulin	P83887	34.852	439	264	8	2	423	3	436	1.71e-97	303
tubulin	Q39582	33.547	468	275	10	2	439	3	464	1.74e-97	303
tubulin	P53377	34.615	442	271	8	2	428	3	441	1.75e-97	303
tubulin	P23330	34.624	439	265	8	2	423	3	436	6.57e-97	301
tubulin	Q9XFG3	34.989	443	271	7	2	428	3	444	2.86e-96	300
tubulin	Q41808	35.388	438	266	7	2	423	3	439	3.07e-96	300
tubulin	Q8VCK3	34.396	439	266	8	2	423	3	436	3.17e-96	299
tubulin	Q41807	34.707	461	284	7	2	446	3	462	4.15e-96	300
tubulin	P34787	34.000	450	275	8	2	435	3	446	4.92e-96	299
tubulin	P38558	35.388	438	266	7	2	423	3	439	1.42e-95	298
tubulin	P38557	35.388	438	266	7	2	423	3	439	2.17e-95	298
tubulin	P42271	34.475	438	275	7	3	429	4	440	4.51e-95	296
tubulin	P34786	33.481	451	283	7	2	443	3	445	7.23e-95	296
tubulin	P90548	33.481	451	283	7	2	443	3	445	8.50e-95	296
tubulin	P54403	33.787	441	280	6	2	435	3	438	9.33e-95	296
tubulin	P54402	33.775	453	279	8	2	443	3	445	1.12e-94	296
tubulin	P92120	37.105	380	229	3	25	396	3	380	1.50e-94	293
tubulin	P33624	40.710	366	205	3	84	440	1	363	2.45e-94	291
tubulin	P34785	34.685	444	272	8	2	428	3	445	2.83e-94	295
tubulin	Q55AR3	34.014	441	276	7	2	435	3	435	5.81e-92	288
tubulin	P54405	32.494	437	279	8	2	426	3	435	1.48e-88	280
tubulin	Q41874	33.929	392	242	7	48	423	1	391	2.90e-81	259
tubulin	A0AAL4	41.121	321	175	4	93	399	3	323	2.26e-79	252
tubulin	P54401	32.648	438	281	7	2	435	3	430	8.94e-79	254
tubulin	Q8SRD2	32.420	438	277	10	1	428	1	429	5.63e-77	249
tubulin	P09643	38.509	322	190	1	124	437	1	322	1.16e-76	244
tubulin	P09645	37.461	323	194	1	124	438	1	323	4.31e-75	241
tubulin	Q75A43	31.947	457	283	11	3	441	4	450	4.50e-75	245
tubulin	P09642	38.509	322	190	1	124	437	1	322	8.21e-74	237
tubulin	Q9UJT0	32.484	471	265	11	1	429	1	460	1.36e-73	241
tubulin	Q9D6T1	31.466	464	279	9	1	429	1	460	1.57e-72	239
tubulin	Q6FNU9	30.283	459	292	12	3	443	4	452	4.81e-64	216
tubulin	P34475	31.019	432	280	10	4	423	7	432	2.65e-61	208
tubulin	P53378	28.850	461	285	11	3	441	4	443	1.14e-57	199
tubulin	O93807	28.361	476	281	17	3	429	4	468	4.66e-54	191
tubulin	Q07972	38.679	212	122	1	202	405	1	212	5.45e-52	177
tubulin	Q9H853	42.857	203	109	1	69	264	10	212	7.67e-52	177
tubulin	P24635	35.426	223	136	1	210	424	1	223	2.03e-50	174
tubulin	Q6DIM3	27.313	454	287	12	4	422	3	448	1.35e-42	159
tubulin	Q4R7T7	24.889	450	305	10	4	422	3	450	5.17e-39	149
tubulin	Q9UJT1	23.904	456	302	11	4	422	3	450	8.34e-38	146
tubulin	Q8HZV4	23.789	454	305	9	4	422	3	450	1.13e-36	143
tubulin	Q9R1K7	24.183	459	297	12	4	422	3	450	3.43e-36	141
tubulin	Q9SEA4	25.287	435	289	12	3	422	4	417	1.39e-33	134
# PSIBLAST 2.6.0+
# Iteration: 2
# Query: tubulin | Q40665.2 | XP_015643315.1 | 98.13%
# Database: /home/alex/Documents/data/local_db/swissprot
# Fields: query acc.ver, subject acc.ver, % identity, alignment length, mismatches, gap opens, q. start, q. end, s. start, s. end, evalue, bit score
# 431 hits found
tubulin	Q40665	100.000	446	0	0	1	446	1	446	0.0	832
tubulin	Q41784	97.968	443	9	0	1	443	1	443	0.0	821
tubulin	Q9ZPN8	96.637	446	15	0	1	446	1	446	0.0	820
tubulin	Q6VAF7	96.629	445	15	0	1	445	1	445	0.0	820
tubulin	Q9ZRB0	96.404	445	16	0	1	445	1	445	0.0	819
tubulin	P46265	97.987	447	7	1	1	445	1	447	0.0	818
tubulin	P37832	97.059	442	13	0	1	442	1	442	0.0	816
tubulin	Q9ZPP0	97.079	445	13	0	1	445	1	445	0.0	816
tubulin	P18025	96.279	430	16	0	1	430	1	430	0.0	790
tubulin	O17449	87.298	433	55	0	1	433	1	433	0.0	775
tubulin	P30883	88.605	430	49	0	1	430	1	430	0.0	774
tubulin	P11833	88.605	430	49	0	1	430	1	430	0.0	773
tubulin	P41937	85.586	444	63	1	1	443	1	444	0.0	773
tubulin	P28551	99.265	408	3	0	1	408	1	408	0.0	772
tubulin	Q9NFZ6	87.907	430	52	0	1	430	1	430	0.0	772
tubulin	Q94571	81.336	434	76	1	1	429	1	434	0.0	771
tubulin	P32882	87.907	430	52	0	1	430	1	430	0.0	770
tubulin	Q3KRE8	87.907	430	52	0	1	430	1	430	0.0	770
tubulin	Q9CWF2	87.907	430	52	0	1	430	1	430	0.0	770
tubulin	Q9BVA1	87.907	430	52	0	1	430	1	430	0.0	770
tubulin	Q6B856	87.907	430	52	0	1	430	1	430	0.0	770
tubulin	P36221	87.442	430	54	0	1	430	1	430	0.0	770
tubulin	O44388	86.279	430	59	0	1	430	1	430	0.0	770
tubulin	P02554	88.140	430	51	0	1	430	1	430	0.0	770
tubulin	P04690	93.953	430	26	0	1	430	1	430	0.0	770
tubulin	Q9ZPN9	95.011	441	22	0	1	441	1	441	0.0	769
tubulin	Q9YHC3	87.674	430	53	0	1	430	1	430	0.0	769
tubulin	P09244	88.112	429	51	0	1	429	1	429	0.0	768
tubulin	Q6GLE7	88.112	429	51	0	1	429	1	429	0.0	768
tubulin	Q91575	88.112	429	51	0	1	429	1	429	0.0	768
tubulin	P69897	88.112	429	51	0	1	429	1	429	0.0	768
tubulin	Q5R943	88.112	429	51	0	1	429	1	429	0.0	768
tubulin	Q767L7	88.112	429	51	0	1	429	1	429	0.0	768
tubulin	Q7JJU6	88.112	429	51	0	1	429	1	429	0.0	768
tubulin	P99024	88.112	429	51	0	1	429	1	429	0.0	768
tubulin	P69895	88.112	429	51	0	1	429	1	429	0.0	768
tubulin	P07437	88.112	429	51	0	1	429	1	429	0.0	768
tubulin	P69893	88.112	429	51	0	1	429	1	429	0.0	768
tubulin	Q2KJD0	88.112	429	51	0	1	429	1	429	0.0	768
tubulin	Q6P9T8	88.525	427	49	0	1	427	1	427	0.0	768
tubulin	P68372	88.525	427	49	0	1	427	1	427	0.0	768
tubulin	P68371	88.525	427	49	0	1	427	1	427	0.0	768
tubulin	Q3MHM5	88.525	427	49	0	1	427	1	427	0.0	768
tubulin	P11482	93.953	430	26	0	1	430	1	430	0.0	768
tubulin	O04386	93.721	430	27	0	1	430	1	430	0.0	768
tubulin	P13602	87.007	431	56	0	1	431	1	431	0.0	768
tubulin	Q4QRB4	84.305	446	70	0	1	446	1	446	0.0	768
tubulin	Q9ERD7	84.305	446	70	0	1	446	1	446	0.0	768
tubulin	P09652	84.152	448	69	1	1	446	1	448	0.0	767
tubulin	Q27U48	87.879	429	52	0	1	429	1	429	0.0	767
tubulin	Q24560	87.879	429	52	0	1	429	1	429	0.0	767
tubulin	P09203	87.674	430	53	0	1	430	1	430	0.0	767
tubulin	Q60HC2	84.305	446	68	1	1	444	1	446	0.0	766
tubulin	Q13509	84.305	446	68	1	1	444	1	446	0.0	766
tubulin	P09206	87.646	429	53	0	1	429	1	429	0.0	766
tubulin	Q2T9S0	84.305	446	68	1	1	444	1	446	0.0	766
tubulin	P85108	87.907	430	52	0	1	430	1	430	0.0	766
tubulin	Q7TMM9	87.907	430	52	0	1	430	1	430	0.0	766
tubulin	Q4R5B3	87.907	430	52	0	1	430	1	430	0.0	766
tubulin	Q13885	87.907	430	52	0	1	430	1	430	0.0	766
tubulin	Q91240	88.140	430	51	0	1	430	1	430	0.0	766
tubulin	P34108	92.093	430	34	0	1	430	1	430	0.0	765
tubulin	Q9ZSW1	90.909	429	39	0	1	429	1	429	0.0	765
tubulin	P11857	91.395	430	37	0	1	430	1	430	0.0	764
tubulin	P52275	81.390	446	81	1	1	444	1	446	0.0	764
tubulin	P18241	81.306	444	83	0	1	444	1	444	0.0	764
tubulin	P33188	91.628	430	36	0	1	430	1	430	0.0	763
tubulin	P41352	91.628	430	36	0	1	430	1	430	0.0	763
tubulin	P22852	93.488	430	28	0	1	430	1	430	0.0	763
tubulin	P41387	83.258	442	74	0	1	442	1	442	0.0	763
tubulin	P10876	91.395	430	37	0	1	430	1	430	0.0	762
tubulin	P93176	96.279	430	16	0	1	430	1	430	0.0	762
tubulin	Q41783	96.512	430	15	0	1	430	1	430	0.0	762
tubulin	P45960	96.512	430	15	0	1	430	1	430	0.0	762
tubulin	Q9D6F9	87.822	427	52	0	1	427	1	427	0.0	762
tubulin	Q4R4X8	87.822	427	52	0	1	427	1	427	0.0	762
tubulin	P04350	87.822	427	52	0	1	427	1	427	0.0	762
tubulin	Q3ZBU7	87.822	427	52	0	1	427	1	427	0.0	762
tubulin	P14643	89.767	430	44	0	1	430	1	430	0.0	762
tubulin	Q7KQL5	89.767	430	44	0	1	430	1	430	0.0	762
tubulin	Q9ZPN7	96.279	430	16	0	1	430	1	430	0.0	762
tubulin	Q27380	89.767	430	44	0	1	430	1	430	0.0	761
tubulin	P07436	89.583	432	45	0	1	432	1	432	0.0	761
tubulin	Q43594	96.279	430	16	0	1	430	1	430	0.0	761
tubulin	Q9ASR0	96.279	430	16	0	1	430	1	430	0.0	761
tubulin	Q56YW9	96.279	430	16	0	1	430	1	430	0.0	761
tubulin	Q8H7U1	96.512	430	15	0	1	430	1	430	0.0	760
tubulin	Q9ZRB2	95.360	431	20	0	1	431	1	431	0.0	760
tubulin	Q9ZRA9	96.977	430	13	0	1	430	1	430	0.0	760
tubulin	Q39697	93.166	439	30	0	1	439	1	439	0.0	760
tubulin	P10878	90.000	430	43	0	1	430	1	430	0.0	759
tubulin	P20365	91.860	430	35	0	1	430	1	430	0.0	759
tubulin	Q43697	96.270	429	16	0	1	429	1	429	0.0	759
tubulin	P29500	95.581	430	19	0	1	430	1	430	0.0	759
tubulin	P29516	96.279	430	16	0	1	430	1	430	0.0	759
tubulin	P29514	95.581	430	19	0	1	430	1	430	0.0	759
tubulin	Q9ZRB1	96.037	429	17	0	1	429	1	429	0.0	759
tubulin	P37392	96.279	430	16	0	1	430	1	430	0.0	759
tubulin	P14140	89.535	430	45	0	1	430	1	430	0.0	757
tubulin	Q08115	90.930	430	39	0	1	430	1	430	0.0	757
tubulin	P61857	86.744	430	57	0	1	430	1	430	0.0	757
tubulin	P61858	86.744	430	57	0	1	430	1	430	0.0	757
tubulin	P83130	86.744	430	57	0	1	430	1	430	0.0	757
tubulin	P30157	85.116	430	64	0	1	430	1	430	0.0	756
tubulin	Q17299	85.915	426	60	0	1	426	1	426	0.0	756
tubulin	Q76FS3	96.019	427	17	0	1	427	1	427	0.0	756
tubulin	Q9ZRA8	95.581	430	19	0	1	430	1	430	0.0	756
tubulin	P12456	85.446	426	62	0	1	426	1	426	0.0	756
tubulin	Q6VAF4	95.602	432	19	0	1	432	1	432	0.0	756
tubulin	P18026	94.639	429	23	0	1	429	1	429	0.0	756
tubulin	Q40106	95.814	430	18	0	1	430	1	430	0.0	756
tubulin	Q9LKI8	85.581	430	62	0	1	430	1	430	0.0	755
tubulin	P05304	85.116	430	64	0	1	430	1	430	0.0	755
tubulin	Q9N2N6	89.767	430	44	0	1	430	1	430	0.0	755
tubulin	P29515	95.824	431	18	0	1	431	1	431	0.0	755
tubulin	P30156	85.116	430	64	0	1	430	1	430	0.0	755
tubulin	Q9NFZ7	84.419	430	67	0	1	430	1	430	0.0	755
tubulin	Q2HJ81	85.116	430	64	0	1	430	1	430	0.0	755
tubulin	P50262	90.465	430	41	0	1	430	1	430	0.0	755
tubulin	P29501	95.561	428	19	0	3	430	1	428	0.0	755
tubulin	Q41785	96.037	429	17	0	1	429	1	429	0.0	755
tubulin	P29517	95.581	430	19	0	1	430	1	430	0.0	754
tubulin	P12411	95.592	431	18	1	1	430	1	431	0.0	754
tubulin	P53376	80.233	430	85	0	1	430	1	430	0.0	754
tubulin	P79008	82.791	430	74	0	1	430	1	430	0.0	754
tubulin	P09653	85.349	430	63	0	1	430	1	430	0.0	754
tubulin	P29513	95.128	431	20	1	1	430	1	431	0.0	754
tubulin	P24636	95.581	430	19	0	1	430	1	430	0.0	754
tubulin	P53375	77.852	447	96	1	1	444	1	447	0.0	751
tubulin	Q04709	88.605	430	49	0	1	430	1	430	0.0	751
tubulin	P24637	79.499	439	90	0	1	439	1	439	0.0	751
tubulin	O42786	79.767	430	87	0	1	430	1	430	0.0	751
tubulin	P53373	81.163	430	81	0	1	430	1	430	0.0	751
tubulin	Q76FS2	94.872	429	22	0	1	429	1	429	0.0	751
tubulin	Q9BUF5	84.259	432	68	0	1	432	1	432	0.0	751
tubulin	P41799	79.767	430	87	0	1	430	1	430	0.0	750
tubulin	Q6QDC9	79.302	430	89	0	1	430	1	430	0.0	750
tubulin	P08841	81.153	451	79	1	1	445	1	451	0.0	750
tubulin	Q3KVN1	79.535	430	88	0	1	430	1	430	0.0	750
tubulin	Q9UV72	80.465	430	84	0	1	430	1	430	0.0	749
tubulin	P05220	80.046	431	86	0	1	431	1	431	0.0	749
tubulin	P16040	80.465	430	84	0	1	430	1	430	0.0	749
tubulin	P41388	80.698	430	83	0	1	430	1	430	0.0	749
tubulin	O59837	88.837	430	48	0	1	430	1	430	0.0	749
tubulin	Q4R9N3	80.000	430	86	0	1	430	1	430	0.0	749
tubulin	Q6VAF6	94.907	432	20	1	1	430	1	432	0.0	749
tubulin	Q43695	94.651	430	23	0	1	430	1	430	0.0	749
tubulin	Q86ZP5	80.698	430	83	0	1	430	1	430	0.0	748
tubulin	Q9HFQ3	82.477	428	75	0	1	428	1	428	0.0	748
tubulin	Q922F4	84.884	430	65	0	1	430	1	430	0.0	748
tubulin	P12460	94.884	430	22	0	1	430	1	430	0.0	748
tubulin	P46264	94.676	432	20	1	1	429	1	432	0.0	748
tubulin	P46263	94.676	432	20	1	1	429	1	432	0.0	748
tubulin	P40905	80.698	430	83	0	1	430	1	430	0.0	747
tubulin	P17938	80.046	431	86	0	1	431	1	431	0.0	746
tubulin	Q39445	94.907	432	20	1	1	430	1	432	0.0	746
tubulin	P50261	86.512	430	58	0	1	430	1	430	0.0	746
tubulin	P40904	79.582	431	88	0	1	431	1	431	0.0	746
tubulin	Q3ZCM7	83.841	427	69	0	1	427	1	427	0.0	745
tubulin	Q6VAF8	94.824	425	22	0	1	425	1	425	0.0	745
tubulin	P08562	86.977	430	56	0	1	430	1	430	0.0	745
tubulin	P30668	82.093	430	77	0	1	430	1	430	0.0	745
tubulin	Q52NY7	80.233	430	85	0	1	430	1	430	0.0	745
tubulin	Q6EVK8	81.628	430	79	0	1	430	1	430	0.0	745
tubulin	P33127	79.814	431	87	0	1	431	1	431	0.0	744
tubulin	P41741	79.350	431	89	0	1	431	1	431	0.0	744
tubulin	Q8WP14	83.372	427	71	0	1	427	1	427	0.0	743
tubulin	Q41782	93.981	432	24	1	1	430	1	432	0.0	743
tubulin	P04107	87.442	430	54	0	1	430	1	430	0.0	743
tubulin	Q4HZS8	79.350	431	89	0	1	431	1	431	0.0	743
tubulin	P22014	79.535	430	88	0	1	430	1	430	0.0	743
tubulin	Q96TU8	82.009	428	77	0	1	428	1	428	0.0	742
tubulin	Q92268	81.206	431	81	0	1	431	1	431	0.0	741
tubulin	P33630	93.981	432	26	0	1	432	1	432	0.0	741
tubulin	P53374	79.350	431	89	0	1	431	1	431	0.0	741
tubulin	P35394	78.864	440	92	1	1	439	1	440	0.0	740
tubulin	P20802	88.837	430	46	2	1	430	1	428	0.0	740
tubulin	P29502	95.487	421	19	0	10	430	1	421	0.0	740
tubulin	Q8WP13	83.138	427	72	0	1	427	1	427	0.0	739
tubulin	P12459	91.163	430	38	0	1	430	1	430	0.0	738
tubulin	Q4P235	78.837	430	91	0	1	430	1	430	0.0	737
tubulin	Q875L3	77.528	445	98	1	1	443	1	445	0.0	737
tubulin	Q25009	82.448	433	72	1	1	429	1	433	0.0	736
tubulin	Q6VAF5	90.465	430	41	0	1	430	1	430	0.0	736
tubulin	P09207	78.781	443	94	0	1	443	1	443	0.0	736
tubulin	Q875L2	78.190	431	94	0	1	431	1	431	0.0	735
tubulin	Q8SS99	77.419	434	98	0	1	434	1	434	0.0	733
tubulin	P31863	78.372	430	93	0	1	430	1	430	0.0	731
tubulin	P21148	85.417	432	61	2	1	430	1	432	0.0	729
tubulin	P12458	78.959	442	93	0	1	442	1	442	0.0	729
tubulin	Q24829	76.959	434	100	0	1	434	1	434	0.0	728
tubulin	Q5UBX3	74.775	444	110	1	1	442	1	444	0.0	728
tubulin	Q2U2U3	79.535	430	88	0	1	430	1	430	0.0	727
tubulin	P22012	79.302	430	89	0	1	430	1	430	0.0	726
tubulin	Q9GSR5	76.728	434	101	0	1	434	1	434	0.0	726
tubulin	P10653	79.535	430	88	0	1	430	1	430	0.0	726
tubulin	Q9SEV2	77.904	439	97	0	1	439	1	439	0.0	724
tubulin	Q00264	79.302	430	89	0	1	430	1	430	0.0	723
tubulin	P41742	77.346	437	98	1	1	436	1	437	0.0	720
tubulin	P31864	75.785	446	105	2	1	443	1	446	0.0	719
tubulin	A6NNZ2	81.733	427	78	0	1	427	1	427	0.0	718
tubulin	P12457	88.112	429	48	3	1	429	1	426	0.0	718
tubulin	Q8WZE0	76.389	432	102	0	1	432	1	432	0.0	717
tubulin	Q9NFZ5	75.395	443	109	0	1	443	1	443	0.0	715
tubulin	P68373	41.295	448	253	2	1	438	1	448	0.0	715
tubulin	P68365	41.295	448	253	2	1	438	1	448	0.0	715
tubulin	Q6AYZ1	41.295	448	253	2	1	438	1	448	0.0	714
tubulin	Q4WA70	74.194	434	112	0	1	434	1	434	0.0	714
tubulin	P32924	74.884	430	108	0	1	430	1	430	0.0	714
tubulin	Q9BQE3	41.071	448	254	2	1	438	1	448	0.0	713
tubulin	P50259	73.288	438	117	0	1	438	1	438	0.0	713
tubulin	P08537	41.071	448	254	2	1	438	1	448	0.0	713
tubulin	P02557	73.243	441	118	0	1	441	1	441	0.0	711
tubulin	Q3ZCJ7	40.625	448	256	2	1	438	1	448	0.0	710
tubulin	P10875	72.727	440	120	0	1	440	1	440	0.0	710
tubulin	Q84TG9	74.186	430	111	0	1	430	1	430	0.0	708
tubulin	Q8WQ47	40.312	449	258	2	1	439	1	449	0.0	707
tubulin	Q5XIF6	40.402	448	257	2	1	438	1	448	0.0	706
tubulin	P68368	40.402	448	257	2	1	438	1	448	0.0	706
tubulin	P68367	40.402	448	257	2	1	438	1	448	0.0	706
tubulin	P68366	40.402	448	257	2	1	438	1	448	0.0	706
tubulin	P81948	40.402	448	257	2	1	438	1	448	0.0	706
tubulin	P41385	75.349	430	106	0	1	430	1	430	0.0	706
tubulin	Q6P9V9	40.909	440	250	2	1	430	1	440	0.0	704
tubulin	Q2XVP4	40.909	440	250	2	1	430	1	440	0.0	704
tubulin	P05213	40.909	440	250	2	1	430	1	440	0.0	704
tubulin	P68360	40.909	440	250	2	1	430	1	440	0.0	704
tubulin	Q4R538	40.909	440	250	2	1	430	1	440	0.0	704
tubulin	P68363	40.909	440	250	2	1	430	1	440	0.0	704
tubulin	P68361	40.909	440	250	2	1	430	1	440	0.0	704
tubulin	P81947	40.909	440	250	2	1	430	1	440	0.0	704
tubulin	P36220	40.909	440	250	2	1	430	1	440	0.0	704
tubulin	Q2HJ86	40.227	440	253	2	1	430	1	440	0.0	704
tubulin	P50260	90.864	405	37	0	26	430	1	405	0.0	703
tubulin	A2AQ07	75.116	430	107	0	1	430	1	430	0.0	703
tubulin	P68370	40.455	440	252	2	1	430	1	440	0.0	703
tubulin	A5A6J1	40.455	440	252	2	1	430	1	440	0.0	703
tubulin	P68369	40.455	440	252	2	1	430	1	440	0.0	703
tubulin	Q71U36	40.455	440	252	2	1	430	1	440	0.0	703
tubulin	P68362	40.455	440	252	2	1	430	1	440	0.0	703
tubulin	Q52PV9	39.644	449	261	2	1	439	1	449	0.0	703
tubulin	Q25008	40.222	450	259	2	1	440	1	450	0.0	702
tubulin	P06603	39.863	439	254	2	1	429	1	439	0.0	701
tubulin	P18288	39.773	440	255	2	1	430	1	440	0.0	701
tubulin	Q5R1W4	40.909	440	250	2	1	430	1	440	0.0	701
tubulin	P05219	74.419	430	110	0	1	430	1	430	0.0	701
tubulin	Q68FR8	39.545	440	256	2	1	430	1	440	0.0	701
tubulin	P05214	39.545	440	256	2	1	430	1	440	0.0	701
tubulin	P0DPH8	39.545	440	256	2	1	430	1	440	0.0	701
tubulin	P0DPH7	39.545	440	256	2	1	430	1	440	0.0	701
tubulin	P91910	39.866	449	260	2	1	439	1	449	0.0	700
tubulin	P32256	75.854	439	101	1	1	434	1	439	0.0	699
tubulin	P50719	40.089	449	259	2	1	439	1	449	0.0	699
tubulin	Q8T6A5	40.227	440	253	2	1	430	1	440	0.0	699
tubulin	P50258	41.372	452	252	3	1	442	1	449	0.0	699
tubulin	Q91060	39.863	439	254	2	1	429	1	439	0.0	698
tubulin	P06605	40.091	439	253	2	1	429	1	439	0.0	698
tubulin	P02550	40.455	440	252	2	1	430	1	440	0.0	698
tubulin	P18258	40.091	439	253	2	1	429	1	439	0.0	698
tubulin	Q28IX8	40.091	439	253	2	1	429	1	439	0.0	698
tubulin	P52273	39.408	439	256	2	1	429	1	439	0.0	698
tubulin	Q94572	39.909	441	255	2	1	431	1	441	0.0	697
tubulin	P41383	39.318	440	257	2	1	430	1	440	0.0	697
tubulin	Q32KN8	39.318	440	257	2	1	430	1	440	0.0	697
tubulin	P33629	41.648	449	252	2	1	439	1	449	0.0	696
tubulin	P06604	39.732	448	260	2	1	438	1	448	0.0	696
tubulin	Q6VAG0	41.203	449	254	2	1	439	1	449	0.0	695
tubulin	Q06331	40.091	439	253	2	1	429	1	439	0.0	694
tubulin	P30436	39.318	440	257	2	1	430	1	440	0.0	694
tubulin	P34690	40.046	437	254	1	1	429	1	437	0.0	694
tubulin	P10874	75.806	434	105	0	1	434	1	434	0.0	693
tubulin	Q9H4B7	76.047	430	103	0	1	430	1	430	0.0	693
tubulin	P53372	41.518	448	252	2	1	438	1	448	0.0	693
tubulin	P11480	41.964	448	250	2	1	438	1	448	0.0	692
tubulin	P25862	96.842	380	11	1	63	441	1	380	0.0	691
tubulin	O22349	40.980	449	255	2	1	439	1	449	0.0	689
tubulin	P04105	40.625	448	256	2	1	438	1	448	0.0	689
tubulin	P28752	40.757	449	256	2	1	439	1	449	0.0	689
tubulin	P12543	40.265	452	260	2	1	442	1	452	0.0	688
tubulin	P14642	40.708	452	254	3	1	438	1	452	0.0	688
tubulin	Q6PEY2	39.091	440	258	2	1	430	1	440	0.0	688
tubulin	P33631	94.634	410	22	0	33	442	1	410	0.0	687
tubulin	P09644	39.180	439	257	2	1	429	1	439	0.0	686
tubulin	P41351	42.045	440	245	2	1	430	1	440	0.0	686
tubulin	Q9ZRR5	41.743	436	244	2	1	426	1	436	0.0	684
tubulin	P32928	70.872	436	122	2	1	433	1	434	0.0	683
tubulin	Q9NY65	39.180	439	257	2	1	429	1	439	0.0	682
tubulin	Q94570	39.111	450	264	2	1	440	1	450	0.0	682
tubulin	O22347	41.743	436	244	2	1	426	1	436	0.0	682
tubulin	P14641	41.743	436	244	2	1	426	1	436	0.0	682
tubulin	Q96460	41.514	436	245	2	1	426	1	436	0.0	682
tubulin	P14640	41.743	436	244	2	1	426	1	436	0.0	682
tubulin	P10872	41.818	440	246	2	1	430	1	440	0.0	681
tubulin	Q6AY56	39.180	439	257	2	1	429	1	439	0.0	681
tubulin	Q9JJZ2	39.180	439	257	2	1	429	1	439	0.0	681
tubulin	P29511	41.839	435	243	2	1	425	1	435	0.0	681
tubulin	Q6VAF9	41.514	436	245	2	1	426	1	436	0.0	681
tubulin	Q9ZRJ4	40.774	439	250	2	1	429	1	439	0.0	681
tubulin	P22013	70.465	430	125	1	1	430	1	428	0.0	680
tubulin	Q53M52	41.648	437	245	2	1	427	1	437	0.0	680
tubulin	P46259	41.591	440	244	3	1	430	1	437	0.0	680
tubulin	P11237	41.230	439	248	2	1	429	1	439	0.0	680
tubulin	Q9ZRB7	41.514	436	245	2	1	426	1	436	0.0	680
tubulin	Q2HJB8	38.952	439	258	2	1	429	1	439	0.0	680
tubulin	P33627	41.379	435	245	2	1	425	1	435	0.0	679
tubulin	Q0WV25	41.609	435	244	2	1	425	1	435	0.0	679
tubulin	B9DGT7	41.609	435	244	2	1	425	1	435	0.0	679
tubulin	P22275	40.312	449	258	2	1	439	1	449	0.0	679
tubulin	P28287	41.379	435	245	2	1	425	1	435	0.0	679
tubulin	Q02245	41.839	435	243	2	1	425	1	435	0.0	679
tubulin	B9DHQ0	41.609	435	244	2	1	425	1	435	0.0	679
tubulin	Q56WH1	41.609	435	244	2	1	425	1	435	0.0	679
tubulin	Q25563	41.002	439	249	2	1	429	1	439	0.0	679
tubulin	P04106	40.969	454	255	3	1	444	1	451	0.0	678
tubulin	Q43473	41.379	435	245	2	1	425	1	435	0.0	678
tubulin	P33625	41.364	440	248	2	1	430	1	440	0.0	678
tubulin	P33623	41.898	432	241	2	1	422	1	432	0.0	678
tubulin	Q6VAG1	40.682	440	251	2	1	430	1	440	0.0	677
tubulin	Q08114	41.609	435	244	2	1	425	1	435	0.0	677
tubulin	Q9FT36	40.682	440	251	2	1	430	1	440	0.0	677
tubulin	P10873	40.920	435	247	2	1	425	1	435	0.0	676
tubulin	Q71G51	40.920	435	247	2	1	425	1	435	0.0	676
tubulin	Q40832	40.230	435	250	2	1	425	1	435	0.0	675
tubulin	Q27352	40.749	454	256	3	1	444	1	451	0.0	675
tubulin	P11481	40.920	435	247	2	1	425	1	435	0.0	675
tubulin	P09204	40.920	435	247	2	1	425	1	435	0.0	675
tubulin	P28268	41.818	440	245	3	1	430	1	439	0.0	674
tubulin	P38669	39.955	448	259	2	1	438	1	448	0.0	674
tubulin	Q40831	40.000	440	254	2	1	430	1	440	0.0	674
tubulin	Q92335	39.732	448	260	2	1	438	1	448	0.0	674
tubulin	O94128	38.976	449	264	2	1	439	1	449	0.0	673
tubulin	P11139	41.609	435	244	2	1	425	1	435	0.0	672
tubulin	P04689	40.848	448	255	2	1	438	1	448	0.0	671
tubulin	P09205	40.690	435	248	2	1	425	1	435	0.0	671
tubulin	Q38771	40.406	443	254	2	1	433	1	443	0.0	669
tubulin	P08070	38.341	446	266	2	1	438	1	445	0.0	669
tubulin	P09243	40.690	435	247	3	1	425	1	434	0.0	668
tubulin	P04688	39.868	454	259	2	1	440	1	454	0.0	665
tubulin	P24633	38.269	439	261	2	1	429	1	439	0.0	665
tubulin	O22348	40.227	440	250	3	1	430	1	437	0.0	664
tubulin	Q5I2J3	38.839	448	264	2	1	438	1	448	0.0	663
tubulin	Q42480	67.593	432	139	1	2	432	3	434	0.0	654
tubulin	P49742	38.202	445	267	1	1	437	1	445	0.0	650
tubulin	P49741	38.584	438	260	2	1	429	1	438	0.0	649
tubulin	P87066	41.163	447	252	2	1	436	1	447	0.0	649
tubulin	P09733	40.940	447	252	3	1	435	1	447	0.0	648
tubulin	P07304	40.741	432	241	3	1	422	1	427	0.0	647
tubulin	Q752Y2	39.732	448	257	4	1	435	1	448	0.0	646
tubulin	P09734	39.414	444	258	2	1	433	1	444	0.0	642
tubulin	P32925	61.745	447	167	3	1	445	1	445	0.0	641
tubulin	Q9SCC8	39.909	441	255	2	1	431	1	441	0.0	639
tubulin	P24634	38.889	450	263	3	1	438	1	450	0.0	633
tubulin	Q9C413	38.000	450	265	2	3	438	4	453	0.0	632
tubulin	Q8SRI6	37.698	443	266	3	1	435	1	441	0.0	631
tubulin	O49068	35.141	461	282	7	2	446	3	462	0.0	628
tubulin	P06606	37.744	461	266	2	1	440	1	461	0.0	624
tubulin	A6NHL2	37.528	445	261	2	1	428	1	445	0.0	624
tubulin	Q9XFG3	34.286	455	282	7	2	440	3	456	0.0	622
tubulin	P38558	34.286	455	282	7	2	440	3	456	0.0	621
tubulin	P02552	39.899	396	230	1	43	430	6	401	0.0	621
tubulin	P38668	37.609	460	265	4	1	444	1	454	0.0	621
tubulin	Q41807	34.707	461	284	7	2	446	3	462	0.0	620
tubulin	P38557	34.505	455	281	7	2	440	3	456	0.0	620
tubulin	Q962P8	39.866	449	261	2	1	440	1	449	0.0	620
tubulin	Q41808	34.348	460	285	7	2	445	3	461	0.0	618
tubulin	P23258	34.505	455	279	8	2	443	3	451	0.0	617
tubulin	Q0VCD2	34.286	455	280	8	2	443	3	451	0.0	617
tubulin	P32348	36.508	441	265	6	2	428	3	442	0.0	616
tubulin	Q3UX10	38.149	443	257	2	1	426	1	443	0.0	616
tubulin	P32255	40.359	446	248	5	2	429	3	448	0.0	615
tubulin	Q9NRH3	34.505	455	279	8	2	443	3	451	0.0	614
tubulin	P52274	38.789	446	264	2	2	438	6	451	0.0	614
tubulin	P25295	34.396	439	274	7	2	427	3	440	0.0	613
tubulin	Q9GKK5	34.066	455	281	8	2	443	3	451	0.0	613
tubulin	Q9Y882	34.475	438	273	7	2	426	3	439	0.0	612
tubulin	Q32KM1	34.066	455	281	8	2	443	3	451	0.0	612
tubulin	P34785	34.141	454	281	8	2	438	3	455	0.0	611
tubulin	P83888	34.066	455	281	8	2	443	3	451	0.0	610
tubulin	P83887	34.066	455	281	8	2	443	3	451	0.0	610
tubulin	Q7Z9Z2	33.562	438	278	6	2	427	3	439	0.0	610
tubulin	P23330	33.626	455	283	8	2	443	3	451	0.0	609
tubulin	P18695	34.649	456	276	8	2	443	3	450	0.0	609
tubulin	Q8VCK3	33.626	455	283	8	2	443	3	451	0.0	607
tubulin	P40633	33.406	458	290	7	2	445	3	459	0.0	604
tubulin	P90548	33.481	451	283	7	2	443	3	445	0.0	603
tubulin	P34786	33.481	451	283	7	2	443	3	445	0.0	603
tubulin	Q8J1R4	57.407	432	181	1	2	430	3	434	0.0	602
tubulin	P54404	35.841	452	272	7	2	443	3	446	0.0	602
tubulin	P54403	32.965	452	285	7	2	443	3	446	0.0	602
tubulin	P23257	35.099	453	270	8	3	437	4	450	0.0	601
tubulin	P53371	37.799	418	250	3	1	408	1	418	0.0	600
tubulin	P54402	33.481	451	283	7	2	443	3	445	0.0	598
tubulin	P41386	88.856	341	38	0	75	415	1	341	0.0	597
tubulin	P42271	33.917	457	282	8	3	445	4	454	0.0	595
tubulin	P53377	33.843	458	284	8	2	446	3	454	0.0	592
tubulin	Q39582	33.547	468	275	10	2	439	3	464	0.0	583
tubulin	P31017	35.526	456	275	5	1	438	1	455	0.0	579
tubulin	P54405	32.000	450	285	9	2	439	3	443	0.0	575
tubulin	P34787	33.556	450	277	8	2	435	3	446	0.0	569
tubulin	Q55AR3	33.853	449	282	7	2	443	3	443	0.0	559
tubulin	Q9VRX3	50.588	425	207	2	1	424	1	423	0.0	546
tubulin	Q41874	33.253	415	260	7	48	446	1	414	0.0	537
tubulin	P92120	36.649	382	232	3	23	396	1	380	0.0	534
tubulin	P33624	39.669	363	210	2	84	437	1	363	0.0	529
tubulin	Q8SRD2	31.663	439	281	9	1	429	1	430	0.0	514
tubulin	P18700	87.636	275	34	0	156	430	1	275	2.63e-176	497
tubulin	P54401	32.648	438	281	7	2	435	3	430	3.03e-173	496
tubulin	P20364	94.966	298	15	0	133	430	1	298	1.22e-171	486
tubulin	Q75A43	30.853	457	290	10	3	443	4	450	7.18e-171	490
tubulin	P09645	37.461	323	194	1	124	438	1	323	5.22e-170	483
tubulin	P09643	38.509	322	190	1	124	437	1	322	1.18e-169	481
tubulin	P09642	38.509	322	190	1	124	437	1	322	2.70e-166	473
tubulin	P86221	63.939	391	40	5	1	391	1	290	1.20e-162	463
tubulin	Q4R7T7	24.222	450	308	9	4	422	3	450	5.41e-160	462
tubulin	Q9UJT1	24.123	456	301	11	4	422	3	450	2.52e-159	460
tubulin	Q8HZV4	23.831	449	311	9	4	422	3	450	2.06e-158	458
tubulin	Q9R1K7	24.889	450	305	9	4	422	3	450	1.17e-156	454
tubulin	Q6DIM3	26.316	456	295	10	4	425	3	451	1.38e-153	446
tubulin	P53378	26.739	460	308	10	3	443	4	453	2.34e-151	441
tubulin	A0AAL4	39.875	321	179	3	93	399	3	323	2.13e-149	431
tubulin	Q9UJT0	31.049	467	270	8	1	425	1	457	2.43e-146	428
tubulin	P34475	30.645	434	283	10	4	425	7	434	2.86e-144	422
tubulin	Q9D6T1	30.128	468	273	9	1	425	1	457	4.21e-144	423
tubulin	Q6FNU9	29.540	457	298	10	3	443	4	452	4.38e-144	422
tubulin	O93807	28.000	475	284	17	3	429	4	468	4.54e-135	400
tubulin	P33632	93.363	226	15	0	205	430	1	226	9.37e-133	385
tubulin	P24635	35.088	228	140	1	210	429	1	228	2.76e-122	358
tubulin	Q9SEA4	24.368	435	299	10	3	425	4	420	3.43e-115	347
tubulin	Q07972	38.679	212	122	1	202	405	1	212	9.50e-115	338
tubulin	Q9H853	42.857	203	109	1	69	264	10	212	5.97e-102	306
tubulin	P86234	23.958	192	98	3	200	391	53	196	3.30e-52	177
# PSIBLAST 2.6.0+
# Iteration: 3
# Query: tubulin | Q40665.2 | XP_015643315.1 | 98.13%
# Database: /home/alex/Documents/data/local_db/swissprot
# Fields: query acc.ver, subject acc.ver, % identity, alignment length, mismatches, gap opens, q. start, q. end, s. start, s. end, evalue, bit score
# 432 hits found
tubulin	Q40665	100.000	446	0	0	1	446	1	446	0.0	819
tubulin	Q6VAF7	96.629	445	15	0	1	445	1	445	0.0	812
tubulin	Q9ZPN8	96.637	446	15	0	1	446	1	446	0.0	812
tubulin	Q41784	97.968	443	9	0	1	443	1	443	0.0	811
tubulin	Q9ZRB0	96.404	445	16	0	1	445	1	445	0.0	810
tubulin	P37832	96.404	445	15	1	1	445	1	444	0.0	809
tubulin	P46265	97.987	447	7	1	1	445	1	447	0.0	807
tubulin	Q9ZPP0	97.079	445	13	0	1	445	1	445	0.0	807
tubulin	P18025	96.279	430	16	0	1	430	1	430	0.0	784
tubulin	O17449	87.298	433	55	0	1	433	1	433	0.0	771
tubulin	P41937	85.520	442	64	0	1	442	1	442	0.0	770
tubulin	P11833	88.605	430	49	0	1	430	1	430	0.0	769
tubulin	P30883	88.605	430	49	0	1	430	1	430	0.0	769
tubulin	Q9NFZ6	87.907	430	52	0	1	430	1	430	0.0	768
tubulin	Q94571	81.336	434	76	1	1	429	1	434	0.0	767
tubulin	P36221	87.442	430	54	0	1	430	1	430	0.0	766
tubulin	P28551	99.265	408	3	0	1	408	1	408	0.0	766
tubulin	P32882	87.907	430	52	0	1	430	1	430	0.0	766
tubulin	Q3KRE8	87.907	430	52	0	1	430	1	430	0.0	766
tubulin	Q9CWF2	87.907	430	52	0	1	430	1	430	0.0	766
tubulin	Q9BVA1	87.907	430	52	0	1	430	1	430	0.0	766
tubulin	Q6B856	87.907	430	52	0	1	430	1	430	0.0	766
tubulin	O44388	86.279	430	59	0	1	430	1	430	0.0	765
tubulin	P02554	88.140	430	51	0	1	430	1	430	0.0	765
tubulin	Q9YHC3	87.674	430	53	0	1	430	1	430	0.0	765
tubulin	P09244	88.112	429	51	0	1	429	1	429	0.0	765
tubulin	Q6GLE7	88.112	429	51	0	1	429	1	429	0.0	765
tubulin	Q91575	88.112	429	51	0	1	429	1	429	0.0	765
tubulin	P69897	88.112	429	51	0	1	429	1	429	0.0	765
tubulin	Q5R943	88.112	429	51	0	1	429	1	429	0.0	765
tubulin	Q767L7	88.112	429	51	0	1	429	1	429	0.0	765
tubulin	Q7JJU6	88.112	429	51	0	1	429	1	429	0.0	765
tubulin	P99024	88.112	429	51	0	1	429	1	429	0.0	765
tubulin	P69895	88.112	429	51	0	1	429	1	429	0.0	765
tubulin	P07437	88.112	429	51	0	1	429	1	429	0.0	765
tubulin	P69893	88.112	429	51	0	1	429	1	429	0.0	765
tubulin	Q2KJD0	88.112	429	51	0	1	429	1	429	0.0	765
tubulin	Q6P9T8	88.525	427	49	0	1	427	1	427	0.0	765
tubulin	P68372	88.525	427	49	0	1	427	1	427	0.0	765
tubulin	P68371	88.525	427	49	0	1	427	1	427	0.0	765
tubulin	Q3MHM5	88.525	427	49	0	1	427	1	427	0.0	765
tubulin	P13602	87.007	431	56	0	1	431	1	431	0.0	764
tubulin	P04690	93.953	430	26	0	1	430	1	430	0.0	764
tubulin	Q4QRB4	84.305	446	70	0	1	446	1	446	0.0	764
tubulin	Q9ERD7	84.305	446	70	0	1	446	1	446	0.0	764
tubulin	Q27U48	87.879	429	52	0	1	429	1	429	0.0	764
tubulin	Q24560	87.879	429	52	0	1	429	1	429	0.0	764
tubulin	Q9ZPN9	95.011	441	22	0	1	441	1	441	0.0	763
tubulin	P09203	87.674	430	53	0	1	430	1	430	0.0	763
tubulin	Q60HC2	84.081	446	71	0	1	446	1	446	0.0	763
tubulin	Q13509	84.081	446	71	0	1	446	1	446	0.0	763
tubulin	Q2T9S0	84.081	446	71	0	1	446	1	446	0.0	763
tubulin	P11482	93.953	430	26	0	1	430	1	430	0.0	763
tubulin	O04386	93.721	430	27	0	1	430	1	430	0.0	762
tubulin	P52275	81.027	448	83	1	1	446	1	448	0.0	762
tubulin	P85108	87.907	430	52	0	1	430	1	430	0.0	762
tubulin	Q7TMM9	87.907	430	52	0	1	430	1	430	0.0	762
tubulin	Q4R5B3	87.907	430	52	0	1	430	1	430	0.0	762
tubulin	Q13885	87.907	430	52	0	1	430	1	430	0.0	762
tubulin	P09206	87.646	429	53	0	1	429	1	429	0.0	762
tubulin	P18241	81.674	442	81	0	1	442	1	442	0.0	761
tubulin	Q91240	88.140	430	51	0	1	430	1	430	0.0	761
tubulin	P09652	84.152	448	69	1	1	446	1	448	0.0	760
tubulin	Q9ZSW1	90.909	429	39	0	1	429	1	429	0.0	760
tubulin	P11857	91.395	430	37	0	1	430	1	430	0.0	759
tubulin	P34108	92.093	430	34	0	1	430	1	430	0.0	759
tubulin	P33188	91.628	430	36	0	1	430	1	430	0.0	758
tubulin	P41352	91.628	430	36	0	1	430	1	430	0.0	758
tubulin	P41387	83.258	442	74	0	1	442	1	442	0.0	758
tubulin	Q9D6F9	87.822	427	52	0	1	427	1	427	0.0	758
tubulin	Q4R4X8	87.822	427	52	0	1	427	1	427	0.0	758
tubulin	P04350	87.822	427	52	0	1	427	1	427	0.0	758
tubulin	Q3ZBU7	87.822	427	52	0	1	427	1	427	0.0	758
tubulin	P22852	93.488	430	28	0	1	430	1	430	0.0	757
tubulin	P10876	91.395	430	37	0	1	430	1	430	0.0	757
tubulin	Q41783	96.512	430	15	0	1	430	1	430	0.0	757
tubulin	P45960	96.512	430	15	0	1	430	1	430	0.0	757
tubulin	P07436	89.583	432	45	0	1	432	1	432	0.0	757
tubulin	Q27380	89.767	430	44	0	1	430	1	430	0.0	756
tubulin	P14643	89.767	430	44	0	1	430	1	430	0.0	756
tubulin	Q7KQL5	89.767	430	44	0	1	430	1	430	0.0	756
tubulin	P93176	96.279	430	16	0	1	430	1	430	0.0	756
tubulin	Q9ZPN7	96.279	430	16	0	1	430	1	430	0.0	755
tubulin	Q9ASR0	96.279	430	16	0	1	430	1	430	0.0	755
tubulin	Q56YW9	96.279	430	16	0	1	430	1	430	0.0	755
tubulin	Q43594	96.279	430	16	0	1	430	1	430	0.0	755
tubulin	Q9ZRB2	95.360	431	20	0	1	431	1	431	0.0	755
tubulin	P20365	91.860	430	35	0	1	430	1	430	0.0	754
tubulin	P10878	90.000	430	43	0	1	430	1	430	0.0	754
tubulin	Q8H7U1	96.512	430	15	0	1	430	1	430	0.0	754
tubulin	Q39697	93.166	439	30	0	1	439	1	439	0.0	754
tubulin	P29514	95.581	430	19	0	1	430	1	430	0.0	753
tubulin	Q17299	85.915	426	60	0	1	426	1	426	0.0	753
tubulin	P29516	96.279	430	16	0	1	430	1	430	0.0	753
tubulin	Q43697	96.270	429	16	0	1	429	1	429	0.0	753
tubulin	Q9ZRA9	96.977	430	13	0	1	430	1	430	0.0	753
tubulin	P83130	86.744	430	57	0	1	430	1	430	0.0	753
tubulin	P29500	95.581	430	19	0	1	430	1	430	0.0	753
tubulin	P37392	96.279	430	16	0	1	430	1	430	0.0	753
tubulin	P61857	86.744	430	57	0	1	430	1	430	0.0	753
tubulin	P61858	86.744	430	57	0	1	430	1	430	0.0	753
tubulin	Q9NFZ7	84.419	430	67	0	1	430	1	430	0.0	753
tubulin	P12456	85.446	426	62	0	1	426	1	426	0.0	753
tubulin	Q9ZRB1	96.037	429	17	0	1	429	1	429	0.0	752
tubulin	P05304	85.116	430	64	0	1	430	1	430	0.0	752
tubulin	Q08115	90.930	430	39	0	1	430	1	430	0.0	752
tubulin	P30157	85.116	430	64	0	1	430	1	430	0.0	751
tubulin	P53376	80.233	430	85	0	1	430	1	430	0.0	751
tubulin	Q2HJ81	85.116	430	64	0	1	430	1	430	0.0	751
tubulin	Q9LKI8	85.581	430	62	0	1	430	1	430	0.0	751
tubulin	P79008	81.716	443	81	0	1	443	1	443	0.0	751
tubulin	P30156	85.116	430	64	0	1	430	1	430	0.0	751
tubulin	P14140	89.535	430	45	0	1	430	1	430	0.0	750
tubulin	Q9N2N6	89.767	430	44	0	1	430	1	430	0.0	750
tubulin	Q6VAF4	95.602	432	19	0	1	432	1	432	0.0	750
tubulin	Q76FS3	96.019	427	17	0	1	427	1	427	0.0	750
tubulin	Q9ZRA8	95.581	430	19	0	1	430	1	430	0.0	750
tubulin	P50262	90.465	430	41	0	1	430	1	430	0.0	750
tubulin	P18026	94.639	429	23	0	1	429	1	429	0.0	750
tubulin	P24637	79.499	439	90	0	1	439	1	439	0.0	750
tubulin	P09653	85.349	430	63	0	1	430	1	430	0.0	750
tubulin	P29501	95.561	428	19	0	3	430	1	428	0.0	750
tubulin	Q40106	95.814	430	18	0	1	430	1	430	0.0	750
tubulin	P29515	95.824	431	18	0	1	431	1	431	0.0	749
tubulin	Q41785	96.037	429	17	0	1	429	1	429	0.0	749
tubulin	P41799	79.767	430	87	0	1	430	1	430	0.0	748
tubulin	P53375	77.528	445	98	1	1	443	1	445	0.0	748
tubulin	P29517	95.581	430	19	0	1	430	1	430	0.0	748
tubulin	P24636	95.581	430	19	0	1	430	1	430	0.0	748
tubulin	O42786	79.767	430	87	0	1	430	1	430	0.0	748
tubulin	P53373	81.163	430	81	0	1	430	1	430	0.0	748
tubulin	P29513	95.128	431	20	1	1	430	1	431	0.0	748
tubulin	P12411	93.512	447	28	1	1	446	1	447	0.0	748
tubulin	Q6QDC9	79.302	430	89	0	1	430	1	430	0.0	747
tubulin	Q9UV72	80.465	430	84	0	1	430	1	430	0.0	747
tubulin	Q4R9N3	80.000	430	86	0	1	430	1	430	0.0	746
tubulin	Q3KVN1	79.535	430	88	0	1	430	1	430	0.0	746
tubulin	P16040	80.465	430	84	0	1	430	1	430	0.0	746
tubulin	Q04709	88.605	430	49	0	1	430	1	430	0.0	746
tubulin	Q9BUF5	84.259	432	68	0	1	432	1	432	0.0	746
tubulin	P05220	80.046	431	86	0	1	431	1	431	0.0	746
tubulin	P08841	81.153	451	79	1	1	445	1	451	0.0	746
tubulin	P41388	80.698	430	83	0	1	430	1	430	0.0	746
tubulin	Q9HFQ3	82.477	428	75	0	1	428	1	428	0.0	746
tubulin	Q76FS2	94.872	429	22	0	1	429	1	429	0.0	746
tubulin	Q86ZP5	80.698	430	83	0	1	430	1	430	0.0	745
tubulin	O59837	88.837	430	48	0	1	430	1	430	0.0	745
tubulin	P17938	80.046	431	86	0	1	431	1	431	0.0	745
tubulin	Q922F4	84.884	430	65	0	1	430	1	430	0.0	744
tubulin	Q43695	94.651	430	23	0	1	430	1	430	0.0	744
tubulin	P40905	80.698	430	83	0	1	430	1	430	0.0	744
tubulin	P40904	79.582	431	88	0	1	431	1	431	0.0	744
tubulin	P33127	79.814	431	87	0	1	431	1	431	0.0	743
tubulin	P41741	79.350	431	89	0	1	431	1	431	0.0	743
tubulin	Q52NY7	80.233	430	85	0	1	430	1	430	0.0	742
tubulin	Q6VAF6	94.907	432	20	1	1	430	1	432	0.0	742
tubulin	P12460	94.884	430	22	0	1	430	1	430	0.0	742
tubulin	P50261	86.512	430	58	0	1	430	1	430	0.0	741
tubulin	P46264	94.676	432	20	1	1	429	1	432	0.0	741
tubulin	P46263	94.676	432	20	1	1	429	1	432	0.0	741
tubulin	P30668	82.093	430	77	0	1	430	1	430	0.0	741
tubulin	Q6VAF8	94.824	425	22	0	1	425	1	425	0.0	741
tubulin	Q96TU8	82.009	428	77	0	1	428	1	428	0.0	741
tubulin	Q3ZCM7	83.841	427	69	0	1	427	1	427	0.0	741
tubulin	Q6EVK8	81.628	430	79	0	1	430	1	430	0.0	741
tubulin	P22014	79.535	430	88	0	1	430	1	430	0.0	740
tubulin	Q4HZS8	79.350	431	89	0	1	431	1	431	0.0	740
tubulin	Q39445	94.907	432	20	1	1	430	1	432	0.0	740
tubulin	P08562	86.977	430	56	0	1	430	1	430	0.0	739
tubulin	P53374	79.350	431	89	0	1	431	1	431	0.0	739
tubulin	Q8WP14	83.372	427	71	0	1	427	1	427	0.0	739
tubulin	Q92268	81.206	431	81	0	1	431	1	431	0.0	738
tubulin	P04107	87.442	430	54	0	1	430	1	430	0.0	738
tubulin	Q41782	93.981	432	24	1	1	430	1	432	0.0	738
tubulin	P33630	93.981	432	26	0	1	432	1	432	0.0	737
tubulin	Q8WP13	83.138	427	72	0	1	427	1	427	0.0	735
tubulin	P20802	88.837	430	46	2	1	430	1	428	0.0	735
tubulin	P35394	78.864	440	92	1	1	439	1	440	0.0	735
tubulin	Q875L3	77.252	444	100	1	1	443	1	444	0.0	735
tubulin	Q4P235	78.837	430	91	0	1	430	1	430	0.0	734
tubulin	P29502	95.487	421	19	0	10	430	1	421	0.0	734
tubulin	Q875L2	78.190	431	94	0	1	431	1	431	0.0	734
tubulin	Q25009	82.448	433	72	1	1	429	1	433	0.0	733
tubulin	P12459	91.163	430	38	0	1	430	1	430	0.0	733
tubulin	P09207	78.781	443	94	0	1	443	1	443	0.0	732
tubulin	Q6VAF5	90.465	430	41	0	1	430	1	430	0.0	730
tubulin	Q8SS99	77.241	435	99	0	1	435	1	435	0.0	730
tubulin	P31863	78.372	430	93	0	1	430	1	430	0.0	730
tubulin	P12458	78.959	442	93	0	1	442	1	442	0.0	726
tubulin	Q5UBX3	74.550	444	111	1	1	442	1	444	0.0	725
tubulin	Q2U2U3	79.535	430	88	0	1	430	1	430	0.0	725
tubulin	P21148	85.417	432	61	2	1	430	1	432	0.0	724
tubulin	Q24829	76.782	435	101	0	1	435	1	435	0.0	724
tubulin	P22012	79.302	430	89	0	1	430	1	430	0.0	724
tubulin	P68373	41.295	448	253	2	1	438	1	448	0.0	723
tubulin	P68365	41.295	448	253	2	1	438	1	448	0.0	723
tubulin	P10653	79.535	430	88	0	1	430	1	430	0.0	723
tubulin	Q6AYZ1	41.295	448	253	2	1	438	1	448	0.0	723
tubulin	Q9BQE3	41.071	448	254	2	1	438	1	448	0.0	722
tubulin	Q9GSR5	76.552	435	102	0	1	435	1	435	0.0	722
tubulin	Q9SEV2	77.727	440	98	0	1	440	1	440	0.0	721
tubulin	Q00264	79.302	430	89	0	1	430	1	430	0.0	721
tubulin	P08537	41.071	448	254	2	1	438	1	448	0.0	721
tubulin	Q3ZCJ7	40.625	448	256	2	1	438	1	448	0.0	720
tubulin	P41742	77.346	437	98	1	1	436	1	437	0.0	718
tubulin	P31864	75.785	446	105	2	1	443	1	446	0.0	717
tubulin	Q8WZE0	76.389	432	102	0	1	432	1	432	0.0	715
tubulin	Q5XIF6	40.402	448	257	2	1	438	1	448	0.0	715
tubulin	P68368	40.402	448	257	2	1	438	1	448	0.0	715
tubulin	P68367	40.402	448	257	2	1	438	1	448	0.0	715
tubulin	P68366	40.402	448	257	2	1	438	1	448	0.0	715
tubulin	P81948	40.402	448	257	2	1	438	1	448	0.0	715
tubulin	A6NNZ2	81.733	427	78	0	1	427	1	427	0.0	715
tubulin	Q8WQ47	40.312	449	258	2	1	439	1	449	0.0	714
tubulin	Q6P9V9	40.909	440	250	2	1	430	1	440	0.0	714
tubulin	Q2XVP4	40.909	440	250	2	1	430	1	440	0.0	714
tubulin	P05213	40.909	440	250	2	1	430	1	440	0.0	714
tubulin	P68360	40.909	440	250	2	1	430	1	440	0.0	714
tubulin	Q4R538	40.909	440	250	2	1	430	1	440	0.0	714
tubulin	P68363	40.909	440	250	2	1	430	1	440	0.0	714
tubulin	P68361	40.909	440	250	2	1	430	1	440	0.0	714
tubulin	P81947	40.909	440	250	2	1	430	1	440	0.0	714
tubulin	P36220	40.909	440	250	2	1	430	1	440	0.0	713
tubulin	Q2HJ86	40.227	440	253	2	1	430	1	440	0.0	713
tubulin	Q4WA70	74.023	435	113	0	1	435	1	435	0.0	713
tubulin	P68370	40.455	440	252	2	1	430	1	440	0.0	713
tubulin	A5A6J1	40.455	440	252	2	1	430	1	440	0.0	713
tubulin	P68369	40.455	440	252	2	1	430	1	440	0.0	713
tubulin	Q71U36	40.455	440	252	2	1	430	1	440	0.0	713
tubulin	P68362	40.455	440	252	2	1	430	1	440	0.0	713
tubulin	Q9NFZ5	75.395	443	109	0	1	443	1	443	0.0	712
tubulin	P32924	74.884	430	108	0	1	430	1	430	0.0	712
tubulin	P50259	73.455	437	116	0	1	437	1	437	0.0	711
tubulin	Q68FR8	39.545	440	256	2	1	430	1	440	0.0	710
tubulin	P05214	39.545	440	256	2	1	430	1	440	0.0	710
tubulin	P0DPH8	39.545	440	256	2	1	430	1	440	0.0	710
tubulin	P0DPH7	39.545	440	256	2	1	430	1	440	0.0	710
tubulin	P06603	39.863	439	254	2	1	429	1	439	0.0	710
tubulin	Q5R1W4	40.909	440	250	2	1	430	1	440	0.0	710
tubulin	Q52PV9	39.644	449	261	2	1	439	1	449	0.0	710
tubulin	P91910	39.866	449	260	2	1	439	1	449	0.0	710
tubulin	P18288	39.773	440	255	2	1	430	1	440	0.0	709
tubulin	Q25008	40.222	450	259	2	1	440	1	450	0.0	709
tubulin	P50719	40.089	449	259	2	1	439	1	449	0.0	709
tubulin	Q8T6A5	40.227	440	253	2	1	430	1	440	0.0	709
tubulin	P12457	88.112	429	48	3	1	429	1	426	0.0	708
tubulin	P10875	72.036	447	123	1	1	445	1	447	0.0	708
tubulin	Q91060	39.773	440	255	2	1	430	1	440	0.0	708
tubulin	P02550	40.455	440	252	2	1	430	1	440	0.0	708
tubulin	P06605	40.091	439	253	2	1	429	1	439	0.0	708
tubulin	P18258	40.091	439	253	2	1	429	1	439	0.0	708
tubulin	Q28IX8	40.091	439	253	2	1	429	1	439	0.0	707
tubulin	P41383	39.318	440	257	2	1	430	1	440	0.0	707
tubulin	P52273	39.408	439	256	2	1	429	1	439	0.0	706
tubulin	P50258	41.425	449	253	2	1	439	1	449	0.0	706
tubulin	Q94572	39.909	441	255	2	1	431	1	441	0.0	706
tubulin	Q32KN8	39.318	440	257	2	1	430	1	440	0.0	706
tubulin	P02557	73.243	441	118	0	1	441	1	441	0.0	706
tubulin	P06604	39.732	448	260	2	1	438	1	448	0.0	706
tubulin	Q84TG9	74.186	430	111	0	1	430	1	430	0.0	705
tubulin	P30436	39.318	440	257	2	1	430	1	440	0.0	704
tubulin	P34690	40.046	437	254	1	1	429	1	437	0.0	703
tubulin	P33629	41.648	449	252	2	1	439	1	449	0.0	703
tubulin	Q06331	40.091	439	253	2	1	429	1	439	0.0	703
tubulin	P53372	41.518	448	252	2	1	438	1	448	0.0	701
tubulin	Q6VAG0	41.203	449	254	2	1	439	1	449	0.0	701
tubulin	P41385	75.349	430	106	0	1	430	1	430	0.0	700
tubulin	A2AQ07	75.116	430	107	0	1	430	1	430	0.0	699
tubulin	P05219	74.419	430	110	0	1	430	1	430	0.0	698
tubulin	P50260	90.864	405	37	0	26	430	1	405	0.0	698
tubulin	P11480	41.964	448	250	2	1	438	1	448	0.0	698
tubulin	Q6PEY2	39.091	440	258	2	1	430	1	440	0.0	697
tubulin	P32256	75.854	439	101	1	1	434	1	439	0.0	696
tubulin	P09644	39.091	440	258	2	1	430	1	440	0.0	696
tubulin	O22349	40.980	449	255	2	1	439	1	449	0.0	696
tubulin	P12543	40.265	452	260	2	1	442	1	452	0.0	695
tubulin	P14642	40.487	452	259	2	1	442	1	452	0.0	695
tubulin	P04105	40.625	448	256	2	1	438	1	448	0.0	695
tubulin	P28752	40.757	449	256	2	1	439	1	449	0.0	695
tubulin	P41351	42.045	440	245	2	1	430	1	440	0.0	693
tubulin	Q6AY56	39.180	439	257	2	1	429	1	439	0.0	691
tubulin	Q9JJZ2	39.180	439	257	2	1	429	1	439	0.0	691
tubulin	Q9NY65	39.180	439	257	2	1	429	1	439	0.0	691
tubulin	P10874	75.806	434	105	0	1	434	1	434	0.0	691
tubulin	Q9ZRR5	41.648	437	245	2	1	427	1	437	0.0	691
tubulin	P46259	41.648	437	245	2	1	427	1	437	0.0	690
tubulin	Q9H4B7	76.047	430	103	0	1	430	1	430	0.0	690
tubulin	Q2HJB8	38.952	439	258	2	1	429	1	439	0.0	690
tubulin	Q94570	39.111	450	264	2	1	440	1	450	0.0	689
tubulin	O22347	41.648	437	245	2	1	427	1	437	0.0	689
tubulin	P10872	41.818	440	246	2	1	430	1	440	0.0	688
tubulin	P14641	41.648	437	245	2	1	427	1	437	0.0	688
tubulin	P14640	41.648	437	245	2	1	427	1	437	0.0	688
tubulin	Q96460	41.419	437	246	2	1	427	1	437	0.0	688
tubulin	Q9ZRJ4	40.774	439	250	2	1	429	1	439	0.0	688
tubulin	Q6VAF9	41.419	437	246	2	1	427	1	437	0.0	688
tubulin	P29511	41.839	435	243	2	1	425	1	435	0.0	687
tubulin	P11237	41.230	439	248	2	1	429	1	439	0.0	687
tubulin	Q53M52	41.648	437	245	2	1	427	1	437	0.0	686
tubulin	Q9ZRB7	41.419	437	246	2	1	427	1	437	0.0	686
tubulin	P33625	41.364	440	248	2	1	430	1	440	0.0	686
tubulin	Q25563	41.002	439	249	2	1	429	1	439	0.0	686
tubulin	P04106	40.667	450	257	2	1	440	1	450	0.0	686
tubulin	P28287	41.379	435	245	2	1	425	1	435	0.0	685
tubulin	Q0WV25	41.609	435	244	2	1	425	1	435	0.0	685
tubulin	P22275	40.312	449	258	2	1	439	1	449	0.0	685
tubulin	B9DGT7	41.609	435	244	2	1	425	1	435	0.0	685
tubulin	P33627	41.379	435	245	2	1	425	1	435	0.0	684
tubulin	Q6VAG1	40.682	440	251	2	1	430	1	440	0.0	684
tubulin	B9DHQ0	41.609	435	244	2	1	425	1	435	0.0	684
tubulin	Q56WH1	41.609	435	244	2	1	425	1	435	0.0	684
tubulin	Q9FT36	40.682	440	251	2	1	430	1	440	0.0	683
tubulin	Q02245	41.839	435	243	2	1	425	1	435	0.0	683
tubulin	P38669	39.955	448	259	2	1	438	1	448	0.0	683
tubulin	Q43473	41.379	435	245	2	1	425	1	435	0.0	683
tubulin	Q92335	39.732	448	260	2	1	438	1	448	0.0	683
tubulin	Q08114	41.609	435	244	2	1	425	1	435	0.0	683
tubulin	P33623	41.898	432	241	2	1	422	1	432	0.0	683
tubulin	Q27352	40.444	450	258	2	1	440	1	450	0.0	682
tubulin	P28268	41.818	440	245	3	1	430	1	439	0.0	682
tubulin	P09204	40.920	435	247	2	1	425	1	435	0.0	682
tubulin	P33631	94.634	410	22	0	33	442	1	410	0.0	681
tubulin	P32928	70.872	436	122	2	1	433	1	434	0.0	681
tubulin	O94128	38.976	449	264	2	1	439	1	449	0.0	681
tubulin	P10873	40.920	435	247	2	1	425	1	435	0.0	681
tubulin	Q71G51	40.920	435	247	2	1	425	1	435	0.0	681
tubulin	P11481	40.920	435	247	2	1	425	1	435	0.0	681
tubulin	Q40832	40.230	435	250	2	1	425	1	435	0.0	681
tubulin	P04689	40.848	448	255	2	1	438	1	448	0.0	680
tubulin	Q40831	40.000	440	254	2	1	430	1	440	0.0	680
tubulin	P22013	70.465	430	125	1	1	430	1	428	0.0	679
tubulin	P09205	40.690	435	248	2	1	425	1	435	0.0	678
tubulin	P08070	38.117	446	267	2	1	438	1	445	0.0	677
tubulin	P11139	41.609	435	244	2	1	425	1	435	0.0	677
tubulin	P24633	38.269	439	261	2	1	429	1	439	0.0	675
tubulin	Q38771	40.406	443	254	2	1	433	1	443	0.0	674
tubulin	P09243	40.690	435	247	3	1	425	1	434	0.0	674
tubulin	O22348	40.275	437	251	2	1	427	1	437	0.0	673
tubulin	P04688	39.868	454	259	2	1	440	1	454	0.0	672
tubulin	Q5I2J3	38.839	448	264	2	1	438	1	448	0.0	671
tubulin	P49742	38.202	445	267	1	1	437	1	445	0.0	659
tubulin	P87066	41.163	447	252	2	1	436	1	447	0.0	658
tubulin	P49741	38.584	438	260	2	1	429	1	438	0.0	657
tubulin	P09733	40.359	446	255	2	1	435	1	446	0.0	656
tubulin	Q752Y2	39.150	447	260	3	1	435	1	447	0.0	654
tubulin	P07304	40.741	432	241	3	1	422	1	427	0.0	652
tubulin	Q42480	67.593	432	139	1	2	432	3	434	0.0	651
tubulin	P09734	39.414	444	258	2	1	433	1	444	0.0	651
tubulin	Q9SCC8	39.909	441	255	2	1	431	1	441	0.0	647
tubulin	P24634	38.889	450	263	3	1	438	1	450	0.0	641
tubulin	Q8SRI6	37.698	443	266	3	1	435	1	441	0.0	639
tubulin	P32925	61.400	443	169	2	1	441	1	443	0.0	639
tubulin	Q9C413	38.000	450	265	2	3	438	4	453	0.0	637
tubulin	O49068	35.141	461	282	7	2	446	3	462	0.0	636
tubulin	P25862	97.826	368	8	0	63	430	1	368	0.0	636
tubulin	P06606	37.744	461	266	2	1	440	1	461	0.0	633
tubulin	A6NHL2	37.528	445	261	2	1	428	1	445	0.0	632
tubulin	P02552	39.899	396	230	1	43	430	6	401	0.0	632
tubulin	Q9XFG3	34.286	455	282	7	2	440	3	456	0.0	630
tubulin	P38558	34.286	455	282	7	2	440	3	456	0.0	629
tubulin	P38557	34.505	455	281	7	2	440	3	456	0.0	627
tubulin	P38668	37.609	460	265	4	1	444	1	454	0.0	627
tubulin	P23258	34.505	455	279	8	2	443	3	451	0.0	626
tubulin	Q41807	34.707	461	284	7	2	446	3	462	0.0	626
tubulin	Q962P8	39.644	449	262	2	1	440	1	449	0.0	626
tubulin	Q41808	34.348	460	285	7	2	445	3	461	0.0	625
tubulin	Q0VCD2	34.286	455	280	8	2	443	3	451	0.0	625
tubulin	Q3UX10	38.149	443	257	2	1	426	1	443	0.0	625
tubulin	Q9NRH3	34.505	455	279	8	2	443	3	451	0.0	624
tubulin	P52274	38.789	446	264	2	2	438	6	451	0.0	623
tubulin	P32348	35.667	457	274	7	2	444	3	453	0.0	622
tubulin	Q32KM1	34.066	455	281	8	2	443	3	451	0.0	621
tubulin	P32255	40.359	446	248	5	2	429	3	448	0.0	621
tubulin	Q9GKK5	34.066	455	281	8	2	443	3	451	0.0	620
tubulin	P83888	34.066	455	281	8	2	443	3	451	0.0	619
tubulin	P83887	34.066	455	281	8	2	443	3	451	0.0	619
tubulin	P25295	34.163	442	277	7	2	430	3	443	0.0	619
tubulin	P34785	34.141	454	281	8	2	438	3	455	0.0	619
tubulin	P23330	33.700	454	282	8	2	442	3	450	0.0	619
tubulin	Q9Y882	34.396	439	274	7	2	427	3	440	0.0	618
tubulin	P18695	34.361	454	280	7	2	443	3	450	0.0	617
tubulin	Q7Z9Z2	32.522	452	292	6	2	441	3	453	0.0	616
tubulin	Q8VCK3	33.626	455	283	8	2	443	3	451	0.0	616
tubulin	P53371	37.799	418	250	3	1	408	1	418	0.0	609
tubulin	P40633	33.042	457	293	6	2	446	3	458	0.0	608
tubulin	P90548	33.481	451	283	7	2	443	3	445	0.0	608
tubulin	P34786	33.481	451	283	7	2	443	3	445	0.0	608
tubulin	P54403	32.965	452	285	7	2	443	3	446	0.0	608
tubulin	P42271	33.917	457	282	8	3	445	4	454	0.0	607
tubulin	P54404	35.841	452	272	7	2	443	3	446	0.0	607
tubulin	P23257	35.099	453	270	8	3	437	4	450	0.0	605
tubulin	P54402	33.481	451	283	7	2	443	3	445	0.0	603
tubulin	P53377	33.843	458	284	8	2	446	3	454	0.0	600
tubulin	Q8J1R4	57.407	432	181	1	2	430	3	434	0.0	600
tubulin	P41386	88.856	341	38	0	75	415	1	341	0.0	596
tubulin	Q39582	32.688	465	282	8	2	436	3	466	0.0	590
tubulin	P31017	35.307	456	276	5	1	438	1	455	0.0	585
tubulin	P54405	31.532	444	292	7	2	435	3	444	0.0	583
tubulin	P34787	33.556	450	277	8	2	435	3	446	0.0	574
tubulin	Q55AR3	33.778	450	283	7	2	444	3	444	0.0	565
tubulin	Q9VRX3	50.588	425	207	2	1	424	1	423	0.0	548
tubulin	Q41874	33.253	415	260	7	48	446	1	414	0.0	542
tubulin	P92120	36.649	382	232	3	23	396	1	380	0.0	540
tubulin	P33624	39.669	363	210	2	84	437	1	363	0.0	536
tubulin	Q8SRD2	31.591	440	282	9	1	430	1	431	0.0	517
tubulin	P18700	87.636	275	34	0	156	430	1	275	7.56e-175	493
tubulin	P54401	32.648	438	281	7	2	435	3	430	1.38e-174	499
tubulin	P09645	37.461	323	194	1	124	438	1	323	5.54e-174	493
tubulin	Q75A43	30.853	457	290	10	3	443	4	450	2.28e-173	497
tubulin	P09643	38.509	322	190	1	124	437	1	322	3.69e-173	490
tubulin	P09642	38.509	322	190	1	124	437	1	322	3.42e-170	483
tubulin	P20364	94.966	298	15	0	133	430	1	298	6.04e-170	482
tubulin	P86221	63.939	391	40	5	1	391	1	290	2.70e-162	461
tubulin	Q4R7T7	24.062	453	311	9	4	425	3	453	1.96e-156	453
tubulin	Q8HZV4	23.673	452	314	9	4	425	3	453	3.20e-155	450
tubulin	P53378	26.739	460	308	10	3	443	4	453	4.48e-155	450
tubulin	Q9UJT1	23.841	453	312	9	4	425	3	453	6.71e-155	449
tubulin	Q9R1K7	24.670	454	309	9	4	426	3	454	2.33e-154	448
tubulin	Q6DIM3	26.316	456	295	10	4	425	3	451	5.98e-151	439
tubulin	A0AAL4	39.875	321	179	3	93	399	3	323	1.15e-149	431
tubulin	Q9UJT0	31.049	467	270	8	1	425	1	457	7.66e-149	434
tubulin	Q6FNU9	28.976	459	298	10	3	443	4	452	4.30e-148	432
tubulin	P34475	30.645	434	283	10	4	425	7	434	1.49e-147	430
tubulin	Q9D6T1	30.193	467	274	8	1	425	1	457	1.29e-146	429
tubulin	O93807	27.941	476	285	17	3	430	4	469	2.34e-135	401
tubulin	P33632	93.363	226	15	0	205	430	1	226	1.34e-130	379
tubulin	P24635	35.088	228	140	1	210	429	1	228	3.20e-126	368
tubulin	Q9SEA4	24.368	435	299	10	3	425	4	420	3.63e-120	359
tubulin	Q07972	38.679	212	122	1	202	405	1	212	2.10e-116	342
tubulin	Q9H853	42.857	203	109	1	69	264	10	212	5.77e-102	306
tubulin	P02556	85.311	177	26	0	270	446	1	177	1.67e-94	285
tubulin	P86234	23.958	192	98	3	200	391	53	196	1.60e-56	188
# BLAST processed 3 queries
