# PSIBLAST 2.6.0+
# Iteration: 1
# Query: Arginosuc_synth | Q03W70.1 | WP_011680142.1 | 99.75%
# Database: /home/alex/Documents/data/local_db/swissprot
# Fields: query acc.ver, subject acc.ver, % identity, alignment length, mismatches, gap opens, q. start, q. end, s. start, s. end, evalue, bit score
# 606 hits found
Arginosuc_synth	Q03W70	100.000	408	0	0	1	408	1	408	0.0	834
Arginosuc_synth	B1MZP4	88.030	401	48	0	1	401	1	401	0.0	738
Arginosuc_synth	Q04FC0	73.020	404	109	0	1	404	1	404	0.0	639
Arginosuc_synth	Q033U7	74.074	405	105	0	1	405	1	405	0.0	610
Arginosuc_synth	P59603	65.764	406	136	3	3	408	6	408	0.0	554
Arginosuc_synth	Q1WV65	65.473	391	133	2	5	395	6	394	0.0	541
Arginosuc_synth	B8DH28	63.198	394	143	2	3	396	4	395	0.0	539
Arginosuc_synth	Q71XS4	63.198	394	143	2	3	396	4	395	0.0	539
Arginosuc_synth	C1KX43	63.198	394	143	2	3	396	4	395	0.0	539
Arginosuc_synth	Q8Y5H2	63.198	394	143	2	3	396	4	395	0.0	538
Arginosuc_synth	A0AKJ7	62.690	394	145	2	3	396	4	395	0.0	534
Arginosuc_synth	Q929S9	62.690	394	145	2	3	396	4	395	0.0	532
Arginosuc_synth	B9DVV9	63.959	394	139	3	3	396	4	394	0.0	531
Arginosuc_synth	Q59491	63.010	392	143	2	5	396	6	395	0.0	531
Arginosuc_synth	Q032X6	62.500	392	145	2	5	396	6	395	0.0	528
Arginosuc_synth	Q03IP8	64.051	395	139	3	3	397	4	395	0.0	527
Arginosuc_synth	Q5M2K2	64.051	395	139	3	3	397	4	395	0.0	527
Arginosuc_synth	Q5LXZ8	64.051	395	139	3	3	397	4	395	0.0	527
Arginosuc_synth	A4VXZ4	63.959	394	139	3	3	396	4	394	0.0	527
Arginosuc_synth	A4W488	63.959	394	139	3	3	396	4	394	0.0	527
Arginosuc_synth	Q8CWZ0	62.785	395	144	3	3	397	4	395	0.0	525
Arginosuc_synth	P57799	63.010	392	143	2	5	396	7	396	0.0	523
Arginosuc_synth	Q8E272	62.183	394	146	3	3	396	4	394	0.0	521
Arginosuc_synth	Q3K3Q4	62.183	394	146	3	3	396	4	394	0.0	521
Arginosuc_synth	Q8E7N1	61.929	394	147	3	3	396	4	394	0.0	520
Arginosuc_synth	Q8DRI5	64.377	393	137	3	3	395	4	393	0.0	519
Arginosuc_synth	Q04MW7	64.377	393	137	3	3	395	4	393	0.0	519
Arginosuc_synth	B1I814	64.122	393	138	3	3	395	4	393	0.0	519
Arginosuc_synth	C5D679	61.307	398	151	3	1	397	1	396	0.0	516
Arginosuc_synth	A3CQQ4	62.025	395	147	3	1	395	2	393	0.0	515
Arginosuc_synth	A8AUN6	61.772	395	148	3	1	395	2	393	0.0	515
Arginosuc_synth	Q5KW94	61.480	392	149	2	5	396	6	395	0.0	514
Arginosuc_synth	Q9K820	61.224	392	150	2	5	396	6	395	0.0	514
Arginosuc_synth	B2G6Y6	64.359	390	137	2	3	392	4	391	0.0	514
Arginosuc_synth	A5VJH1	64.359	390	137	2	3	392	4	391	0.0	514
Arginosuc_synth	A8FG70	61.224	392	150	2	5	396	7	396	0.0	513
Arginosuc_synth	A4IRS3	61.224	392	150	2	5	396	6	395	0.0	512
Arginosuc_synth	A7Z7M0	61.499	387	147	2	5	391	7	391	2.93e-180	510
Arginosuc_synth	B7GGR4	60.204	392	154	2	5	396	6	395	3.64e-180	510
Arginosuc_synth	Q5WED8	59.391	394	158	2	3	396	4	395	7.85e-180	509
Arginosuc_synth	P61520	59.296	398	160	2	5	402	6	401	1.05e-179	509
Arginosuc_synth	B9J0E1	59.296	398	160	2	5	402	6	401	1.49e-179	508
Arginosuc_synth	B7HRS7	59.296	398	160	2	5	402	6	401	2.02e-179	508
Arginosuc_synth	A9VKE1	59.045	398	161	2	5	402	6	401	2.84e-179	508
Arginosuc_synth	Q817C6	59.296	398	160	2	5	402	6	401	3.13e-179	508
Arginosuc_synth	B7H6Y5	59.296	398	160	2	5	402	6	401	3.13e-179	508
Arginosuc_synth	B7JS06	59.045	398	161	2	5	402	6	401	4.90e-179	507
Arginosuc_synth	Q633G4	59.045	398	161	2	5	402	6	401	5.17e-179	507
Arginosuc_synth	C1EUX9	59.045	398	161	2	5	402	6	401	5.17e-179	507
Arginosuc_synth	A0RJM4	59.045	398	161	2	5	402	6	401	5.17e-179	507
Arginosuc_synth	Q81KV7	59.045	398	161	2	5	402	6	401	5.23e-179	507
Arginosuc_synth	C3L9T6	59.045	398	161	2	5	402	6	401	5.23e-179	507
Arginosuc_synth	C3PB97	59.045	398	161	2	5	402	6	401	5.23e-179	507
Arginosuc_synth	Q6HCP7	59.045	398	161	2	5	402	6	401	6.58e-179	506
Arginosuc_synth	O34347	61.240	387	148	2	5	391	7	391	1.22e-178	506
Arginosuc_synth	B7IK29	59.045	398	161	2	5	402	6	401	1.72e-178	506
Arginosuc_synth	A7GTR5	58.543	398	163	2	5	402	6	401	1.12e-176	501
Arginosuc_synth	Q8ELT8	59.951	407	158	4	3	408	4	406	2.48e-176	501
Arginosuc_synth	B9DIU4	61.381	391	149	2	1	391	1	389	4.12e-176	499
Arginosuc_synth	Q65G67	59.173	387	156	2	5	391	7	391	7.39e-176	499
Arginosuc_synth	Q49WA0	59.847	391	155	2	1	391	1	389	1.04e-173	493
Arginosuc_synth	A8Z067	61.125	391	150	2	1	391	1	389	2.00e-173	493
Arginosuc_synth	P63645	61.125	391	150	2	1	391	1	389	2.00e-173	493
Arginosuc_synth	P63644	61.125	391	150	2	1	391	1	389	2.00e-173	493
Arginosuc_synth	A6QFH2	61.125	391	150	2	1	391	1	389	2.00e-173	493
Arginosuc_synth	Q5HHC4	61.125	391	150	2	1	391	1	389	2.00e-173	493
Arginosuc_synth	A5IRD9	61.125	391	150	2	1	391	1	389	2.00e-173	493
Arginosuc_synth	Q2FZU1	61.125	391	150	2	1	391	1	389	2.00e-173	493
Arginosuc_synth	Q2FIB4	61.125	391	150	2	1	391	1	389	2.00e-173	493
Arginosuc_synth	A6U068	61.125	391	150	2	1	391	1	389	2.00e-173	493
Arginosuc_synth	A7X0H5	61.125	391	150	2	1	391	1	389	2.00e-173	493
Arginosuc_synth	C0Z6S0	59.259	405	162	3	3	406	4	406	6.10e-173	492
Arginosuc_synth	Q2YWS4	60.000	400	158	2	1	400	1	398	6.73e-173	491
Arginosuc_synth	Q8NXF2	60.870	391	151	2	1	391	1	389	1.24e-172	491
Arginosuc_synth	Q6GAW5	60.870	391	151	2	1	391	1	389	1.24e-172	491
Arginosuc_synth	Q4L4X7	60.614	391	152	2	1	391	1	389	1.51e-172	490
Arginosuc_synth	Q6GIC7	60.870	391	151	2	1	391	1	389	2.94e-172	490
Arginosuc_synth	Q8CPU3	60.102	391	154	2	1	391	1	389	3.95e-172	489
Arginosuc_synth	Q5HQK0	60.102	391	154	2	1	391	1	389	3.95e-172	489
Arginosuc_synth	B1YJ35	58.250	400	163	4	5	404	6	401	1.50e-167	478
Arginosuc_synth	Q67KE1	54.453	393	177	2	5	396	6	397	1.30e-152	440
Arginosuc_synth	Q1AS35	52.250	400	189	2	5	404	7	404	2.25e-150	434
Arginosuc_synth	Q3Z727	53.202	406	187	3	1	405	1	404	6.73e-149	431
Arginosuc_synth	Q3ZYG0	53.202	406	187	3	1	405	1	404	1.21e-148	430
Arginosuc_synth	A5FQ73	53.202	406	187	3	1	405	1	404	1.21e-148	430
Arginosuc_synth	Q0RFB2	52.672	393	183	3	1	392	1	391	2.38e-146	424
Arginosuc_synth	B8E0N9	54.476	391	172	5	3	392	4	389	8.87e-145	420
Arginosuc_synth	B5YAL9	54.476	391	172	5	3	392	4	389	1.92e-144	419
Arginosuc_synth	Q2J866	52.163	393	185	3	1	392	1	391	1.03e-142	415
Arginosuc_synth	A3PFJ6	52.405	395	183	3	5	396	7	399	3.06e-142	414
Arginosuc_synth	A5CSJ0	52.551	392	183	3	1	391	1	390	2.27e-141	412
Arginosuc_synth	A8G7L2	52.152	395	184	3	5	396	7	399	1.00e-140	410
Arginosuc_synth	B1WTK3	53.316	392	179	4	5	394	7	396	1.34e-140	409
Arginosuc_synth	B0RHD5	52.296	392	184	3	1	391	1	390	3.02e-140	409
Arginosuc_synth	A8LE46	51.145	393	189	3	1	392	1	391	3.13e-140	408
Arginosuc_synth	Q7NCP5	51.777	394	186	4	5	396	6	397	3.84e-140	408
Arginosuc_synth	Q5N1Z2	52.658	395	183	3	5	397	7	399	4.84e-140	408
Arginosuc_synth	Q31SC8	52.658	395	183	3	5	397	7	399	4.84e-140	408
Arginosuc_synth	Q117P0	52.806	392	181	3	5	394	7	396	1.52e-139	407
Arginosuc_synth	Q8DKY7	52.284	394	184	3	3	394	5	396	2.11e-139	406
Arginosuc_synth	A2BTT9	50.508	394	192	2	5	396	7	399	3.42e-139	406
Arginosuc_synth	A1R591	51.786	392	186	3	1	391	1	390	7.00e-139	405
Arginosuc_synth	A8LYQ9	51.020	392	189	3	1	391	1	390	1.73e-138	404
Arginosuc_synth	B7JVH4	52.030	394	185	3	3	394	5	396	1.90e-138	404
Arginosuc_synth	B8HGC9	51.531	392	187	3	1	391	1	390	3.02e-138	403
Arginosuc_synth	A0JV26	51.531	392	187	3	1	391	1	390	6.47e-138	402
Arginosuc_synth	B0CCQ2	52.296	392	183	3	5	394	7	396	1.27e-137	402
Arginosuc_synth	Q2JKS2	50.886	395	190	4	5	397	7	399	1.58e-137	402
Arginosuc_synth	Q8U484	50.985	406	192	5	5	408	3	403	1.78e-137	402
Arginosuc_synth	B8HSA9	52.551	392	182	3	5	394	7	396	2.85e-137	401
Arginosuc_synth	Q317T4	50.126	397	195	2	2	396	4	399	4.18e-137	400
Arginosuc_synth	A2BZ94	50.508	394	192	2	5	396	7	399	4.32e-137	400
Arginosuc_synth	A9WQ90	51.157	389	187	3	1	388	16	402	1.32e-136	400
Arginosuc_synth	Q5YYD3	49.490	392	196	2	1	391	1	391	1.87e-136	399
Arginosuc_synth	Q7UZG0	49.132	403	197	3	5	405	7	403	6.65e-136	397
Arginosuc_synth	B4S7R9	49.626	401	196	5	3	400	4	401	7.56e-136	397
Arginosuc_synth	Q7U3B9	50.765	392	190	2	3	392	5	395	1.02e-135	397
Arginosuc_synth	P77973	50.765	392	189	3	5	394	7	396	1.02e-135	397
Arginosuc_synth	A4SEI8	48.737	396	199	4	3	396	4	397	1.06e-135	397
Arginosuc_synth	Q7V9F8	50.253	396	192	3	5	397	7	400	1.26e-135	397
Arginosuc_synth	B0JM14	50.510	392	190	3	5	394	7	396	1.81e-135	396
Arginosuc_synth	O67213	50.127	395	192	5	5	396	6	398	8.58e-135	395
Arginosuc_synth	Q2JWE1	49.873	395	194	4	5	397	7	399	1.12e-134	394
Arginosuc_synth	Q827Z1	49.745	392	194	3	1	391	8	397	7.12e-134	392
Arginosuc_synth	B3ECP2	48.866	397	197	5	3	396	4	397	9.32e-134	392
Arginosuc_synth	A4QDZ4	50.254	394	189	4	1	391	1	390	2.77e-133	391
Arginosuc_synth	B3EJ62	49.367	395	196	4	3	395	4	396	2.93e-133	391
Arginosuc_synth	B2J6U2	50.510	392	190	3	5	394	7	396	3.60e-133	390
Arginosuc_synth	B1XN65	50.505	396	192	3	3	396	5	398	3.92e-133	390
Arginosuc_synth	Q3MBE6	50.765	392	189	3	5	394	7	396	4.67e-133	390
Arginosuc_synth	O85176	50.000	394	190	4	1	391	1	390	4.83e-133	390
Arginosuc_synth	P50986	50.255	392	192	3	1	391	1	390	4.87e-133	390
Arginosuc_synth	Q8KDE0	48.866	397	198	4	3	396	4	398	7.15e-133	390
Arginosuc_synth	Q8YMX6	51.020	392	188	3	5	394	7	396	1.01e-132	389
Arginosuc_synth	P61521	49.239	394	193	4	1	391	1	390	1.90e-132	389
Arginosuc_synth	Q8FTM9	48.985	394	194	4	1	391	1	390	2.73e-132	388
Arginosuc_synth	Q3ASI2	48.485	396	200	4	3	396	4	397	3.35e-132	388
Arginosuc_synth	A0LUB9	50.513	390	189	4	1	389	1	387	3.54e-132	388
Arginosuc_synth	A2CE29	50.769	390	189	3	5	392	7	395	1.34e-131	387
Arginosuc_synth	Q3A9W5	49.871	389	191	4	1	387	1	387	2.05e-131	386
Arginosuc_synth	Q4JVZ8	48.477	394	196	4	1	391	1	390	2.16e-131	386
Arginosuc_synth	A5GX16	50.255	392	191	3	3	392	5	394	3.14e-131	385
Arginosuc_synth	Q3AVL9	50.909	385	186	2	5	387	7	390	3.77e-131	385
Arginosuc_synth	B1W3B3	49.235	392	196	3	1	391	1	390	5.09e-131	385
Arginosuc_synth	Q3AG78	50.769	390	189	2	5	392	7	395	5.64e-131	385
Arginosuc_synth	A1A1W7	50.636	393	185	4	3	391	11	398	8.06e-131	385
Arginosuc_synth	B7GTP0	50.639	391	184	4	5	391	7	392	9.26e-131	385
Arginosuc_synth	C4LIE1	48.731	394	195	4	1	391	1	390	1.14e-130	384
Arginosuc_synth	B3DSY7	50.384	391	185	4	5	391	7	392	1.58e-130	384
Arginosuc_synth	Q8G5F2	50.384	391	185	4	5	391	7	392	1.67e-130	384
Arginosuc_synth	Q46I72	47.727	396	204	3	3	396	5	399	2.24e-130	383
Arginosuc_synth	A4T9W4	46.429	392	208	2	1	391	1	391	2.61e-130	383
Arginosuc_synth	P61525	47.704	392	203	2	1	391	1	391	2.70e-130	383
Arginosuc_synth	C1A051	46.684	392	207	2	1	391	1	391	2.76e-130	383
Arginosuc_synth	A0QHA8	47.704	392	203	2	1	391	1	391	3.24e-130	383
Arginosuc_synth	A1BG29	47.355	397	203	5	3	396	4	397	4.97e-130	382
Arginosuc_synth	Q1B7R1	46.684	392	207	2	1	391	1	391	5.36e-130	382
Arginosuc_synth	A1UH96	46.684	392	207	2	1	391	1	391	5.36e-130	382
Arginosuc_synth	B4S9U5	46.851	397	205	5	3	396	4	397	5.42e-130	382
Arginosuc_synth	Q7V3S9	50.000	390	192	2	5	392	7	395	6.11e-130	382
Arginosuc_synth	Q0I607	50.000	390	192	2	5	392	7	395	9.45e-130	382
Arginosuc_synth	A1TAA6	46.173	392	209	2	1	391	1	391	1.02e-129	382
Arginosuc_synth	A3Q0T3	46.429	392	208	2	1	391	1	391	1.04e-129	382
Arginosuc_synth	B3QN91	47.103	397	205	4	3	396	4	398	1.28e-129	381
Arginosuc_synth	Q8R7C2	49.227	388	193	4	3	388	5	390	1.29e-129	382
Arginosuc_synth	Q3B425	46.970	396	206	4	3	396	4	397	1.46e-129	381
Arginosuc_synth	B1VH30	47.462	394	200	4	1	391	1	390	2.96e-129	380
Arginosuc_synth	Q47N84	49.227	388	194	3	1	387	1	386	4.01e-129	380
Arginosuc_synth	Q2RG67	47.301	389	201	4	1	387	7	393	5.41e-129	380
Arginosuc_synth	Q8GDU2	47.837	393	201	4	1	391	7	397	5.97e-129	380
Arginosuc_synth	A2C5I6	47.342	395	203	3	5	396	7	399	7.98e-129	379
Arginosuc_synth	C1ASZ6	46.939	392	206	2	1	391	1	391	1.10e-128	379
Arginosuc_synth	Q0SI58	46.939	392	206	2	1	391	1	391	1.10e-128	379
Arginosuc_synth	B8FWX2	48.964	386	191	5	5	387	4	386	1.38e-128	379
Arginosuc_synth	Q24ZG8	48.964	386	191	5	5	387	12	394	1.44e-128	379
Arginosuc_synth	P61527	48.601	393	198	4	6	397	7	396	2.12e-128	378
Arginosuc_synth	A0QYS6	46.173	392	209	2	1	391	1	391	2.73e-128	378
Arginosuc_synth	A9BDR3	49.873	393	192	3	5	394	6	396	5.02e-128	377
Arginosuc_synth	A5D510	49.610	385	190	4	5	387	4	386	6.24e-128	377
Arginosuc_synth	B2HR32	46.173	392	209	2	1	391	1	391	7.58e-128	377
Arginosuc_synth	C5CAM5	48.522	406	201	5	1	402	1	402	2.29e-127	376
Arginosuc_synth	P9WPW7	47.194	392	205	2	1	391	1	391	2.40e-127	375
Arginosuc_synth	P9WPW6	47.194	392	205	2	1	391	1	391	2.40e-127	375
Arginosuc_synth	A5U315	47.194	392	205	2	1	391	1	391	2.40e-127	375
Arginosuc_synth	C1ANT1	47.194	392	205	2	1	391	1	391	2.40e-127	375
Arginosuc_synth	A1KJ75	47.194	392	205	2	1	391	1	391	2.40e-127	375
Arginosuc_synth	P63643	47.194	392	205	2	1	391	1	391	2.40e-127	375
Arginosuc_synth	A0PP79	45.918	392	210	2	1	391	1	391	8.13e-127	374
Arginosuc_synth	B0K4D8	48.454	388	196	4	3	388	5	390	1.50e-126	374
Arginosuc_synth	B0KBW5	48.454	388	196	4	3	388	5	390	3.83e-126	373
Arginosuc_synth	P13256	47.074	393	204	4	6	397	7	396	5.83e-126	372
Arginosuc_synth	Q9CC10	46.907	388	204	2	1	387	2	388	6.94e-126	372
Arginosuc_synth	B2GKD7	49.114	395	192	4	1	391	1	390	8.18e-126	372
Arginosuc_synth	A5GPT0	50.649	385	187	2	5	387	7	390	3.84e-125	370
Arginosuc_synth	A8AA65	47.423	388	200	4	5	391	4	388	7.22e-124	367
Arginosuc_synth	A4J173	47.792	385	197	4	5	387	4	386	2.23e-122	363
Arginosuc_synth	B1H0L3	46.753	385	201	4	5	387	19	401	3.41e-122	363
Arginosuc_synth	Q5X7P9	48.485	396	198	5	5	397	8	400	4.28e-122	362
Arginosuc_synth	Q5ZY78	48.485	396	198	5	5	397	8	400	4.77e-122	362
Arginosuc_synth	A6TL10	47.044	389	202	4	5	391	9	395	7.70e-122	362
Arginosuc_synth	A5IHA3	48.485	396	198	5	5	397	8	400	7.78e-122	362
Arginosuc_synth	Q5WZ50	48.485	396	198	5	5	397	8	400	2.26e-120	358
Arginosuc_synth	Q9SZX3	44.935	385	209	3	5	387	99	482	4.56e-120	360
Arginosuc_synth	Q8Q0U5	48.866	397	195	7	1	395	1	391	1.00e-119	356
Arginosuc_synth	C0R1H5	45.255	411	217	6	1	408	1	406	1.35e-119	356
Arginosuc_synth	A7NPB0	45.596	386	205	4	5	387	8	391	3.62e-119	355
Arginosuc_synth	C4Z4C1	44.275	393	212	5	1	388	1	391	4.59e-119	355
Arginosuc_synth	A5V0J9	44.845	388	209	4	3	387	6	391	6.36e-119	354
Arginosuc_synth	Q8TNY5	49.118	397	194	7	1	395	1	391	7.57e-119	354
Arginosuc_synth	A3DBU1	45.038	393	209	6	3	391	5	394	9.01e-119	354
Arginosuc_synth	Q0TTA5	46.684	392	204	5	3	391	5	394	2.42e-118	353
Arginosuc_synth	Q469Z8	47.859	397	199	7	1	395	1	391	6.81e-118	351
Arginosuc_synth	Q8XMJ7	46.429	392	205	5	3	391	7	396	1.06e-117	351
Arginosuc_synth	Q8ZU97	47.273	385	198	5	5	387	6	387	1.43e-117	350
Arginosuc_synth	Q2FLD8	46.650	403	201	8	4	404	5	395	2.11e-117	350
Arginosuc_synth	O27322	46.447	394	204	6	3	395	7	394	2.25e-117	350
Arginosuc_synth	Q3A1V1	44.081	397	219	3	6	400	11	406	3.43e-117	350
Arginosuc_synth	Q1IWM3	43.641	401	222	4	3	401	10	408	6.57e-117	350
Arginosuc_synth	Q97KE6	46.447	394	205	5	1	391	1	391	7.27e-117	349
Arginosuc_synth	Q2LT97	45.312	384	204	4	5	384	8	389	1.56e-116	348
Arginosuc_synth	P61526	45.758	389	207	4	5	391	3	389	2.43e-116	348
Arginosuc_synth	O28032	48.092	393	195	8	5	395	3	388	3.63e-116	347
Arginosuc_synth	B0SJR2	43.544	395	219	4	5	397	10	402	4.81e-116	347
Arginosuc_synth	B0S9J6	43.544	395	219	4	5	397	10	402	4.81e-116	347
Arginosuc_synth	A7ML85	44.615	390	212	3	5	391	9	397	2.13e-115	345
Arginosuc_synth	B8D6W2	43.401	394	220	3	3	394	7	399	3.67e-115	345
Arginosuc_synth	P57158	43.401	394	220	3	3	394	7	399	3.67e-115	345
Arginosuc_synth	B8D8K8	43.401	394	220	3	3	394	7	399	3.67e-115	345
Arginosuc_synth	P59846	45.501	389	208	4	5	391	3	389	1.02e-114	343
Arginosuc_synth	B8DN64	43.766	393	214	6	5	394	8	396	1.31e-114	343
Arginosuc_synth	B9MRP5	45.477	398	212	5	3	397	4	399	1.52e-114	343
Arginosuc_synth	Q12XK3	46.970	396	201	8	1	394	1	389	1.98e-114	342
Arginosuc_synth	A6Q3P9	46.512	387	200	7	3	384	6	390	2.13e-114	343
Arginosuc_synth	P61524	43.896	385	212	4	5	387	10	392	2.71e-114	342
Arginosuc_synth	Q8EYP7	43.896	385	212	4	5	387	10	392	3.12e-114	342
Arginosuc_synth	P59602	45.153	392	209	5	3	391	4	392	3.30e-114	342
Arginosuc_synth	Q1QVN0	45.802	393	201	8	1	384	1	390	4.66e-114	342
Arginosuc_synth	Q8TWU0	48.462	390	193	8	5	391	4	388	6.20e-114	341
Arginosuc_synth	C4Z9C9	45.038	393	207	6	1	387	1	390	6.44e-114	342
Arginosuc_synth	Q056F0	44.675	385	209	4	5	387	10	392	7.27e-114	341
Arginosuc_synth	Q04P84	44.675	385	209	4	5	387	10	392	7.27e-114	341
Arginosuc_synth	A4XKG4	45.340	397	212	5	3	396	4	398	8.01e-114	341
Arginosuc_synth	B2TQ23	45.038	393	209	6	3	391	5	394	2.02e-113	340
Arginosuc_synth	A5WG08	45.202	396	207	7	3	391	10	402	4.44e-113	340
Arginosuc_synth	B2UYI0	45.038	393	209	6	3	391	5	394	6.23e-113	339
Arginosuc_synth	P13257	46.734	398	203	8	1	395	1	392	6.40e-113	338
Arginosuc_synth	Q9RWJ4	42.025	395	225	4	3	395	4	396	1.09e-112	338
Arginosuc_synth	C1CXR6	41.832	404	231	4	3	404	4	405	1.13e-112	338
Arginosuc_synth	Q30YB8	44.186	387	209	6	5	387	8	391	1.35e-112	338
Arginosuc_synth	Q186Z6	46.292	391	203	5	1	387	1	388	2.51e-112	337
Arginosuc_synth	Q609X7	43.377	385	212	5	5	384	9	392	2.67e-112	337
Arginosuc_synth	Q2N9H9	46.253	387	199	7	5	384	7	391	2.76e-112	337
Arginosuc_synth	A5I5A4	45.178	394	210	5	1	391	1	391	3.30e-112	337
Arginosuc_synth	A7FWU6	45.178	394	210	5	1	391	1	391	3.30e-112	337
Arginosuc_synth	A0Q1Z2	44.987	389	210	4	1	387	1	387	4.22e-112	337
Arginosuc_synth	Q2RMV0	45.714	385	201	6	5	384	9	390	5.24e-112	337
Arginosuc_synth	A9KHL4	44.416	394	211	6	1	388	1	392	5.46e-112	337
Arginosuc_synth	B5ED13	42.338	385	219	3	5	387	9	392	6.58e-112	337
Arginosuc_synth	A7GGQ9	45.178	394	210	5	1	391	1	391	6.68e-112	336
Arginosuc_synth	A1VEQ0	42.602	392	220	5	5	394	7	395	8.57e-112	336
Arginosuc_synth	P61522	42.602	392	220	5	5	394	7	395	1.12e-111	335
Arginosuc_synth	A1WUZ5	44.898	392	206	7	1	384	1	390	1.26e-111	336
Arginosuc_synth	B6IVD0	45.596	386	202	7	5	384	8	391	1.29e-111	336
Arginosuc_synth	Q1GVV6	45.431	394	203	9	1	384	1	392	1.66e-111	335
Arginosuc_synth	A8GL82	42.564	390	220	3	5	391	9	397	1.69e-111	335
Arginosuc_synth	Q15X83	43.333	390	216	4	5	391	9	396	1.88e-111	335
Arginosuc_synth	Q6AR59	43.896	385	210	5	3	384	4	385	2.35e-111	335
Arginosuc_synth	B9M374	41.542	402	228	4	5	404	9	405	2.58e-111	335
Arginosuc_synth	C3L1U3	44.924	394	211	5	1	391	1	391	2.71e-111	335
Arginosuc_synth	B1KXY1	44.924	394	211	5	1	391	1	391	3.29e-111	334
Arginosuc_synth	B1IK08	44.924	394	211	5	1	391	1	391	3.29e-111	334
Arginosuc_synth	A0LEB2	42.597	385	217	4	5	387	6	388	3.55e-111	334
Arginosuc_synth	A1ATU4	41.294	402	229	4	5	404	11	407	4.16e-111	335
Arginosuc_synth	Q1H0L1	44.072	388	210	5	3	384	5	391	4.49e-111	334
Arginosuc_synth	C1FU68	44.924	394	211	5	1	391	1	391	5.43e-111	334
Arginosuc_synth	C6E6Y6	41.818	385	221	3	5	387	9	392	6.22e-111	334
Arginosuc_synth	Q60174	49.367	395	192	7	1	393	1	389	6.97e-111	333
Arginosuc_synth	P61523	43.117	385	216	3	5	387	11	394	8.80e-111	333
Arginosuc_synth	B8FH30	43.909	394	217	4	5	396	8	399	1.18e-110	333
Arginosuc_synth	A5N6U2	43.333	390	215	5	1	387	1	387	2.27e-110	332
Arginosuc_synth	B9E0B1	43.333	390	215	5	1	387	1	387	2.27e-110	332
Arginosuc_synth	A4SZQ2	43.812	404	217	8	6	401	8	409	2.89e-110	332
Arginosuc_synth	Q2YA75	43.117	385	213	5	5	384	9	392	3.03e-110	332
Arginosuc_synth	Q1MEZ8	44.216	389	206	7	3	384	5	389	3.46e-110	332
Arginosuc_synth	A1AZB7	44.615	390	207	8	5	387	8	395	3.84e-110	332
Arginosuc_synth	A6M1Z4	43.766	393	214	6	3	391	5	394	4.02e-110	332
Arginosuc_synth	A5GDA4	41.045	402	230	4	5	404	9	405	5.81e-110	332
Arginosuc_synth	Q39Z72	42.597	385	218	3	5	387	11	394	7.22e-110	331
Arginosuc_synth	Q0AKJ6	44.588	388	207	6	5	387	10	394	1.11e-109	331
Arginosuc_synth	Q2NEC4	43.939	396	215	6	3	397	2	391	1.17e-109	330
Arginosuc_synth	Q5QWZ9	42.674	389	220	3	5	391	7	394	1.72e-109	330
Arginosuc_synth	Q3J9C8	44.301	386	207	6	5	384	7	390	1.94e-109	330
Arginosuc_synth	Q3K7K0	43.411	387	212	6	3	384	5	389	2.07e-109	330
Arginosuc_synth	Q16D10	44.675	385	206	6	5	384	7	389	2.99e-109	330
Arginosuc_synth	A4XS43	43.377	385	211	6	5	384	7	389	5.68e-109	329
Arginosuc_synth	A1U3U4	43.750	384	210	6	5	384	7	388	6.99e-109	328
Arginosuc_synth	A4VIU7	43.636	385	210	6	5	384	7	389	7.61e-109	328
Arginosuc_synth	Q5ZJ23	43.564	404	216	5	3	396	6	407	7.87e-109	329
Arginosuc_synth	Q0AB32	43.112	392	213	7	1	384	1	390	8.41e-109	328
Arginosuc_synth	Q9HY84	43.377	385	211	6	5	384	7	389	8.57e-109	328
Arginosuc_synth	Q02QZ6	43.377	385	211	6	5	384	7	389	8.57e-109	328
Arginosuc_synth	B7UVV5	43.377	385	211	6	5	384	7	389	8.57e-109	328
Arginosuc_synth	Q1IIZ2	46.410	390	203	6	1	387	1	387	8.67e-109	328
Arginosuc_synth	A4WVX3	43.411	387	210	7	5	384	7	391	1.10e-108	328
Arginosuc_synth	Q0VRM5	44.216	389	208	6	3	384	5	391	1.12e-108	328
Arginosuc_synth	Q30QT1	45.855	386	200	9	5	384	8	390	1.18e-108	328
Arginosuc_synth	Q4K749	43.152	387	213	6	3	384	5	389	1.23e-108	328
Arginosuc_synth	A6VVI2	42.172	396	221	6	5	394	7	400	2.01e-108	328
Arginosuc_synth	B9KPT5	43.411	387	210	8	5	384	7	391	2.08e-108	328
Arginosuc_synth	Q3IYJ1	43.411	387	210	8	5	384	7	391	2.08e-108	328
Arginosuc_synth	A3PNQ9	43.411	387	210	8	5	384	7	391	2.08e-108	328
Arginosuc_synth	Q1MQL7	42.677	396	214	7	5	394	8	396	2.47e-108	327
Arginosuc_synth	Q3IHT8	42.674	389	220	3	5	391	7	394	2.49e-108	327
Arginosuc_synth	Q82UP5	43.490	384	211	5	6	384	8	390	2.65e-108	327
Arginosuc_synth	Q2SCE5	43.928	387	209	7	3	384	5	388	2.65e-108	327
Arginosuc_synth	C3KBZ2	42.894	387	214	6	3	384	5	389	4.22e-108	327
Arginosuc_synth	Q2G933	44.560	386	205	7	5	383	7	390	4.27e-108	327
Arginosuc_synth	A1AVI7	43.782	386	209	6	5	384	9	392	4.82e-108	327
Arginosuc_synth	Q5LWG3	44.186	387	207	8	5	384	7	391	7.64e-108	326
Arginosuc_synth	A6V1S1	42.857	385	213	6	5	384	7	389	8.93e-108	326
Arginosuc_synth	A1K7J8	44.416	394	208	8	1	384	1	393	9.29e-108	326
Arginosuc_synth	Q31H63	44.072	388	210	6	5	387	7	392	1.17e-107	325
Arginosuc_synth	A0LE34	43.147	394	217	6	3	391	6	397	1.44e-107	325
Arginosuc_synth	Q4FR79	44.216	389	207	7	3	384	10	395	1.66e-107	325
Arginosuc_synth	Q0AEE4	43.750	384	210	5	6	384	8	390	1.69e-107	325
Arginosuc_synth	B2VGA8	41.795	390	223	3	5	391	9	397	1.69e-107	325
Arginosuc_synth	Q7MH72	43.367	392	217	4	3	391	7	396	2.40e-107	325
Arginosuc_synth	Q8DCN0	43.367	392	217	4	3	391	7	396	2.40e-107	325
Arginosuc_synth	B1XRS6	42.998	407	220	9	6	404	8	410	2.41e-107	325
Arginosuc_synth	C5BC58	43.077	390	218	3	5	391	9	397	2.70e-107	325
Arginosuc_synth	Q1Q9L2	44.216	389	207	7	3	384	10	395	2.83e-107	325
Arginosuc_synth	Q28WC8	43.377	385	211	6	5	384	7	389	3.17e-107	325
Arginosuc_synth	A8LPE0	43.959	389	209	7	5	387	7	392	4.25e-107	324
Arginosuc_synth	B8CNI0	41.397	401	227	5	5	401	13	409	5.21e-107	324
Arginosuc_synth	Q3SHT1	43.557	388	210	6	5	384	7	393	5.68e-107	324
Arginosuc_synth	Q98E81	43.299	388	213	6	5	387	10	395	5.69e-107	324
Arginosuc_synth	Q7MYD8	42.051	390	222	3	5	391	9	397	5.71e-107	324
Arginosuc_synth	Q47BM0	44.924	394	206	8	1	384	1	393	8.42e-107	325
Arginosuc_synth	Q48F14	42.636	387	215	6	3	384	5	389	8.99e-107	323
Arginosuc_synth	A9KTY7	42.967	391	217	4	5	391	13	401	9.74e-107	323
Arginosuc_synth	Q7M7P6	43.860	399	217	6	3	396	6	402	9.92e-107	323
Arginosuc_synth	Q8KA60	43.112	392	220	3	5	394	7	397	1.26e-106	323
Arginosuc_synth	Q4ZPK0	42.636	387	215	6	3	384	5	389	1.40e-106	323
Arginosuc_synth	P59605	42.105	399	222	5	8	403	12	404	1.42e-106	323
Arginosuc_synth	B8ESL2	43.590	390	211	8	5	387	11	398	1.55e-106	323
Arginosuc_synth	A8GZ21	41.191	403	227	5	3	401	15	411	1.60e-106	323
Arginosuc_synth	B6EMN8	42.636	387	217	4	8	391	13	397	1.62e-106	323
Arginosuc_synth	Q7VGU9	44.221	398	215	7	5	397	7	402	2.58e-106	322
Arginosuc_synth	Q21HZ6	42.677	396	219	6	5	394	10	403	2.77e-106	322
Arginosuc_synth	A0KFV3	42.239	393	220	5	3	391	5	394	3.01e-106	322
Arginosuc_synth	A4SIM5	42.239	393	220	5	3	391	5	394	3.43e-106	322
Arginosuc_synth	Q089K8	42.674	389	217	4	7	391	15	401	3.44e-106	322
Arginosuc_synth	Q87XM3	42.636	387	215	6	3	384	5	389	3.76e-106	322
Arginosuc_synth	Q11D10	43.117	385	212	6	5	384	10	392	4.37e-106	322
Arginosuc_synth	B1J4I4	43.782	386	208	7	5	384	7	389	4.57e-106	322
Arginosuc_synth	B1KND6	41.944	391	221	4	5	391	13	401	5.25e-106	322
Arginosuc_synth	P59604	43.377	385	211	6	5	384	7	389	5.50e-106	321
Arginosuc_synth	A5VZI0	43.377	385	211	6	5	384	7	389	5.50e-106	321
Arginosuc_synth	Q1IE03	43.377	385	211	6	5	384	7	389	5.50e-106	321
Arginosuc_synth	Q5NNQ0	42.821	390	214	7	5	387	8	395	5.72e-106	321
Arginosuc_synth	Q5E2E7	41.969	386	221	3	8	391	13	397	6.62e-106	321
Arginosuc_synth	B2SY63	42.289	402	220	8	5	397	7	405	7.42e-106	321
Arginosuc_synth	Q9K4Z3	40.955	398	226	5	1	391	3	398	9.88e-106	321
Arginosuc_synth	A2BJL6	43.490	384	213	4	5	387	3	383	1.02e-105	320
Arginosuc_synth	A6WTS0	42.711	391	218	4	5	391	13	401	1.17e-105	321
Arginosuc_synth	A3DA23	42.711	391	218	4	5	391	13	401	1.17e-105	321
Arginosuc_synth	B8EBG0	42.711	391	218	4	5	391	13	401	1.17e-105	321
Arginosuc_synth	Q1GCK1	43.590	390	211	8	5	387	7	394	1.69e-105	320
Arginosuc_synth	A5CXM9	43.299	388	212	6	3	384	7	392	2.49e-105	320
Arginosuc_synth	A8EUB2	42.857	392	210	7	5	384	9	398	3.44e-105	320
Arginosuc_synth	B0KUE7	43.117	385	212	6	5	384	7	389	3.75e-105	319
Arginosuc_synth	B5FBP4	41.710	386	222	3	8	391	13	397	4.01e-105	319
Arginosuc_synth	Q9UX31	43.511	393	215	5	5	396	3	389	6.18e-105	318
Arginosuc_synth	Q5P0Z7	43.411	387	210	6	6	384	8	393	6.48e-105	319
Arginosuc_synth	C3LRV3	42.119	387	219	4	8	391	12	396	1.13e-104	318
Arginosuc_synth	Q9KNT8	42.119	387	219	4	8	391	12	396	1.13e-104	318
Arginosuc_synth	A5F4Z4	42.119	387	219	4	8	391	12	396	1.13e-104	318
Arginosuc_synth	Q12SM7	42.416	389	218	4	7	391	15	401	1.50e-104	318
Arginosuc_synth	Q1MAN9	42.298	409	220	7	5	408	10	407	1.51e-104	318
Arginosuc_synth	A8G1A4	41.688	391	222	4	5	391	13	401	1.63e-104	318
Arginosuc_synth	Q13UR1	42.537	402	219	9	5	397	7	405	1.72e-104	318
Arginosuc_synth	A3Q9C9	41.176	391	224	4	5	391	13	401	3.45e-104	317
Arginosuc_synth	P59412	41.500	400	230	4	5	402	9	406	3.55e-104	317
Arginosuc_synth	B1LAP4	40.633	411	232	4	1	401	1	409	4.71e-104	317
Arginosuc_synth	B8GXL9	43.077	390	213	8	5	387	9	396	4.82e-104	317
Arginosuc_synth	Q9ABU1	43.077	390	213	8	5	387	9	396	4.82e-104	317
Arginosuc_synth	A7MXB9	41.855	399	223	5	8	403	12	404	5.28e-104	316
Arginosuc_synth	A1UUF5	44.935	385	205	6	5	384	10	392	6.32e-104	316
Arginosuc_synth	A5VAK5	42.636	387	213	7	5	384	7	391	9.36e-104	316
Arginosuc_synth	C1DQV2	42.078	385	216	6	5	384	7	389	9.98e-104	315
Arginosuc_synth	B0CII7	43.041	388	214	6	5	387	10	395	1.54e-103	315
Arginosuc_synth	A5VN19	43.041	388	214	6	5	387	10	395	1.54e-103	315
Arginosuc_synth	Q8YEK8	43.041	388	214	6	5	387	10	395	1.54e-103	315
Arginosuc_synth	C0RGD6	43.041	388	214	6	5	387	10	395	1.54e-103	315
Arginosuc_synth	A9M6S7	43.041	388	214	6	5	387	10	395	1.54e-103	315
Arginosuc_synth	Q57FU2	43.041	388	214	6	5	387	10	395	1.54e-103	315
Arginosuc_synth	Q2YPQ8	43.041	388	214	6	5	387	10	395	1.54e-103	315
Arginosuc_synth	B2S7X3	43.041	388	214	6	5	387	10	395	1.54e-103	315
Arginosuc_synth	Q9X2A1	40.633	411	232	4	1	401	1	409	1.65e-103	315
Arginosuc_synth	B9KG97	42.857	385	214	5	5	384	8	391	2.08e-103	315
Arginosuc_synth	Q8G376	43.041	388	214	6	5	387	10	395	2.18e-103	315
Arginosuc_synth	Q058D6	40.204	393	232	3	1	391	1	392	2.97e-103	314
Arginosuc_synth	Q1QHE6	42.347	392	217	8	3	387	6	395	3.17e-103	314
Arginosuc_synth	A7HSW4	42.559	383	213	6	5	382	11	391	3.60e-103	314
Arginosuc_synth	A5ILL1	40.389	411	233	4	1	401	1	409	4.15e-103	314
Arginosuc_synth	A1S264	41.944	391	221	4	5	391	13	401	4.16e-103	314
Arginosuc_synth	A6QAX6	43.041	388	206	7	6	384	10	391	4.34e-103	315
Arginosuc_synth	A1RPR6	41.944	391	221	4	5	391	13	401	6.29e-103	313
Arginosuc_synth	B0TL85	40.921	391	225	4	5	391	17	405	6.38e-103	314
Arginosuc_synth	Q970V0	42.640	394	219	5	5	397	3	390	7.37e-103	313
Arginosuc_synth	A4YBT9	41.944	391	221	4	5	391	13	401	7.64e-103	313
Arginosuc_synth	A6UE09	43.041	388	214	6	5	387	10	395	1.04e-102	313
Arginosuc_synth	Q2K3B7	43.041	388	214	6	5	387	10	395	1.14e-102	313
Arginosuc_synth	Q7ZWM4	40.153	391	222	4	4	384	7	395	1.21e-102	313
Arginosuc_synth	A6WV13	42.784	388	215	6	5	387	10	395	1.48e-102	313
Arginosuc_synth	Q3SNT5	43.333	390	212	8	5	387	8	395	1.77e-102	312
Arginosuc_synth	B9K8S7	41.045	402	225	4	1	392	1	400	1.98e-102	312
Arginosuc_synth	Q6LVG8	41.538	390	223	4	5	391	7	394	2.10e-102	312
Arginosuc_synth	A7H4E9	42.857	385	214	5	5	384	8	391	2.39e-102	312
Arginosuc_synth	A7I281	42.487	386	214	7	5	384	8	391	2.78e-102	312
Arginosuc_synth	Q5HVA9	42.597	385	215	5	5	384	8	391	4.47e-102	311
Arginosuc_synth	A1VZ24	42.597	385	215	5	5	384	8	391	4.93e-102	311
Arginosuc_synth	Q0BWI1	44.041	386	207	8	5	383	11	394	5.21e-102	311
Arginosuc_synth	A8FL83	42.597	385	215	5	5	384	8	391	7.52e-102	311
Arginosuc_synth	Q9PHK7	42.597	385	215	5	5	384	8	391	8.85e-102	310
Arginosuc_synth	Q8EK28	41.688	391	222	4	5	391	13	401	9.74e-102	310
Arginosuc_synth	Q7UFW4	40.852	399	229	3	4	396	3	400	9.78e-102	310
Arginosuc_synth	Q92L73	42.784	388	215	6	5	387	10	395	1.04e-101	310
Arginosuc_synth	Q5M8Z6	38.929	411	235	5	5	405	8	412	1.27e-101	310
Arginosuc_synth	Q2W896	42.487	386	214	6	5	384	8	391	1.63e-101	310
Arginosuc_synth	Q0I061	41.688	391	222	4	5	391	13	401	1.75e-101	310
Arginosuc_synth	Q0HDU8	41.688	391	222	4	5	391	13	401	1.75e-101	310
Arginosuc_synth	A0L251	41.688	391	222	4	5	391	13	401	1.75e-101	310
Arginosuc_synth	Q6L1N7	41.855	399	219	8	6	399	5	395	3.83e-101	308
Arginosuc_synth	Q7NWJ5	41.602	387	218	7	5	384	7	392	8.57e-101	308
Arginosuc_synth	Q5HBF2	42.308	390	214	7	5	387	4	389	9.12e-101	308
Arginosuc_synth	A7IGW4	41.278	407	224	9	5	404	8	406	9.23e-101	308
Arginosuc_synth	Q66I24	38.718	390	227	4	5	384	6	393	9.67e-101	308
Arginosuc_synth	A9HIQ4	41.206	398	227	6	5	397	9	404	1.71e-100	307
Arginosuc_synth	Q8UC31	42.526	388	216	6	5	387	10	395	1.95e-100	307
Arginosuc_synth	Q489P3	39.241	395	231	4	5	391	11	404	2.57e-100	307
Arginosuc_synth	A9IL50	43.636	385	210	6	5	384	10	392	3.45e-100	306
Arginosuc_synth	A0RP84	40.874	389	222	8	5	387	9	395	1.01e-99	305
Arginosuc_synth	Q5FUA8	40.955	398	228	6	5	397	10	405	1.62e-99	305
Arginosuc_synth	A8IQ54	42.051	390	217	8	5	387	8	395	1.65e-99	305
Arginosuc_synth	B0T3Z9	41.878	394	220	8	5	391	9	400	1.65e-99	305
Arginosuc_synth	Q4FNX4	40.519	385	221	6	5	384	7	388	1.99e-99	304
Arginosuc_synth	C1D9Q4	42.119	387	216	7	5	384	7	392	2.20e-99	305
Arginosuc_synth	Q4J8F1	42.784	388	215	5	5	391	3	384	3.92e-99	303
Arginosuc_synth	Q9K4Y8	41.000	400	225	6	1	391	1	398	4.84e-99	303
Arginosuc_synth	A1SRI3	40.153	391	228	4	5	391	7	395	6.02e-99	303
Arginosuc_synth	Q93JQ8	43.188	389	218	3	4	390	2	389	6.28e-99	303
Arginosuc_synth	Q5FH27	41.795	390	216	7	5	387	4	389	8.16e-99	303
Arginosuc_synth	A7ZDF2	41.558	385	219	6	5	384	8	391	1.60e-98	302
Arginosuc_synth	A5FWI5	41.495	388	220	6	5	387	9	394	2.89e-98	301
Arginosuc_synth	A8F446	39.295	397	221	5	5	387	4	394	3.76e-98	302
Arginosuc_synth	P09034	40.447	403	228	5	4	396	6	406	8.04e-98	301
Arginosuc_synth	Q0IFL5	38.677	393	227	6	3	384	5	394	1.02e-97	300
Arginosuc_synth	P16460	39.851	404	229	5	4	396	6	406	5.75e-97	298
Arginosuc_synth	Q97A55	42.821	390	211	9	5	392	4	383	6.95e-97	298
Arginosuc_synth	A7GYN4	41.192	386	219	8	5	384	8	391	1.17e-96	297
Arginosuc_synth	P14568	40.247	405	228	6	4	397	6	407	1.73e-96	297
Arginosuc_synth	P00966	40.099	404	228	5	4	396	6	406	2.98e-96	296
Arginosuc_synth	Q0BVJ1	40.722	388	223	6	5	387	16	401	4.96e-96	296
Arginosuc_synth	O94354	40.617	389	221	4	5	384	8	395	5.72e-96	296
Arginosuc_synth	Q2GGE6	42.674	389	213	6	5	387	4	388	1.84e-94	291
Arginosuc_synth	Q7PR38	38.168	393	229	6	3	384	4	393	2.62e-94	292
Arginosuc_synth	Q3YS95	42.674	389	213	6	5	387	4	388	1.40e-93	289
Arginosuc_synth	Q9HKF1	41.927	384	214	7	3	385	2	377	6.88e-92	285
Arginosuc_synth	O97069	39.394	396	224	7	3	384	4	397	1.15e-90	283
Arginosuc_synth	Q9HMQ2	42.746	386	208	9	2	383	3	379	2.12e-90	281
Arginosuc_synth	A4YI75	41.624	394	223	6	5	397	3	390	6.37e-90	280
Arginosuc_synth	P22768	35.443	395	239	5	5	384	6	399	1.03e-83	265
Arginosuc_synth	Q5UZ46	40.541	407	226	10	4	405	7	402	1.24e-83	265
Arginosuc_synth	Q3IME2	40.415	386	212	11	5	383	7	381	1.40e-83	264
Arginosuc_synth	Q18E36	42.147	382	212	8	5	383	4	379	2.53e-82	260
Arginosuc_synth	Q05FN6	36.132	393	239	7	1	387	3	389	6.82e-80	254
Arginosuc_synth	Q63U95	37.533	381	232	5	5	382	6	383	1.05e-73	238
Arginosuc_synth	Q8P8J4	35.427	398	246	7	5	397	6	397	1.99e-68	224
Arginosuc_synth	Q8PK26	35.411	401	248	7	2	397	18	412	1.71e-67	223
Arginosuc_synth	Q9PEM9	34.750	400	246	8	5	397	6	397	7.68e-66	218
Arginosuc_synth	P59606	34.750	400	246	8	5	397	6	397	9.01e-66	218
Arginosuc_synth	A1SJJ3	29.657	408	248	12	7	387	16	411	9.20e-42	156
Arginosuc_synth	P44315	30.750	400	254	9	7	387	17	412	1.89e-41	155
Arginosuc_synth	A5UFF8	30.750	400	254	9	7	387	17	412	1.89e-41	155
Arginosuc_synth	A5UBF3	30.500	400	255	9	7	387	17	412	3.06e-41	154
Arginosuc_synth	Q4QJM0	30.500	400	255	9	7	387	17	412	3.06e-41	154
Arginosuc_synth	A6W614	29.526	359	226	8	7	345	16	367	5.76e-41	154
Arginosuc_synth	A3M3K6	30.846	402	256	9	7	390	19	416	3.77e-40	151
Arginosuc_synth	Q01Y56	29.925	401	249	10	7	384	16	407	7.88e-40	150
Arginosuc_synth	A4YJX9	30.423	378	228	8	7	360	16	382	8.26e-40	150
Arginosuc_synth	Q6ACL1	31.742	356	224	8	7	346	16	368	1.17e-39	150
Arginosuc_synth	B6JAT0	30.548	383	221	10	7	360	16	382	1.35e-39	150
Arginosuc_synth	Q9JXC1	32.075	371	231	8	7	360	19	385	1.47e-39	149
Arginosuc_synth	P24532	29.248	359	227	8	7	345	16	367	1.49e-39	150
Arginosuc_synth	Q21DC6	30.548	383	221	10	7	360	16	382	1.61e-39	149
Arginosuc_synth	A1KWJ8	32.075	371	231	8	7	360	19	385	1.82e-39	149
Arginosuc_synth	A9M4B1	31.806	371	232	8	7	360	19	385	2.80e-39	149
Arginosuc_synth	B4RQS8	32.075	371	231	8	7	360	19	385	3.92e-39	148
Arginosuc_synth	Q5F5G5	32.075	371	231	8	7	360	19	385	3.92e-39	148
# PSIBLAST 2.6.0+
# Iteration: 2
# Query: Arginosuc_synth | Q03W70.1 | WP_011680142.1 | 99.75%
# Database: /home/alex/Documents/data/local_db/swissprot
# Fields: query acc.ver, subject acc.ver, % identity, alignment length, mismatches, gap opens, q. start, q. end, s. start, s. end, evalue, bit score
# 606 hits found
Arginosuc_synth	Q3A9W5	48.387	403	204	4	1	401	1	401	0.0	726
Arginosuc_synth	A6Q3P9	44.776	402	215	6	3	399	6	405	0.0	713
Arginosuc_synth	A4IRS3	59.801	403	159	3	1	402	1	401	0.0	702
Arginosuc_synth	Q0VRM5	42.574	404	225	5	3	400	5	407	0.0	702
Arginosuc_synth	Q5KW94	60.050	403	158	3	1	402	1	401	0.0	702
Arginosuc_synth	Q24ZG8	47.487	398	205	4	3	398	10	405	0.0	702
Arginosuc_synth	B8FWX2	47.487	398	205	4	3	398	2	397	0.0	702
Arginosuc_synth	Q03W70	100.000	408	0	0	1	408	1	408	0.0	701
Arginosuc_synth	Q8R7C2	48.354	395	200	4	3	395	5	397	0.0	700
Arginosuc_synth	A8FG70	60.302	398	156	2	3	400	5	400	0.0	699
Arginosuc_synth	Q1H0L1	42.680	403	224	5	3	399	5	406	0.0	698
Arginosuc_synth	Q65G67	57.644	399	167	2	2	400	4	400	0.0	697
Arginosuc_synth	Q21HZ6	42.040	402	225	6	3	398	8	407	0.0	697
Arginosuc_synth	Q2YA75	41.542	402	229	5	3	399	7	407	0.0	697
Arginosuc_synth	C5D679	61.307	398	151	3	1	397	1	396	0.0	697
Arginosuc_synth	Q2RG67	46.250	400	211	4	1	398	7	404	0.0	695
Arginosuc_synth	B7GGR4	59.698	397	157	3	1	396	1	395	0.0	695
Arginosuc_synth	B8FH30	43.577	397	220	4	3	397	6	400	0.0	694
Arginosuc_synth	Q9K820	60.759	395	153	2	2	396	3	395	0.0	693
Arginosuc_synth	B6IVD0	44.304	395	212	6	3	391	6	398	0.0	693
Arginosuc_synth	Q8GDU2	47.000	400	208	4	1	398	7	404	0.0	693
Arginosuc_synth	A6VVI2	41.262	412	232	7	1	404	1	410	0.0	693
Arginosuc_synth	Q0AB32	41.895	401	225	6	1	394	1	400	0.0	693
Arginosuc_synth	B0K4D8	47.595	395	203	4	3	395	5	397	0.0	692
Arginosuc_synth	O34347	59.453	402	159	3	1	400	1	400	0.0	692
Arginosuc_synth	Q7M7P6	43.860	399	217	6	3	396	6	402	0.0	692
Arginosuc_synth	A7GTR5	58.105	401	166	2	2	402	3	401	0.0	692
Arginosuc_synth	Q609X7	42.317	397	223	5	3	394	7	402	0.0	691
Arginosuc_synth	Q633G4	58.603	401	164	2	2	402	3	401	0.0	691
Arginosuc_synth	C1EUX9	58.603	401	164	2	2	402	3	401	0.0	691
Arginosuc_synth	A0RJM4	58.603	401	164	2	2	402	3	401	0.0	691
Arginosuc_synth	Q81KV7	58.603	401	164	2	2	402	3	401	0.0	690
Arginosuc_synth	C3L9T6	58.603	401	164	2	2	402	3	401	0.0	690
Arginosuc_synth	C3PB97	58.603	401	164	2	2	402	3	401	0.0	690
Arginosuc_synth	B8DH28	62.406	399	148	2	2	400	3	399	0.0	690
Arginosuc_synth	Q71XS4	62.406	399	148	2	2	400	3	399	0.0	690
Arginosuc_synth	C1KX43	62.406	399	148	2	2	400	3	399	0.0	690
Arginosuc_synth	Q2RMV0	43.970	398	217	5	3	396	7	402	0.0	690
Arginosuc_synth	B0KBW5	47.595	395	203	4	3	395	5	397	0.0	689
Arginosuc_synth	A0AKJ7	61.905	399	150	2	2	400	3	399	0.0	689
Arginosuc_synth	A4J173	46.599	397	208	4	4	398	3	397	0.0	689
Arginosuc_synth	Q6HCP7	58.603	401	164	2	2	402	3	401	0.0	689
Arginosuc_synth	Q817C6	58.853	401	163	2	2	402	3	401	0.0	689
Arginosuc_synth	B7H6Y5	58.853	401	163	2	2	402	3	401	0.0	689
Arginosuc_synth	A7Z7M0	59.701	402	158	3	1	400	1	400	0.0	689
Arginosuc_synth	B7JS06	58.603	401	164	2	2	402	3	401	0.0	689
Arginosuc_synth	Q9SZX3	43.467	398	222	3	3	398	97	493	0.0	689
Arginosuc_synth	A5D510	48.363	397	201	4	4	398	3	397	0.0	688
Arginosuc_synth	B7IK29	58.603	401	164	2	2	402	3	401	0.0	688
Arginosuc_synth	P61520	58.853	401	163	2	2	402	3	401	0.0	688
Arginosuc_synth	A1K7J8	42.439	410	225	7	1	400	1	409	0.0	688
Arginosuc_synth	C6E6Y6	40.150	401	237	3	3	401	7	406	0.0	687
Arginosuc_synth	A9VKE1	58.603	401	164	2	2	402	3	401	0.0	687
Arginosuc_synth	B9J0E1	58.853	401	163	2	2	402	3	401	0.0	687
Arginosuc_synth	Q2LT97	44.192	396	215	4	3	394	6	399	0.0	687
Arginosuc_synth	Q3A1V1	43.750	400	222	3	3	400	8	406	0.0	687
Arginosuc_synth	Q4K749	42.000	400	225	6	3	397	5	402	0.0	686
Arginosuc_synth	Q8Y5H2	62.406	399	148	2	2	400	3	399	0.0	686
Arginosuc_synth	Q1QVN0	44.638	401	212	7	1	393	1	399	0.0	686
Arginosuc_synth	A8LPE0	42.079	404	227	6	3	401	5	406	0.0	686
Arginosuc_synth	C3KBZ2	41.750	400	226	6	3	397	5	402	0.0	685
Arginosuc_synth	B7HRS7	58.853	401	163	2	2	402	3	401	0.0	685
Arginosuc_synth	A5WG08	44.584	397	212	6	3	393	10	404	0.0	685
Arginosuc_synth	A4VIU7	42.677	396	220	6	3	393	5	398	0.0	685
Arginosuc_synth	A1U3U4	42.857	399	220	7	1	393	1	397	0.0	685
Arginosuc_synth	A5GDA4	40.399	401	236	3	3	401	7	406	0.0	685
Arginosuc_synth	B5ED13	40.648	401	235	3	3	401	7	406	0.0	685
Arginosuc_synth	Q3SHT1	41.951	410	227	7	1	400	1	409	0.0	684
Arginosuc_synth	A4XS43	42.424	396	221	6	3	393	5	398	0.0	684
Arginosuc_synth	Q929S9	61.905	399	150	2	2	400	3	399	0.0	684
Arginosuc_synth	C0Z6S0	59.113	406	163	3	2	406	3	406	0.0	684
Arginosuc_synth	A1WUZ5	44.030	402	215	7	1	394	1	400	0.0	684
Arginosuc_synth	Q3K7K0	42.145	401	225	6	3	398	5	403	0.0	683
Arginosuc_synth	Q0AEE4	42.250	400	225	5	3	397	5	403	0.0	683
Arginosuc_synth	Q16D10	43.687	396	216	6	3	393	5	398	0.0	683
Arginosuc_synth	Q31H63	42.750	400	222	6	3	397	5	402	0.0	683
Arginosuc_synth	A3DBU1	43.781	402	221	5	2	400	4	403	0.0	683
Arginosuc_synth	Q11D10	41.439	403	229	6	3	400	8	408	0.0	683
Arginosuc_synth	Q9HY84	41.935	403	227	6	3	400	5	405	0.0	682
Arginosuc_synth	Q02QZ6	41.935	403	227	6	3	400	5	405	0.0	682
Arginosuc_synth	B7UVV5	41.935	403	227	6	3	400	5	405	0.0	682
Arginosuc_synth	Q8ELT8	59.804	408	159	4	2	408	3	406	0.0	682
Arginosuc_synth	A1ATU4	40.852	399	233	3	5	401	11	408	0.0	682
Arginosuc_synth	A7HSW4	42.338	385	215	6	3	382	9	391	0.0	682
Arginosuc_synth	A7GYN4	38.791	397	237	5	3	394	6	401	0.0	682
Arginosuc_synth	Q1WV65	63.772	403	144	2	2	404	3	403	0.0	681
Arginosuc_synth	Q5HVA9	41.294	402	227	6	1	394	1	401	0.0	681
Arginosuc_synth	Q5P0Z7	41.707	410	228	7	1	400	1	409	0.0	681
Arginosuc_synth	Q5NNQ0	41.667	408	226	8	1	398	1	406	0.0	681
Arginosuc_synth	A5V0J9	44.192	396	216	4	3	395	6	399	0.0	681
Arginosuc_synth	Q7VGU9	43.500	400	219	6	3	397	5	402	0.0	681
Arginosuc_synth	B9M374	41.235	405	231	4	3	405	7	406	0.0	681
Arginosuc_synth	Q1IWM3	43.564	404	224	4	2	403	9	410	0.0	681
Arginosuc_synth	A1VZ24	41.294	402	227	6	1	394	1	401	0.0	681
Arginosuc_synth	Q7NWJ5	39.364	409	238	7	1	400	1	408	0.0	680
Arginosuc_synth	Q67KE1	53.904	397	181	2	2	397	3	398	0.0	680
Arginosuc_synth	A4SZQ2	42.961	412	223	8	1	402	1	410	0.0	680
Arginosuc_synth	Q82UP5	41.895	401	227	5	3	398	5	404	0.0	680
Arginosuc_synth	Q1GVV6	44.059	404	214	8	1	394	1	402	0.0	680
Arginosuc_synth	A6V1S1	41.439	403	229	6	3	400	5	405	0.0	680
Arginosuc_synth	B1MZP4	87.593	403	50	0	1	403	1	403	0.0	680
Arginosuc_synth	A7H4E9	41.542	402	226	6	1	394	1	401	0.0	680
Arginosuc_synth	A8FL83	41.294	402	227	6	1	394	1	401	0.0	680
Arginosuc_synth	A7ZDF2	40.050	397	232	5	3	394	6	401	0.0	679
Arginosuc_synth	A5CXM9	43.003	393	216	6	3	389	7	397	0.0	679
Arginosuc_synth	A1AVI7	42.821	397	219	6	3	393	7	401	0.0	679
Arginosuc_synth	P59604	42.000	400	225	6	3	397	5	402	0.0	679
Arginosuc_synth	A5VZI0	42.000	400	225	6	3	397	5	402	0.0	679
Arginosuc_synth	Q1IE03	42.000	400	225	6	3	397	5	402	0.0	679
Arginosuc_synth	Q9PHK7	41.294	402	227	6	1	394	1	401	0.0	679
Arginosuc_synth	A0RP84	38.791	397	237	5	3	394	7	402	0.0	678
Arginosuc_synth	A6TL10	45.232	409	220	4	2	408	6	412	0.0	678
Arginosuc_synth	Q49WA0	58.065	403	167	2	1	403	1	401	0.0	678
Arginosuc_synth	Q48F14	41.397	401	228	6	3	398	5	403	0.0	678
Arginosuc_synth	B0KUE7	41.750	400	226	6	3	397	5	402	0.0	678
Arginosuc_synth	B0SJR2	42.822	404	222	5	1	397	1	402	0.0	678
Arginosuc_synth	B0S9J6	42.822	404	222	5	1	397	1	402	0.0	678
Arginosuc_synth	C1D9Q4	39.753	405	236	6	3	400	5	408	0.0	678
Arginosuc_synth	B8DN64	43.401	394	218	5	3	394	6	396	0.0	678
Arginosuc_synth	Q8DKY7	51.759	398	188	3	2	397	4	399	0.0	677
Arginosuc_synth	Q4ZPK0	41.397	401	228	6	3	398	5	403	0.0	677
Arginosuc_synth	Q87XM3	41.397	401	228	6	3	398	5	403	0.0	677
Arginosuc_synth	B1J4I4	42.000	400	225	6	3	397	5	402	0.0	677
Arginosuc_synth	Q3J9C8	42.537	402	225	5	3	399	5	405	0.0	677
Arginosuc_synth	A0LE34	42.500	400	223	6	3	397	6	403	0.0	677
Arginosuc_synth	Q5WED8	58.500	400	164	2	2	401	3	400	0.0	677
Arginosuc_synth	Q28WC8	41.728	405	229	6	3	402	5	407	0.0	676
Arginosuc_synth	Q2SCE5	42.356	399	224	6	3	397	5	401	0.0	676
Arginosuc_synth	A7I281	40.554	397	230	5	3	394	6	401	0.0	676
Arginosuc_synth	A8EUB2	41.320	409	226	6	3	399	7	413	0.0	676
Arginosuc_synth	Q1QHE6	41.353	399	225	7	3	394	6	402	0.0	676
Arginosuc_synth	Q30QT1	42.643	401	223	6	3	398	6	404	0.0	675
Arginosuc_synth	Q1MAN9	42.289	402	225	6	3	399	8	407	0.0	675
Arginosuc_synth	Q03IP8	63.889	396	140	3	2	397	3	395	0.0	675
Arginosuc_synth	Q5M2K2	63.889	396	140	3	2	397	3	395	0.0	675
Arginosuc_synth	Q5LXZ8	63.889	396	140	3	2	397	3	395	0.0	675
Arginosuc_synth	A7NPB0	44.810	395	213	4	4	395	7	399	0.0	675
Arginosuc_synth	Q7U3B9	50.000	398	196	2	2	397	4	400	0.0	674
Arginosuc_synth	Q15X83	42.494	393	223	3	3	393	7	398	0.0	674
Arginosuc_synth	B8ESL2	41.565	409	230	7	3	404	9	415	0.0	674
Arginosuc_synth	Q0AKJ6	42.432	403	226	5	3	401	8	408	0.0	674
Arginosuc_synth	Q47BM0	43.210	405	219	7	1	395	1	404	0.0	674
Arginosuc_synth	A0LEB2	41.667	396	227	4	3	396	4	397	0.0	673
Arginosuc_synth	Q98E81	42.145	401	225	6	3	398	8	406	0.0	673
Arginosuc_synth	A1AZB7	43.350	406	218	8	1	396	1	404	0.0	673
Arginosuc_synth	B0CII7	41.646	401	227	6	3	398	8	406	0.0	673
Arginosuc_synth	A5VN19	41.646	401	227	6	3	398	8	406	0.0	673
Arginosuc_synth	Q8YEK8	41.646	401	227	6	3	398	8	406	0.0	673
Arginosuc_synth	C0RGD6	41.646	401	227	6	3	398	8	406	0.0	673
Arginosuc_synth	A9M6S7	41.646	401	227	6	3	398	8	406	0.0	673
Arginosuc_synth	Q57FU2	41.646	401	227	6	3	398	8	406	0.0	673
Arginosuc_synth	Q2YPQ8	41.646	401	227	6	3	398	8	406	0.0	673
Arginosuc_synth	B2S7X3	41.646	401	227	6	3	398	8	406	0.0	673
Arginosuc_synth	A4VXZ4	63.476	397	142	3	2	398	3	396	0.0	673
Arginosuc_synth	A4W488	63.476	397	142	3	2	398	3	396	0.0	673
Arginosuc_synth	A6WV13	41.397	401	228	6	3	398	8	406	0.0	673
Arginosuc_synth	Q30YB8	43.038	395	220	5	3	394	6	398	0.0	673
Arginosuc_synth	A6QAX6	41.089	404	231	6	4	402	8	409	0.0	672
Arginosuc_synth	A8AUN6	60.848	401	154	3	1	401	2	399	0.0	672
Arginosuc_synth	Q8G376	41.646	401	227	6	3	398	8	406	0.0	672
Arginosuc_synth	C1DQV2	40.750	400	230	6	3	397	5	402	0.0	672
Arginosuc_synth	Q1MEZ8	43.108	399	220	6	3	396	5	401	0.0	672
Arginosuc_synth	Q8CWZ0	62.469	397	146	3	2	398	3	396	0.0	672
Arginosuc_synth	B9DIU4	59.801	403	160	2	1	403	1	401	0.0	672
Arginosuc_synth	B9KPT5	41.895	401	224	7	3	396	5	403	0.0	672
Arginosuc_synth	Q3IYJ1	41.895	401	224	7	3	396	5	403	0.0	672
Arginosuc_synth	A3PNQ9	41.895	401	224	7	3	396	5	403	0.0	672
Arginosuc_synth	Q92L73	41.750	400	226	6	3	397	8	405	0.0	672
Arginosuc_synth	Q3SNT5	41.481	405	228	7	3	400	6	408	0.0	672
Arginosuc_synth	P61523	41.604	399	230	3	3	399	9	406	0.0	672
Arginosuc_synth	P61526	45.202	396	213	4	4	397	2	395	0.0	671
Arginosuc_synth	P61522	42.386	394	222	5	3	394	5	395	0.0	671
Arginosuc_synth	Q0BVJ1	39.401	401	236	6	3	398	14	412	0.0	671
Arginosuc_synth	B9MRP5	44.938	405	217	6	1	401	1	403	0.0	671
Arginosuc_synth	A8IQ54	40.704	398	227	7	3	393	6	401	0.0	671
Arginosuc_synth	Q3AVL9	49.246	398	199	2	2	397	4	400	0.0	671
Arginosuc_synth	B9DVV9	63.476	397	142	3	2	398	3	396	0.0	671
Arginosuc_synth	A4WVX3	42.394	401	222	7	3	396	5	403	0.0	671
Arginosuc_synth	A1VEQ0	42.386	394	222	5	3	394	5	395	0.0	671
Arginosuc_synth	B8HSA9	52.152	395	185	3	2	394	4	396	0.0	670
Arginosuc_synth	B8GXL9	41.855	399	223	7	3	394	7	403	0.0	670
Arginosuc_synth	Q9ABU1	41.855	399	223	7	3	394	7	403	0.0	670
Arginosuc_synth	Q5N1Z2	52.261	398	186	3	2	397	4	399	0.0	670
Arginosuc_synth	Q31SC8	52.261	398	186	3	2	397	4	399	0.0	670
Arginosuc_synth	A6UE09	42.000	400	225	6	3	397	8	405	0.0	670
Arginosuc_synth	Q39Z72	41.103	399	232	3	3	399	9	406	0.0	670
Arginosuc_synth	Q13UR1	41.220	410	229	8	1	400	1	408	0.0	670
Arginosuc_synth	A3CQQ4	61.097	401	153	3	1	401	2	399	0.0	669
Arginosuc_synth	A8GZ21	40.863	394	229	3	3	393	15	407	0.0	669
Arginosuc_synth	Q2K3B7	42.105	399	224	6	3	396	8	404	0.0	669
Arginosuc_synth	B1XRS6	41.748	412	228	8	1	402	1	410	0.0	669
Arginosuc_synth	Q2W896	41.250	400	227	6	3	396	6	403	0.0	669
Arginosuc_synth	B1KND6	41.117	394	228	3	3	393	11	403	0.0	669
Arginosuc_synth	P59603	65.764	406	136	3	3	408	6	408	0.0	669
Arginosuc_synth	Q9RWJ4	42.172	396	225	4	2	395	3	396	0.0	669
Arginosuc_synth	Q3MBE6	50.000	398	195	3	2	397	4	399	0.0	668
Arginosuc_synth	B8CNI0	41.117	394	228	3	3	393	11	403	0.0	668
Arginosuc_synth	Q5FUA8	40.399	401	232	6	3	398	8	406	0.0	668
Arginosuc_synth	C1CXR6	41.667	408	234	4	2	407	3	408	0.0	668
Arginosuc_synth	Q8UC31	41.604	399	226	6	3	396	8	404	0.0	668
Arginosuc_synth	P59846	44.949	396	214	4	4	397	2	395	0.0	668
Arginosuc_synth	Q1GCK1	41.935	403	225	7	3	398	5	405	0.0	668
Arginosuc_synth	Q117P0	52.273	396	185	3	4	397	6	399	0.0	668
Arginosuc_synth	Q8YMX6	50.251	398	194	3	2	397	4	399	0.0	668
Arginosuc_synth	A5FWI5	40.863	394	226	6	3	391	7	398	0.0	667
Arginosuc_synth	Q1Q9L2	42.469	405	225	6	3	401	10	412	0.0	667
Arginosuc_synth	Q3Z727	53.202	406	187	3	1	405	1	404	0.0	667
Arginosuc_synth	A7IGW4	41.266	395	223	7	3	390	6	398	0.0	666
Arginosuc_synth	Q4FR79	42.469	405	225	6	3	401	10	412	0.0	666
Arginosuc_synth	Q8EYP7	42.462	398	225	4	3	398	8	403	0.0	666
Arginosuc_synth	Q3ZYG0	53.202	406	187	3	1	405	1	404	0.0	666
Arginosuc_synth	A5FQ73	53.202	406	187	3	1	405	1	404	0.0	666
Arginosuc_synth	B9KG97	41.814	397	225	5	3	394	6	401	0.0	666
Arginosuc_synth	B0CCQ2	51.508	398	189	3	2	397	4	399	0.0	666
Arginosuc_synth	B2SY63	41.463	410	228	8	1	400	1	408	0.0	666
Arginosuc_synth	P61524	42.462	398	225	4	3	398	8	403	0.0	666
Arginosuc_synth	Q8DRI5	63.889	396	140	3	2	397	3	395	0.0	666
Arginosuc_synth	Q04MW7	63.889	396	140	3	2	397	3	395	0.0	666
Arginosuc_synth	A8GL82	41.542	402	230	4	3	401	7	406	0.0	666
Arginosuc_synth	A4SEI8	48.615	397	200	4	2	396	3	397	0.0	666
Arginosuc_synth	A5VAK5	42.278	395	217	8	1	386	1	393	0.0	665
Arginosuc_synth	Q2G933	44.388	392	207	8	1	383	1	390	0.0	665
Arginosuc_synth	B1WTK3	52.010	398	187	3	2	397	4	399	0.0	665
Arginosuc_synth	A0Q1Z2	43.424	403	224	4	1	401	1	401	0.0	665
Arginosuc_synth	A9HIQ4	40.898	401	230	6	3	398	7	405	0.0	665
Arginosuc_synth	B0TL85	39.850	399	236	3	3	398	15	412	0.0	665
Arginosuc_synth	A2CE29	49.246	398	199	2	2	397	4	400	0.0	665
Arginosuc_synth	B2J6U2	50.127	395	193	3	2	394	4	396	0.0	665
Arginosuc_synth	A4XKG4	44.554	404	219	5	3	403	4	405	0.0	665
Arginosuc_synth	Q7MH72	42.748	393	222	3	3	393	7	398	0.0	664
Arginosuc_synth	Q8DCN0	42.748	393	222	3	3	393	7	398	0.0	664
Arginosuc_synth	Q3AG78	49.626	401	199	2	2	400	4	403	0.0	664
Arginosuc_synth	B1I814	63.636	396	141	3	2	397	3	395	0.0	664
Arginosuc_synth	Q033U7	74.074	405	105	0	1	405	1	405	0.0	664
Arginosuc_synth	Q2N9H9	44.776	402	213	7	3	397	5	404	0.0	664
Arginosuc_synth	Q04FC0	73.020	404	109	0	1	404	1	404	0.0	664
Arginosuc_synth	A9IL50	41.975	405	228	6	4	403	9	411	0.0	664
Arginosuc_synth	A5GX16	49.005	402	201	3	2	401	4	403	0.0	663
Arginosuc_synth	A7ML85	44.162	394	216	3	3	393	7	399	0.0	663
Arginosuc_synth	Q8E272	61.869	396	148	3	2	397	3	395	0.0	663
Arginosuc_synth	Q5LWG3	42.432	403	223	7	3	398	5	405	0.0	663
Arginosuc_synth	Q3K3Q4	61.869	396	148	3	2	397	3	395	0.0	662
Arginosuc_synth	A1UUF5	43.939	396	215	6	3	393	8	401	0.0	662
Arginosuc_synth	Q8E7N1	61.616	396	149	3	2	397	3	395	0.0	661
Arginosuc_synth	Q0BWI1	43.299	388	211	7	3	383	9	394	0.0	661
Arginosuc_synth	Q0I607	49.118	397	199	2	4	398	6	401	0.0	661
Arginosuc_synth	B7JVH4	51.508	398	189	3	2	397	4	399	0.0	661
Arginosuc_synth	Q6AR59	43.003	393	220	4	3	393	4	394	0.0	661
Arginosuc_synth	B0T3Z9	40.852	399	227	7	3	394	7	403	0.0	661
Arginosuc_synth	A8Z067	59.553	403	161	2	1	403	1	401	0.0	661
Arginosuc_synth	P63645	59.553	403	161	2	1	403	1	401	0.0	661
Arginosuc_synth	P63644	59.553	403	161	2	1	403	1	401	0.0	661
Arginosuc_synth	A6QFH2	59.553	403	161	2	1	403	1	401	0.0	661
Arginosuc_synth	Q5HHC4	59.553	403	161	2	1	403	1	401	0.0	661
Arginosuc_synth	A5IRD9	59.553	403	161	2	1	403	1	401	0.0	661
Arginosuc_synth	Q2FZU1	59.553	403	161	2	1	403	1	401	0.0	661
Arginosuc_synth	Q2FIB4	59.553	403	161	2	1	403	1	401	0.0	661
Arginosuc_synth	A6U068	59.553	403	161	2	1	403	1	401	0.0	661
Arginosuc_synth	A7X0H5	59.553	403	161	2	1	403	1	401	0.0	661
Arginosuc_synth	A1S264	41.117	394	228	3	3	393	11	403	0.0	661
Arginosuc_synth	Q056F0	43.216	398	222	4	3	398	8	403	0.0	661
Arginosuc_synth	Q04P84	43.216	398	222	4	3	398	8	403	0.0	661
Arginosuc_synth	Q8CPU3	58.561	403	165	2	1	403	1	401	0.0	660
Arginosuc_synth	Q5HQK0	58.561	403	165	2	1	403	1	401	0.0	660
Arginosuc_synth	Q8NXF2	59.305	403	162	2	1	403	1	401	0.0	660
Arginosuc_synth	Q6GAW5	59.305	403	162	2	1	403	1	401	0.0	660
Arginosuc_synth	A4YBT9	41.117	394	228	3	3	393	11	403	0.0	660
Arginosuc_synth	Q5QWZ9	42.065	397	225	4	1	393	1	396	0.0	660
Arginosuc_synth	B2TQ23	43.704	405	223	5	3	404	5	407	0.0	660
Arginosuc_synth	Q2YWS4	59.553	403	161	2	1	403	1	401	0.0	660
Arginosuc_synth	B0JM14	49.500	400	198	3	2	399	4	401	0.0	660
Arginosuc_synth	A3Q9C9	40.355	394	231	3	3	393	11	403	0.0	659
Arginosuc_synth	A8G1A4	40.863	394	229	3	3	393	11	403	0.0	659
Arginosuc_synth	B1YJ35	57.463	402	168	3	2	403	3	401	0.0	659
Arginosuc_synth	B9K8S7	40.146	411	234	5	1	401	1	409	0.0	658
Arginosuc_synth	A1RPR6	41.117	394	228	3	3	393	11	403	0.0	658
Arginosuc_synth	Q7V3S9	48.995	398	200	2	2	397	4	400	0.0	658
Arginosuc_synth	B1LAP4	40.633	411	232	5	1	401	1	409	0.0	658
Arginosuc_synth	Q8EK28	40.863	394	229	3	3	393	11	403	0.0	657
Arginosuc_synth	A9KTY7	41.584	404	231	4	3	403	11	412	0.0	657
Arginosuc_synth	A6WTS0	41.337	404	232	4	3	403	11	412	0.0	657
Arginosuc_synth	A3DA23	41.337	404	232	4	3	403	11	412	0.0	657
Arginosuc_synth	B8EBG0	41.337	404	232	4	3	403	11	412	0.0	657
Arginosuc_synth	A5ILL1	40.389	411	233	5	1	401	1	409	0.0	657
Arginosuc_synth	Q0I061	40.863	394	229	3	3	393	11	403	0.0	657
Arginosuc_synth	Q0HDU8	40.863	394	229	3	3	393	11	403	0.0	657
Arginosuc_synth	A0L251	40.863	394	229	3	3	393	11	403	0.0	657
Arginosuc_synth	Q1AS35	51.741	402	192	2	3	404	5	404	0.0	657
Arginosuc_synth	A2BTT9	50.000	398	196	2	3	398	5	401	0.0	657
Arginosuc_synth	Q7NCP5	51.005	398	191	3	2	397	3	398	0.0	657
Arginosuc_synth	Q6GIC7	59.305	403	162	2	1	403	1	401	0.0	656
Arginosuc_synth	B2VGA8	41.371	394	227	3	3	393	7	399	0.0	656
Arginosuc_synth	B2UYI0	43.704	405	223	5	3	404	5	407	0.0	656
Arginosuc_synth	B3ECP2	48.363	397	201	4	2	396	3	397	0.0	656
Arginosuc_synth	Q3IHT8	41.814	397	228	3	3	397	5	400	0.0	656
Arginosuc_synth	B3EJ62	48.515	404	203	5	1	401	1	402	0.0	655
Arginosuc_synth	Q9X2A1	40.633	411	232	5	1	401	1	409	0.0	655
Arginosuc_synth	Q2JKS2	50.251	398	194	3	2	397	4	399	0.0	655
Arginosuc_synth	A3PFJ6	51.508	398	190	2	3	398	5	401	0.0	655
Arginosuc_synth	P59605	42.010	388	222	3	8	393	12	398	0.0	654
Arginosuc_synth	B1H0L3	45.340	397	213	4	3	397	17	411	0.0	654
Arginosuc_synth	Q4L4X7	59.204	402	162	2	1	402	1	400	0.0	654
Arginosuc_synth	P59602	44.472	398	217	4	2	397	3	398	0.0	654
Arginosuc_synth	A1BG29	46.500	400	210	4	2	399	3	400	0.0	654
Arginosuc_synth	P77973	50.000	398	195	3	2	397	4	399	0.0	653
Arginosuc_synth	B1XN65	50.251	398	194	3	2	397	4	399	0.0	653
Arginosuc_synth	Q8KDE0	48.622	399	200	4	2	397	3	399	0.0	653
Arginosuc_synth	B4S7R9	49.127	401	200	4	2	400	3	401	0.0	653
Arginosuc_synth	A7MXB9	41.753	388	223	3	8	393	12	398	0.0	652
Arginosuc_synth	Q3B425	46.851	397	207	4	2	396	3	397	0.0	652
Arginosuc_synth	Q3ASI2	48.241	398	202	4	2	397	3	398	0.0	652
Arginosuc_synth	Q7UZG0	48.628	401	203	2	3	401	5	404	0.0	651
Arginosuc_synth	Q2JWE1	49.246	398	198	3	2	397	4	399	0.0	651
Arginosuc_synth	Q089K8	42.051	390	222	3	7	393	15	403	0.0	651
Arginosuc_synth	Q59491	62.690	394	145	2	3	396	4	395	0.0	651
Arginosuc_synth	B4S9U5	46.348	397	209	4	2	396	3	397	0.0	650
Arginosuc_synth	B3QN91	46.985	398	206	4	2	396	3	398	0.0	650
Arginosuc_synth	Q9K4Z3	39.698	398	236	3	3	397	8	404	0.0	650
Arginosuc_synth	Q489P3	38.142	409	244	4	3	403	9	416	0.0	650
Arginosuc_synth	C4Z4C1	43.171	410	225	6	1	405	1	407	0.0	649
Arginosuc_synth	P57799	62.690	394	145	2	3	396	5	396	0.0	648
Arginosuc_synth	A5GPT0	48.872	399	201	2	2	398	4	401	0.0	648
Arginosuc_synth	Q317T4	49.875	399	197	2	3	399	5	402	0.0	647
Arginosuc_synth	Q7MYD8	41.624	394	226	3	3	393	7	399	0.0	646
Arginosuc_synth	Q032X6	62.183	394	147	2	3	396	4	395	0.0	646
Arginosuc_synth	A8LE46	50.761	394	191	3	1	393	1	392	0.0	646
Arginosuc_synth	Q0TTA5	45.636	401	213	5	3	400	5	403	0.0	646
Arginosuc_synth	Q0RFB2	52.538	394	184	3	1	393	1	392	0.0	646
Arginosuc_synth	Q8XMJ7	45.387	401	214	5	3	400	7	405	0.0	646
Arginosuc_synth	B6EMN8	42.010	388	222	3	8	393	13	399	0.0	646
Arginosuc_synth	C3LRV3	41.495	388	224	3	8	393	12	398	0.0	645
Arginosuc_synth	Q9KNT8	41.495	388	224	3	8	393	12	398	0.0	645
Arginosuc_synth	A5F4Z4	41.495	388	224	3	8	393	12	398	0.0	645
Arginosuc_synth	A1SRI3	39.440	393	234	3	3	392	5	396	0.0	645
Arginosuc_synth	A8G7L2	50.873	401	194	2	3	401	5	404	0.0	645
Arginosuc_synth	Q5HBF2	41.266	395	224	7	1	390	1	392	0.0	645
Arginosuc_synth	A5N6U2	42.105	399	227	4	1	397	1	397	0.0	645
Arginosuc_synth	B9E0B1	42.105	399	227	4	1	397	1	397	0.0	645
Arginosuc_synth	Q12SM7	41.688	391	224	3	7	394	15	404	0.0	644
Arginosuc_synth	B2G6Y6	64.031	392	139	2	2	393	3	392	0.0	644
Arginosuc_synth	A5VJH1	64.031	392	139	2	2	393	3	392	0.0	644
Arginosuc_synth	Q5E2E7	41.753	388	223	3	8	393	13	399	0.0	644
Arginosuc_synth	Q8U484	50.860	407	193	5	4	408	2	403	0.0	644
Arginosuc_synth	A9BDR3	49.492	394	196	2	3	394	4	396	0.0	644
Arginosuc_synth	C1A051	46.329	395	210	2	1	394	1	394	0.0	644
Arginosuc_synth	Q6LVG8	40.000	400	237	3	4	401	6	404	0.0	644
Arginosuc_synth	C4Z9C9	43.659	410	224	5	1	405	1	408	0.0	644
Arginosuc_synth	Q2J866	52.030	394	186	3	1	393	1	392	0.0	643
Arginosuc_synth	A2BZ94	49.750	400	198	2	3	400	5	403	0.0	643
Arginosuc_synth	Q1IIZ2	43.812	404	223	4	1	402	1	402	0.0	643
Arginosuc_synth	A6M1Z4	42.327	404	228	5	3	403	5	406	0.0	643
Arginosuc_synth	B5FBP4	41.495	388	224	3	8	393	13	399	0.0	643
Arginosuc_synth	Q7V9F8	49.874	397	196	2	3	397	5	400	0.0	641
Arginosuc_synth	Q5YYD3	49.114	395	199	2	1	394	1	394	0.0	641
Arginosuc_synth	Q1MQL7	41.855	399	224	6	1	394	1	396	0.0	641
Arginosuc_synth	B8D6W2	43.401	394	220	3	3	394	7	399	0.0	641
Arginosuc_synth	P57158	43.401	394	220	3	3	394	7	399	0.0	641
Arginosuc_synth	B8D8K8	43.401	394	220	3	3	394	7	399	0.0	641
Arginosuc_synth	A0KFV3	41.371	394	228	3	3	394	5	397	0.0	640
Arginosuc_synth	Q46I72	47.487	398	206	3	2	397	4	400	0.0	640
Arginosuc_synth	C5BC58	42.494	393	222	3	4	393	8	399	0.0	640
Arginosuc_synth	A7GGQ9	44.724	398	216	4	1	396	1	396	0.0	639
Arginosuc_synth	A5I5A4	44.724	398	216	4	1	396	1	396	0.0	638
Arginosuc_synth	A7FWU6	44.724	398	216	4	1	396	1	396	0.0	638
Arginosuc_synth	B1KXY1	44.472	398	217	4	1	396	1	396	0.0	638
Arginosuc_synth	B1IK08	44.472	398	217	4	1	396	1	396	0.0	638
Arginosuc_synth	B8HGC9	51.269	394	189	3	1	393	1	392	0.0	637
Arginosuc_synth	C3L1U3	44.472	398	217	4	1	396	1	396	0.0	637
Arginosuc_synth	C0R1H5	45.255	411	217	6	1	408	1	406	0.0	637
Arginosuc_synth	A2C5I6	46.734	398	209	3	2	397	4	400	0.0	637
Arginosuc_synth	B8E0N9	53.944	393	175	5	2	393	3	390	0.0	637
Arginosuc_synth	A4SIM5	41.371	394	228	3	3	394	5	397	0.0	637
Arginosuc_synth	C1FU68	44.472	398	217	4	1	396	1	396	0.0	636
Arginosuc_synth	A1R591	51.523	394	188	3	1	393	1	392	0.0	635
Arginosuc_synth	Q5FH27	40.759	395	226	7	1	390	1	392	0.0	635
Arginosuc_synth	A9KHL4	43.032	409	225	6	1	403	1	407	0.0	634
Arginosuc_synth	C1ASZ6	46.582	395	209	2	1	394	1	394	0.0	633
Arginosuc_synth	Q0SI58	46.582	395	209	2	1	394	1	394	0.0	633
Arginosuc_synth	A0QYS6	45.823	395	212	2	1	394	1	394	0.0	633
Arginosuc_synth	Q8KA60	42.893	394	222	3	3	394	5	397	0.0	632
Arginosuc_synth	O67213	49.377	401	198	5	2	399	3	401	0.0	632
Arginosuc_synth	B5YAL9	53.690	393	176	4	2	393	3	390	0.0	632
Arginosuc_synth	Q66I24	37.562	402	239	5	5	396	6	405	0.0	631
Arginosuc_synth	Q97KE6	45.707	396	211	4	1	394	1	394	0.0	631
Arginosuc_synth	A0JV26	51.269	394	189	3	1	393	1	392	0.0	631
Arginosuc_synth	A8LYQ9	50.508	394	192	3	1	393	1	392	0.0	631
Arginosuc_synth	A1TAA6	45.823	395	212	2	1	394	1	394	0.0	629
Arginosuc_synth	Q186Z6	45.340	397	212	4	1	394	1	395	0.0	629
Arginosuc_synth	A0QHA8	47.342	395	206	2	1	394	1	394	0.0	628
Arginosuc_synth	Q47N84	47.880	401	206	3	1	400	1	399	0.0	627
Arginosuc_synth	A4T9W4	46.076	395	211	2	1	394	1	394	0.0	626
Arginosuc_synth	P61525	47.342	395	206	2	1	394	1	394	0.0	626
Arginosuc_synth	B2HR32	45.823	395	212	2	1	394	1	394	0.0	625
Arginosuc_synth	Q1B7R1	46.329	395	210	2	1	394	1	394	0.0	625
Arginosuc_synth	A1UH96	46.329	395	210	2	1	394	1	394	0.0	625
Arginosuc_synth	Q5ZY78	48.241	398	200	5	3	397	6	400	0.0	625
Arginosuc_synth	A3Q0T3	46.076	395	211	2	1	394	1	394	0.0	623
Arginosuc_synth	Q4JVZ8	48.111	397	199	4	1	394	1	393	0.0	623
Arginosuc_synth	B1W3B3	48.608	395	200	3	1	394	1	393	0.0	623
Arginosuc_synth	Q5X7P9	48.241	398	200	5	3	397	6	400	0.0	623
Arginosuc_synth	Q5ZJ23	42.961	412	223	5	2	403	5	414	0.0	623
Arginosuc_synth	A5IHA3	48.241	398	200	5	3	397	6	400	0.0	623
Arginosuc_synth	Q3YS95	41.878	394	222	6	1	390	1	391	0.0	621
Arginosuc_synth	Q5M8Z6	38.686	411	236	5	5	405	8	412	0.0	620
Arginosuc_synth	A0PP79	45.570	395	213	2	1	394	1	394	0.0	620
Arginosuc_synth	Q2GGE6	41.878	394	222	6	1	390	1	391	0.0	620
Arginosuc_synth	B1VH30	46.851	397	204	4	1	394	1	393	0.0	620
Arginosuc_synth	A0LUB9	49.620	395	195	4	1	394	1	392	0.0	620
Arginosuc_synth	Q827Z1	49.367	395	197	3	1	394	8	400	0.0	619
Arginosuc_synth	P50986	49.873	395	195	3	1	394	1	393	0.0	618
Arginosuc_synth	P9WPW7	46.835	395	208	2	1	394	1	394	0.0	618
Arginosuc_synth	P9WPW6	46.835	395	208	2	1	394	1	394	0.0	618
Arginosuc_synth	A5U315	46.835	395	208	2	1	394	1	394	0.0	618
Arginosuc_synth	C1ANT1	46.835	395	208	2	1	394	1	394	0.0	618
Arginosuc_synth	A1KJ75	46.835	395	208	2	1	394	1	394	0.0	618
Arginosuc_synth	P63643	46.835	395	208	2	1	394	1	394	0.0	618
Arginosuc_synth	A9WQ90	50.895	391	189	3	1	390	16	404	0.0	618
Arginosuc_synth	Q9K4Y8	39.750	400	235	5	3	397	6	404	0.0	618
Arginosuc_synth	Q8FTM9	47.739	398	205	3	1	397	1	396	0.0	618
Arginosuc_synth	Q7ZWM4	38.916	406	236	4	2	397	5	408	0.0	616
Arginosuc_synth	A5CSJ0	51.899	395	187	3	1	394	1	393	0.0	616
Arginosuc_synth	Q9CC10	46.076	395	211	2	1	394	2	395	0.0	616
Arginosuc_synth	Q5WZ50	48.241	398	200	5	3	397	6	400	0.0	616
Arginosuc_synth	P61521	48.724	392	198	3	1	391	1	390	0.0	615
Arginosuc_synth	B0RHD5	51.899	395	187	3	1	394	1	393	0.0	614
Arginosuc_synth	C4LIE1	48.469	392	199	3	1	391	1	390	0.0	614
Arginosuc_synth	B2GKD7	48.354	395	201	3	1	394	1	393	0.0	608
Arginosuc_synth	A8AA65	46.348	397	209	4	4	399	3	396	0.0	608
Arginosuc_synth	C5CAM5	48.861	395	199	3	1	394	1	393	0.0	607
Arginosuc_synth	P59412	41.294	402	232	4	3	402	7	406	0.0	607
Arginosuc_synth	A8F446	38.293	410	240	6	1	400	1	407	0.0	605
Arginosuc_synth	A4QDZ4	48.995	398	200	3	1	397	1	396	0.0	605
Arginosuc_synth	B7GTP0	50.000	392	193	3	3	393	5	394	0.0	605
Arginosuc_synth	Q8G5F2	49.745	392	194	3	3	393	5	394	0.0	605
Arginosuc_synth	O85176	48.744	398	201	3	1	397	1	396	0.0	605
Arginosuc_synth	Q058D6	39.750	400	238	3	1	398	1	399	0.0	605
Arginosuc_synth	B3DSY7	49.745	392	194	3	3	393	5	394	0.0	605
Arginosuc_synth	P09034	39.614	414	236	6	1	402	1	412	0.0	604
Arginosuc_synth	A1A1W7	50.255	392	192	3	3	393	11	400	0.0	603
Arginosuc_synth	P16460	38.647	414	240	6	1	402	1	412	0.0	601
Arginosuc_synth	P00966	38.647	414	240	5	1	402	1	412	0.0	599
Arginosuc_synth	P61527	48.000	400	203	5	1	398	1	397	0.0	597
Arginosuc_synth	P14568	39.130	414	238	6	1	402	1	412	0.0	597
Arginosuc_synth	Q8ZU97	46.907	388	201	5	4	389	5	389	0.0	595
Arginosuc_synth	P13256	46.500	400	209	5	1	398	1	397	0.0	595
Arginosuc_synth	Q7UFW4	40.648	401	230	4	1	395	1	399	0.0	592
Arginosuc_synth	Q4FNX4	39.691	388	228	5	2	385	4	389	0.0	592
Arginosuc_synth	O27322	45.865	399	209	6	3	400	7	399	0.0	590
Arginosuc_synth	O28032	47.208	394	199	7	4	395	2	388	0.0	589
Arginosuc_synth	Q12XK3	46.348	397	204	8	1	395	1	390	0.0	588
Arginosuc_synth	O94354	39.798	397	229	4	3	390	6	401	0.0	586
Arginosuc_synth	Q469Z8	47.355	397	201	7	1	395	1	391	0.0	586
Arginosuc_synth	Q8Q0U5	48.363	397	197	7	1	395	1	391	0.0	580
Arginosuc_synth	Q8TNY5	48.615	397	196	7	1	395	1	391	0.0	579
Arginosuc_synth	Q7PR38	36.634	404	244	5	2	395	3	404	0.0	579
Arginosuc_synth	Q2FLD8	46.115	399	207	7	2	398	3	395	0.0	572
Arginosuc_synth	P22768	33.413	416	261	5	2	402	3	417	0.0	569
Arginosuc_synth	Q0IFL5	37.376	404	241	5	2	395	4	405	0.0	563
Arginosuc_synth	Q2NEC4	43.939	396	215	6	3	397	2	391	0.0	561
Arginosuc_synth	P13257	46.231	398	205	8	1	395	1	392	0.0	559
Arginosuc_synth	A2BJL6	42.424	396	224	4	4	398	2	394	0.0	555
Arginosuc_synth	Q9UX31	43.182	396	218	5	4	398	2	391	0.0	554
Arginosuc_synth	Q60174	48.861	395	196	6	1	394	1	390	0.0	554
Arginosuc_synth	O97069	37.592	407	240	6	2	395	3	408	0.0	554
Arginosuc_synth	Q8TWU0	47.462	394	199	8	4	394	3	391	0.0	551
Arginosuc_synth	Q970V0	42.532	395	220	5	4	397	2	390	0.0	549
Arginosuc_synth	Q93JQ8	43.299	388	217	3	5	390	3	389	0.0	542
Arginosuc_synth	Q4J8F1	41.919	396	223	5	4	398	2	391	0.0	530
Arginosuc_synth	Q05FN6	35.279	394	249	6	1	391	3	393	0.0	515
Arginosuc_synth	Q63U95	36.364	396	247	5	1	393	1	394	0.0	514
Arginosuc_synth	A4YI75	41.266	395	225	5	4	397	2	390	2.92e-180	509
Arginosuc_synth	Q6L1N7	42.448	384	212	7	3	385	2	377	2.36e-177	502
Arginosuc_synth	Q3IME2	38.095	399	233	9	2	395	4	393	1.46e-175	498
Arginosuc_synth	Q97A55	41.089	404	227	9	1	403	1	394	3.65e-173	492
Arginosuc_synth	Q5UZ46	39.803	407	229	10	4	405	7	402	8.97e-172	489
Arginosuc_synth	Q9HKF1	41.558	385	216	7	3	386	2	378	1.49e-170	485
Arginosuc_synth	Q18E36	39.055	402	234	9	4	401	3	397	4.06e-166	474
Arginosuc_synth	A5E8P0	27.553	421	276	9	3	401	12	425	4.63e-165	473
Arginosuc_synth	A1TNA2	27.725	422	276	9	3	402	12	426	8.47e-165	472
Arginosuc_synth	B0UW58	27.316	421	277	9	3	401	13	426	1.50e-164	472
Arginosuc_synth	A4YJX9	27.316	421	277	9	3	401	12	425	1.86e-164	472
Arginosuc_synth	Q0I4M1	27.316	421	277	9	3	401	13	426	2.43e-164	471
Arginosuc_synth	A3M3K6	28.469	418	277	9	3	402	15	428	5.85e-164	470
Arginosuc_synth	B1JPT9	27.603	413	271	9	3	394	12	417	5.99e-164	470
Arginosuc_synth	Q66C31	27.603	413	271	9	3	394	12	417	5.99e-164	470
Arginosuc_synth	A4TKI3	27.603	413	271	9	3	394	12	417	5.99e-164	470
Arginosuc_synth	Q1CGZ2	27.603	413	271	9	3	394	12	417	5.99e-164	470
Arginosuc_synth	A9R622	27.603	413	271	9	3	394	12	417	5.99e-164	470
Arginosuc_synth	Q8ZFV7	27.603	413	271	9	3	394	12	417	5.99e-164	470
Arginosuc_synth	B2JZQ2	27.603	413	271	9	3	394	12	417	5.99e-164	470
Arginosuc_synth	A7FJE9	27.603	413	271	9	3	394	12	417	5.99e-164	470
Arginosuc_synth	Q8XWC1	26.950	423	278	10	3	402	12	426	6.79e-164	470
Arginosuc_synth	P57877	27.725	422	274	10	3	401	13	426	1.25e-163	469
Arginosuc_synth	P0C1A1	27.553	421	275	10	3	400	12	425	1.30e-163	470
Arginosuc_synth	A1JTL6	27.603	413	271	9	3	394	12	417	1.94e-163	469
Arginosuc_synth	B4RQS8	28.401	419	277	9	3	402	15	429	1.99e-163	469
Arginosuc_synth	Q5F5G5	28.401	419	277	9	3	402	15	429	1.99e-163	469
Arginosuc_synth	B2UBA3	26.478	423	280	10	3	402	12	426	2.28e-163	469
Arginosuc_synth	Q65SH4	28.436	422	273	9	3	402	13	427	2.80e-163	468
Arginosuc_synth	Q9JXC1	28.401	419	277	9	3	402	15	429	3.14e-163	468

Search has CONVERGED!
# BLAST processed 2 queries
