# PSIBLAST 2.6.0+
# Iteration: 1
# Query: OMPdecase | A7MUN7.1 | WP_010645640.1 | 97.36%
# Database: /home/alex/Documents/data/local_db/swissprot
# Fields: query acc.ver, subject acc.ver, % identity, alignment length, mismatches, gap opens, q. start, q. end, s. start, s. end, evalue, bit score
# 402 hits found
OMPdecase	A7MUN7	100.000	233	0	0	1	233	1	233	6.06e-173	477
OMPdecase	Q87N49	97.414	232	6	0	1	232	1	232	9.25e-169	467
OMPdecase	Q8D8J6	95.652	230	10	0	1	230	1	230	1.50e-164	456
OMPdecase	Q7MLX2	94.783	230	12	0	1	230	1	230	2.38e-163	453
OMPdecase	B7VH29	87.879	231	28	0	1	231	1	231	2.08e-152	425
OMPdecase	B5FG54	86.695	233	31	0	1	233	1	233	8.65e-152	424
OMPdecase	Q5E3Z6	86.695	233	31	0	1	233	1	233	8.65e-152	424
OMPdecase	B6EIY4	87.446	231	29	0	1	231	1	231	5.84e-150	419
OMPdecase	C3LNL5	85.652	230	33	0	1	230	1	230	2.23e-146	410
OMPdecase	Q9KQT7	85.652	230	33	0	1	230	1	230	2.23e-146	410
OMPdecase	A5F6Y1	85.217	230	34	0	1	230	1	230	1.07e-145	408
OMPdecase	Q6LPE7	81.818	231	42	0	1	231	1	231	3.78e-141	397
OMPdecase	A6VPK5	67.672	232	75	0	2	233	1	232	3.56e-117	336
OMPdecase	Q4QJV1	69.469	226	69	0	5	230	4	229	1.34e-116	335
OMPdecase	B8F472	68.261	230	73	0	2	231	1	230	5.25e-116	333
OMPdecase	Q65SI1	67.672	232	75	0	2	233	1	232	5.90e-116	333
OMPdecase	A1SYZ6	67.826	230	74	0	1	230	4	233	2.56e-115	332
OMPdecase	A5UBN7	68.584	226	71	0	5	230	4	229	3.23e-115	331
OMPdecase	Q7N4C1	70.690	232	68	0	2	233	13	244	3.35e-115	332
OMPdecase	Q9CMM1	69.912	226	68	0	5	230	4	229	4.09e-115	331
OMPdecase	B0BP16	67.686	229	74	0	2	230	1	229	4.44e-115	331
OMPdecase	B3GXH2	67.686	229	74	0	2	230	1	229	4.44e-115	331
OMPdecase	A3N0A0	67.686	229	74	0	2	230	1	229	4.44e-115	331
OMPdecase	C4LEZ7	68.103	232	73	1	1	231	1	232	9.50e-115	330
OMPdecase	P43812	68.142	226	72	0	5	230	4	229	2.45e-114	329
OMPdecase	B5XS09	71.239	226	65	0	6	231	17	242	2.91e-114	329
OMPdecase	P08244	71.556	225	64	0	6	230	17	241	1.39e-113	328
OMPdecase	B1XBN2	71.556	225	64	0	6	230	17	241	1.39e-113	328
OMPdecase	C4ZTX6	71.556	225	64	0	6	230	17	241	1.39e-113	328
OMPdecase	Q32GQ2	71.111	225	65	0	6	230	17	241	3.45e-113	327
OMPdecase	Q3Z131	71.111	225	65	0	6	230	17	241	3.94e-113	327
OMPdecase	B6I9Z7	71.111	225	65	0	6	230	17	241	3.94e-113	327
OMPdecase	B1ITH3	71.111	225	65	0	6	230	17	241	3.94e-113	327
OMPdecase	A7ZZM0	71.111	225	65	0	6	230	17	241	3.94e-113	327
OMPdecase	B7LY40	71.111	225	65	0	6	230	17	241	3.94e-113	327
OMPdecase	B7L4B7	71.111	225	65	0	6	230	17	241	3.94e-113	327
OMPdecase	B1LH07	70.000	230	69	0	1	230	12	241	3.98e-113	327
OMPdecase	B7N497	70.000	230	69	0	1	230	12	241	3.98e-113	327
OMPdecase	B7NVQ5	70.000	230	69	0	1	230	12	241	3.98e-113	327
OMPdecase	P58640	70.000	230	69	0	1	230	12	241	3.98e-113	327
OMPdecase	Q31ZX5	71.111	225	65	0	6	230	17	241	4.49e-113	327
OMPdecase	A7ZLA2	71.111	225	65	0	6	230	17	241	4.49e-113	327
OMPdecase	Q0T5B6	70.000	230	69	0	1	230	12	241	4.80e-113	326
OMPdecase	B7LRZ7	69.565	230	70	0	1	230	12	241	1.01e-112	325
OMPdecase	Q7VLR5	65.652	230	79	0	2	231	1	230	1.31e-112	325
OMPdecase	B2U0H4	70.667	225	66	0	6	230	17	241	1.93e-112	325
OMPdecase	Q1RC84	70.667	225	66	0	6	230	17	241	3.80e-112	324
OMPdecase	B7MLV7	70.667	225	66	0	6	230	17	241	3.80e-112	324
OMPdecase	Q83RM1	71.111	225	65	0	6	230	17	241	4.52e-112	324
OMPdecase	A4WAY2	69.697	231	70	0	3	233	14	244	6.95e-112	323
OMPdecase	C6DK13	69.869	229	69	0	2	230	13	241	1.88e-111	322
OMPdecase	Q15T09	66.667	231	77	0	1	231	1	231	4.91e-111	321
OMPdecase	Q6D5T3	68.559	229	72	0	2	230	13	241	9.28e-110	318
OMPdecase	A1TZF4	69.333	225	69	0	3	227	6	230	1.12e-108	315
OMPdecase	Q482F9	67.826	230	74	0	1	230	1	230	7.23e-106	308
OMPdecase	B7UR89	68.261	230	73	0	1	230	12	241	6.88e-105	306
OMPdecase	A1JM26	66.087	230	78	0	2	231	13	242	7.04e-105	306
OMPdecase	Q8EEI4	64.783	230	81	0	1	230	1	230	1.26e-104	305
OMPdecase	A8FVN0	64.935	231	81	0	1	231	1	231	2.60e-104	304
OMPdecase	Q8FHU2	68.261	230	73	0	1	230	12	241	3.71e-104	304
OMPdecase	B7MUC3	68.261	230	73	0	1	230	12	241	3.71e-104	304
OMPdecase	Q0TI84	68.261	230	73	0	1	230	12	241	4.93e-104	303
OMPdecase	B1JKQ0	65.502	229	79	0	2	230	13	241	4.98e-104	303
OMPdecase	Q66AI1	65.066	229	80	0	2	230	13	241	8.61e-104	303
OMPdecase	B2K4I4	65.066	229	80	0	2	230	13	241	8.61e-104	303
OMPdecase	A7FI10	65.066	229	80	0	2	230	13	241	8.61e-104	303
OMPdecase	B5R6P3	68.261	230	73	0	1	230	12	241	1.00e-103	303
OMPdecase	B5R486	68.261	230	73	0	1	230	12	241	1.00e-103	303
OMPdecase	Q7NTL2	65.487	226	77	1	6	231	16	240	1.44e-103	302
OMPdecase	B4T6V0	68.261	230	73	0	1	230	12	241	1.61e-103	302
OMPdecase	B5BID8	68.261	230	73	0	1	230	12	241	2.11e-103	302
OMPdecase	Q5PD06	68.261	230	73	0	1	230	12	241	2.11e-103	302
OMPdecase	B5F565	68.261	230	73	0	1	230	12	241	2.11e-103	302
OMPdecase	A4TJ45	65.066	229	80	0	2	230	13	241	2.90e-103	301
OMPdecase	Q1CJ05	65.066	229	80	0	2	230	13	241	2.90e-103	301
OMPdecase	A9R8T1	65.066	229	80	0	2	230	13	241	2.90e-103	301
OMPdecase	P58644	65.066	229	80	0	2	230	13	241	2.90e-103	301
OMPdecase	Q1C7L9	65.066	229	80	0	2	230	13	241	2.90e-103	301
OMPdecase	A6W097	63.596	228	83	0	6	233	7	234	5.89e-103	300
OMPdecase	P07691	67.826	230	74	0	1	230	12	241	6.31e-103	301
OMPdecase	Q57NV3	67.826	230	74	0	1	230	12	241	1.24e-102	300
OMPdecase	Q3IGA7	66.079	227	77	0	4	230	7	233	3.62e-102	298
OMPdecase	P58643	67.391	230	75	0	1	230	12	241	1.14e-101	298
OMPdecase	Q2NT36	66.667	210	70	0	6	215	21	230	1.27e-99	293
OMPdecase	B4EW04	64.444	225	80	0	6	230	17	241	1.68e-99	292
OMPdecase	C3K758	63.717	226	81	1	6	231	8	232	5.10e-99	290
OMPdecase	Q4KFV3	62.389	226	84	1	6	231	8	232	4.94e-97	285
OMPdecase	Q3K8H1	62.832	226	83	1	6	231	8	232	7.73e-97	285
OMPdecase	Q59654	65.238	210	72	1	6	215	8	216	1.36e-94	279
OMPdecase	Q02P38	65.238	210	72	1	6	215	8	216	1.36e-94	279
OMPdecase	B7V800	65.238	210	72	1	6	215	8	216	1.36e-94	279
OMPdecase	A6V3L5	64.762	210	73	1	6	215	8	216	4.79e-94	278
OMPdecase	Q5X5E0	59.459	222	90	0	5	226	4	225	1.38e-93	276
OMPdecase	Q31GC7	60.526	228	89	1	3	230	8	234	1.66e-93	276
OMPdecase	C1D549	63.436	227	81	2	6	232	17	241	4.26e-93	276
OMPdecase	C5BSJ7	58.407	226	93	1	5	230	7	231	5.61e-93	275
OMPdecase	A5IBR7	58.108	222	93	0	5	226	4	225	3.33e-92	273
OMPdecase	Q5WWS3	58.559	222	92	0	5	226	4	225	5.38e-92	272
OMPdecase	Q9JV18	60.987	223	85	2	6	227	17	238	8.53e-92	273
OMPdecase	Q4ZVD9	64.762	210	73	1	6	215	8	216	9.52e-92	272
OMPdecase	A1KT74	60.987	223	85	2	6	227	17	238	9.62e-92	272
OMPdecase	Q9K005	60.987	223	85	2	6	227	17	238	9.62e-92	272
OMPdecase	B1J5Q0	63.810	210	75	1	6	215	8	216	1.43e-91	271
OMPdecase	Q21IS8	60.262	229	90	1	3	231	5	232	1.50e-91	271
OMPdecase	Q48KP5	64.286	210	74	1	6	215	8	216	2.49e-91	271
OMPdecase	A3M508	60.619	226	88	1	6	231	8	232	2.90e-91	271
OMPdecase	B2HZE8	60.619	226	88	1	6	231	8	232	2.90e-91	271
OMPdecase	Q5ZVL5	57.658	222	94	0	5	226	4	225	3.98e-91	270
OMPdecase	Q6F9Z3	61.947	226	85	1	6	231	3	227	5.05e-91	270
OMPdecase	B4RKA3	60.987	223	85	2	6	227	17	238	5.23e-91	271
OMPdecase	Q5F9J2	60.987	223	85	2	6	227	17	238	5.23e-91	271
OMPdecase	B0VD17	60.619	226	88	1	6	231	3	227	5.34e-91	270
OMPdecase	B7H3K6	60.619	226	88	1	6	231	3	227	5.34e-91	270
OMPdecase	B7I534	60.619	226	88	1	6	231	8	232	5.98e-91	270
OMPdecase	Q884R0	63.810	210	75	1	6	215	8	216	6.31e-91	270
OMPdecase	A9M3Q3	60.538	223	86	2	6	227	17	238	9.65e-91	270
OMPdecase	B0VN04	60.177	226	89	1	6	231	3	227	1.37e-90	269
OMPdecase	B0KUJ6	64.286	210	74	1	6	215	8	216	3.71e-90	268
OMPdecase	Q88LW2	64.286	210	74	1	6	215	8	216	5.21e-90	268
OMPdecase	A5W7B0	64.286	210	74	1	6	215	8	216	5.38e-90	268
OMPdecase	Q1ID82	63.810	210	75	1	6	215	8	216	4.53e-89	265
OMPdecase	Q2SCG0	57.642	229	96	1	5	233	6	233	4.95e-89	265
OMPdecase	Q3J8N5	54.077	233	106	1	1	233	1	232	5.58e-89	265
OMPdecase	Q2Y7B1	58.590	227	91	2	1	227	1	224	7.88e-88	262
OMPdecase	Q5QZ42	58.333	228	90	2	5	228	5	231	9.14e-88	262
OMPdecase	Q1LTG7	57.642	229	97	0	2	230	9	237	5.23e-87	260
OMPdecase	Q3SK77	61.966	234	81	2	2	227	1	234	3.99e-85	256
OMPdecase	Q0VNQ9	60.435	230	90	1	2	231	3	231	1.06e-83	251
OMPdecase	Q4FRL9	57.642	229	96	1	2	230	5	232	1.27e-82	249
OMPdecase	Q83E06	52.814	231	108	1	3	232	5	235	4.27e-82	248
OMPdecase	A9NC23	52.814	231	108	1	3	232	5	235	4.27e-82	248
OMPdecase	A9KCT0	52.814	231	108	1	3	232	5	235	4.27e-82	248
OMPdecase	B6J1D4	52.814	231	108	1	3	232	5	235	4.27e-82	248
OMPdecase	B6J887	52.814	231	108	1	3	232	5	235	4.27e-82	248
OMPdecase	Q1QA56	56.769	229	98	1	2	230	5	232	1.45e-81	246
OMPdecase	Q1QVK2	56.087	230	100	1	2	231	5	233	5.68e-80	242
OMPdecase	Q0AIZ1	52.155	232	108	2	1	232	1	229	8.05e-80	241
OMPdecase	Q82TD8	54.506	233	103	2	1	233	1	230	8.61e-78	236
OMPdecase	Q8K9Q1	46.460	226	120	1	5	230	11	235	1.46e-75	231
OMPdecase	B8D7G7	45.575	226	122	1	5	230	11	235	1.11e-72	224
OMPdecase	P57358	45.575	226	122	1	5	230	11	235	1.11e-72	224
OMPdecase	B8D963	45.575	226	122	1	5	230	11	235	2.18e-72	223
OMPdecase	Q8D2J1	47.059	221	116	1	6	226	6	225	9.11e-72	221
OMPdecase	Q0AA48	51.293	232	112	1	1	232	1	231	6.95e-70	216
OMPdecase	A5EVH6	51.739	230	110	1	1	230	1	229	3.43e-69	214
OMPdecase	Q89AL6	41.892	222	127	2	6	226	12	232	8.02e-68	211
OMPdecase	Q3A6R4	48.498	233	116	2	4	232	7	239	1.27e-67	211
OMPdecase	A1WUI3	55.238	210	93	1	5	214	8	216	8.90e-67	209
OMPdecase	Q02YJ4	46.352	233	120	3	1	228	1	233	1.50e-64	203
OMPdecase	P50924	46.352	233	120	3	1	228	1	233	1.65e-64	203
OMPdecase	A1APM0	44.783	230	126	1	4	232	8	237	4.82e-64	202
OMPdecase	Q5M4I0	47.162	229	113	4	1	226	1	224	8.60e-64	201
OMPdecase	Q2RK39	50.000	220	105	2	5	219	18	237	9.99e-64	201
OMPdecase	B3E1T2	45.455	231	124	2	4	232	8	238	1.43e-63	201
OMPdecase	Q03KS6	46.288	229	115	4	1	226	1	224	7.42e-63	198
OMPdecase	Q9CFW9	45.690	232	121	3	1	227	1	232	9.23e-63	198
OMPdecase	A5G5A2	44.589	231	126	1	5	233	9	239	3.38e-62	197
OMPdecase	C1CD54	47.186	231	114	4	1	228	1	226	4.26e-62	197
OMPdecase	B8ZMZ9	47.186	231	114	4	1	228	1	226	4.26e-62	197
OMPdecase	Q5LZW9	46.288	229	115	4	1	226	1	224	7.61e-62	196
OMPdecase	C1CQG7	47.619	231	113	4	1	228	1	226	8.27e-62	196
OMPdecase	C1CJF5	47.619	231	113	4	1	228	1	226	8.27e-62	196
OMPdecase	B5E301	47.619	231	113	4	1	228	1	226	8.27e-62	196
OMPdecase	P0CB75	47.619	231	113	4	1	228	1	226	1.16e-61	196
OMPdecase	C6E497	43.103	232	129	1	4	232	8	239	1.97e-61	195
OMPdecase	C1C651	46.753	231	115	4	1	228	1	226	2.04e-61	195
OMPdecase	Q74D58	45.852	229	122	1	4	230	8	236	2.25e-61	195
OMPdecase	B1IAM6	47.619	231	113	4	1	228	1	226	2.43e-61	195
OMPdecase	Q8DQL6	47.186	231	114	4	1	228	1	226	5.60e-61	194
OMPdecase	B2IN86	47.186	231	114	4	1	228	1	226	5.60e-61	194
OMPdecase	Q04LJ3	47.186	231	114	4	1	228	1	226	5.60e-61	194
OMPdecase	B5EIT8	42.672	232	130	1	4	232	8	239	5.71e-61	194
OMPdecase	Q30XT2	47.234	235	117	3	1	230	1	233	1.27e-60	193
OMPdecase	Q5FNS8	46.320	231	120	2	5	232	6	235	3.14e-60	192
OMPdecase	Q2RNS7	46.753	231	118	2	1	226	6	236	5.94e-60	192
OMPdecase	A8AXM8	44.255	235	123	4	1	232	1	230	9.83e-60	191
OMPdecase	Q2LQ82	46.875	224	113	3	4	221	12	235	1.23e-59	191
OMPdecase	Q8DTV1	45.415	229	119	4	1	227	1	225	4.22e-59	189
OMPdecase	Q4L5Q6	44.643	224	121	3	7	229	6	227	6.17e-59	188
OMPdecase	A4VV36	43.913	230	123	4	1	228	1	226	1.17e-58	188
OMPdecase	A4W1D9	43.913	230	123	4	1	228	1	226	1.17e-58	188
OMPdecase	A3CN89	43.162	234	127	3	1	232	1	230	1.69e-58	187
OMPdecase	P58639	44.351	239	125	4	1	233	1	237	1.70e-58	187
OMPdecase	B9LZK2	45.455	209	112	1	5	211	9	217	1.75e-58	187
OMPdecase	Q0AXG7	44.492	236	118	5	3	228	4	236	2.77e-58	187
OMPdecase	B7KL53	41.880	234	133	3	1	233	1	232	3.38e-58	187
OMPdecase	Q8CPJ3	42.731	227	127	3	7	232	6	230	1.68e-57	185
OMPdecase	B7JJX0	44.783	230	123	2	2	227	1	230	2.51e-57	184
OMPdecase	Q6HET1	44.783	230	123	2	2	227	1	230	2.74e-57	184
OMPdecase	C1EPP7	44.783	230	123	2	2	227	1	230	2.80e-57	184
OMPdecase	Q732I6	44.783	230	123	2	2	227	1	230	2.80e-57	184
OMPdecase	Q636E3	44.783	230	123	2	2	227	1	230	2.89e-57	184
OMPdecase	Q39VY5	45.755	212	113	1	4	213	8	219	2.98e-57	184
OMPdecase	Q81WF5	44.783	230	123	2	2	227	1	230	4.23e-57	184
OMPdecase	C3L743	44.783	230	123	2	2	227	1	230	4.23e-57	184
OMPdecase	C3P653	44.783	230	123	2	2	227	1	230	4.23e-57	184
OMPdecase	Q5HPY7	42.291	227	128	3	7	232	6	230	4.60e-57	184
OMPdecase	B7IUP3	44.348	230	124	2	2	227	1	230	4.67e-57	184
OMPdecase	B7HLL7	44.783	230	123	2	2	227	1	230	5.03e-57	184
OMPdecase	A9VTC3	44.348	230	124	2	2	227	1	230	5.37e-57	184
OMPdecase	A6QGA5	44.643	224	121	3	7	229	6	227	5.42e-57	183
OMPdecase	Q5HGM8	44.643	224	121	3	7	229	6	227	5.42e-57	183
OMPdecase	Q2FZ71	44.643	224	121	3	7	229	6	227	5.42e-57	183
OMPdecase	Q2FHN4	44.643	224	121	3	7	229	6	227	5.42e-57	183
OMPdecase	Q819S6	44.348	230	124	2	2	227	1	230	7.05e-57	183
OMPdecase	B7H6L9	44.348	230	124	2	2	227	1	230	7.05e-57	183
OMPdecase	B5YFH2	42.060	233	130	2	6	233	7	239	8.26e-57	183
OMPdecase	Q3AC06	44.344	221	118	2	2	218	1	220	1.42e-56	183
OMPdecase	Q3MEN8	43.277	238	129	3	1	233	1	237	1.64e-56	182
OMPdecase	B8E2K1	42.174	230	128	2	6	230	7	236	4.02e-56	182
OMPdecase	B8DKC9	44.758	248	115	6	5	233	3	247	4.55e-56	182
OMPdecase	Q834E3	45.374	227	117	4	7	227	6	231	6.19e-56	181
OMPdecase	B9IVW0	44.348	230	124	2	2	227	1	230	7.59e-56	181
OMPdecase	P65596	44.196	224	122	3	7	229	6	227	9.31e-56	180
OMPdecase	Q6GA09	44.196	224	122	3	7	229	6	227	9.31e-56	180
OMPdecase	Q6GHN1	44.196	224	122	3	7	229	6	227	9.31e-56	180
OMPdecase	P99145	44.196	224	122	3	7	229	6	227	9.31e-56	180
OMPdecase	P65595	44.196	224	122	3	7	229	6	227	9.31e-56	180
OMPdecase	A7X1F5	44.196	224	122	3	7	229	6	227	9.31e-56	180
OMPdecase	B3CN77	44.493	227	118	4	6	228	4	226	9.82e-56	180
OMPdecase	Q2YXG4	44.196	224	122	3	7	229	6	227	1.06e-55	180
OMPdecase	Q49WY5	42.411	224	126	3	7	229	6	227	1.35e-55	180
OMPdecase	Q7NK22	46.552	232	110	4	4	226	5	231	1.38e-55	180
OMPdecase	Q119B9	42.672	232	127	4	5	231	5	235	2.24e-55	180
OMPdecase	Q1MRK9	44.105	229	122	4	5	230	3	228	3.01e-55	179
OMPdecase	A7GRK8	43.478	230	126	2	2	227	1	230	3.43e-55	179
OMPdecase	Q5WFJ5	44.783	230	123	2	2	227	1	230	5.69e-55	179
OMPdecase	C5D8Q3	42.174	230	129	2	2	227	1	230	1.16e-54	178
OMPdecase	C6BZZ8	42.609	230	118	4	4	226	2	224	1.55e-54	177
OMPdecase	Q049E0	40.517	232	129	4	2	226	1	230	1.85e-54	177
OMPdecase	Q1G991	40.517	232	129	4	2	226	1	230	1.85e-54	177
OMPdecase	Q92AH6	46.320	231	115	4	5	227	3	232	3.21e-54	176
OMPdecase	P0DC81	43.162	234	125	4	1	231	1	229	1.01e-53	175
OMPdecase	Q48U10	43.162	234	125	4	1	231	1	229	1.01e-53	175
OMPdecase	Q1JM65	43.162	234	125	4	1	231	1	229	1.01e-53	175
OMPdecase	Q1JC81	43.162	234	125	4	1	231	1	229	1.01e-53	175
OMPdecase	P0DC80	43.162	234	125	4	1	231	1	229	1.01e-53	175
OMPdecase	B5XL15	43.162	234	125	4	1	231	1	229	1.02e-53	175
OMPdecase	B1HQC3	42.918	233	124	4	2	228	1	230	1.13e-53	175
OMPdecase	P77888	41.667	240	116	5	2	226	1	231	1.36e-53	175
OMPdecase	A2RF05	43.162	234	125	4	1	231	1	229	1.43e-53	175
OMPdecase	Q1J729	43.162	234	125	4	1	231	1	229	1.43e-53	175
OMPdecase	Q1JHB0	43.162	234	125	4	1	231	1	229	1.43e-53	175
OMPdecase	Q5XCK8	43.162	234	125	4	1	231	1	229	1.43e-53	175
OMPdecase	A1VF83	48.598	214	104	3	5	214	3	214	1.70e-53	175
OMPdecase	Q72DM8	48.598	214	104	3	5	214	3	214	1.70e-53	175
OMPdecase	Q8P1C0	43.590	234	124	5	1	231	1	229	1.96e-53	174
OMPdecase	Q5FJB3	42.174	230	128	3	2	226	1	230	3.82e-53	174
OMPdecase	Q9A077	42.735	234	126	4	1	231	1	229	5.79e-53	173
OMPdecase	Q5GRJ9	42.478	226	122	3	6	227	4	225	6.13e-53	173
OMPdecase	P58641	43.534	232	122	4	4	227	2	232	1.43e-52	172
OMPdecase	A4IM36	45.622	217	114	2	7	219	6	222	1.63e-52	172
OMPdecase	B9DUH9	41.048	229	129	3	1	227	1	225	2.53e-52	172
OMPdecase	Q043A6	41.593	226	127	3	6	226	5	230	2.60e-52	172
OMPdecase	Q74J28	41.150	226	128	3	6	226	5	230	3.30e-52	171
OMPdecase	Q2GG43	41.850	227	127	3	1	226	1	223	8.87e-52	170
OMPdecase	Q71YI4	43.723	231	121	4	5	227	3	232	1.92e-51	169
OMPdecase	C1KWD1	43.723	231	121	4	5	227	3	232	1.92e-51	169
OMPdecase	Q2JTW6	43.668	229	123	5	1	227	1	225	2.20e-51	169
OMPdecase	P73761	41.810	232	132	3	1	231	1	230	3.47e-51	169
OMPdecase	Q2N9N4	41.778	225	126	2	6	230	5	224	3.51e-51	168
OMPdecase	Q5L0U0	45.622	217	114	2	7	219	6	222	3.91e-51	169
OMPdecase	P46535	45.161	217	115	2	7	219	6	222	3.96e-51	169
OMPdecase	Q1GU89	41.778	225	126	3	6	230	5	224	5.53e-51	168
OMPdecase	A8FD20	42.857	224	124	2	7	226	6	229	6.81e-51	168
OMPdecase	B4U3E1	42.174	230	125	4	1	227	1	225	8.38e-51	167
OMPdecase	C0M7X0	42.174	230	125	4	1	227	1	225	8.38e-51	167
OMPdecase	A5GN53	42.424	231	127	3	5	230	12	241	8.94e-51	168
OMPdecase	Q7V0D8	41.026	234	132	3	3	231	7	239	9.36e-51	168
OMPdecase	Q65JU4	43.304	224	123	2	7	226	7	230	1.01e-50	168
OMPdecase	B0TDZ7	41.810	232	130	3	5	231	6	237	1.04e-50	168
OMPdecase	Q7V5Y2	43.891	221	118	3	5	220	10	229	1.11e-50	168
OMPdecase	C0ME50	42.609	230	124	5	1	227	1	225	1.68e-50	167
OMPdecase	P25971	42.411	224	125	2	7	226	7	230	1.79e-50	167
OMPdecase	Q3YSH4	42.478	226	122	3	6	227	6	227	1.86e-50	167
OMPdecase	Q9K9W2	44.444	225	120	3	6	226	5	228	3.49e-50	166
OMPdecase	Q92SN8	39.640	222	129	1	5	226	8	224	1.62e-49	164
OMPdecase	Q2JPF1	41.810	232	126	4	1	227	1	228	1.65e-49	164
OMPdecase	Q8RG83	36.404	228	143	2	2	228	1	227	2.11e-49	164
OMPdecase	Q2W019	42.254	213	119	1	6	214	5	217	2.12e-49	164
OMPdecase	Q6A911	44.395	223	122	2	7	228	7	228	3.40e-49	164
OMPdecase	B1ZSC4	42.731	227	129	1	6	232	5	230	4.22e-49	163
OMPdecase	Q7U8P3	42.424	231	127	3	5	230	12	241	4.48e-49	164
OMPdecase	A6UFC6	40.090	222	128	1	5	226	6	222	6.32e-49	163
OMPdecase	A0AJT7	43.103	232	123	4	4	227	2	232	1.42e-48	162
OMPdecase	P58638	40.529	227	130	2	4	230	5	226	1.62e-48	162
OMPdecase	Q3AZD9	41.202	233	127	4	5	230	12	241	2.27e-48	162
OMPdecase	A2BY35	38.889	234	137	3	2	230	6	238	2.57e-48	162
OMPdecase	Q3AHU2	42.489	233	124	4	5	230	12	241	2.58e-48	162
OMPdecase	Q0I824	41.453	234	131	3	4	232	11	243	2.73e-48	162
OMPdecase	B8DDS0	42.424	231	124	4	5	227	3	232	4.23e-48	161
OMPdecase	Q8DZQ2	40.343	233	128	6	1	228	1	227	6.66e-48	160
OMPdecase	B1M7M3	42.544	228	123	3	5	231	10	230	9.02e-48	160
OMPdecase	Q8E5F0	39.485	233	130	5	1	228	1	227	1.05e-47	160
OMPdecase	Q3K145	39.485	233	130	5	1	228	1	227	1.26e-47	160
OMPdecase	Q30QK7	40.625	224	129	3	5	226	2	223	1.67e-47	159
OMPdecase	Q9EYV3	40.541	222	127	3	5	226	8	224	2.73e-47	159
OMPdecase	B9JZC0	40.541	222	127	2	5	226	6	222	2.80e-47	159
OMPdecase	Q1WTX2	41.284	218	122	4	7	219	7	223	3.08e-47	159
OMPdecase	Q07UT0	42.478	226	125	2	5	230	10	230	3.24e-47	159
OMPdecase	Q7VAP8	38.197	233	138	3	3	230	8	239	4.58e-47	158
OMPdecase	Q2IGK0	41.706	211	119	1	3	213	4	210	6.45e-47	157
OMPdecase	B4UGH8	41.232	211	120	1	3	213	4	210	1.44e-46	157
OMPdecase	Q38X21	38.235	238	133	5	6	233	5	238	2.11e-46	157
OMPdecase	B9J7M8	39.640	222	129	2	5	226	6	222	2.26e-46	156
OMPdecase	B6JCI7	40.351	228	131	2	4	231	10	232	2.34e-46	156
OMPdecase	B8IFW8	39.912	228	135	1	5	232	10	235	4.45e-46	155
OMPdecase	B8J9L8	41.232	211	120	1	3	213	4	210	8.27e-46	155
OMPdecase	B1ZFB1	40.991	222	125	2	5	226	10	225	1.28e-45	154
OMPdecase	A8Z6D0	37.668	223	136	3	5	226	2	222	1.32e-45	154
OMPdecase	Q5N1T9	39.827	231	133	3	5	230	9	238	1.38e-45	155
OMPdecase	Q31K20	39.827	231	133	3	5	230	9	238	1.38e-45	155
OMPdecase	A5E8J8	43.231	229	123	3	5	232	10	232	1.61e-45	154
OMPdecase	B2V790	37.668	223	135	3	4	226	2	220	2.41e-45	154
OMPdecase	Q2G8S2	37.555	229	138	2	2	230	1	224	2.60e-45	153
OMPdecase	Q5PB36	39.556	225	131	3	6	230	6	225	2.70e-45	154
OMPdecase	B7KUF7	42.152	223	121	3	5	226	10	225	5.79e-45	153
OMPdecase	A9W2W3	41.892	222	123	2	5	226	10	225	5.98e-45	153
OMPdecase	B0UL68	39.648	227	135	1	5	231	10	234	6.77e-45	153
OMPdecase	B9L788	39.286	224	132	3	5	226	2	223	1.06e-44	152
OMPdecase	Q04H28	39.035	228	131	5	2	226	1	223	2.25e-44	151
OMPdecase	Q8EUY3	34.091	220	143	2	1	219	1	219	2.52e-44	151
OMPdecase	B3DVI6	39.556	225	133	1	2	226	1	222	2.56e-44	151
OMPdecase	Q46JD8	36.481	233	142	3	4	231	9	240	4.42e-44	151
OMPdecase	Q1MMI1	37.991	229	137	2	4	232	5	228	4.95e-44	150
OMPdecase	A2C4A1	36.325	234	141	4	4	231	9	240	5.48e-44	150
OMPdecase	Q1QMP2	39.035	228	134	2	4	231	12	234	5.50e-44	150
OMPdecase	Q3SRG9	38.596	228	135	2	4	231	12	234	5.94e-44	150
OMPdecase	A3PEG2	38.298	235	139	3	3	232	8	241	6.01e-44	150
OMPdecase	Q47R19	41.395	215	120	3	6	219	5	214	8.75e-44	150
OMPdecase	Q98DD5	36.797	231	141	3	2	232	11	236	1.02e-43	150
OMPdecase	A2BSQ0	38.723	235	138	3	3	232	8	241	1.58e-43	149
OMPdecase	A7H4Z6	36.771	223	138	3	5	226	2	222	1.78e-43	149
OMPdecase	Q2KDF0	38.117	223	133	2	4	226	5	222	2.39e-43	149
OMPdecase	B3PYJ5	37.118	229	139	2	4	232	5	228	2.52e-43	149
OMPdecase	Q21CH8	40.351	228	131	2	5	232	10	232	2.72e-43	149
OMPdecase	A8G6D9	38.723	235	138	3	3	232	8	241	3.41e-43	149
OMPdecase	Q9PIC1	37.668	223	136	3	5	226	2	222	4.15e-43	149
OMPdecase	A1VYA1	36.771	223	138	3	5	226	2	222	4.75e-43	147
OMPdecase	A8FKG8	36.771	223	138	3	5	226	2	222	4.75e-43	147
OMPdecase	A0RQJ5	36.323	223	139	3	5	226	2	222	4.89e-43	147
OMPdecase	Q9LCT0	39.462	223	130	2	5	227	11	228	7.11e-43	147
OMPdecase	B5ZYG6	37.668	223	134	2	4	226	5	222	1.40e-42	147
OMPdecase	Q8FXW9	40.654	214	122	3	5	218	12	220	1.81e-42	147
OMPdecase	B0CJX7	40.654	214	122	3	5	218	12	220	1.81e-42	147
OMPdecase	A9M9W1	40.654	214	122	3	5	218	12	220	1.81e-42	147
OMPdecase	A6Q2C1	37.054	224	137	3	5	226	2	223	1.88e-42	146
OMPdecase	A9BBV1	39.301	229	131	4	4	226	8	234	1.96e-42	147
OMPdecase	Q6NCY0	41.148	209	118	2	5	213	11	214	3.35e-42	146
OMPdecase	A4YJQ1	41.232	211	117	3	5	214	10	214	3.40e-42	146
OMPdecase	B3Q976	41.148	209	118	2	5	213	11	214	4.29e-42	145
OMPdecase	Q5HW86	37.220	223	137	3	5	226	2	222	7.28e-42	146
OMPdecase	Q2J316	39.535	215	125	1	5	219	11	220	8.64e-42	145
OMPdecase	Q8YE79	40.187	214	123	3	5	218	12	220	1.08e-41	144
OMPdecase	C0RG13	40.187	214	123	3	5	218	12	220	1.08e-41	144
OMPdecase	Q13E64	39.535	215	125	2	5	219	11	220	3.54e-41	143
OMPdecase	P56155	37.557	221	134	3	5	223	2	220	4.28e-41	143
OMPdecase	Q44843	36.771	223	136	1	4	226	10	227	4.30e-41	143
OMPdecase	Q319F9	37.500	240	134	4	3	232	8	241	4.72e-41	143
OMPdecase	Q8DLT3	42.326	215	119	3	2	215	8	218	5.24e-41	142
OMPdecase	Q2J838	40.183	219	108	3	32	232	53	266	6.86e-41	144
OMPdecase	Q8ER36	38.249	217	130	2	6	221	3	216	1.18e-40	142
OMPdecase	B2UW09	37.557	221	134	3	5	223	2	220	1.74e-40	141
OMPdecase	Q57AD4	39.720	214	124	3	5	218	12	220	2.64e-40	141
OMPdecase	Q2YQU9	39.720	214	124	3	5	218	12	220	2.64e-40	141
OMPdecase	B2S9C4	39.720	214	124	3	5	218	12	220	2.64e-40	141
OMPdecase	A7HZG2	36.323	223	139	3	5	226	2	222	2.94e-40	140
OMPdecase	A6Q826	37.885	227	131	4	5	226	2	223	3.96e-40	140
OMPdecase	A7GWZ8	35.874	223	140	3	5	226	2	222	6.02e-40	140
OMPdecase	B6JPA4	37.557	221	134	3	5	223	2	220	1.66e-39	139
OMPdecase	Q9ZN53	37.104	221	135	3	5	223	2	220	6.74e-39	137
OMPdecase	Q3BMA4	37.991	229	134	5	4	230	12	234	2.74e-38	136
OMPdecase	B0T410	36.866	217	132	2	3	219	4	215	1.06e-37	134
OMPdecase	Q7MAE8	34.783	230	144	4	5	231	2	228	1.37e-37	134
OMPdecase	B2FU58	35.345	232	142	3	3	232	11	236	2.64e-37	133
OMPdecase	B8GXJ5	37.557	221	129	4	3	219	4	219	3.71e-36	130
OMPdecase	Q9ABW5	37.557	221	129	4	3	219	4	219	3.71e-36	130
OMPdecase	Q609Y2	38.991	218	122	5	5	219	15	224	1.67e-35	129
OMPdecase	A8ZWP0	37.395	238	131	6	6	230	16	248	3.37e-35	128
OMPdecase	Q9PHB0	32.900	231	147	3	2	230	11	235	2.77e-34	125
OMPdecase	Q8P3D7	35.945	217	131	3	5	219	13	223	3.17e-34	125
OMPdecase	Q4UNV9	35.945	217	131	3	5	219	13	223	3.17e-34	125
OMPdecase	B9KFP1	33.333	228	147	4	5	230	2	226	3.43e-34	125
OMPdecase	Q5H6B9	36.916	214	127	4	4	215	12	219	6.15e-34	125
OMPdecase	B2SHJ1	36.916	214	127	4	4	215	12	219	6.15e-34	125
OMPdecase	Q2P8Z6	36.916	214	127	4	4	215	12	219	6.15e-34	125
OMPdecase	B0RZ30	35.780	218	132	3	4	219	12	223	6.85e-34	124
OMPdecase	Q8PER4	37.264	212	125	5	4	213	12	217	6.65e-33	122
OMPdecase	O67520	36.410	195	117	4	32	224	33	222	8.98e-33	121
OMPdecase	Q87FA3	31.602	231	150	3	2	230	11	235	1.02e-32	122
OMPdecase	B2I656	31.602	231	150	3	2	230	11	235	1.02e-32	122
OMPdecase	B0U1D6	31.602	231	150	3	2	230	11	235	2.45e-32	120
OMPdecase	B4SRN9	35.345	232	142	3	3	232	11	236	3.92e-32	120
OMPdecase	Q5LND3	37.229	231	133	7	1	226	2	225	5.97e-31	117
OMPdecase	Q28K56	36.937	222	132	6	1	219	1	217	2.76e-28	110
OMPdecase	Q3IY00	35.294	238	136	7	1	230	1	228	1.15e-26	105
OMPdecase	Q9UZ35	25.221	226	146	4	6	230	2	205	3.70e-13	69.3
OMPdecase	Q8U1U1	25.225	222	143	4	6	226	2	201	8.06e-13	68.6
OMPdecase	O74110	26.609	233	144	8	1	231	1	208	6.14e-12	65.9
OMPdecase	Q8PV88	25.328	229	145	5	6	230	7	213	1.16e-11	65.5
OMPdecase	Q46GE2	25.339	221	147	3	6	226	7	209	2.27e-11	64.7
OMPdecase	Q12X87	25.217	230	148	6	4	230	5	213	6.47e-11	63.2
# PSIBLAST 2.6.0+
# Iteration: 2
# Query: OMPdecase | A7MUN7.1 | WP_010645640.1 | 97.36%
# Database: /home/alex/Documents/data/local_db/swissprot
# Fields: query acc.ver, subject acc.ver, % identity, alignment length, mismatches, gap opens, q. start, q. end, s. start, s. end, evalue, bit score
# 474 hits found
OMPdecase	Q87N49	97.414	232	6	0	1	232	1	232	5.71e-140	394
OMPdecase	A7MUN7	100.000	233	0	0	1	233	1	233	1.22e-139	393
OMPdecase	Q7MLX2	94.783	230	12	0	1	230	1	230	6.28e-137	386
OMPdecase	Q8D8J6	95.652	230	10	0	1	230	1	230	7.33e-137	386
OMPdecase	B5FG54	86.695	233	31	0	1	233	1	233	1.29e-136	385
OMPdecase	Q5E3Z6	86.695	233	31	0	1	233	1	233	1.29e-136	385
OMPdecase	A5F6Y1	84.848	231	35	0	1	231	1	231	3.58e-136	384
OMPdecase	C3LNL5	85.281	231	34	0	1	231	1	231	5.20e-136	384
OMPdecase	Q9KQT7	85.281	231	34	0	1	231	1	231	5.20e-136	384
OMPdecase	B7VH29	87.879	231	28	0	1	231	1	231	7.54e-135	381
OMPdecase	B8F472	68.261	230	73	0	2	231	1	230	7.86e-135	381
OMPdecase	B0BP16	67.686	229	74	0	2	230	1	229	1.44e-134	380
OMPdecase	B3GXH2	67.686	229	74	0	2	230	1	229	1.44e-134	380
OMPdecase	A3N0A0	67.686	229	74	0	2	230	1	229	1.44e-134	380
OMPdecase	B6EIY4	86.695	233	31	0	1	233	1	233	1.30e-133	378
OMPdecase	Q6LPE7	81.818	231	42	0	1	231	1	231	2.33e-133	377
OMPdecase	A1SYZ6	67.532	231	75	0	1	231	4	234	3.64e-133	377
OMPdecase	A6VPK5	67.672	232	75	0	2	233	1	232	7.07e-133	376
OMPdecase	Q9CMM1	68.996	229	71	0	2	230	1	229	2.92e-132	374
OMPdecase	Q7VLR5	65.652	230	79	0	2	231	1	230	3.56e-132	374
OMPdecase	A5UBN7	67.686	229	74	0	2	230	1	229	5.29e-132	373
OMPdecase	Q4QJV1	68.559	229	72	0	2	230	1	229	8.11e-132	373
OMPdecase	P43812	67.249	229	75	0	2	230	1	229	1.62e-131	372
OMPdecase	Q65SI1	67.672	232	75	0	2	233	1	232	1.93e-131	372
OMPdecase	Q7N4C1	70.690	232	68	0	2	233	13	244	5.46e-130	369
OMPdecase	B4EW04	63.319	229	84	0	5	233	16	244	4.46e-128	364
OMPdecase	Q15T09	66.667	231	77	0	1	231	1	231	5.83e-128	363
OMPdecase	A1TZF4	66.953	233	77	0	1	233	4	236	6.58e-128	363
OMPdecase	B1JKQ0	64.655	232	82	0	2	233	13	244	7.67e-128	364
OMPdecase	Q66AI1	64.224	232	83	0	2	233	13	244	2.59e-127	362
OMPdecase	B2K4I4	64.224	232	83	0	2	233	13	244	2.59e-127	362
OMPdecase	A7FI10	64.224	232	83	0	2	233	13	244	2.59e-127	362
OMPdecase	A4TJ45	64.224	232	83	0	2	233	13	244	4.19e-127	362
OMPdecase	Q1CJ05	64.224	232	83	0	2	233	13	244	4.19e-127	362
OMPdecase	A9R8T1	64.224	232	83	0	2	233	13	244	4.19e-127	362
OMPdecase	P58644	64.224	232	83	0	2	233	13	244	4.19e-127	362
OMPdecase	Q1C7L9	64.224	232	83	0	2	233	13	244	4.19e-127	362
OMPdecase	A1JM26	66.087	230	78	0	2	231	13	242	8.28e-127	361
OMPdecase	B7LRZ7	69.869	229	69	0	2	230	13	241	1.96e-126	360
OMPdecase	C4LEZ7	68.103	232	73	1	1	231	1	232	2.40e-126	359
OMPdecase	C6DK13	69.869	229	69	0	2	230	13	241	3.23e-126	360
OMPdecase	Q6D5T3	68.559	229	72	0	2	230	13	241	1.36e-125	358
OMPdecase	Q31ZX5	69.869	229	69	0	2	230	13	241	3.99e-125	357
OMPdecase	A7ZLA2	69.869	229	69	0	2	230	13	241	3.99e-125	357
OMPdecase	Q3Z131	69.869	229	69	0	2	230	13	241	6.19e-125	356
OMPdecase	B6I9Z7	69.869	229	69	0	2	230	13	241	6.19e-125	356
OMPdecase	B1ITH3	69.869	229	69	0	2	230	13	241	6.19e-125	356
OMPdecase	A7ZZM0	69.869	229	69	0	2	230	13	241	6.19e-125	356
OMPdecase	B7LY40	69.869	229	69	0	2	230	13	241	6.19e-125	356
OMPdecase	B7L4B7	69.869	229	69	0	2	230	13	241	6.19e-125	356
OMPdecase	P08244	70.306	229	68	0	2	230	13	241	7.79e-125	356
OMPdecase	B1XBN2	70.306	229	68	0	2	230	13	241	7.79e-125	356
OMPdecase	C4ZTX6	70.306	229	68	0	2	230	13	241	7.79e-125	356
OMPdecase	Q32GQ2	69.869	229	69	0	2	230	13	241	9.39e-125	356
OMPdecase	Q0T5B6	70.306	229	68	0	2	230	13	241	1.23e-124	355
OMPdecase	B1LH07	70.306	229	68	0	2	230	13	241	1.35e-124	355
OMPdecase	B7N497	70.306	229	68	0	2	230	13	241	1.35e-124	355
OMPdecase	B7NVQ5	70.306	229	68	0	2	230	13	241	1.35e-124	355
OMPdecase	P58640	70.306	229	68	0	2	230	13	241	1.35e-124	355
OMPdecase	Q5WWS3	57.205	229	98	0	2	230	1	229	1.58e-124	355
OMPdecase	Q3J8N5	54.077	233	106	1	1	233	1	232	2.31e-124	354
OMPdecase	Q5X5E0	58.079	229	96	0	2	230	1	229	2.86e-124	354
OMPdecase	Q1RC84	69.432	229	70	0	2	230	13	241	3.38e-124	355
OMPdecase	B7MLV7	69.432	229	70	0	2	230	13	241	3.38e-124	355
OMPdecase	A3M508	60.619	226	88	1	6	231	8	232	5.68e-124	353
OMPdecase	B2HZE8	60.619	226	88	1	6	231	8	232	5.68e-124	353
OMPdecase	A4WAY2	69.397	232	71	0	2	233	13	244	5.74e-124	354
OMPdecase	B7I534	60.619	226	88	1	6	231	8	232	7.15e-124	353
OMPdecase	A5IBR7	56.769	229	99	0	2	230	1	229	8.55e-124	353
OMPdecase	B0VD17	60.619	226	88	1	6	231	3	227	1.04e-123	353
OMPdecase	B7H3K6	60.619	226	88	1	6	231	3	227	1.04e-123	353
OMPdecase	Q31GC7	60.526	228	89	1	3	230	8	234	1.44e-123	353
OMPdecase	B2U0H4	69.432	229	70	0	2	230	13	241	1.73e-123	353
OMPdecase	Q7NTL2	64.348	230	81	1	2	231	12	240	1.94e-123	353
OMPdecase	Q5ZVL5	56.332	229	100	0	2	230	1	229	2.10e-123	352
OMPdecase	B5XS09	70.000	230	69	0	2	231	13	242	3.13e-123	352
OMPdecase	A8FVN0	64.935	231	81	0	1	231	1	231	3.15e-123	351
OMPdecase	Q83RM1	69.869	229	69	0	2	230	13	241	4.69e-123	351
OMPdecase	B0VN04	60.177	226	89	1	6	231	3	227	9.91e-123	350
OMPdecase	Q482F9	67.826	230	74	0	1	230	1	230	6.44e-122	348
OMPdecase	Q8EEI4	64.502	231	82	0	1	231	1	231	6.88e-122	348
OMPdecase	A6W097	62.771	231	86	0	3	233	4	234	2.70e-121	347
OMPdecase	Q6F9Z3	61.947	226	85	1	6	231	3	227	3.30e-121	346
OMPdecase	Q3IGA7	65.502	229	79	0	3	231	6	234	4.22e-121	346
OMPdecase	C3K758	62.882	229	84	1	3	231	5	232	3.33e-120	344
OMPdecase	Q03KS6	44.397	232	123	3	1	230	1	228	8.44e-120	343
OMPdecase	Q5M4I0	45.259	232	121	3	1	230	1	228	1.17e-119	342
OMPdecase	C1CQG7	46.552	232	118	3	1	230	1	228	1.26e-119	342
OMPdecase	C1CJF5	46.552	232	118	3	1	230	1	228	1.26e-119	342
OMPdecase	B5E301	46.552	232	118	3	1	230	1	228	1.26e-119	342
OMPdecase	C1CD54	46.121	232	119	3	1	230	1	228	1.45e-119	342
OMPdecase	B8ZMZ9	46.121	232	119	3	1	230	1	228	1.45e-119	342
OMPdecase	Q2SCG0	57.391	230	97	1	4	233	5	233	1.47e-119	342
OMPdecase	Q02YJ4	45.957	235	122	3	1	230	1	235	3.36e-119	341
OMPdecase	Q4KFV3	61.572	229	87	1	3	231	5	232	3.41e-119	341
OMPdecase	P0CB75	46.552	232	118	3	1	230	1	228	3.84e-119	341
OMPdecase	P50924	45.957	235	122	3	1	230	1	235	5.21e-119	341
OMPdecase	B1IAM6	46.552	232	118	3	1	230	1	228	1.08e-118	340
OMPdecase	A9VTC3	43.220	236	130	2	2	233	1	236	1.21e-118	340
OMPdecase	Q21IS8	60.262	229	90	1	3	231	5	232	1.35e-118	340
OMPdecase	Q2Y7B1	56.223	233	99	1	1	233	1	230	1.51e-118	340
OMPdecase	Q2NT36	65.198	227	79	0	4	230	19	245	1.55e-118	340
OMPdecase	Q8DTV1	43.966	232	124	3	1	230	1	228	1.57e-118	340
OMPdecase	Q5LZW9	44.397	232	123	3	1	230	1	228	1.68e-118	340
OMPdecase	Q819S6	43.220	236	130	2	2	233	1	236	1.76e-118	340
OMPdecase	B7H6L9	43.220	236	130	2	2	233	1	236	1.76e-118	340
OMPdecase	Q8DQL6	46.121	232	119	3	1	230	1	228	2.29e-118	339
OMPdecase	B2IN86	46.121	232	119	3	1	230	1	228	2.29e-118	339
OMPdecase	Q04LJ3	46.121	232	119	3	1	230	1	228	2.29e-118	339
OMPdecase	Q6HET1	43.644	236	129	2	2	233	1	236	3.36e-118	339
OMPdecase	C1EPP7	43.644	236	129	2	2	233	1	236	4.05e-118	339
OMPdecase	Q732I6	43.644	236	129	2	2	233	1	236	4.05e-118	339
OMPdecase	Q3K8H1	62.009	229	86	1	3	231	5	232	4.27e-118	338
OMPdecase	C5BSJ7	58.150	227	94	1	4	230	6	231	4.66e-118	338
OMPdecase	C1C651	45.690	232	120	3	1	230	1	228	4.72e-118	338
OMPdecase	Q0AIZ1	51.293	232	110	1	1	232	1	229	5.02e-118	338
OMPdecase	B7IUP3	43.220	236	130	2	2	233	1	236	5.15e-118	338
OMPdecase	A4VV36	43.534	232	125	4	1	230	1	228	6.67e-118	338
OMPdecase	A4W1D9	43.534	232	125	4	1	230	1	228	6.67e-118	338
OMPdecase	B7JJX0	43.644	236	129	2	2	233	1	236	7.64e-118	338
OMPdecase	Q636E3	43.644	236	129	2	2	233	1	236	9.40e-118	338
OMPdecase	B7HLL7	43.644	236	129	2	2	233	1	236	9.51e-118	338
OMPdecase	B5R6P3	68.261	230	73	0	1	230	12	241	1.05e-117	338
OMPdecase	B5R486	68.261	230	73	0	1	230	12	241	1.05e-117	338
OMPdecase	A7GRK8	42.373	236	132	2	2	233	1	236	1.24e-117	338
OMPdecase	Q81WF5	43.644	236	129	2	2	233	1	236	1.54e-117	337
OMPdecase	C3L743	43.644	236	129	2	2	233	1	236	1.54e-117	337
OMPdecase	C3P653	43.644	236	129	2	2	233	1	236	1.54e-117	337
OMPdecase	Q9CFW9	45.106	235	124	3	1	230	1	235	1.55e-117	337
OMPdecase	B4T6V0	68.261	230	73	0	1	230	12	241	1.60e-117	338
OMPdecase	B5BID8	68.261	230	73	0	1	230	12	241	1.69e-117	338
OMPdecase	Q5PD06	68.261	230	73	0	1	230	12	241	1.69e-117	338
OMPdecase	B5F565	68.261	230	73	0	1	230	12	241	1.69e-117	338
OMPdecase	B7UR89	68.559	229	72	0	2	230	13	241	2.22e-117	337
OMPdecase	B9IVW0	43.220	236	130	2	2	233	1	236	3.00e-117	336
OMPdecase	Q8FHU2	68.559	229	72	0	2	230	13	241	4.72e-117	336
OMPdecase	B7MUC3	68.559	229	72	0	2	230	13	241	4.72e-117	336
OMPdecase	P07691	67.826	230	74	0	1	230	12	241	5.21e-117	336
OMPdecase	A8AXM8	43.590	234	126	3	1	232	1	230	6.15e-117	335
OMPdecase	Q0TI84	68.559	229	72	0	2	230	13	241	6.62e-117	336
OMPdecase	P58643	67.391	230	75	0	1	230	12	241	1.49e-116	335
OMPdecase	Q57NV3	67.826	230	74	0	1	230	12	241	2.55e-116	335
OMPdecase	C5D8Q3	41.631	233	132	2	2	230	1	233	2.94e-116	334
OMPdecase	A3CN89	43.162	234	127	3	1	232	1	230	3.44e-116	334
OMPdecase	Q82TD8	53.648	233	105	1	1	233	1	230	3.52e-116	334
OMPdecase	C1D549	62.882	229	83	2	4	232	15	241	4.58e-116	334
OMPdecase	Q59654	63.596	228	82	1	3	230	5	231	1.28e-115	332
OMPdecase	Q02P38	63.596	228	82	1	3	230	5	231	1.28e-115	332
OMPdecase	B7V800	63.596	228	82	1	3	230	5	231	1.28e-115	332
OMPdecase	Q834E3	42.373	236	131	3	2	232	1	236	2.19e-115	332
OMPdecase	A6V3L5	63.158	228	83	1	3	230	5	231	5.22e-115	331
OMPdecase	Q5QZ42	57.391	230	97	1	1	230	1	229	4.97e-114	328
OMPdecase	B9DUH9	40.171	234	134	3	1	232	1	230	8.76e-114	328
OMPdecase	Q1LTG7	57.642	229	97	0	2	230	9	237	9.59e-114	328
OMPdecase	P58639	44.118	238	127	3	1	233	1	237	1.18e-113	328
OMPdecase	B7KL53	41.880	234	133	3	1	233	1	232	1.33e-113	327
OMPdecase	Q1QVK2	55.844	231	101	1	2	232	5	234	1.39e-113	327
OMPdecase	Q4FRL9	57.642	229	96	1	2	230	5	232	1.39e-113	327
OMPdecase	Q83E06	52.814	231	108	1	3	232	5	235	2.62e-113	326
OMPdecase	A9NC23	52.814	231	108	1	3	232	5	235	2.62e-113	326
OMPdecase	A9KCT0	52.814	231	108	1	3	232	5	235	2.62e-113	326
OMPdecase	B6J1D4	52.814	231	108	1	3	232	5	235	2.62e-113	326
OMPdecase	B6J887	52.814	231	108	1	3	232	5	235	2.62e-113	326
OMPdecase	Q8E5F0	37.768	233	138	4	1	230	1	229	4.22e-113	326
OMPdecase	A6QGA5	43.043	230	128	3	2	230	1	228	4.48e-113	326
OMPdecase	Q5HGM8	43.043	230	128	3	2	230	1	228	4.48e-113	326
OMPdecase	Q2FZ71	43.043	230	128	3	2	230	1	228	4.48e-113	326
OMPdecase	Q2FHN4	43.043	230	128	3	2	230	1	228	4.48e-113	326
OMPdecase	P65596	42.609	230	129	3	2	230	1	228	7.58e-113	325
OMPdecase	Q6GA09	42.609	230	129	3	2	230	1	228	7.58e-113	325
OMPdecase	Q6GHN1	42.609	230	129	3	2	230	1	228	7.58e-113	325
OMPdecase	P99145	42.609	230	129	3	2	230	1	228	7.58e-113	325
OMPdecase	P65595	42.609	230	129	3	2	230	1	228	7.58e-113	325
OMPdecase	A7X1F5	42.609	230	129	3	2	230	1	228	7.58e-113	325
OMPdecase	Q4L5Q6	43.043	230	128	3	2	230	1	228	9.23e-113	325
OMPdecase	A2RF05	41.631	233	130	3	1	231	1	229	9.86e-113	325
OMPdecase	Q1J729	41.631	233	130	3	1	231	1	229	9.86e-113	325
OMPdecase	Q1JHB0	41.631	233	130	3	1	231	1	229	9.86e-113	325
OMPdecase	Q5XCK8	41.631	233	130	3	1	231	1	229	9.86e-113	325
OMPdecase	Q3K145	37.768	233	138	4	1	230	1	229	1.04e-112	325
OMPdecase	B1J5Q0	61.304	230	88	1	3	232	5	233	1.11e-112	325
OMPdecase	Q49WY5	41.304	230	132	3	2	230	1	228	1.27e-112	325
OMPdecase	P0DC81	41.631	233	130	3	1	231	1	229	1.60e-112	324
OMPdecase	Q48U10	41.631	233	130	3	1	231	1	229	1.60e-112	324
OMPdecase	Q1JM65	41.631	233	130	3	1	231	1	229	1.60e-112	324
OMPdecase	Q1JC81	41.631	233	130	3	1	231	1	229	1.60e-112	324
OMPdecase	P0DC80	41.631	233	130	3	1	231	1	229	1.60e-112	324
OMPdecase	B0KUJ6	61.842	228	86	1	3	230	5	231	2.57e-112	324
OMPdecase	A4IM36	42.489	233	130	2	2	230	1	233	3.23e-112	324
OMPdecase	B5XL15	41.631	233	130	3	1	231	1	229	4.37e-112	323
OMPdecase	Q4ZVD9	63.850	213	76	1	3	215	5	216	5.46e-112	323
OMPdecase	A8FD20	41.739	230	130	2	6	231	5	234	5.92e-112	323
OMPdecase	B4U3E1	40.086	232	133	3	1	230	1	228	6.55e-112	323
OMPdecase	C0M7X0	40.086	232	133	3	1	230	1	228	6.55e-112	323
OMPdecase	Q88LW2	61.842	228	86	1	3	230	5	231	7.52e-112	323
OMPdecase	Q48KP5	63.380	213	77	1	3	215	5	216	8.94e-112	323
OMPdecase	Q2YXG4	42.609	230	129	3	2	230	1	228	9.94e-112	322
OMPdecase	Q3MEN8	43.277	238	129	3	1	233	1	237	1.18e-111	323
OMPdecase	Q9A077	41.202	233	131	3	1	231	1	229	1.40e-111	322
OMPdecase	A5W7B0	63.380	213	77	1	3	215	5	216	1.47e-111	322
OMPdecase	P58641	40.086	232	136	2	4	232	2	233	1.91e-111	322
OMPdecase	Q1QA56	56.332	229	99	1	2	230	5	232	2.01e-111	321
OMPdecase	Q8DZQ2	37.768	233	138	4	1	230	1	229	2.17e-111	321
OMPdecase	Q884R0	62.911	213	78	1	3	215	5	216	2.32e-111	321
OMPdecase	Q71YI4	40.517	232	135	2	4	232	2	233	2.45e-111	321
OMPdecase	C1KWD1	40.517	232	135	2	4	232	2	233	2.45e-111	321
OMPdecase	Q8D2J1	45.494	233	126	1	1	233	1	232	2.76e-111	321
OMPdecase	P46535	42.060	233	131	2	2	230	1	233	3.29e-111	321
OMPdecase	Q8P1C0	41.202	233	131	3	1	231	1	229	4.76e-111	321
OMPdecase	Q8CPJ3	41.810	232	132	3	2	232	1	230	5.54e-111	320
OMPdecase	Q92AH6	42.672	232	130	2	4	232	2	233	7.09e-111	320
OMPdecase	Q119B9	41.949	236	131	3	1	231	1	235	9.68e-111	320
OMPdecase	Q5HPY7	41.379	232	133	3	2	232	1	230	1.00e-110	320
OMPdecase	Q1ID82	61.404	228	87	1	3	230	5	231	1.16e-110	319
OMPdecase	Q5L0U0	42.489	233	130	2	2	230	1	233	1.32e-110	320
OMPdecase	C0ME50	40.086	232	133	3	1	230	1	228	2.30e-110	319
OMPdecase	Q65JU4	40.851	235	135	2	1	231	1	235	4.09e-110	318
OMPdecase	A5G5A2	44.589	231	126	1	5	233	9	239	4.52e-110	318
OMPdecase	Q9JV18	60.444	225	87	2	5	228	16	239	9.09e-110	318
OMPdecase	Q3A6R4	47.639	233	118	1	4	232	7	239	9.16e-110	318
OMPdecase	A1KT74	60.444	225	87	2	5	228	16	239	1.22e-109	318
OMPdecase	Q9K005	60.444	225	87	2	5	228	16	239	1.22e-109	318
OMPdecase	Q8K9Q1	46.256	227	121	1	4	230	10	235	2.37e-109	316
OMPdecase	P25971	39.662	237	139	2	1	233	1	237	2.63e-109	316
OMPdecase	A9M3Q3	60.000	225	88	2	5	228	16	239	5.07e-109	316
OMPdecase	C6E497	43.103	232	129	1	4	232	8	239	7.53e-109	315
OMPdecase	Q0AXG7	44.068	236	126	3	3	232	4	239	1.04e-108	315
OMPdecase	B3E1T2	45.022	231	125	1	4	232	8	238	1.12e-108	315
OMPdecase	Q3AC06	41.525	236	133	2	2	233	1	235	1.57e-108	314
OMPdecase	B4RKA3	60.444	225	87	2	5	228	16	239	3.29e-108	314
OMPdecase	Q5F9J2	60.444	225	87	2	5	228	16	239	3.29e-108	314
OMPdecase	Q74D58	45.455	231	124	1	4	232	8	238	3.44e-108	314
OMPdecase	Q9K9W2	42.735	234	129	3	2	231	1	233	3.60e-108	313
OMPdecase	B8DDS0	39.565	230	136	2	4	230	2	231	6.29e-108	313
OMPdecase	Q5FJB3	41.202	233	132	3	2	229	1	233	1.69e-107	312
OMPdecase	A0AJT7	40.435	230	134	2	4	230	2	231	3.51e-107	311
OMPdecase	B5EIT8	42.672	232	130	1	4	232	8	239	3.87e-107	311
OMPdecase	Q8RG83	36.404	228	143	2	2	228	1	227	7.93e-107	310
OMPdecase	Q043A6	40.343	233	134	3	2	229	1	233	1.04e-106	310
OMPdecase	Q74J28	39.914	233	135	3	2	229	1	233	1.17e-106	309
OMPdecase	A5EVH6	51.304	230	111	1	1	230	1	229	1.49e-106	309
OMPdecase	B8D7G7	45.374	227	123	1	4	230	10	235	3.67e-106	308
OMPdecase	P57358	45.374	227	123	1	4	230	10	235	3.67e-106	308
OMPdecase	Q2RK39	48.649	222	109	2	4	220	17	238	4.33e-106	309
OMPdecase	B1HQC3	42.918	233	127	4	2	230	1	231	6.75e-106	308
OMPdecase	A1APM0	43.913	230	128	1	4	232	8	237	7.68e-106	308
OMPdecase	B8D963	45.374	227	123	1	4	230	10	235	1.54e-105	307
OMPdecase	Q0VNQ9	60.435	230	90	1	2	231	3	231	1.96e-105	306
OMPdecase	Q6A911	42.489	233	132	2	1	232	1	232	2.07e-105	306
OMPdecase	Q049E0	38.723	235	139	3	2	231	1	235	2.13e-105	307
OMPdecase	Q1G991	38.723	235	139	3	2	231	1	235	2.13e-105	307
OMPdecase	B8E2K1	41.453	234	132	2	5	233	6	239	5.42e-105	306
OMPdecase	Q2JPF1	40.773	233	129	4	1	228	1	229	6.95e-105	305
OMPdecase	Q5WFJ5	44.206	233	126	2	2	230	1	233	1.21e-104	305
OMPdecase	Q0AA48	51.293	232	112	1	1	232	1	231	1.82e-104	304
OMPdecase	Q1WTX2	39.035	228	135	3	1	224	1	228	3.60e-104	303
OMPdecase	B5YFH2	41.702	235	132	2	4	233	5	239	3.88e-104	304
OMPdecase	Q30XT2	47.234	235	117	3	1	230	1	233	6.42e-104	303
OMPdecase	Q38X21	36.134	238	146	3	2	233	1	238	6.52e-104	303
OMPdecase	Q3SK77	59.833	239	88	1	2	232	1	239	1.03e-103	303
OMPdecase	P73761	41.810	232	132	3	1	231	1	230	1.48e-103	302
OMPdecase	B3CN77	43.612	227	124	2	4	230	2	224	1.81e-103	301
OMPdecase	A2BY35	39.316	234	136	3	2	230	6	238	2.22e-103	301
OMPdecase	Q2JTW6	42.609	230	126	4	1	228	1	226	3.05e-103	301
OMPdecase	P58638	40.529	227	130	2	4	230	5	226	3.35e-103	301
OMPdecase	A3PEG2	38.136	236	140	3	2	232	7	241	5.18e-103	301
OMPdecase	Q7V0D8	40.851	235	133	3	2	231	6	239	5.57e-103	301
OMPdecase	B6JCI7	40.351	228	131	2	4	231	10	232	7.04e-103	300
OMPdecase	Q92SN8	38.865	229	135	2	4	232	7	230	7.19e-103	300
OMPdecase	Q2LQ82	45.299	234	122	3	4	231	12	245	9.35e-103	300
OMPdecase	Q9PIC1	37.004	227	140	3	5	230	2	226	1.52e-102	301
OMPdecase	Q5N1T9	39.224	232	135	3	4	230	8	238	3.32e-102	299
OMPdecase	Q31K20	39.224	232	135	3	4	230	8	238	3.32e-102	299
OMPdecase	Q39VY5	44.156	231	127	1	4	232	8	238	3.78e-102	298
OMPdecase	A2BSQ0	38.559	236	139	3	2	232	7	241	6.62e-102	298
OMPdecase	A1VYA1	36.123	227	142	3	5	230	2	226	8.25e-102	297
OMPdecase	A8FKG8	36.123	227	142	3	5	230	2	226	8.25e-102	297
OMPdecase	P77888	40.506	237	135	3	2	232	1	237	8.84e-102	297
OMPdecase	B9JZC0	39.301	229	134	2	4	232	5	228	8.87e-102	297
OMPdecase	Q5HW86	36.564	227	141	3	5	230	2	226	8.94e-102	299
OMPdecase	B0TDZ7	40.171	234	135	2	4	232	5	238	1.21e-101	297
OMPdecase	A8G6D9	38.559	236	139	3	2	232	7	241	1.44e-101	297
OMPdecase	B9LZK2	45.455	209	112	1	5	211	9	217	1.93e-101	296
OMPdecase	A7H4Z6	36.123	227	142	3	5	230	2	226	2.18e-101	296
OMPdecase	Q8EUY3	33.188	229	151	2	1	228	1	228	3.37e-101	296
OMPdecase	A6UFC6	39.301	229	134	2	4	232	5	228	4.95e-101	295
OMPdecase	Q1MMI1	37.118	229	139	1	4	232	5	228	6.12e-101	295
OMPdecase	A6Q2C1	36.404	228	141	3	5	230	2	227	6.12e-101	295
OMPdecase	Q5GRJ9	42.105	228	128	2	4	231	2	225	6.66e-101	295
OMPdecase	Q319F9	38.136	236	140	3	2	232	7	241	4.05e-100	293
OMPdecase	C6BZZ8	41.991	231	130	3	4	232	2	230	4.70e-100	293
OMPdecase	B8IFW8	39.738	229	136	1	4	232	9	235	5.17e-100	293
OMPdecase	Q9LCT0	38.767	227	134	2	4	230	10	231	1.82e-99	291
OMPdecase	Q2KDF0	36.842	228	139	1	4	231	5	227	1.96e-99	291
OMPdecase	Q5FNS8	46.320	231	120	2	5	232	6	235	2.44e-99	291
OMPdecase	A0RQJ5	35.683	227	143	3	5	230	2	226	2.70e-99	291
OMPdecase	B7KUF7	39.912	228	131	2	4	231	9	230	2.80e-99	291
OMPdecase	Q3YSH4	41.304	230	131	2	1	230	1	226	3.43e-99	291
OMPdecase	Q2RNS7	45.763	236	123	2	1	231	6	241	3.71e-99	291
OMPdecase	B3PYJ5	36.681	229	140	1	4	232	5	228	4.76e-99	290
OMPdecase	A9W2W3	40.351	228	130	2	4	231	9	230	1.23e-98	289
OMPdecase	Q1MRK9	41.921	229	127	3	5	230	3	228	1.61e-98	289
OMPdecase	Q7VAP8	38.197	233	138	3	3	230	8	239	1.70e-98	289
OMPdecase	Q2GG43	41.379	232	131	3	1	231	1	228	2.97e-98	288
OMPdecase	Q30QK7	39.474	228	134	3	5	230	2	227	4.20e-98	288
OMPdecase	Q7NK22	45.690	232	120	3	4	230	5	235	4.79e-98	288
OMPdecase	B5ZYG6	35.965	228	141	1	4	231	5	227	5.40e-98	288
OMPdecase	Q2N9N4	40.611	229	131	2	2	230	1	224	5.56e-98	287
OMPdecase	A8Z6D0	36.564	227	141	3	5	230	2	226	5.76e-98	287
OMPdecase	A9BBV1	37.021	235	142	3	3	232	7	240	8.50e-98	288
OMPdecase	B9L788	37.662	231	140	3	5	233	2	230	8.97e-98	287
OMPdecase	Q9EYV3	37.826	230	138	2	4	233	7	231	9.21e-98	287
OMPdecase	Q07UT0	42.105	228	127	2	4	231	9	231	1.07e-97	287
OMPdecase	Q21CH8	40.175	229	132	2	4	232	9	232	1.34e-97	287
OMPdecase	B9J7M8	37.555	229	138	1	4	232	5	228	2.04e-97	286
OMPdecase	Q13E64	38.991	218	128	2	4	221	10	222	2.52e-97	286
OMPdecase	Q2J316	39.450	218	127	2	4	221	10	222	3.43e-97	286
OMPdecase	A5GN53	42.241	232	128	3	4	230	11	241	7.11e-97	285
OMPdecase	Q8FXW9	37.555	229	138	2	5	233	12	235	9.20e-97	285
OMPdecase	B0CJX7	37.555	229	138	2	5	233	12	235	9.20e-97	285
OMPdecase	A9M9W1	37.555	229	138	2	5	233	12	235	9.20e-97	285
OMPdecase	B1M7M3	41.228	228	128	2	4	231	9	230	9.63e-97	284
OMPdecase	Q3AZD9	39.744	234	135	3	4	232	11	243	1.69e-96	284
OMPdecase	Q7U8P3	42.241	232	128	3	4	230	11	241	2.48e-96	284
OMPdecase	Q98DD5	35.498	231	144	2	2	232	11	236	2.62e-96	283
OMPdecase	Q0I824	41.453	234	131	3	4	232	11	243	7.14e-96	283
OMPdecase	Q8YE79	37.118	229	139	2	5	233	12	235	7.67e-96	283
OMPdecase	C0RG13	37.118	229	139	2	5	233	12	235	7.67e-96	283
OMPdecase	Q6NCY0	39.738	229	133	2	4	232	10	233	8.37e-96	282
OMPdecase	Q89AL6	41.150	226	131	2	6	230	12	236	8.64e-96	282
OMPdecase	Q04H28	36.522	230	140	3	2	229	1	226	8.85e-96	282
OMPdecase	B0UL68	39.301	229	137	1	4	232	9	235	1.41e-95	282
OMPdecase	Q1GU89	39.738	229	133	2	2	230	1	224	1.59e-95	281
OMPdecase	B1ZFB1	39.130	230	134	2	4	233	9	232	1.81e-95	281
OMPdecase	B3Q976	39.738	229	133	2	4	232	10	233	2.10e-95	281
OMPdecase	Q7V5Y2	41.631	233	130	3	4	231	9	240	3.77e-95	281
OMPdecase	Q44843	36.087	230	142	1	2	231	8	232	5.48e-95	280
OMPdecase	Q57AD4	36.681	229	140	2	5	233	12	235	6.13e-95	280
OMPdecase	Q2YQU9	36.681	229	140	2	5	233	12	235	6.13e-95	280
OMPdecase	B2S9C4	36.681	229	140	2	5	233	12	235	6.13e-95	280
OMPdecase	Q1QMP2	39.035	228	134	2	4	231	12	234	7.47e-95	280
OMPdecase	A7HZG2	35.683	227	143	3	5	230	2	226	8.23e-95	279
OMPdecase	Q3SRG9	38.596	228	135	2	4	231	12	234	9.71e-95	279
OMPdecase	Q8ER36	37.900	219	132	2	6	223	3	218	1.11e-94	279
OMPdecase	A1WUI3	54.976	211	94	1	4	214	7	216	1.69e-94	279
OMPdecase	A6Q826	36.364	231	143	3	5	233	2	230	6.11e-94	277
OMPdecase	Q3AHU2	41.810	232	129	3	4	230	11	241	6.81e-94	278
OMPdecase	Q2G8S2	37.118	229	139	2	2	230	1	224	1.91e-93	276
OMPdecase	B0T410	35.065	231	145	2	3	233	4	229	2.58e-93	276
OMPdecase	A7GWZ8	35.242	227	144	3	5	230	2	226	2.97e-93	275
OMPdecase	Q46JD8	36.325	234	143	3	3	231	8	240	3.26e-92	273
OMPdecase	A2C4A1	36.325	234	143	3	3	231	8	240	4.10e-92	273
OMPdecase	B1ZSC4	40.088	227	135	1	6	232	5	230	8.94e-92	272
OMPdecase	Q7MAE8	34.061	229	147	3	5	231	2	228	1.17e-91	271
OMPdecase	B8GXJ5	34.894	235	144	3	3	233	4	233	1.43e-91	271
OMPdecase	Q9ABW5	34.894	235	144	3	3	233	4	233	1.43e-91	271
OMPdecase	Q3BMA4	36.638	232	139	4	3	232	11	236	1.82e-91	271
OMPdecase	B9KFP1	33.040	227	149	3	5	230	2	226	2.72e-91	271
OMPdecase	A5E8J8	42.358	229	127	2	4	232	9	232	2.72e-91	271
OMPdecase	B2V790	35.217	230	145	2	4	233	2	227	3.57e-91	270
OMPdecase	B2FU58	35.345	232	142	4	3	232	11	236	5.18e-91	270
OMPdecase	Q5PB36	39.130	230	135	3	1	230	1	225	1.42e-90	269
OMPdecase	Q2W019	41.631	233	132	1	2	230	1	233	4.21e-90	267
OMPdecase	A4YJQ1	40.284	211	121	2	4	214	9	214	6.62e-90	267
OMPdecase	A1VF83	47.196	214	107	3	5	214	3	214	8.65e-90	267
OMPdecase	Q72DM8	47.196	214	107	3	5	214	3	214	8.65e-90	267
OMPdecase	Q8DLT3	42.723	213	117	3	4	215	10	218	1.02e-89	267
OMPdecase	B3DVI6	38.793	232	139	1	2	233	1	229	1.79e-89	266
OMPdecase	Q9PHB0	33.047	233	148	4	2	232	11	237	2.15e-89	266
OMPdecase	B8DKC9	43.548	248	115	5	5	230	3	247	2.38e-89	266
OMPdecase	Q87FA3	31.760	233	151	4	2	232	11	237	1.26e-88	264
OMPdecase	B2I656	31.760	233	151	4	2	232	11	237	1.26e-88	264
OMPdecase	B0U1D6	31.760	233	151	4	2	232	11	237	1.61e-88	264
OMPdecase	Q609Y2	35.776	232	140	4	4	233	14	238	8.02e-87	260
OMPdecase	A8ZWP0	36.170	235	138	4	6	232	16	246	3.67e-85	256
OMPdecase	B0RZ30	35.616	219	133	3	3	219	11	223	4.18e-85	255
OMPdecase	Q8P3D7	35.616	219	133	3	3	219	11	223	4.82e-85	255
OMPdecase	Q4UNV9	35.616	219	133	3	3	219	11	223	4.82e-85	255
OMPdecase	Q8PER4	36.150	213	128	4	3	213	11	217	2.53e-84	253
OMPdecase	P56155	36.564	227	140	3	5	229	2	226	6.67e-84	252
OMPdecase	B4SRN9	35.345	232	142	4	3	232	11	236	8.80e-84	252
OMPdecase	B2UW09	36.564	227	140	3	5	229	2	226	1.40e-83	251
OMPdecase	Q5H6B9	36.620	213	127	4	3	213	11	217	4.33e-83	250
OMPdecase	B2SHJ1	36.620	213	127	4	3	213	11	217	4.33e-83	250
OMPdecase	Q2P8Z6	36.620	213	127	4	3	213	11	217	4.33e-83	250
OMPdecase	B6JPA4	36.564	227	140	3	5	229	2	226	5.50e-82	247
OMPdecase	Q9ZN53	36.123	227	141	3	5	229	2	226	2.23e-81	245
OMPdecase	Q2IGK0	41.905	210	118	1	3	212	4	209	3.60e-81	245
OMPdecase	B4UGH8	41.429	210	119	1	3	212	4	209	1.18e-80	243
OMPdecase	B8J9L8	41.429	210	119	1	3	212	4	209	4.74e-80	242
OMPdecase	Q28K56	34.335	233	145	5	1	230	1	228	1.11e-79	241
OMPdecase	O67520	32.340	235	147	5	5	233	3	231	4.74e-79	239
OMPdecase	Q47R19	38.696	230	135	2	2	230	1	225	4.25e-78	237
OMPdecase	Q5LND3	34.043	235	147	5	1	232	2	231	9.11e-78	237
OMPdecase	Q2J838	38.618	246	128	2	5	232	26	266	1.66e-75	232
OMPdecase	Q3IY00	34.335	233	145	5	1	230	1	228	5.16e-75	229
OMPdecase	Q9UZ35	24.779	226	147	3	6	230	2	205	1.06e-64	202
OMPdecase	Q12X87	23.348	227	156	4	4	230	5	213	5.68e-63	198
OMPdecase	Q8PV88	24.670	227	153	3	6	232	7	215	6.43e-63	198
OMPdecase	Q46GE2	24.670	227	153	3	6	232	7	215	6.64e-63	198
OMPdecase	Q8U1U1	24.779	226	147	4	6	230	2	205	1.45e-62	197
OMPdecase	Q977X5	24.229	227	154	3	6	232	1	209	3.39e-59	189
OMPdecase	Q5JDB0	22.222	234	159	4	1	233	1	212	5.31e-59	188
OMPdecase	Q8TS37	23.789	227	155	3	6	232	7	215	6.80e-59	188
OMPdecase	O58462	23.144	229	153	3	6	233	2	208	3.93e-57	183
OMPdecase	O74110	23.932	234	149	7	1	231	1	208	7.96e-53	172
OMPdecase	Q97CS3	24.201	219	141	7	2	219	1	195	1.11e-46	157
OMPdecase	O26232	25.641	234	149	8	4	233	13	225	1.16e-45	154
OMPdecase	Q57700	22.078	231	155	7	4	230	2	211	3.41e-42	145
OMPdecase	Q2NHA5	21.212	231	157	6	4	230	5	214	2.81e-40	140
OMPdecase	O29333	20.264	227	156	7	4	228	2	205	1.89e-36	130
OMPdecase	Q6LZM2	19.111	225	158	8	5	225	8	212	1.47e-35	128
OMPdecase	A9A6C3	18.222	225	160	7	5	225	8	212	5.12e-35	127
OMPdecase	Q9WYG7	23.318	223	144	10	6	228	3	198	3.08e-30	114
OMPdecase	Q9Y9D9	21.429	238	158	9	4	232	11	228	2.42e-24	100
OMPdecase	P09556	24.583	240	146	13	1	225	246	465	1.09e-21	95.8
OMPdecase	Q970X0	20.690	232	144	10	6	229	1	200	1.14e-21	92.0
OMPdecase	Q6IUR4	23.361	244	150	12	1	225	23	248	6.44e-21	91.2
OMPdecase	Q9UX10	23.013	239	145	12	1	231	1	208	1.98e-20	88.9
OMPdecase	Q8J0E6	22.078	231	140	13	1	211	25	235	1.47e-19	87.7
OMPdecase	Q4VWW3	26.471	238	150	9	3	225	32	259	6.11e-19	86.2
OMPdecase	O42771	20.000	230	147	9	1	211	25	236	2.95e-18	84.3
OMPdecase	P31754	23.729	236	144	13	3	224	251	464	3.15e-18	86.2
OMPdecase	Q1E9A1	26.522	230	144	9	11	225	40	259	3.27e-18	84.3
OMPdecase	Q9Y726	22.414	232	138	14	1	211	25	235	4.14e-18	83.9
OMPdecase	P07922	21.645	231	142	13	1	211	24	235	5.27e-18	83.5
OMPdecase	P33283	22.707	229	141	10	1	211	25	235	7.23e-18	83.1
OMPdecase	O93864	20.870	230	145	10	1	211	26	237	9.86e-18	82.7
OMPdecase	O13410	25.103	243	141	12	11	229	40	265	1.13e-17	82.7
OMPdecase	Q12604	23.629	237	144	12	1	211	30	255	1.22e-17	82.7
OMPdecase	Q5R514	24.034	233	147	12	3	224	251	464	1.54e-17	84.3
OMPdecase	Q9HFX0	21.875	224	137	10	6	211	32	235	1.57e-17	81.9
OMPdecase	Q757S1	25.000	224	142	12	1	211	25	235	1.79e-17	81.9
OMPdecase	Q01637	24.242	231	150	11	6	224	260	477	1.84e-17	83.9
OMPdecase	Q96WP7	23.109	238	152	11	11	229	40	265	1.85e-17	82.3
OMPdecase	P07817	23.529	238	151	11	11	229	40	265	2.36e-17	81.9
OMPdecase	Q5J2D0	23.529	238	151	11	11	229	40	265	2.64e-17	81.6
OMPdecase	Q9HFV8	25.541	231	146	12	11	225	40	260	2.84e-17	81.6
OMPdecase	O94127	20.614	228	148	11	1	211	24	235	3.42e-17	81.2
OMPdecase	Q6BY69	21.304	230	144	10	1	211	25	236	4.22e-17	81.2
OMPdecase	Q12595	20.889	225	144	8	3	211	30	236	6.69e-17	80.4
OMPdecase	P10652	22.979	235	154	10	11	229	40	263	7.20e-17	80.4
OMPdecase	Q7Z8L4	26.724	232	142	12	11	225	40	260	1.36e-16	79.6
OMPdecase	Q06375	18.908	238	140	12	1	211	23	234	1.38e-16	79.6
OMPdecase	P13439	23.176	233	149	12	3	224	251	464	2.08e-16	80.8
OMPdecase	Q8J269	26.293	232	143	12	11	225	40	260	2.59e-16	78.9
OMPdecase	O13416	23.207	237	153	11	11	229	40	265	2.74e-16	78.9
OMPdecase	P41769	22.707	229	141	12	1	211	25	235	2.82e-16	78.9
OMPdecase	P11172	24.034	233	147	12	3	224	251	464	3.08e-16	80.4
OMPdecase	Q01378	21.304	230	143	11	1	211	29	239	4.05e-16	78.5
OMPdecase	P48844	21.171	222	141	9	6	211	29	232	7.36e-16	77.3
OMPdecase	Q25566	22.541	244	151	14	1	224	253	478	9.88e-16	78.9
OMPdecase	P03962	22.973	222	137	9	6	211	32	235	1.14e-15	76.9
OMPdecase	P14965	23.140	242	149	11	1	225	27	248	1.49e-15	76.5
OMPdecase	P32431	22.222	234	150	10	2	222	29	243	3.01e-15	75.8
OMPdecase	P15188	23.246	228	140	10	6	216	35	244	4.58e-15	75.8
OMPdecase	P49434	20.870	230	145	10	1	211	25	236	5.53e-15	75.0
OMPdecase	P78724	21.212	231	142	11	1	211	26	236	1.10e-14	74.2
OMPdecase	Q9HFN9	21.739	230	143	10	1	211	24	235	1.80e-14	73.9
OMPdecase	P79075	20.524	229	146	11	1	211	26	236	2.07e-14	73.5
OMPdecase	Q9C150	19.397	232	148	11	1	211	26	239	2.39e-14	73.5
OMPdecase	P09463	25.214	234	145	12	11	225	40	262	3.23e-14	73.1
OMPdecase	P14964	24.793	242	142	14	8	229	37	258	4.18e-14	73.1
OMPdecase	P13649	18.534	232	150	11	1	211	26	239	4.53e-14	72.7
OMPdecase	P32430	22.120	217	145	10	6	211	33	236	1.45e-13	71.2
OMPdecase	Q9C131	21.371	248	160	11	6	229	35	271	8.11e-13	69.2
OMPdecase	Q49VB7	20.172	233	148	10	8	231	5	208	1.54e-12	67.7
OMPdecase	G5EDZ2	23.333	240	152	13	1	225	259	481	2.09e-12	69.2
OMPdecase	B9L1A9	21.811	243	146	12	6	217	18	247	4.51e-12	67.3
OMPdecase	Q9C1J2	22.043	186	114	9	39	211	67	234	5.14e-12	66.9
OMPdecase	Q49WT0	21.491	228	145	8	8	228	5	205	5.25e-12	66.1
OMPdecase	A3CUG8	19.149	235	150	9	8	232	177	381	9.12e-12	66.9
OMPdecase	Q9UVZ5	19.149	235	152	11	6	221	32	247	9.49e-12	66.1
OMPdecase	Q49WT7	20.346	231	150	8	8	231	5	208	1.39e-11	65.0
# PSIBLAST 2.6.0+
# Iteration: 3
# Query: OMPdecase | A7MUN7.1 | WP_010645640.1 | 97.36%
# Database: /home/alex/Documents/data/local_db/swissprot
# Fields: query acc.ver, subject acc.ver, % identity, alignment length, mismatches, gap opens, q. start, q. end, s. start, s. end, evalue, bit score
# 586 hits found
OMPdecase	Q87N49	97.414	232	6	0	1	232	1	232	4.28e-127	361
OMPdecase	A7MUN7	100.000	233	0	0	1	233	1	233	1.15e-126	360
OMPdecase	A5F6Y1	85.217	230	34	0	1	230	1	230	4.49e-126	358
OMPdecase	C3LNL5	85.652	230	33	0	1	230	1	230	7.60e-126	358
OMPdecase	Q9KQT7	85.652	230	33	0	1	230	1	230	7.60e-126	358
OMPdecase	B0BP16	67.391	230	75	0	2	231	1	230	1.03e-125	358
OMPdecase	B3GXH2	67.391	230	75	0	2	231	1	230	1.03e-125	358
OMPdecase	A3N0A0	67.391	230	75	0	2	231	1	230	1.03e-125	358
OMPdecase	Q7MLX2	94.783	230	12	0	1	230	1	230	1.83e-125	357
OMPdecase	Q8D8J6	95.652	230	10	0	1	230	1	230	2.84e-125	357
OMPdecase	B8F472	68.261	230	73	0	2	231	1	230	3.36e-125	357
OMPdecase	B5FG54	86.695	233	31	0	1	233	1	233	4.72e-125	356
OMPdecase	Q5E3Z6	86.695	233	31	0	1	233	1	233	4.72e-125	356
OMPdecase	A6VPK5	67.672	232	75	0	2	233	1	232	8.29e-124	353
OMPdecase	Q9CMM1	68.996	229	71	0	2	230	1	229	2.09e-123	352
OMPdecase	A1SYZ6	67.826	230	74	0	1	230	4	233	2.26e-123	352
OMPdecase	B7VH29	87.879	231	28	0	1	231	1	231	3.36e-123	352
OMPdecase	Q6LPE7	81.818	231	42	0	1	231	1	231	3.79e-123	351
OMPdecase	Q7VLR5	65.652	230	79	0	2	231	1	230	1.04e-122	350
OMPdecase	A5UBN7	67.686	229	74	0	2	230	1	229	1.08e-122	350
OMPdecase	Q65SI1	67.672	232	75	0	2	233	1	232	2.77e-122	349
OMPdecase	P43812	67.249	229	75	0	2	230	1	229	4.60e-122	348
OMPdecase	Q4QJV1	68.559	229	72	0	2	230	1	229	4.70e-122	348
OMPdecase	B6EIY4	86.695	233	31	0	1	233	1	233	8.39e-122	348
OMPdecase	B4EW04	63.319	229	84	0	5	233	16	244	9.13e-122	348
OMPdecase	Q7N4C1	70.690	232	68	0	2	233	13	244	1.67e-121	348
OMPdecase	B1JKQ0	64.655	232	82	0	2	233	13	244	5.65e-121	346
OMPdecase	Q66AI1	64.224	232	83	0	2	233	13	244	2.53e-120	345
OMPdecase	B2K4I4	64.224	232	83	0	2	233	13	244	2.53e-120	345
OMPdecase	A7FI10	64.224	232	83	0	2	233	13	244	2.53e-120	345
OMPdecase	A4TJ45	64.224	232	83	0	2	233	13	244	2.80e-120	345
OMPdecase	Q1CJ05	64.224	232	83	0	2	233	13	244	2.80e-120	345
OMPdecase	A9R8T1	64.224	232	83	0	2	233	13	244	2.80e-120	345
OMPdecase	P58644	64.224	232	83	0	2	233	13	244	2.80e-120	345
OMPdecase	Q1C7L9	64.224	232	83	0	2	233	13	244	2.80e-120	345
OMPdecase	A1JM26	66.376	229	77	0	2	230	13	241	1.50e-119	343
OMPdecase	A1TZF4	66.953	233	77	0	1	233	4	236	4.79e-119	341
OMPdecase	B7LRZ7	69.264	231	71	0	2	232	13	243	8.81e-119	341
OMPdecase	Q15T09	66.667	231	77	0	1	231	1	231	8.84e-119	340
OMPdecase	Q5WWS3	57.205	229	98	0	2	230	1	229	3.91e-118	338
OMPdecase	Q31ZX5	69.565	230	70	0	2	231	13	242	1.12e-117	338
OMPdecase	A7ZLA2	69.565	230	70	0	2	231	13	242	1.12e-117	338
OMPdecase	Q5X5E0	58.079	229	96	0	2	230	1	229	1.59e-117	337
OMPdecase	Q32GQ2	69.565	230	70	0	2	231	13	242	2.09e-117	337
OMPdecase	Q3J8N5	54.077	233	106	1	1	233	1	232	2.70e-117	336
OMPdecase	Q0T5B6	70.000	230	69	0	2	231	13	242	3.13e-117	337
OMPdecase	Q3Z131	69.565	230	70	0	2	231	13	242	3.30e-117	337
OMPdecase	B6I9Z7	69.565	230	70	0	2	231	13	242	3.30e-117	337
OMPdecase	B1ITH3	69.565	230	70	0	2	231	13	242	3.30e-117	337
OMPdecase	A7ZZM0	69.565	230	70	0	2	231	13	242	3.30e-117	337
OMPdecase	B7LY40	69.565	230	70	0	2	231	13	242	3.30e-117	337
OMPdecase	B7L4B7	69.565	230	70	0	2	231	13	242	3.30e-117	337
OMPdecase	C6DK13	70.175	228	68	0	3	230	14	241	3.66e-117	336
OMPdecase	B1LH07	70.000	230	69	0	2	231	13	242	3.98e-117	336
OMPdecase	B7N497	70.000	230	69	0	2	231	13	242	3.98e-117	336
OMPdecase	B7NVQ5	70.000	230	69	0	2	231	13	242	3.98e-117	336
OMPdecase	P58640	70.000	230	69	0	2	231	13	242	3.98e-117	336
OMPdecase	P08244	70.000	230	69	0	2	231	13	242	5.01e-117	336
OMPdecase	B1XBN2	70.000	230	69	0	2	231	13	242	5.01e-117	336
OMPdecase	C4ZTX6	70.000	230	69	0	2	231	13	242	5.01e-117	336
OMPdecase	C4LEZ7	68.534	232	72	1	1	231	1	232	6.42e-117	335
OMPdecase	Q1RC84	69.130	230	71	0	2	231	13	242	1.45e-116	335
OMPdecase	B7MLV7	69.130	230	71	0	2	231	13	242	1.45e-116	335
OMPdecase	A5IBR7	56.769	229	99	0	2	230	1	229	1.45e-116	335
OMPdecase	Q5ZVL5	56.332	229	100	0	2	230	1	229	2.30e-116	334
OMPdecase	Q6D5T3	68.860	228	71	0	3	230	14	241	3.85e-116	334
OMPdecase	B5XS09	70.000	230	69	0	2	231	13	242	3.93e-116	334
OMPdecase	B2U0H4	69.130	230	71	0	2	231	13	242	4.48e-116	334
OMPdecase	Q83RM1	69.565	230	70	0	2	231	13	242	4.63e-116	334
OMPdecase	A4WAY2	69.397	232	71	0	2	233	13	244	1.10e-115	333
OMPdecase	Q7NTL2	64.348	230	81	1	2	231	12	240	1.69e-115	333
OMPdecase	B7I534	60.619	226	88	1	6	231	8	232	6.97e-115	330
OMPdecase	A8FVN0	64.935	231	81	0	1	231	1	231	7.72e-115	330
OMPdecase	A3M508	60.619	226	88	1	6	231	8	232	8.77e-115	330
OMPdecase	B2HZE8	60.619	226	88	1	6	231	8	232	8.77e-115	330
OMPdecase	B0VD17	60.619	226	88	1	6	231	3	227	8.88e-115	330
OMPdecase	B7H3K6	60.619	226	88	1	6	231	3	227	8.88e-115	330
OMPdecase	Q31GC7	60.526	228	89	1	3	230	8	234	2.67e-114	329
OMPdecase	Q8EEI4	64.783	230	81	0	1	230	1	230	2.77e-114	329
OMPdecase	A6W097	63.158	228	84	0	3	230	4	231	3.21e-114	329
OMPdecase	B0VN04	60.177	226	89	1	6	231	3	227	7.77e-114	328
OMPdecase	Q3IGA7	65.502	229	79	0	3	231	6	234	8.69e-114	328
OMPdecase	A9VTC3	43.220	236	130	2	2	233	1	236	1.86e-113	327
OMPdecase	Q819S6	43.220	236	130	2	2	233	1	236	1.93e-113	327
OMPdecase	B7H6L9	43.220	236	130	2	2	233	1	236	1.93e-113	327
OMPdecase	Q03KS6	44.017	234	125	3	1	232	1	230	2.19e-113	326
OMPdecase	Q482F9	67.532	231	75	0	1	231	1	231	2.47e-113	326
OMPdecase	Q5M4I0	44.872	234	123	3	1	232	1	230	3.43e-113	326
OMPdecase	B7IUP3	43.220	236	130	2	2	233	1	236	4.10e-113	326
OMPdecase	Q6HET1	43.644	236	129	2	2	233	1	236	5.39e-113	326
OMPdecase	C1EPP7	43.644	236	129	2	2	233	1	236	6.64e-113	326
OMPdecase	Q732I6	43.644	236	129	2	2	233	1	236	6.64e-113	326
OMPdecase	Q5LZW9	44.017	234	125	3	1	232	1	230	7.80e-113	325
OMPdecase	A7GRK8	42.373	236	132	2	2	233	1	236	8.54e-113	325
OMPdecase	Q02YJ4	45.763	236	123	3	1	231	1	236	8.90e-113	325
OMPdecase	Q2SCG0	57.391	230	97	1	4	233	5	233	1.19e-112	325
OMPdecase	B7JJX0	43.644	236	129	2	2	233	1	236	1.37e-112	325
OMPdecase	B7HLL7	43.644	236	129	2	2	233	1	236	1.61e-112	325
OMPdecase	Q636E3	43.644	236	129	2	2	233	1	236	1.66e-112	325
OMPdecase	C1CQG7	46.121	232	119	3	1	230	1	228	1.70e-112	324
OMPdecase	C1CJF5	46.121	232	119	3	1	230	1	228	1.70e-112	324
OMPdecase	B5E301	46.121	232	119	3	1	230	1	228	1.70e-112	324
OMPdecase	C1CD54	45.690	232	120	3	1	230	1	228	2.10e-112	324
OMPdecase	B8ZMZ9	45.690	232	120	3	1	230	1	228	2.10e-112	324
OMPdecase	P50924	45.763	236	123	3	1	231	1	236	2.87e-112	324
OMPdecase	Q81WF5	43.644	236	129	2	2	233	1	236	3.21e-112	324
OMPdecase	C3L743	43.644	236	129	2	2	233	1	236	3.21e-112	324
OMPdecase	C3P653	43.644	236	129	2	2	233	1	236	3.21e-112	324
OMPdecase	P0CB75	46.121	232	119	3	1	230	1	228	3.92e-112	323
OMPdecase	C5BSJ7	57.895	228	95	1	4	231	6	232	4.18e-112	323
OMPdecase	C3K758	62.882	229	84	1	3	231	5	232	5.86e-112	323
OMPdecase	B9IVW0	43.220	236	130	2	2	233	1	236	5.99e-112	323
OMPdecase	Q6F9Z3	61.947	226	85	1	6	231	3	227	6.62e-112	323
OMPdecase	Q0AIZ1	51.293	232	110	1	1	232	1	229	7.95e-112	323
OMPdecase	Q2NT36	64.912	228	80	0	4	231	19	246	1.16e-111	323
OMPdecase	B1IAM6	46.121	232	119	3	1	230	1	228	1.17e-111	322
OMPdecase	Q8DTV1	43.590	234	126	3	1	232	1	230	1.20e-111	322
OMPdecase	Q2Y7B1	56.223	233	99	1	1	233	1	230	1.47e-111	322
OMPdecase	Q8DQL6	45.690	232	120	3	1	230	1	228	2.36e-111	321
OMPdecase	B2IN86	45.690	232	120	3	1	230	1	228	2.36e-111	321
OMPdecase	Q04LJ3	45.690	232	120	3	1	230	1	228	2.36e-111	321
OMPdecase	Q4KFV3	61.572	229	87	1	3	231	5	232	2.91e-111	321
OMPdecase	C1C651	45.259	232	121	3	1	230	1	228	3.00e-111	321
OMPdecase	Q9CFW9	44.915	236	125	3	1	231	1	236	4.15e-111	321
OMPdecase	Q21IS8	60.262	229	90	1	3	231	5	232	5.18e-111	321
OMPdecase	A4VV36	42.060	233	129	3	1	231	1	229	6.03e-111	320
OMPdecase	A4W1D9	42.060	233	129	3	1	231	1	229	6.03e-111	320
OMPdecase	C5D8Q3	41.277	235	134	2	2	232	1	235	1.48e-110	320
OMPdecase	Q3K8H1	62.009	229	86	1	3	231	5	232	1.57e-110	319
OMPdecase	Q834E3	42.373	236	131	3	2	232	1	236	3.11e-110	319
OMPdecase	B7UR89	68.261	230	73	0	2	231	13	242	5.00e-110	318
OMPdecase	B5R6P3	68.261	230	73	0	2	231	13	242	8.83e-110	318
OMPdecase	B5R486	68.261	230	73	0	2	231	13	242	8.83e-110	318
OMPdecase	Q8FHU2	68.261	230	73	0	2	231	13	242	9.96e-110	318
OMPdecase	B7MUC3	68.261	230	73	0	2	231	13	242	9.96e-110	318
OMPdecase	B4T6V0	68.261	230	73	0	2	231	13	242	1.05e-109	318
OMPdecase	B5BID8	68.261	230	73	0	2	231	13	242	1.20e-109	318
OMPdecase	Q5PD06	68.261	230	73	0	2	231	13	242	1.20e-109	318
OMPdecase	B5F565	68.261	230	73	0	2	231	13	242	1.20e-109	318
OMPdecase	Q82TD8	53.648	233	105	1	1	233	1	230	1.38e-109	317
OMPdecase	A8AXM8	43.590	234	126	3	1	232	1	230	1.47e-109	317
OMPdecase	Q0TI84	68.261	230	73	0	2	231	13	242	1.48e-109	317
OMPdecase	P07691	67.826	230	74	0	2	231	13	242	2.29e-109	317
OMPdecase	P58643	67.391	230	75	0	2	231	13	242	3.66e-109	316
OMPdecase	A3CN89	43.162	234	127	3	1	232	1	230	5.24e-109	315
OMPdecase	Q57NV3	67.826	230	74	0	2	231	13	242	1.47e-108	315
OMPdecase	B7KL53	41.880	234	133	3	1	233	1	232	5.42e-108	313
OMPdecase	B9DUH9	40.171	234	134	3	1	232	1	230	9.33e-108	312
OMPdecase	Q4FRL9	57.205	229	97	1	2	230	5	232	1.47e-107	312
OMPdecase	Q8E5F0	37.288	236	141	4	1	233	1	232	1.89e-107	311
OMPdecase	P58639	44.118	238	127	3	1	233	1	237	2.24e-107	311
OMPdecase	P65596	42.609	230	129	3	2	230	1	228	2.31e-107	311
OMPdecase	Q6GA09	42.609	230	129	3	2	230	1	228	2.31e-107	311
OMPdecase	Q6GHN1	42.609	230	129	3	2	230	1	228	2.31e-107	311
OMPdecase	P99145	42.609	230	129	3	2	230	1	228	2.31e-107	311
OMPdecase	P65595	42.609	230	129	3	2	230	1	228	2.31e-107	311
OMPdecase	A7X1F5	42.609	230	129	3	2	230	1	228	2.31e-107	311
OMPdecase	A6QGA5	43.043	230	128	3	2	230	1	228	2.37e-107	311
OMPdecase	Q5HGM8	43.043	230	128	3	2	230	1	228	2.37e-107	311
OMPdecase	Q2FZ71	43.043	230	128	3	2	230	1	228	2.37e-107	311
OMPdecase	Q2FHN4	43.043	230	128	3	2	230	1	228	2.37e-107	311
OMPdecase	Q59654	63.596	228	82	1	3	230	5	231	2.77e-107	311
OMPdecase	Q02P38	63.596	228	82	1	3	230	5	231	2.77e-107	311
OMPdecase	B7V800	63.596	228	82	1	3	230	5	231	2.77e-107	311
OMPdecase	Q83E06	52.814	231	108	1	3	232	5	235	2.94e-107	311
OMPdecase	A9NC23	52.814	231	108	1	3	232	5	235	2.94e-107	311
OMPdecase	A9KCT0	52.814	231	108	1	3	232	5	235	2.94e-107	311
OMPdecase	B6J1D4	52.814	231	108	1	3	232	5	235	2.94e-107	311
OMPdecase	B6J887	52.814	231	108	1	3	232	5	235	2.94e-107	311
OMPdecase	P58641	40.086	232	136	2	4	232	2	233	3.03e-107	311
OMPdecase	A8FD20	41.026	234	134	2	2	231	1	234	3.42e-107	311
OMPdecase	Q71YI4	40.517	232	135	2	4	232	2	233	4.79e-107	311
OMPdecase	C1KWD1	40.517	232	135	2	4	232	2	233	4.79e-107	311
OMPdecase	Q3K145	37.288	236	141	4	1	233	1	232	4.95e-107	311
OMPdecase	A4IM36	42.128	235	132	2	2	232	1	235	6.94e-107	310
OMPdecase	Q8D2J1	45.494	233	126	1	1	233	1	232	7.25e-107	310
OMPdecase	Q92AH6	42.672	232	130	2	4	232	2	233	8.01e-107	310
OMPdecase	Q1LTG7	57.456	228	97	0	4	231	11	238	8.30e-107	311
OMPdecase	Q2YXG4	42.609	230	129	3	2	230	1	228	8.33e-107	310
OMPdecase	Q49WY5	41.304	230	132	3	2	230	1	228	1.12e-106	310
OMPdecase	Q1QVK2	54.783	230	103	1	3	232	6	234	1.28e-106	310
OMPdecase	C1D549	62.882	229	83	2	4	232	15	241	1.34e-106	310
OMPdecase	Q1QA56	56.332	229	99	1	2	230	5	232	1.43e-106	309
OMPdecase	P46535	41.702	235	133	2	2	232	1	235	1.68e-106	310
OMPdecase	A6V3L5	63.158	228	83	1	3	230	5	231	2.07e-106	309
OMPdecase	Q8DZQ2	37.288	236	141	4	1	233	1	232	7.00e-106	308
OMPdecase	Q4L5Q6	42.609	230	129	3	2	230	1	228	7.04e-106	308
OMPdecase	A2RF05	41.453	234	131	3	1	232	1	230	7.12e-106	308
OMPdecase	Q1J729	41.453	234	131	3	1	232	1	230	7.12e-106	308
OMPdecase	Q1JHB0	41.453	234	131	3	1	232	1	230	7.12e-106	308
OMPdecase	Q5XCK8	41.453	234	131	3	1	232	1	230	7.12e-106	308
OMPdecase	Q5QZ42	56.897	232	99	1	1	232	1	231	7.70e-106	307
OMPdecase	Q5L0U0	42.128	235	132	2	2	232	1	235	1.15e-105	308
OMPdecase	P0DC81	41.453	234	131	3	1	232	1	230	1.30e-105	307
OMPdecase	Q48U10	41.453	234	131	3	1	232	1	230	1.30e-105	307
OMPdecase	Q1JM65	41.453	234	131	3	1	232	1	230	1.30e-105	307
OMPdecase	Q1JC81	41.453	234	131	3	1	232	1	230	1.30e-105	307
OMPdecase	P0DC80	41.453	234	131	3	1	232	1	230	1.30e-105	307
OMPdecase	Q119B9	41.772	237	132	3	1	232	1	236	1.61e-105	307
OMPdecase	Q65JU4	40.678	236	136	2	1	232	1	236	2.33e-105	306
OMPdecase	B4U3E1	39.914	233	134	3	1	231	1	229	2.71e-105	306
OMPdecase	C0M7X0	39.914	233	134	3	1	231	1	229	2.71e-105	306
OMPdecase	Q3A6R4	47.436	234	119	1	3	232	6	239	2.82e-105	306
OMPdecase	Q3MEN8	43.277	238	129	3	1	233	1	237	3.02e-105	306
OMPdecase	B0KUJ6	61.304	230	88	1	3	232	5	233	3.17e-105	306
OMPdecase	Q9K9W2	42.553	235	130	3	2	232	1	234	4.04e-105	306
OMPdecase	B1J5Q0	61.304	230	88	1	3	232	5	233	4.17e-105	306
OMPdecase	A5G5A2	44.156	231	127	1	5	233	9	239	4.17e-105	306
OMPdecase	P25971	39.662	237	139	2	1	233	1	237	5.59e-105	306
OMPdecase	B5XL15	41.453	234	131	3	1	232	1	230	5.82e-105	305
OMPdecase	Q8CPJ3	41.810	232	132	3	2	232	1	230	5.95e-105	305
OMPdecase	Q9A077	41.026	234	132	3	1	232	1	230	6.36e-105	305
OMPdecase	Q5HPY7	41.379	232	133	3	2	232	1	230	9.22e-105	305
OMPdecase	Q88LW2	61.304	230	88	1	3	232	5	233	1.07e-104	305
OMPdecase	Q8P1C0	41.026	234	132	3	1	232	1	230	1.41e-104	304
OMPdecase	Q4ZVD9	63.850	213	76	1	3	215	5	216	1.73e-104	304
OMPdecase	A5W7B0	61.304	230	88	1	3	232	5	233	2.15e-104	304
OMPdecase	B8DDS0	39.394	231	137	2	4	231	2	232	3.37e-104	303
OMPdecase	Q48KP5	63.380	213	77	1	3	215	5	216	1.05e-103	302
OMPdecase	Q884R0	62.911	213	78	1	3	215	5	216	1.24e-103	302
OMPdecase	Q1ID82	60.870	230	89	1	3	232	5	233	1.80e-103	301
OMPdecase	C0ME50	39.914	233	134	3	1	231	1	229	1.83e-103	301
OMPdecase	Q3AC06	40.000	235	138	1	2	233	1	235	4.81e-103	301
OMPdecase	B3E1T2	44.397	232	127	1	3	232	7	238	4.87e-103	301
OMPdecase	Q5FJB3	40.773	233	133	3	2	229	1	233	5.39e-103	300
OMPdecase	A0AJT7	40.260	231	135	2	4	231	2	232	1.23e-102	300
OMPdecase	C6E497	43.103	232	129	1	4	232	8	239	1.27e-102	300
OMPdecase	Q74D58	44.828	232	126	1	3	232	7	238	1.91e-102	299
OMPdecase	Q0AXG7	43.644	236	127	3	3	232	4	239	1.97e-102	299
OMPdecase	Q043A6	40.343	233	134	3	2	229	1	233	3.99e-102	298
OMPdecase	Q8RG83	36.564	227	142	2	2	227	1	226	4.27e-102	298
OMPdecase	Q74J28	39.914	233	135	3	2	229	1	233	1.34e-101	297
OMPdecase	Q8K9Q1	46.053	228	122	1	4	231	10	236	1.73e-101	296
OMPdecase	A5EVH6	51.304	230	111	1	1	230	1	229	2.84e-101	296
OMPdecase	Q049E0	38.723	235	139	3	2	231	1	235	4.08e-101	296
OMPdecase	Q1G991	38.723	235	139	3	2	231	1	235	4.08e-101	296
OMPdecase	B5EIT8	42.672	232	130	1	4	232	8	239	4.31e-101	296
OMPdecase	Q2JPF1	40.506	237	132	4	1	232	1	233	6.08e-101	295
OMPdecase	B1HQC3	41.702	235	132	3	2	232	1	234	8.25e-101	295
OMPdecase	Q6A911	42.489	233	132	2	1	232	1	232	1.11e-100	295
OMPdecase	Q9JV18	59.912	227	89	2	3	228	14	239	2.08e-100	294
OMPdecase	A1KT74	59.912	227	89	2	3	228	14	239	4.46e-100	293
OMPdecase	Q9K005	59.912	227	89	2	3	228	14	239	4.46e-100	293
OMPdecase	Q2RK39	48.430	223	110	2	3	220	16	238	5.07e-100	293
OMPdecase	A1APM0	43.723	231	129	1	3	232	7	237	1.49e-99	292
OMPdecase	Q0AA48	51.293	232	112	1	1	232	1	231	2.15e-99	291
OMPdecase	A9M3Q3	59.471	227	90	2	3	228	14	239	3.41e-99	291
OMPdecase	B4RKA3	59.912	227	89	2	3	228	14	239	9.64e-99	290
OMPdecase	Q5F9J2	59.912	227	89	2	3	228	14	239	9.64e-99	290
OMPdecase	Q3SK77	59.833	239	88	1	2	232	1	239	1.06e-98	290
OMPdecase	Q38X21	36.134	238	146	3	2	233	1	238	1.10e-98	290
OMPdecase	B8D7G7	45.175	228	124	1	4	231	10	236	1.11e-98	290
OMPdecase	P57358	45.175	228	124	1	4	231	10	236	1.11e-98	290
OMPdecase	B0TDZ7	40.000	235	136	2	3	232	4	238	1.57e-98	290
OMPdecase	Q30XT2	47.034	236	118	3	1	231	1	234	1.92e-98	289
OMPdecase	Q5WFJ5	43.830	235	128	2	2	232	1	235	2.53e-98	289
OMPdecase	Q2JTW6	42.609	230	126	4	1	228	1	226	3.89e-98	288
OMPdecase	Q0VNQ9	60.435	230	90	1	2	231	3	231	4.63e-98	288
OMPdecase	B8D963	45.175	228	124	1	4	231	10	236	5.55e-98	288
OMPdecase	B8E2K1	41.453	234	132	2	5	233	6	239	5.91e-98	288
OMPdecase	P58638	40.351	228	131	2	3	230	4	226	8.40e-98	287
OMPdecase	B6JCI7	40.175	229	132	2	3	231	9	232	8.78e-98	287
OMPdecase	Q9PIC1	37.004	227	140	3	5	230	2	226	1.11e-97	288
OMPdecase	A3PEG2	38.136	236	140	3	2	232	7	241	1.11e-97	287
OMPdecase	A6Q2C1	36.404	228	141	3	5	230	2	227	1.25e-97	286
OMPdecase	P73761	41.810	232	132	3	1	231	1	230	1.49e-97	286
OMPdecase	Q2LQ82	45.299	234	122	3	4	231	12	245	1.94e-97	287
OMPdecase	A2BY35	39.485	233	135	3	3	230	7	238	2.57e-97	286
OMPdecase	B8IFW8	39.565	230	137	1	3	232	8	235	4.89e-97	285
OMPdecase	Q5N1T9	39.056	233	136	3	3	230	7	238	7.05e-97	285
OMPdecase	Q31K20	39.056	233	136	3	3	230	7	238	7.05e-97	285
OMPdecase	Q1WTX2	37.712	236	143	3	1	232	1	236	7.26e-97	285
OMPdecase	Q7V0D8	41.026	234	132	3	2	230	6	238	7.44e-97	285
OMPdecase	Q5HW86	36.564	227	141	3	5	230	2	226	7.91e-97	286
OMPdecase	Q92SN8	38.696	230	136	2	3	232	6	230	8.25e-97	284
OMPdecase	B3CN77	43.231	229	126	2	4	232	2	226	8.64e-97	284
OMPdecase	A1VYA1	36.123	227	142	3	5	230	2	226	9.96e-97	284
OMPdecase	A8FKG8	36.123	227	142	3	5	230	2	226	9.96e-97	284
OMPdecase	B5YFH2	41.702	235	132	2	4	233	5	239	1.14e-96	284
OMPdecase	A2BSQ0	38.559	236	139	3	2	232	7	241	1.35e-96	284
OMPdecase	A0RQJ5	35.683	227	143	3	5	230	2	226	2.19e-96	283
OMPdecase	P77888	40.506	237	135	3	2	232	1	237	2.22e-96	284
OMPdecase	A8G6D9	38.559	236	139	3	2	232	7	241	4.43e-96	283
OMPdecase	Q319F9	38.136	236	140	3	2	232	7	241	6.43e-96	283
OMPdecase	B9JZC0	39.130	230	135	2	3	232	4	228	7.58e-96	282
OMPdecase	A7H4Z6	36.123	227	142	3	5	230	2	226	8.13e-96	282
OMPdecase	Q1MMI1	36.957	230	140	1	3	232	4	228	8.21e-96	282
OMPdecase	A6UFC6	39.130	230	135	2	3	232	4	228	9.33e-96	282
OMPdecase	B9LZK2	44.976	209	113	1	5	211	9	217	2.33e-95	281
OMPdecase	B7KUF7	39.565	230	133	2	3	232	8	231	2.82e-95	281
OMPdecase	C6BZZ8	42.424	231	129	4	4	232	2	230	4.86e-95	280
OMPdecase	Q30QK7	39.474	228	134	3	5	230	2	227	5.28e-95	280
OMPdecase	Q2KDF0	36.522	230	141	1	3	232	4	228	6.85e-95	280
OMPdecase	Q39VY5	43.534	232	129	1	3	232	7	238	7.59e-95	280
OMPdecase	Q9LCT0	38.596	228	135	2	3	230	9	231	1.05e-94	279
OMPdecase	B3PYJ5	36.522	230	141	1	3	232	4	228	2.07e-94	279
OMPdecase	Q8EUY3	33.188	229	151	2	1	228	1	228	2.37e-94	278
OMPdecase	A9W2W3	39.565	230	133	2	3	232	8	231	2.43e-94	278
OMPdecase	Q7VAP8	38.197	233	138	3	3	230	8	239	2.85e-94	278
OMPdecase	Q2RNS7	45.570	237	124	2	1	232	6	242	3.73e-94	278
OMPdecase	A9BBV1	37.021	235	142	3	3	232	7	240	3.96e-94	278
OMPdecase	Q5GRJ9	42.105	228	128	2	4	231	2	225	7.28e-94	277
OMPdecase	A8Z6D0	36.564	227	141	3	5	230	2	226	8.68e-94	277
OMPdecase	B9L788	37.662	231	140	3	5	233	2	230	1.29e-93	276
OMPdecase	B0UL68	39.130	230	138	1	3	232	8	235	1.74e-93	276
OMPdecase	Q3AZD9	39.744	234	135	3	4	232	11	243	4.85e-93	275
OMPdecase	B5ZYG6	35.652	230	143	1	3	232	4	228	6.54e-93	275
OMPdecase	Q8FXW9	37.555	229	138	2	5	233	12	235	9.51e-93	274
OMPdecase	B0CJX7	37.555	229	138	2	5	233	12	235	9.51e-93	274
OMPdecase	A9M9W1	37.555	229	138	2	5	233	12	235	9.51e-93	274
OMPdecase	Q13E64	38.813	219	129	2	3	221	9	222	1.07e-92	274
OMPdecase	Q5FNS8	45.726	234	123	2	2	232	3	235	1.11e-92	274
OMPdecase	A5GN53	42.241	232	128	3	4	230	11	241	1.30e-92	274
OMPdecase	Q7NK22	45.690	232	120	3	4	230	5	235	1.54e-92	274
OMPdecase	Q1MRK9	41.921	229	127	3	5	230	3	228	1.58e-92	274
OMPdecase	Q9EYV3	37.662	231	139	2	3	233	6	231	2.35e-92	273
OMPdecase	Q8YE79	37.118	229	139	2	5	233	12	235	2.90e-92	273
OMPdecase	C0RG13	37.118	229	139	2	5	233	12	235	2.90e-92	273
OMPdecase	B9J7M8	37.391	230	139	1	3	232	4	228	4.23e-92	273
OMPdecase	Q7V5Y2	41.631	233	130	3	4	231	9	240	6.76e-92	273
OMPdecase	B1M7M3	41.048	229	129	2	3	231	8	230	7.71e-92	272
OMPdecase	Q2N9N4	40.611	229	131	2	2	230	1	224	1.25e-91	271
OMPdecase	Q3YSH4	41.126	231	132	2	1	231	1	227	1.64e-91	271
OMPdecase	Q57AD4	36.681	229	140	2	5	233	12	235	1.90e-91	271
OMPdecase	Q2YQU9	36.681	229	140	2	5	233	12	235	1.90e-91	271
OMPdecase	B2S9C4	36.681	229	140	2	5	233	12	235	1.90e-91	271
OMPdecase	Q0I824	41.453	234	131	3	4	232	11	243	2.20e-91	271
OMPdecase	Q7U8P3	42.241	232	128	3	4	230	11	241	2.23e-91	271
OMPdecase	A6Q826	36.522	230	142	3	6	233	3	230	2.74e-91	271
OMPdecase	Q2J316	39.269	219	128	2	3	221	9	222	3.24e-91	271
OMPdecase	Q21CH8	40.000	230	133	2	3	232	8	232	4.75e-91	270
OMPdecase	Q07UT0	41.739	230	129	2	3	232	8	232	5.13e-91	270
OMPdecase	Q98DD5	35.498	231	144	2	2	232	11	236	5.43e-91	270
OMPdecase	B1ZFB1	38.528	231	136	2	3	233	8	232	6.95e-91	269
OMPdecase	Q2GG43	41.379	232	131	3	1	231	1	228	1.06e-90	269
OMPdecase	A7HZG2	35.683	227	143	3	5	230	2	226	1.14e-90	269
OMPdecase	Q1GU89	39.738	229	133	2	2	230	1	224	2.54e-90	268
OMPdecase	Q3SRG9	37.500	232	140	2	1	232	9	235	3.97e-90	268
OMPdecase	Q6NCY0	39.565	230	134	2	3	232	9	233	5.38e-90	268
OMPdecase	Q8ER36	36.404	228	141	2	6	232	3	227	6.46e-90	267
OMPdecase	Q04H28	36.207	232	142	3	2	231	1	228	7.35e-90	267
OMPdecase	Q1QMP2	38.261	230	137	2	3	232	11	235	7.91e-90	267
OMPdecase	B0T410	35.065	231	145	2	3	233	4	229	1.40e-89	266
OMPdecase	Q44843	35.931	231	143	1	2	232	8	233	1.47e-89	266
OMPdecase	B3Q976	39.565	230	134	2	3	232	9	233	1.59e-89	266
OMPdecase	A1WUI3	54.502	211	95	1	4	214	7	216	3.49e-89	265
OMPdecase	Q89AL6	40.969	227	132	2	5	230	11	236	7.25e-89	264
OMPdecase	A7GWZ8	35.242	227	144	3	5	230	2	226	7.61e-89	264
OMPdecase	Q3AHU2	41.810	232	129	3	4	230	11	241	8.76e-89	264
OMPdecase	Q2G8S2	37.555	229	138	2	2	230	1	224	1.50e-88	263
OMPdecase	B1ZSC4	40.088	227	135	1	6	232	5	230	1.85e-88	263
OMPdecase	Q3BMA4	35.931	231	142	3	3	232	11	236	1.07e-87	262
OMPdecase	Q7MAE8	34.061	229	147	3	5	231	2	228	3.53e-87	260
OMPdecase	Q46JD8	36.325	234	143	3	3	231	8	240	3.63e-87	261
OMPdecase	B2V790	35.217	230	145	2	4	233	2	227	3.89e-87	260
OMPdecase	B8GXJ5	34.894	235	144	3	3	233	4	233	5.42e-87	260
OMPdecase	Q9ABW5	34.894	235	144	3	3	233	4	233	5.42e-87	260
OMPdecase	A2C4A1	36.325	234	143	3	3	231	8	240	1.33e-86	259
OMPdecase	B2FU58	35.065	231	144	3	3	232	11	236	1.73e-86	259
OMPdecase	A5E8J8	41.739	230	129	2	3	232	8	232	2.43e-86	258
OMPdecase	B9KFP1	32.895	228	150	3	5	231	2	227	2.78e-86	258
OMPdecase	B8DKC9	41.600	250	119	6	6	232	4	249	3.31e-86	258
OMPdecase	A4YJQ1	39.623	212	123	2	4	215	9	215	5.95e-86	258
OMPdecase	A1VF83	47.196	214	107	3	6	215	4	215	7.00e-86	257
OMPdecase	Q72DM8	47.196	214	107	3	6	215	4	215	7.00e-86	257
OMPdecase	Q2W019	41.631	233	132	1	2	230	1	233	2.15e-85	256
OMPdecase	Q9PHB0	33.047	233	148	4	2	232	11	237	4.95e-85	255
OMPdecase	B3DVI6	38.793	232	139	1	2	233	1	229	1.42e-84	253
OMPdecase	B0U1D6	31.760	233	151	4	2	232	11	237	3.39e-84	253
OMPdecase	Q87FA3	31.760	233	151	4	2	232	11	237	4.03e-84	253
OMPdecase	B2I656	31.760	233	151	4	2	232	11	237	4.03e-84	253
OMPdecase	Q5PB36	39.130	230	135	3	1	230	1	225	4.48e-84	252
OMPdecase	Q609Y2	35.776	232	140	4	4	233	14	238	8.28e-84	252
OMPdecase	Q8DLT3	42.723	213	117	3	4	215	10	218	2.94e-83	250
OMPdecase	Q8P3D7	34.862	218	136	2	3	219	11	223	1.37e-81	246
OMPdecase	Q4UNV9	34.862	218	136	2	3	219	11	223	1.37e-81	246
OMPdecase	B0RZ30	34.862	218	136	2	3	219	11	223	1.46e-81	246
OMPdecase	P56155	36.564	227	140	3	5	229	2	226	4.75e-81	244
OMPdecase	B2UW09	36.564	227	140	3	5	229	2	226	1.42e-80	243
OMPdecase	Q8PER4	35.377	212	131	3	3	213	11	217	2.37e-80	243
OMPdecase	A8ZWP0	36.170	235	138	4	6	232	16	246	8.75e-80	242
OMPdecase	B6JPA4	36.564	227	140	3	5	229	2	226	1.55e-79	241
OMPdecase	Q5H6B9	35.849	212	130	3	3	213	11	217	2.73e-79	241
OMPdecase	B2SHJ1	35.849	212	130	3	3	213	11	217	2.73e-79	241
OMPdecase	Q2P8Z6	35.849	212	130	3	3	213	11	217	2.73e-79	241
OMPdecase	O67520	32.340	235	147	5	5	233	3	231	2.01e-78	238
OMPdecase	Q2IGK0	41.905	210	118	1	3	212	4	209	2.50e-78	238
OMPdecase	B4SRN9	35.065	231	144	3	3	232	11	236	2.98e-78	238
OMPdecase	Q9ZN53	36.123	227	141	3	5	229	2	226	3.15e-78	237
OMPdecase	B4UGH8	41.429	210	119	1	3	212	4	209	4.32e-78	237
OMPdecase	B8J9L8	41.429	210	119	1	3	212	4	209	1.05e-77	236
OMPdecase	Q5LND3	34.043	235	147	5	1	232	2	231	3.01e-77	235
OMPdecase	Q28K56	34.335	233	145	5	1	230	1	228	4.56e-77	234
OMPdecase	Q3IY00	33.906	233	146	5	1	230	1	228	4.27e-75	229
OMPdecase	Q47R19	40.183	219	125	2	2	219	1	214	1.21e-74	228
OMPdecase	Q2J838	38.618	246	128	2	5	232	26	266	1.53e-71	222
OMPdecase	Q6IUR4	23.077	247	153	11	1	228	23	251	6.05e-69	215
OMPdecase	Q9UZ35	25.000	228	148	4	6	232	2	207	1.41e-67	209
OMPdecase	Q5JDB0	22.222	234	159	4	1	233	1	212	3.30e-67	209
OMPdecase	Q8J0E6	22.267	247	155	10	1	228	25	253	2.26e-66	208
OMPdecase	Q12X87	23.144	229	158	4	3	231	4	214	3.83e-66	206
OMPdecase	P33283	21.862	247	156	10	1	228	25	253	5.63e-66	207
OMPdecase	Q46GE2	24.464	233	156	4	2	232	1	215	8.24e-66	206
OMPdecase	Q8PV88	24.229	227	154	3	6	232	7	215	1.52e-65	205
OMPdecase	O42771	19.355	248	162	9	1	228	25	254	1.64e-65	206
OMPdecase	Q8U1U1	24.123	228	150	3	6	232	2	207	1.95e-65	204
OMPdecase	Q12595	20.165	243	159	8	3	228	30	254	7.92e-65	205
OMPdecase	Q8TS37	23.789	227	155	3	6	232	7	215	7.08e-64	201
OMPdecase	Q6BY69	21.371	248	157	10	1	228	25	254	1.03e-63	202
OMPdecase	Q977X5	24.229	227	154	3	6	232	1	209	1.53e-63	199
OMPdecase	P49434	19.758	248	161	10	1	228	25	254	2.30e-63	201
OMPdecase	P48844	20.968	248	158	9	1	228	21	250	3.57e-63	200
OMPdecase	Q9Y726	21.457	247	157	10	1	228	25	253	6.44e-63	200
OMPdecase	O58462	24.017	229	151	4	6	233	2	208	8.24e-63	197
OMPdecase	O94127	19.753	243	167	10	1	228	24	253	8.78e-63	199
OMPdecase	Q06375	19.028	247	162	9	1	227	23	251	1.35e-62	199
OMPdecase	O13410	23.651	241	153	9	8	229	37	265	1.72e-62	199
OMPdecase	Q9HFV8	25.514	243	155	11	3	229	32	264	1.74e-62	199
OMPdecase	Q01378	19.028	247	163	9	1	228	29	257	2.14e-62	199
OMPdecase	Q9HFX0	22.176	239	149	10	1	220	25	245	3.35e-62	198
OMPdecase	Q7Z8L4	25.103	243	156	10	3	229	32	264	7.25e-62	197
OMPdecase	P07922	21.053	247	157	11	1	227	24	252	1.38e-61	196
OMPdecase	O13416	23.333	240	155	11	8	229	37	265	1.48e-61	197
OMPdecase	O93864	19.758	248	161	9	1	228	26	255	1.95e-61	196
OMPdecase	P07817	23.431	239	156	11	8	229	37	265	2.41e-61	196
OMPdecase	P10652	22.881	236	159	8	8	229	37	263	2.43e-61	196
OMPdecase	Q8J269	25.820	244	153	11	3	229	32	264	2.78e-61	196
OMPdecase	Q5J2D0	23.237	241	154	11	8	229	37	265	3.23e-61	196
OMPdecase	P78724	19.838	247	161	10	1	228	26	254	3.51e-61	195
OMPdecase	Q9C150	19.200	250	162	10	1	228	26	257	3.59e-61	195
OMPdecase	P13649	18.884	233	150	10	1	212	26	240	5.55e-61	195
OMPdecase	P41769	22.267	247	155	11	1	228	25	253	9.73e-61	194
OMPdecase	P32430	20.161	248	160	10	1	228	25	254	1.28e-60	194
OMPdecase	Q96WP7	23.849	239	155	11	8	229	37	265	1.37e-60	194
OMPdecase	P03962	22.609	230	142	9	1	212	25	236	2.37e-60	193
OMPdecase	P79075	19.838	247	161	10	1	228	26	254	3.16e-60	193
OMPdecase	Q4VWW3	26.141	241	153	9	3	228	32	262	8.62e-60	192
OMPdecase	Q12604	23.529	255	157	12	1	228	30	273	1.65e-59	192
OMPdecase	Q757S1	24.000	225	145	10	1	212	25	236	2.16e-59	191
OMPdecase	P09463	24.797	246	155	11	3	229	32	266	3.75e-59	191
OMPdecase	Q1E9A1	26.141	241	153	9	3	228	32	262	7.61e-59	189
OMPdecase	Q9HFN9	21.212	231	145	8	1	212	24	236	2.32e-58	188
OMPdecase	Q12724	20.074	269	152	11	3	228	27	275	8.83e-57	185
OMPdecase	P32431	22.594	239	156	11	2	228	29	250	1.62e-56	183
OMPdecase	Q9UVZ5	18.033	244	164	10	3	228	29	254	1.81e-56	183
OMPdecase	P21593	24.681	235	147	11	1	222	28	245	2.62e-56	183
OMPdecase	O26232	25.214	234	150	6	4	233	13	225	5.20e-55	178
OMPdecase	Q9C1J2	19.753	243	160	9	3	228	28	252	8.41e-55	179
OMPdecase	Q57700	22.845	232	154	8	4	231	2	212	1.52e-54	177
OMPdecase	P14965	24.280	243	151	11	1	228	27	251	3.54e-54	177
OMPdecase	O74110	23.932	234	149	7	1	231	1	208	1.64e-53	174
OMPdecase	Q71HN5	22.222	243	157	12	1	228	25	250	2.64e-53	175
OMPdecase	P43230	22.222	243	157	12	1	228	25	250	2.64e-53	175
OMPdecase	Q5R514	24.473	237	149	12	3	228	251	468	3.24e-53	180
OMPdecase	P09556	25.417	240	148	12	1	227	246	467	4.96e-53	180
OMPdecase	Q9C131	21.912	251	161	10	3	229	32	271	5.11e-53	175
OMPdecase	P31754	23.207	237	152	10	3	228	251	468	1.17e-52	179
OMPdecase	Q9HF68	22.131	244	162	10	3	229	32	264	2.04e-52	173
OMPdecase	P15188	23.111	225	150	9	3	216	32	244	4.01e-52	172
OMPdecase	P13439	23.629	237	151	12	3	228	251	468	9.74e-52	177
OMPdecase	P11172	24.051	237	150	12	3	228	251	468	1.52e-51	176
OMPdecase	Q9P8X9	22.881	236	153	10	3	227	35	252	1.85e-51	170
OMPdecase	Q2NHA5	20.851	235	157	6	3	231	4	215	1.95e-51	169
OMPdecase	Q97CS3	23.288	219	143	6	2	219	1	195	2.38e-51	169
OMPdecase	Q9Y720	23.868	243	153	12	1	228	25	250	4.61e-50	167
OMPdecase	Q6LZM2	18.696	230	163	8	5	230	8	217	9.97e-50	164
OMPdecase	P14964	24.082	245	156	11	1	229	28	258	1.50e-49	166
OMPdecase	A9A6C3	18.696	230	163	8	5	230	8	217	1.73e-49	164
OMPdecase	Q9LDN2	24.153	236	154	10	3	227	244	465	2.45e-49	170
OMPdecase	O29333	19.383	227	158	6	4	228	2	205	8.62e-49	162
OMPdecase	Q01637	23.333	240	159	10	3	230	257	483	1.71e-48	169
OMPdecase	Q25566	21.311	244	162	13	1	228	253	482	7.98e-47	164
OMPdecase	Q42586	23.651	241	149	9	3	227	242	463	1.91e-46	163
OMPdecase	Q42942	21.610	236	160	9	3	227	228	449	9.89e-44	155
OMPdecase	Q9WYG7	23.318	223	144	10	6	228	3	198	1.40e-40	140
OMPdecase	G5EDZ2	21.992	241	160	12	1	228	259	484	2.28e-40	147
OMPdecase	Q8RZA1	24.576	236	153	10	3	227	242	463	4.27e-38	140
OMPdecase	Q970X0	21.491	228	145	10	6	228	1	199	4.36e-36	129
OMPdecase	Q9Y9D9	21.849	238	157	9	4	232	11	228	5.93e-36	130
OMPdecase	Q9UX10	21.849	238	151	10	1	232	1	209	3.36e-35	127
OMPdecase	Q49VB7	19.397	232	153	7	8	232	5	209	4.56e-31	116
OMPdecase	Q49WT7	20.259	232	151	8	8	232	5	209	1.79e-30	115
OMPdecase	Q49WT0	21.491	228	145	8	8	228	5	205	3.05e-30	114
OMPdecase	Q8NXX1	18.103	232	156	8	8	232	5	209	1.01e-28	110
OMPdecase	Q6GBR7	18.103	232	156	8	8	232	5	209	1.01e-28	110
OMPdecase	Q6GJ99	18.103	232	156	8	8	232	5	209	1.01e-28	110
OMPdecase	Q5HRH7	19.828	232	152	8	8	232	5	209	1.26e-28	110
OMPdecase	Q7A774	18.534	232	155	8	8	232	5	209	2.34e-28	109
OMPdecase	Q99W39	18.534	232	155	8	8	232	5	209	2.34e-28	109
OMPdecase	Q5HIA5	18.534	232	155	8	8	232	5	209	2.34e-28	109
OMPdecase	Q2G0K7	18.534	232	155	8	8	232	5	209	2.34e-28	109
OMPdecase	Q2YS94	17.672	232	157	8	8	232	5	209	3.94e-28	108
OMPdecase	Q2FJ70	18.534	232	155	8	8	232	5	209	4.47e-28	108
OMPdecase	Q8CQ69	19.828	232	152	8	8	232	5	209	4.87e-28	108
OMPdecase	Q4L3P8	19.397	232	153	8	8	232	5	209	1.27e-27	107
OMPdecase	B9L1A9	21.457	247	150	12	2	217	14	247	5.37e-27	107
OMPdecase	A3CUG8	19.149	235	150	9	8	232	177	381	3.86e-26	107
OMPdecase	P78748	21.429	210	128	7	3	180	38	242	6.47e-25	104
OMPdecase	P05035	23.377	154	100	5	3	143	40	188	8.26e-25	103
OMPdecase	P14017	23.881	134	87	4	1	120	32	164	3.05e-24	102
# BLAST processed 3 queries
