# PSIBLAST 2.6.0+
# Iteration: 1
# Query: OTCace | Q8G998.1 | WP_003552004.1 | 99.39%
# Database: /home/alex/Documents/data/local_db/swissprot
# Fields: query acc.ver, subject acc.ver, % identity, alignment length, mismatches, gap opens, q. start, q. end, s. start, s. end, evalue, bit score
# 821 hits found
OTCace	Q8G998	100.000	343	0	0	1	343	1	343	0.0	712
OTCace	Q03NY9	92.105	342	27	0	1	342	1	342	0.0	662
OTCace	Q8VW55	77.126	341	78	0	3	343	11	351	0.0	560
OTCace	P0C2U0	75.581	344	83	1	1	343	6	349	0.0	556
OTCace	Q9K575	75.000	344	85	1	1	343	6	349	0.0	553
OTCace	P0C2U1	74.709	344	86	1	1	343	6	349	0.0	551
OTCace	Q839Q5	76.261	337	79	1	8	343	3	339	0.0	545
OTCace	Q6TK73	75.893	336	78	2	9	343	4	337	0.0	538
OTCace	B5XMC1	74.777	337	82	2	8	343	3	337	0.0	535
OTCace	A2RDJ1	74.777	337	82	2	8	343	3	337	0.0	535
OTCace	Q1J5Q6	74.777	337	82	2	8	343	3	337	0.0	535
OTCace	Q1JFZ1	74.777	337	82	2	8	343	3	337	0.0	535
OTCace	Q1JKW5	74.777	337	82	2	8	343	3	337	0.0	535
OTCace	Q1JAR4	74.777	337	82	2	8	343	3	337	0.0	535
OTCace	P0DC83	74.777	337	82	2	8	343	3	337	0.0	535
OTCace	P65610	74.777	337	82	2	8	343	3	337	0.0	535
OTCace	Q5XAY4	74.777	337	82	2	8	343	3	337	0.0	535
OTCace	P0DC82	74.777	337	82	2	8	343	3	337	0.0	535
OTCace	P0C0D0	74.777	337	82	2	8	343	3	337	0.0	535
OTCace	O53089	74.107	336	83	3	8	342	4	336	0.0	529
OTCace	C0MBK6	74.107	336	84	2	9	343	4	337	0.0	527
OTCace	C0MD77	74.107	336	84	2	9	343	4	337	0.0	526
OTCace	B4U1S2	74.107	336	84	2	9	343	4	337	0.0	526
OTCace	Q8RP83	72.917	336	88	2	9	343	4	337	0.0	524
OTCace	P65606	72.619	336	89	2	9	343	4	337	0.0	521
OTCace	P65605	72.619	336	89	2	9	343	4	337	0.0	521
OTCace	A4VU03	73.294	337	87	2	8	343	3	337	0.0	517
OTCace	A4W094	73.294	337	87	2	8	343	3	337	0.0	517
OTCace	Q8GG79	73.294	337	87	2	8	343	3	337	0.0	517
OTCace	B9DUY9	71.429	336	93	2	9	343	4	337	0.0	514
OTCace	B5E3F8	72.404	337	90	2	8	343	4	338	0.0	513
OTCace	C1CU67	72.404	337	90	2	8	343	4	338	0.0	512
OTCace	C1CHE7	72.404	337	90	2	8	343	4	338	0.0	512
OTCace	B2INH0	72.404	337	90	2	8	343	4	338	0.0	512
OTCace	B8ZPY8	72.404	337	90	2	8	343	4	338	0.0	512
OTCace	B1I9W1	72.404	337	90	2	8	343	4	338	0.0	512
OTCace	C1CAZ4	72.404	337	90	2	8	343	4	338	0.0	512
OTCace	Q04I25	72.404	337	90	2	8	343	4	338	0.0	512
OTCace	P65608	72.404	337	90	2	8	343	4	338	0.0	512
OTCace	P65607	72.404	337	90	2	8	343	4	338	0.0	512
OTCace	Q8GND4	72.404	337	90	2	8	343	4	338	0.0	511
OTCace	Q9CHD1	66.964	336	107	3	9	343	1	333	4.44e-164	464
OTCace	O86132	64.242	330	115	2	10	338	7	334	1.80e-157	447
OTCace	P65602	64.438	329	114	2	10	337	10	336	1.93e-157	447
OTCace	P65601	64.438	329	114	2	10	337	10	336	1.93e-157	447
OTCace	Q8NUK8	64.438	329	114	2	10	337	10	336	1.99e-157	447
OTCace	Q6G640	64.438	329	114	2	10	337	10	336	1.99e-157	447
OTCace	Q5HCR3	64.438	329	114	2	10	337	10	336	1.99e-157	447
OTCace	Q6GDG8	64.134	329	115	2	10	337	10	336	1.12e-156	445
OTCace	Q73E86	61.818	330	119	3	10	338	8	331	1.01e-152	435
OTCace	Q8CMW2	63.415	328	117	2	10	336	10	335	5.12e-152	433
OTCace	Q81II0	61.515	330	120	3	10	338	8	331	7.21e-152	432
OTCace	Q6HP28	61.515	330	120	3	10	338	8	331	1.14e-151	432
OTCace	O08322	61.194	335	127	2	8	341	3	335	6.67e-144	413
OTCace	Q4L9V8	58.485	330	132	3	10	336	4	331	6.53e-135	390
OTCace	Q8CU41	58.182	330	133	3	10	336	4	331	9.39e-134	387
OTCace	Q8DVC9	56.231	329	138	4	11	338	3	326	5.71e-132	382
OTCace	A6QG68	58.182	330	133	3	10	336	4	331	7.84e-132	382
OTCace	Q5HGR3	58.182	330	133	3	10	336	4	331	7.84e-132	382
OTCace	P0C6P3	58.182	330	133	3	10	336	4	331	8.11e-132	382
OTCace	Q6GHR7	58.182	330	133	3	10	336	4	331	8.11e-132	382
OTCace	P99073	58.182	330	133	3	10	336	4	331	8.11e-132	382
OTCace	P0A099	58.182	330	133	3	10	336	4	331	8.11e-132	382
OTCace	Q8NX44	57.879	330	134	3	10	336	4	331	5.30e-131	380
OTCace	Q6GA45	57.879	330	134	3	10	336	4	331	5.30e-131	380
OTCace	P0C0N1	56.970	330	137	3	10	336	4	331	7.70e-130	377
OTCace	B2G653	55.758	330	141	3	10	336	5	332	2.48e-129	375
OTCace	A5VIM0	55.758	330	141	3	10	336	5	332	2.48e-129	375
OTCace	Q73P70	55.488	328	141	2	10	335	13	337	5.48e-129	375
OTCace	A6TWW1	54.573	328	145	3	10	335	5	330	8.84e-129	374
OTCace	Q47NE4	55.422	332	142	4	10	337	5	334	1.00e-128	374
OTCace	A7MSD8	53.916	332	147	4	10	337	5	334	7.65e-126	367
OTCace	Q87LF9	53.614	332	148	4	10	337	5	334	1.59e-125	366
OTCace	Q03DS0	54.683	331	145	3	10	337	5	333	2.09e-125	365
OTCace	B1KXQ3	53.916	332	146	5	10	337	4	332	3.23e-123	360
OTCace	A7GGI0	53.916	332	146	5	10	337	4	332	3.23e-123	360
OTCace	B1IJJ6	53.916	332	146	5	10	337	4	332	3.68e-123	360
OTCace	A5I524	53.474	331	149	3	10	337	4	332	5.28e-123	359
OTCace	A7FWM4	53.474	331	149	3	10	337	4	332	5.28e-123	359
OTCace	C1FTE9	53.474	331	149	3	10	337	4	332	1.17e-122	358
OTCace	C3L179	53.172	331	150	3	10	337	4	332	1.32e-122	358
OTCace	Q5E7U4	52.711	332	151	3	10	337	5	334	1.87e-121	355
OTCace	P65604	53.474	331	149	3	10	337	4	332	3.19e-121	355
OTCace	P65603	53.474	331	149	3	10	337	4	332	3.19e-121	355
OTCace	C3LR49	51.051	333	155	4	10	337	5	334	1.22e-120	353
OTCace	Q9KP68	51.051	333	155	4	10	337	5	334	1.22e-120	353
OTCace	A0KQG4	51.652	333	153	4	10	337	5	334	5.69e-120	352
OTCace	P08308	53.293	334	149	4	10	338	5	336	7.41e-120	352
OTCace	B7J0T6	53.517	327	149	1	10	336	4	327	7.84e-120	351
OTCace	O51782	53.517	327	149	1	10	336	4	327	7.84e-120	351
OTCace	Q97M82	50.904	332	158	3	10	338	4	333	1.17e-119	351
OTCace	A4SHP4	51.351	333	154	4	10	337	5	334	3.16e-119	350
OTCace	Q93JF1	51.506	332	156	3	8	336	6	335	6.63e-119	349
OTCace	Q8DCF5	51.506	332	155	4	10	337	5	334	1.18e-118	348
OTCace	Q7MHF2	51.205	332	156	4	10	337	5	334	1.19e-117	346
OTCace	Q65ZT0	53.211	327	150	1	10	336	4	327	2.99e-117	345
OTCace	Q0SM07	53.354	328	149	2	10	336	4	328	3.77e-117	344
OTCace	O51897	53.354	328	149	2	10	336	4	328	3.77e-117	344
OTCace	Q8Z127	51.506	332	155	4	10	337	5	334	1.76e-116	343
OTCace	B0BQQ2	51.506	332	154	4	10	336	5	334	2.44e-116	343
OTCace	B3GY96	51.506	332	154	4	10	336	5	334	2.44e-116	343
OTCace	A3N1W5	51.506	332	154	4	10	336	5	334	2.44e-116	343
OTCace	Q88P53	50.898	334	157	4	10	338	5	336	2.85e-116	342
OTCace	A5UHA3	51.807	332	153	4	10	336	5	334	2.94e-116	342
OTCace	Q8ZK35	51.506	332	155	4	10	337	5	334	3.39e-116	342
OTCace	Q92ZT1	49.699	332	161	4	10	337	5	334	3.54e-116	342
OTCace	Q6LUW9	51.198	334	155	5	10	337	5	336	1.84e-115	340
OTCace	P44770	51.205	332	155	4	10	336	5	334	4.79e-115	339
OTCace	P57876	49.695	328	159	3	13	336	8	333	5.35e-115	339
OTCace	Q936V7	50.898	334	157	4	10	338	5	336	8.02e-115	339
OTCace	Q8FAE1	50.602	332	158	4	10	337	5	334	2.04e-114	338
OTCace	O31018	49.699	332	161	4	10	337	5	334	2.90e-114	337
OTCace	A4TQQ1	49.405	336	163	4	8	338	2	335	3.52e-113	335
OTCace	Q1CM06	49.405	336	163	4	8	338	2	335	3.52e-113	335
OTCace	Q8ZBG8	49.405	336	163	4	8	338	2	335	3.52e-113	335
OTCace	Q6LG09	50.602	332	157	4	10	337	5	333	8.22e-113	333
OTCace	A7FMM5	49.107	336	164	4	8	338	2	335	2.15e-112	333
OTCace	Q66F14	49.107	336	164	4	8	338	2	335	2.42e-112	332
OTCace	Q7VP68	49.096	332	162	4	10	336	5	334	9.65e-112	331
OTCace	P0C2E4	51.212	330	154	4	10	336	5	330	1.74e-111	330
OTCace	Q0TUR4	51.212	330	154	4	10	336	5	330	1.74e-111	330
OTCace	Q0SWK5	51.212	330	154	4	10	336	5	330	2.04e-111	330
OTCace	Q7NRK0	49.102	334	162	5	10	337	5	336	4.96e-111	329
OTCace	Q6DA71	49.249	333	162	5	10	337	4	334	9.84e-111	328
OTCace	Q8Z123	50.751	333	157	5	8	335	2	332	1.38e-110	328
OTCace	P59779	52.412	311	143	3	10	318	5	312	1.80e-110	327
OTCace	Q08016	50.751	333	157	5	8	335	2	332	2.23e-110	327
OTCace	Q62KD8	49.701	334	161	4	10	338	5	336	4.94e-110	327
OTCace	Q63U72	49.701	334	161	4	10	338	5	336	7.89e-110	326
OTCace	Q65TN0	49.398	332	161	4	10	336	5	334	1.10e-109	326
OTCace	Q82KQ4	51.818	330	154	3	10	336	8	335	3.91e-109	324
OTCace	Q9ZIX8	48.795	332	163	4	10	336	5	334	8.90e-108	321
OTCace	Q7MZ18	45.970	335	174	4	8	337	2	334	3.63e-107	319
OTCace	A7ZVD3	48.503	334	165	5	10	338	4	335	1.56e-106	318
OTCace	Q31TJ4	48.640	331	163	5	10	335	4	332	2.41e-106	317
OTCace	Q83IM2	48.204	334	166	5	10	338	4	335	4.03e-106	317
OTCace	B7MLQ9	48.640	331	163	5	10	335	4	332	4.69e-106	317
OTCace	Q3YU98	48.338	331	164	5	10	335	4	332	1.24e-105	315
OTCace	B7NGI6	48.338	331	164	5	10	335	4	332	1.24e-105	315
OTCace	B1ISV4	48.338	331	164	5	10	335	4	332	1.24e-105	315
OTCace	A8A810	48.338	331	164	5	10	335	4	332	1.24e-105	315
OTCace	B7M9L3	48.338	331	164	5	10	335	4	332	1.24e-105	315
OTCace	B7LCW4	48.338	331	164	5	10	335	4	332	1.24e-105	315
OTCace	Q8XCB8	48.338	331	164	5	10	335	4	332	1.39e-105	315
OTCace	Q0SXJ4	48.204	334	166	5	10	338	4	335	1.46e-105	315
OTCace	Q328S8	48.338	331	164	5	10	335	4	332	2.56e-105	315
OTCace	Q8FAD6	48.795	332	163	5	10	336	4	333	5.55e-105	314
OTCace	P04391	48.036	331	165	5	10	335	4	332	8.03e-105	313
OTCace	P06960	49.689	322	155	5	20	336	14	333	2.66e-104	312
OTCace	B2VL36	46.951	328	167	4	13	335	7	332	4.34e-104	311
OTCace	Q8RCA4	50.459	327	142	3	10	335	5	312	2.28e-103	309
OTCace	Q5F7E6	48.640	331	165	3	10	337	3	331	9.55e-103	308
OTCace	P75473	49.133	346	152	7	10	336	5	345	1.25e-102	308
OTCace	P21302	48.640	331	165	3	10	337	3	331	1.40e-102	307
OTCace	Q6AA77	46.386	332	171	4	10	336	5	334	1.15e-99	300
OTCace	A8F7Z9	47.385	325	151	3	12	335	7	312	1.84e-99	299
OTCace	A5IN78	47.401	327	152	3	10	335	5	312	1.45e-98	296
OTCace	A1KUZ7	48.640	331	165	3	10	337	3	331	1.30e-97	295
OTCace	B8D7Q5	44.745	333	176	5	8	335	3	332	2.05e-97	295
OTCace	P57449	44.745	333	176	5	8	335	3	332	2.05e-97	295
OTCace	B8D9F3	44.745	333	176	5	8	335	3	332	2.50e-97	294
OTCace	Q9JTI4	48.640	331	165	3	10	337	3	331	2.95e-97	294
OTCace	P96108	47.095	327	153	3	10	335	5	312	5.20e-97	293
OTCace	E6N013	48.338	331	166	3	10	337	3	331	9.03e-97	293
OTCace	P0DH57	48.338	331	166	3	10	337	3	331	9.03e-97	293
OTCace	Q0T9E0	49.488	293	142	4	10	298	5	295	2.04e-96	291
OTCace	Q7VQT3	43.155	336	178	5	8	335	2	332	1.40e-95	290
OTCace	Q8EVF5	45.748	341	167	7	10	336	5	341	4.85e-95	289
OTCace	P59100	42.943	333	183	4	8	335	2	332	6.31e-95	288
OTCace	P68746	45.122	328	170	5	10	335	6	325	8.34e-93	282
OTCace	P68747	45.122	328	170	5	10	335	6	325	8.34e-93	282
OTCace	Q89AG1	40.841	333	190	4	8	335	2	332	3.21e-90	276
OTCace	Q01322	49.621	264	128	3	60	320	1	262	6.31e-84	258
OTCace	Q01326	50.000	264	127	3	60	320	1	262	7.27e-84	257
OTCace	Q01323	48.485	264	131	3	60	320	1	262	3.05e-82	253
OTCace	Q01324	49.242	264	129	3	60	320	1	262	5.08e-82	253
OTCace	Q01325	48.485	264	131	3	60	320	1	262	3.51e-79	245
OTCace	Q01327	48.485	264	131	3	60	320	1	262	4.13e-79	245
OTCace	A4XLM2	41.159	328	170	5	13	338	2	308	1.20e-77	243
OTCace	Q5JI16	41.463	328	170	5	12	338	7	313	3.02e-77	242
OTCace	Q9R3D1	51.709	234	108	3	75	305	1	232	7.75e-77	238
OTCace	A8ACB1	39.820	334	174	5	10	341	3	311	2.20e-76	240
OTCace	Q9YAE7	40.476	336	169	7	10	341	6	314	3.76e-76	239
OTCace	Q3A9W4	39.329	328	177	4	10	336	5	311	5.91e-75	236
OTCace	Q8ET05	40.299	335	178	4	4	337	9	322	7.90e-75	236
OTCace	O86412	50.427	234	111	3	75	305	1	232	8.62e-75	233
OTCace	O86385	50.000	234	112	3	75	305	1	232	1.62e-74	232
OTCace	P31326	39.634	328	174	6	10	335	33	338	1.82e-74	236
OTCace	O86408	49.573	234	113	3	75	305	1	232	7.31e-74	231
OTCace	O93656	39.394	330	178	5	10	338	5	313	8.25e-74	233
OTCace	Q51742	38.788	330	180	5	10	338	5	313	6.19e-73	231
OTCace	P84010	39.024	328	176	6	10	335	38	343	7.74e-73	232
OTCace	P18186	40.000	330	172	6	7	335	6	310	1.26e-72	231
OTCace	P00481	37.500	344	184	6	1	335	21	342	2.28e-72	231
OTCace	O86376	48.718	234	115	3	75	305	1	232	3.15e-72	226
OTCace	O58457	37.879	330	183	4	10	338	5	313	1.34e-71	228
OTCace	O19072	37.920	327	181	4	10	335	11	316	2.21e-71	228
OTCace	P11725	37.879	330	183	4	7	335	34	342	3.07e-71	228
OTCace	P00480	37.901	343	184	6	1	335	21	342	3.07e-71	228
OTCace	O27495	38.558	319	173	5	21	338	5	301	5.71e-71	226
OTCace	Q465R0	39.688	320	167	5	13	331	3	297	7.80e-71	225
OTCace	Q97C32	40.123	324	169	6	13	335	4	303	7.92e-71	225
OTCace	Q9N1U7	38.415	328	178	6	10	335	37	342	8.09e-71	227
OTCace	Q8TKT5	40.312	320	165	5	13	331	3	297	1.24e-70	225
OTCace	A3CU82	37.651	332	171	7	1	331	1	297	1.25e-70	225
OTCace	Q8Q0J1	40.625	320	164	5	13	331	3	297	1.34e-70	225
OTCace	O86415	48.291	234	116	3	75	305	1	232	1.37e-70	222
OTCace	A2BM26	40.122	329	171	5	12	336	7	313	3.55e-70	224
OTCace	A5UMK3	41.216	296	152	4	37	331	22	296	1.07e-69	223
OTCace	O86404	47.863	234	117	3	75	305	1	232	1.18e-69	220
OTCace	B7GM02	38.838	327	178	5	10	335	9	314	1.19e-68	220
OTCace	Q55497	38.788	330	170	8	10	336	6	306	6.01e-68	218
OTCace	Q9YHY9	36.474	329	185	5	9	335	36	342	6.14e-68	219
OTCace	A7I3W8	40.187	321	167	5	13	332	2	298	1.45e-67	217
OTCace	Q731G7	36.196	326	183	4	13	338	12	312	2.15e-67	217
OTCace	Q635F4	36.170	329	185	4	13	341	12	315	2.81e-67	217
OTCace	Q5N1N8	38.671	331	173	7	10	338	3	305	5.47e-67	216
OTCace	Q935Y4	38.671	331	173	7	10	338	3	305	5.47e-67	216
OTCace	Q6HE32	36.449	321	179	4	13	333	12	307	5.78e-67	216
OTCace	Q818W3	35.866	329	186	4	13	341	12	315	6.95e-67	216
OTCace	Q971Y3	39.024	328	177	4	9	335	1	306	6.99e-67	215
OTCace	Q81M99	36.196	326	183	4	13	338	12	312	8.08e-67	216
OTCace	C3LJQ5	36.196	326	183	4	13	338	12	312	8.08e-67	216
OTCace	C3P7R4	36.196	326	183	4	13	338	12	312	8.08e-67	216
OTCace	B9IXC5	36.196	326	183	4	13	338	12	312	8.90e-67	215
OTCace	B7HNP5	36.196	326	183	4	13	338	12	312	8.90e-67	215
OTCace	Q58291	39.474	304	159	6	29	330	17	297	1.20e-66	215
OTCace	Q8DJW4	37.500	336	182	7	1	335	1	309	2.49e-66	214
OTCace	C1ER02	35.890	326	184	4	13	338	12	312	9.42e-66	213
OTCace	Q74GU2	37.654	324	177	6	13	335	3	302	1.49e-65	212
OTCace	A2SQ85	36.446	332	175	7	1	331	1	297	3.22e-65	211
OTCace	O29013	38.462	325	174	6	13	336	2	301	6.11e-65	210
OTCace	Q3A1V3	37.389	337	175	6	1	336	1	302	7.61e-65	210
OTCace	Q6L135	40.575	313	160	6	25	336	14	301	1.52e-64	209
OTCace	Q67JZ8	38.390	323	177	5	10	331	4	305	3.82e-64	208
OTCace	Q30TL4	37.383	321	178	5	13	332	6	304	5.24e-64	208
OTCace	Q59283	38.507	335	174	8	11	337	6	316	9.15e-64	208
OTCace	A5CSJ2	38.318	321	173	6	13	331	3	300	1.02e-63	207
OTCace	O87319	38.110	328	171	9	12	336	6	304	1.90e-63	206
OTCace	Q39Z73	37.538	325	176	7	13	335	3	302	2.05e-63	206
OTCace	Q2NI83	38.435	294	159	4	39	331	24	296	2.36e-63	206
OTCace	Q7NGR7	37.460	315	171	5	24	337	23	312	7.37e-63	205
OTCace	A8LE44	37.152	323	180	6	12	332	3	304	1.29e-62	205
OTCace	A3DL27	40.588	340	164	9	10	341	5	314	1.49e-62	204
OTCace	A6UNM1	40.924	303	149	8	39	335	24	302	2.97e-62	203
OTCace	Q8YMM6	36.503	326	179	7	12	336	6	304	7.79e-62	202
OTCace	Q7V0J3	38.554	332	177	7	5	335	2	307	7.83e-62	202
OTCace	Q8FTN1	36.336	333	180	7	13	337	7	315	2.52e-61	201
OTCace	Q9HIK9	36.923	325	180	7	13	336	4	304	6.37e-61	200
OTCace	Q2FPP7	36.250	320	174	6	20	336	10	302	7.64e-61	200
OTCace	A0RR73	37.500	320	178	5	13	331	2	300	1.07e-60	199
OTCace	A0QYS8	35.826	321	181	5	13	331	3	300	1.40e-60	199
OTCace	B0RHD4	38.318	321	173	6	13	331	3	300	1.56e-60	199
OTCace	A1ATU5	35.890	326	184	6	13	337	3	304	1.97e-60	199
OTCace	A6Q1W6	37.037	324	175	6	13	332	2	300	2.07e-60	199
OTCace	A6VJK4	39.799	299	148	7	40	331	25	298	2.53e-60	198
OTCace	A4FYS5	39.799	299	148	7	40	331	25	298	4.67e-60	197
OTCace	Q3MB19	35.890	326	181	7	12	336	6	304	5.05e-60	197
OTCace	A6QC22	38.629	321	174	6	13	332	2	300	5.05e-60	197
OTCace	Q6LZS1	39.799	299	148	7	40	331	25	298	6.73e-60	197
OTCace	Q9K8V8	36.119	335	176	5	10	335	11	316	7.30e-60	197
OTCace	Q740I5	35.826	321	181	5	13	331	4	301	8.73e-60	197
OTCace	Q319M8	37.651	332	180	7	6	336	3	308	1.13e-59	197
OTCace	O50039	38.532	327	173	8	13	336	73	374	1.18e-59	199
OTCace	Q8ZW40	37.231	325	180	6	13	335	2	304	1.50e-59	196
OTCace	A3MWJ5	38.154	325	177	6	13	335	2	304	1.57e-59	196
OTCace	P59778	39.007	282	148	6	54	331	45	306	2.21e-59	196
OTCace	B7GTP2	39.007	282	148	6	54	331	45	306	2.68e-59	196
OTCace	P31317	36.145	332	183	6	13	337	8	317	5.03e-59	196
OTCace	A0QHB0	35.514	321	182	5	13	331	4	301	6.94e-59	195
OTCace	Q6AGC9	35.514	321	182	5	13	331	3	300	1.18e-58	194
OTCace	A9WQ88	35.913	323	184	4	13	332	3	305	1.32e-58	194
OTCace	P9WIT9	35.826	321	181	6	13	331	3	300	1.47e-58	194
OTCace	P9WIT8	35.826	321	181	6	13	331	3	300	1.47e-58	194
OTCace	A5U313	35.826	321	181	6	13	331	3	300	1.47e-58	194
OTCace	A1KJ73	35.826	321	181	6	13	331	3	300	1.47e-58	194
OTCace	P0A5M9	35.826	321	181	6	13	331	3	300	1.47e-58	194
OTCace	A7H345	37.461	323	172	8	13	332	2	297	1.90e-58	194
OTCace	B8DHF4	34.911	338	185	8	5	335	4	313	1.99e-58	194
OTCace	Q8EK29	37.762	286	154	5	47	331	34	296	2.16e-58	193
OTCace	Q7U5V5	36.667	330	182	6	10	338	15	318	2.25e-58	194
OTCace	Q7M8B5	36.137	321	182	5	13	332	2	300	2.33e-58	193
OTCace	Q43814	37.500	320	172	8	20	336	80	374	3.00e-58	195
OTCace	Q92BC1	35.088	342	186	9	1	335	1	313	3.41e-58	193
OTCace	Q9PNU6	38.080	323	170	8	13	332	2	297	4.04e-58	193
OTCace	Q6AR58	37.931	319	171	6	20	336	10	303	4.17e-58	192
OTCace	Q7VAW6	35.962	317	176	6	10	325	15	305	4.32e-58	193
OTCace	A6UTW9	37.304	319	173	7	15	330	3	297	4.68e-58	192
OTCace	Q5HUG8	37.461	323	172	8	13	332	2	297	5.11e-58	192
OTCace	A1RVH4	35.692	325	185	6	13	335	2	304	5.77e-58	192
OTCace	A1VZY2	37.461	323	172	8	13	332	2	297	6.83e-58	192
OTCace	A8FM43	37.461	323	172	8	13	332	2	297	7.85e-58	192
OTCace	Q4J8Z2	38.154	325	178	4	9	332	1	303	1.07e-57	192
OTCace	P96134	37.812	320	162	9	20	335	14	300	1.10e-57	191
OTCace	A4T9W6	36.395	294	165	4	40	331	27	300	1.15e-57	192
OTCace	A7ZCL8	36.562	320	178	6	13	331	2	297	2.59e-57	191
OTCace	Q8Y6U5	34.320	338	187	8	5	335	4	313	3.56e-57	191
OTCace	Q97ZM1	36.308	325	185	4	9	332	1	304	4.69e-57	190
OTCace	A5WDJ2	34.375	320	181	5	13	331	4	295	5.36e-57	190
OTCace	Q71Z80	34.320	338	187	8	5	335	4	313	6.57e-57	190
OTCace	P11724	35.625	320	177	7	13	331	4	295	7.42e-57	189
OTCace	A5V656	35.241	332	183	7	13	338	3	308	8.04e-57	189
OTCace	A0PP77	35.514	321	182	6	13	331	3	300	1.05e-56	189
OTCace	Q31I95	36.875	320	173	7	13	331	4	295	1.51e-56	189
OTCace	Q38ZL1	37.003	327	177	7	13	331	3	308	2.38e-56	189
OTCace	Q98BB6	37.143	315	173	5	22	336	13	302	3.08e-56	188
OTCace	Q1MLV9	35.962	317	178	4	22	338	13	304	3.60e-56	187
OTCace	A7GZL8	35.000	320	183	5	13	331	2	297	3.88e-56	187
OTCace	Q89VE8	36.102	313	175	5	20	332	13	300	5.07e-56	187
OTCace	Q4FT48	33.750	320	183	5	13	331	4	295	5.89e-56	187
OTCace	Q9RY70	36.637	333	179	11	9	338	1	304	8.53e-56	187
OTCace	Q8TWG4	36.810	326	178	8	15	336	11	312	1.26e-55	186
OTCace	P11066	37.349	332	171	10	10	324	41	352	1.41e-55	188
OTCace	Q9CC11	36.449	321	179	6	13	331	3	300	1.64e-55	186
OTCace	Q5LUT9	37.695	321	168	7	23	336	12	307	1.64e-55	186
OTCace	A5VNP2	37.700	313	170	5	23	335	18	305	2.72e-55	186
OTCace	A1TLB7	37.580	314	168	7	19	331	14	300	4.05e-55	185
OTCace	Q3SVB0	35.849	318	178	5	20	336	13	305	4.63e-55	185
OTCace	Q8YAS7	36.000	325	181	6	13	331	5	308	5.57e-55	186
OTCace	Q92S99	34.877	324	186	5	13	336	3	301	7.83e-55	184
OTCace	Q8G2L7	37.380	313	171	5	23	335	18	305	9.22e-55	184
OTCace	B2UML6	36.308	325	171	8	14	332	3	297	1.06e-54	184
OTCace	A0RUE9	36.111	324	179	7	10	333	3	298	1.28e-54	184
OTCace	Q725C8	35.890	326	182	6	13	332	5	309	1.28e-54	185
OTCace	C1KV77	35.890	326	182	6	13	332	5	309	1.28e-54	185
OTCace	Q3J8G0	35.331	317	176	5	20	335	11	299	1.82e-54	183
OTCace	Q0SI56	33.962	318	185	5	16	331	9	303	1.84e-54	184
OTCace	Q8YFA2	37.380	313	171	5	23	335	18	305	2.12e-54	183
OTCace	Q57F56	37.380	313	171	5	23	335	18	305	2.12e-54	183
OTCace	Q2YPH2	37.380	313	171	5	23	335	18	305	2.12e-54	183
OTCace	A0LUC1	34.161	322	186	6	13	332	3	300	4.03e-54	182
OTCace	Q1QAR3	34.062	320	182	6	13	331	4	295	5.81e-54	182
OTCace	Q7V8G9	36.061	330	184	8	10	338	15	318	6.68e-54	182
OTCace	Q07GY2	35.562	329	182	6	13	336	6	309	1.00e-53	182
OTCace	Q88NX4	35.514	321	178	7	12	331	3	295	1.04e-53	181
OTCace	Q1QQG6	36.164	318	177	7	20	336	13	305	1.55e-53	181
OTCace	C1ASZ8	35.593	295	168	4	39	331	29	303	2.13e-53	181
OTCace	Q9K4Z4	35.061	328	177	8	14	335	3	300	3.38e-53	180
OTCace	P14995	34.877	324	186	7	13	331	33	336	4.45e-53	181
OTCace	Q18E28	35.016	317	174	7	20	335	12	297	4.49e-53	179
OTCace	Q87XL4	32.628	331	194	7	12	341	3	305	4.86e-53	180
OTCace	Q7VHJ0	34.278	353	176	10	13	343	2	320	5.63e-53	180
OTCace	A3PHL6	36.760	321	169	9	24	336	13	307	6.77e-53	179
OTCace	B9KMW0	36.760	321	169	9	24	336	13	307	9.64e-53	179
OTCace	Q6N0J0	35.385	325	184	5	13	336	8	307	1.03e-52	179
OTCace	Q8UI70	35.312	320	179	5	20	336	9	303	1.41e-52	178
OTCace	Q7VTJ8	35.938	320	177	6	13	331	12	304	1.55e-52	179
OTCace	Q7W7H7	35.938	320	177	6	13	331	12	304	1.55e-52	179
OTCace	Q7WKW6	35.938	320	177	6	13	331	12	304	1.55e-52	179
OTCace	P0C2P3	35.207	338	179	10	5	324	28	343	1.71e-52	180
OTCace	P0C2P2	35.207	338	179	10	5	324	28	343	1.71e-52	180
OTCace	Q2G3J8	36.552	290	159	5	49	338	47	311	2.33e-52	178
OTCace	Q8XWC0	37.500	328	177	6	13	339	8	308	2.47e-52	178
OTCace	Q606D8	35.000	320	176	6	13	331	4	292	2.48e-52	177
OTCace	A1WUZ6	34.375	320	181	7	13	331	2	293	2.62e-52	177
OTCace	Q47BL9	36.306	314	172	7	19	331	10	296	3.09e-52	177
OTCace	Q3J4X5	36.449	321	170	9	24	336	13	307	3.22e-52	177
OTCace	Q9A653	33.642	324	183	7	21	338	13	310	3.81e-52	177
OTCace	Q9K4Y9	34.756	328	178	8	14	335	3	300	3.87e-52	177
OTCace	Q1GIW7	37.931	290	153	6	49	336	43	307	5.32e-52	177
OTCace	P96172	34.756	328	178	8	14	335	3	300	5.75e-52	177
OTCace	B2UBA4	37.082	329	177	7	13	339	8	308	1.17e-51	176
OTCace	Q2KZD0	35.312	320	179	5	13	331	12	304	1.48e-51	176
OTCace	Q2SRJ4	36.615	325	171	8	13	324	5	307	1.55e-51	177
OTCace	Q2LT98	33.333	321	187	8	13	331	3	298	1.72e-51	176
OTCace	Q837U7	34.441	331	189	7	13	337	3	311	2.01e-51	176
OTCace	A3M663	34.375	320	181	7	13	331	4	295	2.35e-51	175
OTCace	B0V6G5	34.375	320	181	7	13	331	4	295	2.40e-51	175
OTCace	Q6MSR6	36.308	325	172	8	13	324	5	307	2.42e-51	177
OTCace	Q9ZB62	36.086	327	186	6	10	335	7	311	2.44e-51	175
OTCace	Q7B9Y6	34.043	329	190	6	13	335	6	313	3.14e-51	176
OTCace	Q03NG2	34.043	329	190	6	13	335	4	311	3.39e-51	176
OTCace	Q6FCH8	33.750	320	183	7	13	331	4	295	7.44e-51	174
OTCace	Q02047	32.087	321	189	5	12	331	3	295	8.19e-51	174
OTCace	P11803	35.045	331	179	9	10	324	31	341	1.13e-50	175
OTCace	Q0C4M2	35.494	324	173	7	21	336	12	307	1.24e-50	173
OTCace	A1B3N7	36.562	320	171	9	24	336	13	307	1.37e-50	173
OTCace	Q03HM9	34.043	329	190	6	13	335	5	312	2.27e-50	174
OTCace	P05150	33.636	330	181	6	13	326	12	319	2.60e-50	174
OTCace	A1U324	32.087	321	189	6	12	331	3	295	2.62e-50	172
OTCace	Q7NWJ6	35.826	321	176	7	13	331	5	297	2.69e-50	172
OTCace	Q5P0Z8	35.312	320	179	7	13	331	5	297	3.70e-50	172
OTCace	Q8DW19	34.675	323	183	7	19	335	11	311	4.35e-50	173
OTCace	B7S4N1	34.985	323	182	7	19	335	11	311	5.27e-50	173
OTCace	A1K7J9	35.312	320	179	7	13	331	5	297	7.09e-50	172
OTCace	Q63WM2	35.312	320	179	6	13	331	7	299	1.83e-49	171
OTCace	Q62M76	35.312	320	179	6	13	331	7	299	1.83e-49	171
OTCace	Q48296	35.987	314	168	7	19	331	8	289	2.22e-49	170
OTCace	B4E9G6	35.000	320	180	5	13	331	7	299	4.16e-49	169
OTCace	A0K9X6	35.000	320	180	5	13	331	7	299	4.16e-49	169
OTCace	Q1BU60	35.000	320	180	5	13	331	7	299	4.16e-49	169
OTCace	Q1H0L0	35.294	323	169	7	20	335	11	300	4.71e-49	169
OTCace	O67607	35.211	284	160	6	49	331	37	297	5.12e-49	169
OTCace	Q0AEE3	34.663	326	185	6	11	335	2	300	7.48e-49	169
OTCace	Q6NHG6	33.134	335	188	7	13	337	8	316	9.00e-49	169
OTCace	Q169P2	34.375	320	178	8	24	336	13	307	2.25e-48	167
OTCace	Q82UP4	34.049	326	187	6	11	335	2	300	2.60e-48	167
OTCace	Q1QVM7	32.710	321	186	7	13	331	4	296	6.16e-48	166
OTCace	Q39DI7	34.375	320	182	5	13	331	7	299	7.29e-48	166
OTCace	Q9CEY4	34.154	325	186	7	13	331	7	309	3.12e-47	166
OTCace	P0CL21	32.754	345	192	9	13	337	20	344	4.84e-47	165
OTCace	Q46XK9	35.737	319	165	7	20	331	14	299	9.46e-47	163
OTCace	Q1LJA1	33.956	321	184	6	20	339	14	307	1.39e-46	163
OTCace	B3R6D6	35.093	322	179	8	20	339	14	307	2.74e-46	162
OTCace	Q7UQZ6	35.061	328	180	8	13	335	3	302	2.90e-46	162
OTCace	A1AWA3	32.588	313	182	5	20	331	10	294	1.52e-45	160
OTCace	P78605	33.934	333	168	7	33	336	49	358	4.09e-45	161
OTCace	A4G3H2	34.286	315	174	8	20	331	11	295	6.41e-43	153
OTCace	Q30YB7	34.859	284	159	7	49	331	36	294	7.88e-43	153
OTCace	A9ERU2	32.229	332	189	9	13	336	4	307	3.53e-42	151
OTCace	Q8KDE2	31.672	341	205	7	1	337	1	317	5.72e-42	152
OTCace	A1VEP9	33.559	295	172	4	37	331	24	294	1.14e-41	150
OTCace	Q72D35	33.559	295	172	4	37	331	24	294	1.14e-41	150
OTCace	Q8F2D1	29.882	338	187	12	13	335	7	309	3.84e-32	125
OTCace	Q72T26	29.882	338	187	12	13	335	7	309	3.84e-32	125
OTCace	Q8P8J2	30.833	360	185	15	13	336	4	335	7.45e-27	111
OTCace	Q8PK25	30.252	357	185	15	13	333	4	332	5.57e-25	106
OTCace	Q5JHM9	30.657	274	180	6	10	280	3	269	5.68e-25	105
OTCace	P77918	29.305	331	203	9	10	336	3	306	3.71e-24	103
OTCace	A3MY52	29.730	296	186	9	12	299	4	285	8.24e-24	102
OTCace	O58451	29.003	331	204	9	10	336	3	306	1.32e-23	102
OTCace	A4WGX8	29.293	297	188	9	9	297	1	283	5.99e-23	100
OTCace	Q46DA6	28.060	335	201	9	10	336	3	305	6.17e-23	100
OTCace	Q8ZYH7	28.667	300	187	10	9	295	1	286	1.06e-22	99.8
OTCace	A1RTF7	27.333	300	191	10	9	295	1	286	1.18e-22	99.4
OTCace	C5A2H1	28.012	332	210	7	10	338	3	308	1.46e-22	99.4
OTCace	Q8U373	28.701	331	205	9	10	336	3	306	3.46e-22	98.2
OTCace	Q9PEN0	28.611	360	187	16	13	333	4	332	5.49e-22	98.2
OTCace	B0TST3	28.024	339	203	11	8	339	3	307	1.28e-21	96.7
OTCace	Q87EL4	28.333	360	188	15	13	333	4	332	1.62e-21	97.1
OTCace	A0B8L1	33.188	229	144	6	9	234	1	223	1.64e-21	96.3
OTCace	Q8TVB2	31.047	277	175	10	10	280	4	270	2.27e-21	95.9
OTCace	B6YXW4	30.435	276	178	9	10	280	3	269	2.31e-21	95.9
OTCace	O30130	28.676	272	178	7	13	280	3	262	2.47e-21	95.5
OTCace	Q2NIC0	27.719	285	184	8	10	286	3	273	3.20e-21	95.5
OTCace	B1Y9R0	27.622	286	185	9	9	286	1	272	5.27e-21	94.7
OTCace	Q91437	26.586	331	211	7	10	336	1938	2240	1.84e-20	96.3
OTCace	Q8PXK5	26.488	336	207	9	9	336	3	306	1.91e-20	93.6
OTCace	B0TSQ4	27.679	336	208	10	8	339	3	307	2.41e-20	93.2
OTCace	A2BJ24	27.844	334	208	9	10	337	7	313	4.97e-20	92.4
OTCace	B0TPF3	27.059	340	205	11	8	339	3	307	1.02e-19	91.3
OTCace	P20054	27.035	344	205	11	4	336	1914	2222	1.40e-19	93.6
OTCace	A3CW66	26.603	312	194	11	15	322	4	284	2.40e-19	90.1
OTCace	A6TVR2	27.434	339	199	12	10	336	3	306	3.31e-19	90.1
OTCace	Q7P145	26.444	329	202	11	13	335	4	298	5.95e-19	89.0
OTCace	A4G0R3	27.645	293	188	9	13	297	2	278	8.48e-19	88.6
OTCace	Q97FS3	26.048	334	216	8	9	338	1	307	8.56e-19	88.6
OTCace	A5UMP0	26.936	297	196	8	9	297	4	287	1.67e-18	88.2
OTCace	Q24TJ1	28.571	308	194	10	13	314	6	293	2.94e-18	87.4
OTCace	B8FT13	28.571	308	194	10	13	314	6	293	2.94e-18	87.4
OTCace	A6UQU0	30.350	257	155	8	49	297	38	278	3.96e-18	86.7
OTCace	Q6G3F3	30.802	237	149	6	1	233	1	226	4.80e-18	86.7
OTCace	Q8THL2	26.488	336	207	9	9	336	2	305	5.32e-18	86.7
OTCace	A5EVP6	29.930	284	171	9	12	280	5	275	5.37e-18	87.0
OTCace	Q1GUN0	29.437	231	147	5	8	233	30	249	5.41e-18	87.0
OTCace	P05990	27.219	338	201	10	10	336	1915	2218	5.70e-18	89.0
OTCace	Q0BZU6	30.131	229	144	7	10	233	10	227	7.86e-18	86.3
OTCace	A1A1F7	33.161	193	115	7	12	196	3	189	1.16e-17	85.9
OTCace	Q2RK43	30.702	228	143	6	10	233	3	219	1.18e-17	85.5
OTCace	Q07L79	31.004	229	143	6	9	233	10	227	1.35e-17	85.5
OTCace	Q0W5I2	26.032	315	201	8	10	320	3	289	1.43e-17	85.1
OTCace	Q215Y5	31.441	229	142	6	9	233	10	227	1.67e-17	85.1
OTCace	A4SHP8	25.298	336	207	11	8	335	3	302	1.85e-17	85.1
OTCace	B2RQC6	25.444	338	206	10	12	338	1923	2225	1.98e-17	87.4
OTCace	O93937	29.021	286	169	11	10	280	1952	2218	2.04e-17	87.0
OTCace	Q6LWQ0	31.841	201	128	6	13	206	2	200	2.17e-17	84.7
OTCace	C0QJ55	29.694	229	146	7	10	234	3	220	2.46e-17	84.7
OTCace	P27708	25.000	336	210	9	12	338	1923	2225	3.13e-17	86.7
OTCace	A0Q2N5	26.647	334	209	9	9	336	1	304	3.25e-17	84.3
OTCace	C4LBX2	26.126	333	209	11	8	335	3	303	3.32e-17	84.3
OTCace	Q5F5P0	27.164	335	202	12	8	335	3	302	3.38e-17	84.3
OTCace	Q9YBD4	29.329	283	186	7	8	286	4	276	3.46e-17	84.3
OTCace	A3DE08	30.901	233	138	8	9	233	2	219	3.67e-17	84.3
OTCace	A8MAC7	28.523	298	182	11	13	295	6	287	3.76e-17	84.0
OTCace	Q0BTZ5	30.493	223	140	6	15	233	8	219	4.53e-17	84.0
OTCace	C1D9A7	26.409	337	206	13	7	335	2	304	5.79e-17	83.6
OTCace	A9A906	31.343	201	129	6	13	206	2	200	6.29e-17	83.2
OTCace	B6JFV4	30.131	229	145	6	9	233	10	227	6.37e-17	83.6
OTCace	B2IEN5	29.825	228	145	6	10	233	11	227	7.16e-17	83.6
OTCace	Q135I5	31.004	229	143	7	9	233	10	227	7.89e-17	83.2
OTCace	Q2IXD1	31.004	229	143	7	9	233	10	227	9.03e-17	83.2
OTCace	Q8R9R5	27.243	301	199	9	13	308	4	289	9.88e-17	82.8
OTCace	A5D1A5	28.509	228	148	7	12	235	5	221	1.01e-16	82.8
OTCace	A9M469	26.567	335	204	11	8	335	3	302	1.12e-16	82.8
OTCace	P08955	25.298	336	209	9	12	338	1923	2225	1.41e-16	84.7
OTCace	B1I4N1	33.684	190	122	4	13	198	4	193	1.54e-16	82.4
OTCace	A0KQG0	24.702	336	209	11	8	335	3	302	1.55e-16	82.4
OTCace	Q01V56	32.159	227	133	8	15	233	5	218	1.61e-16	82.0
OTCace	A8MIU1	25.664	339	213	11	10	340	3	310	2.10e-16	82.4
OTCace	P07259	31.250	192	128	4	8	196	1906	2096	2.15e-16	84.0
OTCace	B3Q9X4	30.568	229	144	6	9	233	10	227	2.44e-16	82.0
OTCace	Q6N565	30.568	229	144	6	9	233	10	227	2.44e-16	82.0
OTCace	Q12ZP0	25.442	283	198	7	10	288	3	276	2.55e-16	81.6
OTCace	A1KRE1	26.269	335	205	11	8	335	3	302	2.67e-16	81.6
OTCace	Q89K19	29.694	229	146	6	9	233	8	225	2.76e-16	81.6
OTCace	A4SDL1	30.165	242	140	10	49	280	40	262	2.99e-16	81.6
OTCace	Q8XL59	27.219	338	203	13	9	336	1	305	3.18e-16	81.3
OTCace	O27464	27.574	272	181	7	14	280	4	264	3.34e-16	81.3
OTCace	Q8KBI7	36.601	153	94	3	49	198	40	192	3.65e-16	81.3
OTCace	A5UX78	29.956	227	148	4	13	235	15	234	3.92e-16	81.3
# PSIBLAST 2.6.0+
# Iteration: 2
# Query: OTCace | Q8G998.1 | WP_003552004.1 | 99.39%
# Database: /home/alex/Documents/data/local_db/swissprot
# Fields: query acc.ver, subject acc.ver, % identity, alignment length, mismatches, gap opens, q. start, q. end, s. start, s. end, evalue, bit score
# 1050 hits found
OTCace	Q8G998	100.000	343	0	0	1	343	1	343	0.0	536
OTCace	Q03NY9	92.105	342	27	0	1	342	1	342	0.0	521
OTCace	Q6TK73	75.595	336	79	2	9	343	4	337	0.0	515
OTCace	C0MBK6	74.107	336	84	2	9	343	4	337	0.0	513
OTCace	C0MD77	74.107	336	84	2	9	343	4	337	0.0	512
OTCace	B4U1S2	74.107	336	84	2	9	343	4	337	0.0	512
OTCace	Q8RP83	72.917	336	88	2	9	343	4	337	0.0	511
OTCace	P65606	72.619	336	89	2	9	343	4	337	0.0	510
OTCace	P65605	72.619	336	89	2	9	343	4	337	0.0	510
OTCace	B5XMC1	75.000	336	81	2	9	343	4	337	0.0	510
OTCace	A2RDJ1	75.000	336	81	2	9	343	4	337	0.0	510
OTCace	Q1J5Q6	75.000	336	81	2	9	343	4	337	0.0	510
OTCace	Q1JFZ1	75.000	336	81	2	9	343	4	337	0.0	510
OTCace	Q1JKW5	75.000	336	81	2	9	343	4	337	0.0	510
OTCace	Q1JAR4	75.000	336	81	2	9	343	4	337	0.0	510
OTCace	P0DC83	75.000	336	81	2	9	343	4	337	0.0	510
OTCace	P65610	75.000	336	81	2	9	343	4	337	0.0	510
OTCace	Q5XAY4	75.000	336	81	2	9	343	4	337	0.0	510
OTCace	P0DC82	75.000	336	81	2	9	343	4	337	0.0	510
OTCace	P0C0D0	75.000	336	81	2	9	343	4	337	0.0	510
OTCace	B9DUY9	71.429	336	93	2	9	343	4	337	0.0	508
OTCace	Q8VW55	76.676	343	80	0	1	343	9	351	0.0	507
OTCace	A4VU03	73.294	337	87	2	8	343	3	337	0.0	506
OTCace	A4W094	73.294	337	87	2	8	343	3	337	0.0	506
OTCace	Q8GG79	73.294	337	87	2	8	343	3	337	0.0	506
OTCace	B5E3F8	72.189	338	91	2	7	343	3	338	9.88e-180	503
OTCace	C1CU67	72.189	338	91	2	7	343	3	338	3.23e-179	502
OTCace	C1CHE7	72.189	338	91	2	7	343	3	338	3.23e-179	502
OTCace	B2INH0	72.189	338	91	2	7	343	3	338	3.23e-179	502
OTCace	B8ZPY8	72.189	338	91	2	7	343	3	338	3.23e-179	502
OTCace	B1I9W1	72.189	338	91	2	7	343	3	338	3.23e-179	502
OTCace	C1CAZ4	72.189	338	91	2	7	343	3	338	3.23e-179	502
OTCace	Q04I25	72.189	338	91	2	7	343	3	338	3.23e-179	502
OTCace	P65608	72.189	338	91	2	7	343	3	338	3.23e-179	502
OTCace	P65607	72.189	338	91	2	7	343	3	338	3.23e-179	502
OTCace	Q8GND4	71.893	338	92	2	7	343	3	338	4.89e-179	502
OTCace	Q839Q5	76.036	338	80	1	7	343	2	339	6.38e-179	501
OTCace	O86132	64.242	330	115	2	10	338	7	334	1.98e-177	498
OTCace	Q73E86	61.261	333	122	3	7	338	5	331	1.83e-175	492
OTCace	P0C2U0	75.581	344	83	1	1	343	6	349	3.46e-175	493
OTCace	Q9K575	75.000	344	85	1	1	343	6	349	3.78e-175	493
OTCace	Q6HP28	61.194	335	122	4	5	338	4	331	1.65e-174	490
OTCace	Q81II0	60.961	333	123	3	7	338	5	331	1.99e-174	490
OTCace	P0C2U1	74.709	344	86	1	1	343	6	349	2.54e-174	490
OTCace	P57876	49.245	331	162	3	10	336	5	333	3.99e-174	489
OTCace	Q73P70	55.015	329	143	2	10	336	13	338	4.44e-173	486
OTCace	A7MSD8	53.776	331	147	4	10	336	5	333	2.42e-172	484
OTCace	C3LR49	51.057	331	156	3	10	336	5	333	5.44e-172	484
OTCace	Q9KP68	51.057	331	156	3	10	336	5	333	5.44e-172	484
OTCace	A0KQG4	51.506	332	155	4	10	337	5	334	1.46e-171	482
OTCace	A5I524	53.172	331	150	3	10	337	4	332	2.48e-171	482
OTCace	A7FWM4	53.172	331	150	3	10	337	4	332	2.48e-171	482
OTCace	Q87LF9	53.776	331	147	4	10	336	5	333	3.66e-171	481
OTCace	O53089	73.887	337	84	3	7	342	3	336	5.24e-171	481
OTCace	C1FTE9	53.172	331	150	3	10	337	4	332	7.51e-171	481
OTCace	Q6LUW9	51.351	333	154	5	10	336	5	335	8.74e-171	481
OTCace	P0C6P3	57.530	332	136	3	10	338	4	333	1.02e-170	480
OTCace	Q6GHR7	57.530	332	136	3	10	338	4	333	1.02e-170	480
OTCace	P99073	57.530	332	136	3	10	338	4	333	1.02e-170	480
OTCace	P0A099	57.530	332	136	3	10	338	4	333	1.02e-170	480
OTCace	C3L179	52.870	331	151	3	10	337	4	332	1.15e-170	480
OTCace	B1IJJ6	52.870	331	151	3	10	337	4	332	1.16e-170	480
OTCace	P65602	63.205	337	121	2	1	336	1	335	1.34e-170	480
OTCace	P65601	63.205	337	121	2	1	336	1	335	1.34e-170	480
OTCace	Q8NUK8	63.205	337	121	2	1	336	1	335	1.46e-170	480
OTCace	Q6G640	63.205	337	121	2	1	336	1	335	1.46e-170	480
OTCace	Q5HCR3	63.205	337	121	2	1	336	1	335	1.46e-170	480
OTCace	Q6GDG8	62.908	337	122	2	1	336	1	335	1.54e-170	480
OTCace	Q8NX44	57.229	332	137	3	10	338	4	333	1.99e-170	479
OTCace	Q6GA45	57.229	332	137	3	10	338	4	333	1.99e-170	479
OTCace	B1KXQ3	52.870	331	151	3	10	337	4	332	2.27e-170	479
OTCace	A7GGI0	52.870	331	151	3	10	337	4	332	2.27e-170	479
OTCace	A6QG68	57.530	332	136	3	10	338	4	333	2.40e-170	479
OTCace	Q5HGR3	57.530	332	136	3	10	338	4	333	2.40e-170	479
OTCace	A4SHP4	51.205	332	156	4	10	337	5	334	2.62e-170	479
OTCace	Q8DCF5	51.360	331	155	4	10	336	5	333	2.65e-170	479
OTCace	A4TQQ1	49.405	336	163	4	8	338	2	335	8.58e-170	478
OTCace	Q1CM06	49.405	336	163	4	8	338	2	335	8.58e-170	478
OTCace	Q8ZBG8	49.405	336	163	4	8	338	2	335	8.58e-170	478
OTCace	P0C0N1	56.325	332	140	3	10	338	4	333	8.91e-170	478
OTCace	Q97M82	50.904	332	158	3	10	338	4	333	1.22e-169	477
OTCace	B7J0T6	53.517	327	149	1	10	336	4	327	1.24e-169	477
OTCace	O51782	53.517	327	149	1	10	336	4	327	1.24e-169	477
OTCace	O93656	38.788	330	180	4	10	338	5	313	1.27e-169	477
OTCace	O58457	37.879	330	183	4	10	338	5	313	1.34e-169	477
OTCace	Q7MHF2	51.057	331	156	4	10	336	5	333	1.78e-169	477
OTCace	Q5E7U4	52.870	331	150	3	10	336	5	333	2.67e-169	477
OTCace	A7FMM5	49.107	336	164	4	8	338	2	335	4.68e-169	476
OTCace	Q4L9V8	58.182	330	133	3	10	336	4	331	5.12e-169	476
OTCace	Q66F14	49.107	336	164	4	8	338	2	335	8.01e-169	476
OTCace	Q5JI16	40.606	330	174	4	10	338	5	313	1.40e-168	474
OTCace	Q8FAE1	50.000	332	160	3	10	337	5	334	2.81e-168	474
OTCace	Q51742	38.182	330	182	4	10	338	5	313	4.95e-168	473
OTCace	Q0SM07	53.049	328	150	2	10	336	4	328	4.98e-168	473
OTCace	O51897	53.049	328	150	2	10	336	4	328	4.98e-168	473
OTCace	Q8CU41	57.879	330	134	3	10	336	4	331	1.40e-167	472
OTCace	Q8ZK35	50.904	332	157	3	10	337	5	334	1.89e-167	472
OTCace	Q8CMW2	61.721	337	126	2	1	336	1	335	1.89e-167	472
OTCace	A6TWW1	54.573	328	145	3	10	335	5	330	3.05e-167	471
OTCace	Q65TN0	49.096	332	162	4	10	336	5	334	5.11e-167	471
OTCace	Q8Z127	50.904	332	157	3	10	337	5	334	8.18e-167	471
OTCace	Q3A9W4	39.329	328	177	4	10	336	5	311	1.54e-166	469
OTCace	Q6DA71	48.649	333	164	4	9	336	3	333	2.99e-166	469
OTCace	P08308	53.453	333	148	4	11	338	6	336	3.98e-166	469
OTCace	Q8FAD6	47.904	334	167	4	8	336	2	333	7.07e-166	468
OTCace	P65604	53.474	331	149	3	10	337	4	332	1.34e-165	467
OTCace	P65603	53.474	331	149	3	10	337	4	332	1.34e-165	467
OTCace	Q47NE4	55.422	332	142	4	10	337	5	334	1.49e-165	467
OTCace	Q88P53	51.051	333	156	4	11	338	6	336	2.37e-165	467
OTCace	Q9ZIX8	48.795	332	163	4	10	336	5	334	4.59e-165	466
OTCace	A7ZVD3	47.619	336	169	4	8	338	2	335	9.97e-165	465
OTCace	Q9CHD1	66.964	336	107	3	9	343	1	333	1.02e-164	465
OTCace	Q5F7E6	48.640	331	165	3	10	337	3	331	1.09e-164	465
OTCace	A5UHA3	51.964	331	152	4	11	336	6	334	1.29e-164	465
OTCace	P44770	51.360	331	154	4	11	336	6	334	1.50e-164	465
OTCace	Q65ZT0	53.211	327	150	1	10	336	4	327	2.08e-164	464
OTCace	B7MLQ9	47.748	333	167	4	8	335	2	332	2.13e-164	464
OTCace	Q3YU98	47.447	333	168	4	8	335	2	332	2.77e-164	464
OTCace	B0BQQ2	51.506	332	154	4	10	336	5	334	2.89e-164	464
OTCace	B3GY96	51.506	332	154	4	10	336	5	334	2.89e-164	464
OTCace	A3N1W5	51.506	332	154	4	10	336	5	334	2.89e-164	464
OTCace	Q8XCB8	47.447	333	168	4	8	335	2	332	3.12e-164	464
OTCace	Q83IM2	47.321	336	170	4	8	338	2	335	3.63e-164	464
OTCace	Q7NRK0	49.102	334	162	5	10	337	5	336	4.75e-164	464
OTCace	Q0SXJ4	47.321	336	170	4	8	338	2	335	6.13e-164	463
OTCace	P21302	48.640	331	165	3	10	337	3	331	6.16e-164	463
OTCace	Q936V7	51.051	333	156	4	11	338	6	336	6.67e-164	463
OTCace	B7NGI6	47.447	333	168	4	8	335	2	332	7.57e-164	463
OTCace	B1ISV4	47.447	333	168	4	8	335	2	332	7.57e-164	463
OTCace	A8A810	47.447	333	168	4	8	335	2	332	7.57e-164	463
OTCace	B7M9L3	47.447	333	168	4	8	335	2	332	7.57e-164	463
OTCace	B7LCW4	47.447	333	168	4	8	335	2	332	7.57e-164	463
OTCace	Q31TJ4	47.748	333	167	4	8	335	2	332	7.99e-164	463
OTCace	B2VL36	46.246	333	172	4	8	335	2	332	8.13e-164	463
OTCace	P04391	47.147	333	169	4	8	335	2	332	1.86e-163	462
OTCace	Q328S8	47.447	333	168	4	8	335	2	332	9.48e-163	460
OTCace	Q7MZ18	45.970	335	174	4	8	337	2	334	1.07e-162	460
OTCace	B2G653	55.455	330	142	3	10	336	5	332	1.57e-162	460
OTCace	A5VIM0	55.455	330	142	3	10	336	5	332	1.57e-162	460
OTCace	Q03DS0	54.381	331	146	3	10	337	5	333	3.15e-162	459
OTCace	O31018	49.699	332	161	4	10	337	5	334	9.44e-162	458
OTCace	Q08016	50.150	333	159	4	8	335	2	332	3.11e-161	456
OTCace	P06960	47.892	332	166	4	10	336	4	333	6.00e-161	456
OTCace	Q9JTI4	48.640	331	165	3	10	337	3	331	1.19e-160	455
OTCace	Q8Z123	50.150	333	159	4	8	335	2	332	1.75e-160	454
OTCace	Q92ZT1	49.699	332	161	4	10	337	5	334	1.81e-160	454
OTCace	Q62KD8	49.701	334	161	4	10	338	5	336	2.67e-160	454
OTCace	Q63U72	49.701	334	161	4	10	338	5	336	2.95e-160	454
OTCace	Q6AA77	46.386	332	171	4	10	336	5	334	6.73e-160	453
OTCace	A1KUZ7	48.640	331	165	3	10	337	3	331	1.67e-159	452
OTCace	E6N013	48.338	331	166	3	10	337	3	331	2.20e-159	452
OTCace	P0DH57	48.338	331	166	3	10	337	3	331	2.20e-159	452
OTCace	Q7VP68	49.096	332	162	4	10	336	5	334	3.92e-159	451
OTCace	O08322	61.012	336	128	2	7	341	2	335	5.59e-159	451
OTCace	Q6LG09	50.301	332	158	4	10	337	5	333	1.22e-158	450
OTCace	P96108	47.095	327	153	3	10	335	5	312	6.57e-158	447
OTCace	A4XLM2	41.159	328	170	5	13	338	2	308	7.63e-158	447
OTCace	A5IN78	47.546	326	151	3	11	335	6	312	1.70e-157	446
OTCace	Q8ET05	40.000	335	179	4	4	337	9	322	7.01e-157	445
OTCace	Q93JF1	51.045	335	159	3	5	336	3	335	2.61e-156	444
OTCace	A2BM26	39.157	332	180	4	7	336	2	313	1.10e-155	442
OTCace	P0C2E4	50.453	331	157	4	10	337	5	331	2.57e-155	441
OTCace	Q0TUR4	50.453	331	157	4	10	337	5	331	2.57e-155	441
OTCace	Q0SWK5	50.606	330	156	4	10	336	5	330	3.20e-155	441
OTCace	B7GM02	37.805	328	182	4	9	335	8	314	3.45e-155	440
OTCace	P18186	38.182	330	178	5	7	335	6	310	4.80e-155	440
OTCace	Q9K8V8	36.086	327	187	4	10	335	11	316	2.17e-154	439
OTCace	A8F7Z9	46.483	327	155	3	10	335	5	312	4.50e-154	437
OTCace	Q74GU2	37.037	324	179	5	13	335	3	302	7.15e-154	437
OTCace	O29013	37.846	325	176	5	13	336	2	301	8.90e-154	436
OTCace	Q8Q0J1	40.123	324	168	5	13	335	3	301	1.67e-153	435
OTCace	P59779	51.768	311	145	2	10	318	5	312	1.72e-153	436
OTCace	Q465R0	39.198	324	171	5	13	335	3	301	2.20e-153	435
OTCace	Q67JZ8	37.500	328	183	4	10	336	4	310	5.40e-153	434
OTCace	Q8TKT5	39.815	324	169	5	13	335	3	301	6.54e-152	432
OTCace	O27495	38.532	327	173	7	13	338	2	301	1.14e-151	431
OTCace	A1ATU5	35.276	326	186	5	13	337	3	304	2.37e-151	430
OTCace	Q39Z73	36.420	324	181	5	13	335	3	302	4.40e-151	429
OTCace	Q8RCA4	51.070	327	140	3	10	335	5	312	2.16e-150	428
OTCace	Q9YAE7	39.024	328	178	4	10	335	6	313	7.38e-150	427
OTCace	Q635F4	35.866	329	186	4	13	341	12	315	1.51e-149	426
OTCace	A3CU82	36.503	326	181	5	13	337	3	303	1.73e-149	425
OTCace	Q818W3	35.562	329	187	4	13	341	12	315	1.90e-149	426
OTCace	A2SQ85	35.494	324	183	5	13	335	3	301	8.18e-149	424
OTCace	Q731G7	35.890	326	184	4	13	338	12	312	1.12e-148	424
OTCace	B9IXC5	35.890	326	184	4	13	338	12	312	1.26e-148	424
OTCace	B7HNP5	35.890	326	184	4	13	338	12	312	1.26e-148	424
OTCace	Q6HE32	35.913	323	182	4	13	335	12	309	1.81e-148	423
OTCace	B8D9F3	44.444	333	178	4	8	335	2	332	3.93e-148	423
OTCace	Q3A1V3	37.538	325	177	5	13	336	3	302	4.05e-148	422
OTCace	B8D7Q5	44.144	333	179	4	8	335	2	332	4.29e-148	423
OTCace	P57449	44.144	333	179	4	8	335	2	332	6.43e-148	423
OTCace	Q81M99	35.890	326	184	4	13	338	12	312	9.75e-148	422
OTCace	C3LJQ5	35.890	326	184	4	13	338	12	312	9.75e-148	422
OTCace	C3P7R4	35.890	326	184	4	13	338	12	312	9.75e-148	422
OTCace	P59100	42.943	333	183	4	8	335	2	332	1.09e-147	422
OTCace	A8ACB1	39.939	328	175	4	10	335	3	310	1.34e-147	421
OTCace	Q7M8B5	35.913	323	184	5	13	334	2	302	1.76e-147	420
OTCace	C1ER02	35.583	326	185	4	13	338	12	312	1.94e-147	421
OTCace	Q82KQ4	51.045	335	159	3	5	336	3	335	1.95e-147	421
OTCace	Q8DVC9	55.891	331	140	4	9	338	1	326	5.04e-147	420
OTCace	A5UMK3	39.009	323	171	6	14	335	3	300	1.65e-146	418
OTCace	Q31I95	34.462	325	184	5	13	336	4	300	1.82e-146	418
OTCace	Q7VQT3	42.943	333	183	4	8	335	2	332	2.97e-146	419
OTCace	Q55497	37.805	328	176	7	10	336	6	306	5.53e-146	417
OTCace	Q3SVB0	35.692	325	183	5	13	336	6	305	7.55e-145	414
OTCace	Q89VE8	34.365	323	187	4	13	335	6	303	1.02e-144	414
OTCace	A5VNP2	35.692	325	184	4	13	337	8	307	8.36e-144	411
OTCace	Q47BL9	34.451	328	186	6	13	338	4	304	1.47e-143	410
OTCace	Q8DJW4	37.278	338	180	7	1	335	1	309	1.71e-143	410
OTCace	A3DL27	39.210	329	177	5	10	335	5	313	1.75e-143	410
OTCace	Q3J8G0	34.675	323	182	5	14	335	5	299	2.27e-143	410
OTCace	Q5N1N8	37.879	330	177	6	10	338	3	305	2.89e-143	410
OTCace	Q935Y4	37.879	330	177	6	10	338	3	305	2.89e-143	410
OTCace	Q2NI83	35.494	324	183	6	13	335	2	300	4.85e-143	409
OTCace	Q07GY2	34.954	329	184	5	13	336	6	309	4.92e-143	409
OTCace	Q8G2L7	35.385	325	185	4	13	337	8	307	5.02e-143	409
OTCace	A6Q1W6	36.533	323	182	5	13	334	2	302	1.10e-142	409
OTCace	Q1QQG6	34.769	325	186	5	13	336	6	305	1.77e-142	408
OTCace	Q0T9E0	48.311	296	147	3	10	301	5	298	1.89e-142	409
OTCace	Q8YFA2	35.385	325	185	4	13	337	8	307	2.17e-142	408
OTCace	Q57F56	35.385	325	185	4	13	337	8	307	2.17e-142	408
OTCace	Q2YPH2	35.385	325	185	4	13	337	8	307	2.17e-142	408
OTCace	Q606D8	34.663	326	181	6	11	335	2	296	3.63e-142	407
OTCace	A0RR73	36.533	323	183	4	13	334	2	303	5.07e-142	407
OTCace	A7GZL8	34.365	323	187	5	13	334	2	300	5.23e-142	407
OTCace	Q6N0J0	35.077	325	185	5	13	336	8	307	1.10e-141	406
OTCace	Q6AR58	36.728	324	180	5	14	336	4	303	1.63e-141	405
OTCace	A5WDJ2	34.049	326	186	5	13	337	4	301	1.71e-141	405
OTCace	Q8YMM6	35.866	329	181	7	10	336	4	304	1.77e-141	405
OTCace	Q8XWC0	35.329	334	188	5	7	339	2	308	2.09e-141	405
OTCace	Q2FPP7	35.077	325	185	5	13	336	3	302	2.18e-141	405
OTCace	O19072	37.092	337	187	6	9	343	10	323	3.51e-141	405
OTCace	Q1MLV9	35.276	326	186	4	13	338	4	304	5.03e-141	404
OTCace	Q63WM2	34.451	328	186	6	13	338	7	307	6.84e-141	404
OTCace	Q62M76	34.451	328	186	6	13	338	7	307	6.84e-141	404
OTCace	Q89AG1	40.653	337	193	4	8	339	2	336	7.46e-141	405
OTCace	A1TLB7	35.494	324	181	5	13	335	8	304	9.29e-141	404
OTCace	Q3MB19	35.258	329	183	7	10	336	4	304	9.53e-141	404
OTCace	P31326	38.462	338	183	6	8	343	31	345	9.58e-141	405
OTCace	A6QC22	37.461	323	179	5	13	334	2	302	1.10e-140	403
OTCace	P11724	33.333	324	187	5	13	335	4	299	1.77e-140	403
OTCace	Q30TL4	36.842	323	181	5	13	334	6	306	1.78e-140	403
OTCace	Q740I5	35.692	325	184	5	13	335	4	305	2.13e-140	403
OTCace	Q46XK9	33.537	328	190	5	13	339	7	307	2.24e-140	402
OTCace	B2UBA4	35.671	328	183	5	13	339	8	308	3.12e-140	402
OTCace	A1WUZ6	33.025	324	188	5	13	335	2	297	3.30e-140	402
OTCace	B8DHF4	33.333	333	197	6	5	335	4	313	3.58e-140	402
OTCace	Q98BB6	35.494	324	184	4	13	336	4	302	4.14e-140	402
OTCace	Q8UI70	34.049	326	190	4	13	338	5	305	4.30e-140	402
OTCace	A7ZCL8	35.913	323	182	5	13	334	2	300	4.44e-140	402
OTCace	A0QYS8	35.385	325	185	5	13	335	3	304	4.66e-140	402
OTCace	Q92BC1	33.531	337	198	7	1	335	1	313	4.97e-140	402
OTCace	Q71Z80	32.733	333	199	6	5	335	4	313	5.43e-140	402
OTCace	A3M663	32.923	325	189	5	13	336	4	300	5.60e-140	401
OTCace	Q5P0Z8	33.537	328	190	5	9	335	1	301	6.69e-140	401
OTCace	B4E9G6	35.061	328	184	6	13	338	7	307	8.36e-140	401
OTCace	A0K9X6	35.061	328	184	6	13	338	7	307	8.36e-140	401
OTCace	Q1BU60	35.061	328	184	6	13	338	7	307	8.36e-140	401
OTCace	B0V6G5	32.923	325	189	5	13	336	4	300	8.58e-140	401
OTCace	Q1QAR3	33.129	326	189	5	13	337	4	301	9.44e-140	401
OTCace	Q4FT48	33.436	326	188	5	13	337	4	301	1.14e-139	401
OTCace	Q39DI7	34.451	328	186	6	13	338	7	307	1.76e-139	400
OTCace	O87319	35.976	328	182	6	10	336	4	304	1.97e-139	400
OTCace	B3R6D6	33.841	328	189	6	13	339	7	307	2.02e-139	400
OTCace	Q87XL4	31.515	330	197	5	13	341	4	305	2.06e-139	400
OTCace	A0QHB0	35.385	325	185	5	13	335	4	305	2.16e-139	400
OTCace	A1K7J9	33.537	328	189	6	13	338	5	305	2.22e-139	400
OTCace	Q8EVF5	44.412	340	173	5	10	336	5	341	3.44e-139	401
OTCace	Q2KZD0	34.877	324	183	5	13	335	12	308	3.46e-139	400
OTCace	Q8Y6U5	32.733	333	199	6	5	335	4	313	3.64e-139	400
OTCace	Q7NWJ6	35.077	325	181	6	13	335	5	301	3.97e-139	399
OTCace	Q58291	38.245	319	172	6	14	330	2	297	4.41e-139	399
OTCace	P84010	37.685	337	185	6	9	343	37	350	4.52e-139	401
OTCace	Q1LJA1	33.232	328	191	5	13	339	7	307	4.58e-139	399
OTCace	Q1H0L0	33.951	324	186	5	13	335	4	300	5.81e-139	399
OTCace	Q7VTJ8	36.176	340	187	8	1	338	1	312	6.73e-139	399
OTCace	Q7W7H7	36.176	340	187	8	1	338	1	312	6.73e-139	399
OTCace	Q7WKW6	36.176	340	187	8	1	338	1	312	6.73e-139	399
OTCace	Q92S99	34.259	324	188	4	13	336	3	301	9.97e-139	398
OTCace	Q2LT98	30.864	324	199	5	13	335	3	302	1.06e-138	398
OTCace	P11725	37.725	334	184	5	6	337	33	344	1.18e-138	400
OTCace	A6UTW9	36.000	325	181	6	14	335	2	302	1.73e-138	397
OTCace	P00481	37.283	346	186	6	1	337	21	344	1.87e-138	399
OTCace	Q8TWG4	35.692	325	185	6	14	336	10	312	2.26e-138	397
OTCace	A7I3W8	39.938	323	169	5	13	334	2	300	2.38e-138	397
OTCace	A5V656	34.139	331	188	5	13	338	3	308	2.98e-138	397
OTCace	Q7U5V5	36.446	332	184	6	8	338	13	318	3.04e-138	397
OTCace	P75473	47.674	344	160	6	10	336	5	345	3.15e-138	399
OTCace	P00480	36.364	352	192	7	1	343	21	349	3.88e-138	399
OTCace	Q7V0J3	37.651	332	180	6	5	335	2	307	4.04e-138	397
OTCace	Q6FCH8	32.000	325	192	5	13	336	4	300	7.50e-138	396
OTCace	Q82UP4	33.025	324	189	5	13	335	4	300	1.13e-137	395
OTCace	Q0AEE3	33.642	324	187	5	13	335	4	300	1.90e-137	395
OTCace	P59778	33.739	329	190	6	13	336	6	311	2.94e-137	395
OTCace	A8LE44	36.000	325	185	5	13	335	4	307	3.55e-137	395
OTCace	A0LUC1	34.132	334	191	7	13	341	3	312	6.92e-137	394
OTCace	Q9YHY9	35.380	342	196	6	4	343	31	349	7.25e-137	395
OTCace	Q7NGR7	37.778	315	170	5	24	337	23	312	1.11e-136	393
OTCace	Q9N1U7	37.092	337	187	6	9	343	36	349	1.19e-136	395
OTCace	Q97C32	39.506	324	171	6	13	335	4	303	1.24e-136	393
OTCace	A4T9W6	34.462	325	188	5	13	335	3	304	1.66e-136	393
OTCace	Q971Y3	39.024	328	177	4	9	335	1	306	2.74e-136	392
OTCace	O50039	37.730	326	177	6	13	336	73	374	5.76e-136	394
OTCace	Q319M8	36.556	331	183	6	6	335	3	307	6.24e-136	391
OTCace	B7GTP2	33.739	329	190	6	13	336	6	311	9.50e-136	391
OTCace	Q43814	35.890	326	183	6	13	336	73	374	1.21e-135	393
OTCace	A5CSJ2	37.538	325	178	5	13	335	3	304	2.03e-135	390
OTCace	Q1QVM7	32.308	325	190	6	13	335	4	300	2.06e-135	390
OTCace	Q88NX4	33.333	324	187	5	13	335	4	299	2.18e-135	390
OTCace	A6VJK4	36.308	325	180	6	14	335	2	302	2.30e-135	390
OTCace	C1ASZ8	33.129	326	193	5	13	336	6	308	2.40e-135	390
OTCace	B9KMW0	33.636	330	187	6	14	336	3	307	3.25e-135	389
OTCace	Q9ZB62	36.391	327	185	5	10	335	7	311	3.94e-135	389
OTCace	P9WIT9	34.769	325	187	5	13	335	3	304	5.13e-135	389
OTCace	P9WIT8	34.769	325	187	5	13	335	3	304	5.13e-135	389
OTCace	A5U313	34.769	325	187	5	13	335	3	304	5.13e-135	389
OTCace	A1KJ73	34.769	325	187	5	13	335	3	304	5.13e-135	389
OTCace	P0A5M9	34.769	325	187	5	13	335	3	304	5.13e-135	389
OTCace	Q0SI56	33.129	326	193	5	13	336	6	308	5.45e-135	389
OTCace	Q7VHJ0	32.938	337	190	6	13	334	2	317	6.97e-135	389
OTCace	A1U324	31.402	328	196	5	13	339	4	303	9.82e-135	388
OTCace	Q02047	31.385	325	194	5	13	336	4	300	1.23e-134	388
OTCace	A3PHL6	33.636	330	187	6	14	336	3	307	1.42e-134	388
OTCace	Q6LZS1	36.308	325	180	6	14	335	2	302	1.54e-134	387
OTCace	B0RHD4	37.538	325	178	5	13	335	3	304	1.63e-134	388
OTCace	Q5LUT9	36.061	330	179	6	14	336	3	307	1.89e-134	387
OTCace	Q59283	37.838	333	175	7	13	337	8	316	2.20e-134	388
OTCace	Q1GIW7	34.242	330	185	6	14	336	3	307	2.25e-134	387
OTCace	A4FYS5	36.615	325	179	6	14	335	2	302	2.51e-134	387
OTCace	Q3J4X5	33.636	330	187	6	14	336	3	307	2.89e-134	387
OTCace	Q18E28	34.056	323	181	6	14	335	6	297	7.12e-134	386
OTCace	Q8FTN1	35.736	333	182	7	13	337	7	315	8.33e-134	386
OTCace	Q7VAW6	35.625	320	179	6	10	328	15	308	3.56e-133	385
OTCace	A0RUE9	34.259	324	185	5	11	334	4	299	5.69e-133	383
OTCace	Q169P2	32.727	330	190	6	14	336	3	307	1.72e-132	382
OTCace	Q6AGC9	35.276	326	186	5	13	336	3	305	2.00e-132	382
OTCace	Q01322	49.621	264	128	3	60	320	1	262	2.32e-132	380
OTCace	A4G3H2	32.012	328	193	6	13	338	4	303	2.64e-132	382
OTCace	P68746	44.343	327	174	3	10	335	6	325	3.96e-132	382
OTCace	P68747	44.343	327	174	3	10	335	6	325	3.96e-132	382
OTCace	A1B3N7	33.030	330	189	6	14	336	3	307	7.05e-132	381
OTCace	Q9A653	32.537	335	196	6	9	338	1	310	7.74e-132	381
OTCace	Q2G3J8	32.326	331	194	5	13	338	6	311	1.35e-131	380
OTCace	A9WQ88	35.562	329	183	5	13	335	3	308	1.52e-131	380
OTCace	A1RVH4	35.385	325	186	6	13	335	2	304	1.98e-131	380
OTCace	O67607	32.407	324	193	6	13	335	3	301	2.84e-131	379
OTCace	A6UNM1	37.003	327	179	6	14	337	2	304	3.03e-131	379
OTCace	A0PP77	34.877	324	188	4	13	335	3	304	4.93e-131	379
OTCace	Q9CC11	35.385	325	185	5	13	335	3	304	6.45e-131	378
OTCace	Q8KDE2	30.792	341	208	6	1	337	1	317	7.38e-131	380
OTCace	Q9HIK9	36.728	324	180	6	13	335	4	303	3.39e-130	377
OTCace	Q01326	50.000	264	127	3	60	320	1	262	7.81e-130	374
OTCace	Q7V8G9	34.242	330	190	6	10	338	15	318	1.35e-129	375
OTCace	A1AWA3	31.692	325	193	5	13	336	3	299	1.36e-129	375
OTCace	Q8YAS7	35.241	332	188	6	11	336	3	313	1.58e-129	376
OTCace	Q4J8Z2	37.423	326	181	4	9	333	1	304	1.69e-129	375
OTCace	Q725C8	35.241	332	188	6	11	336	3	313	1.90e-129	376
OTCace	C1KV77	35.241	332	188	6	11	336	3	313	1.90e-129	376
OTCace	Q30YB7	30.556	324	196	6	13	335	3	298	2.01e-129	374
OTCace	Q01324	49.242	264	129	3	60	320	1	262	2.51e-129	373
OTCace	Q6L135	38.889	324	171	6	13	335	3	300	7.17e-129	373
OTCace	Q01325	48.485	264	131	3	60	320	1	262	1.04e-128	371
OTCace	P77918	27.410	332	212	6	10	338	3	308	1.67e-128	372
OTCace	Q6NHG6	32.530	332	194	6	13	337	8	316	1.90e-128	373
OTCace	Q01323	48.106	264	132	3	60	320	1	262	2.14e-128	370
OTCace	Q48296	35.692	325	175	9	14	337	3	294	3.89e-128	371
OTCace	O58451	27.410	332	212	6	10	338	3	308	6.53e-128	371
OTCace	Q2SRJ4	35.207	338	184	8	11	335	3	318	7.24e-128	373
OTCace	Q8DW19	33.333	333	194	7	9	335	1	311	9.42e-128	372
OTCace	Q0C4M2	34.545	330	184	6	13	336	4	307	1.88e-127	370
OTCace	Q8EK29	35.494	324	183	6	13	335	2	300	3.07e-127	369
OTCace	A3MWJ5	37.730	326	179	6	13	336	2	305	3.08e-127	369
OTCace	P31317	35.843	332	184	5	13	337	8	317	4.46e-127	370
OTCace	Q8U373	26.506	332	215	6	10	338	3	308	5.74e-127	368
OTCace	Q6MSR6	34.911	338	185	8	11	335	3	318	1.33e-126	370
OTCace	Q01327	48.485	264	131	3	60	320	1	262	1.77e-126	365
OTCace	B7S4N1	33.634	333	193	7	9	335	1	311	4.11e-126	367
OTCace	Q97ZM1	35.890	326	187	4	9	333	1	305	5.20e-126	366
OTCace	A1VZY2	36.420	324	178	6	13	334	2	299	1.30e-125	365
OTCace	A7H345	36.420	324	178	6	13	334	2	299	2.64e-125	364
OTCace	Q5HUG8	36.420	324	178	6	13	334	2	299	2.85e-125	364
OTCace	A1VEP9	30.556	324	196	6	13	335	3	298	2.85e-125	364
OTCace	Q72D35	30.556	324	196	6	13	335	3	298	2.85e-125	364
OTCace	C5A2H1	27.410	332	212	6	10	338	3	308	1.46e-124	362
OTCace	Q9PNU6	37.037	324	176	6	13	334	2	299	1.81e-124	362
OTCace	B6YXW4	26.205	332	216	6	10	338	3	308	1.82e-124	362
OTCace	Q8ZW40	36.923	325	181	6	13	335	2	304	2.15e-124	362
OTCace	Q9CEY4	33.233	331	193	7	13	337	7	315	2.94e-124	363
OTCace	A8FM43	36.420	324	178	6	13	334	2	299	3.67e-124	361
OTCace	Q38ZL1	35.821	335	186	7	13	339	3	316	4.37e-124	362
OTCace	Q837U7	34.441	331	189	7	13	337	3	311	4.59e-124	362
OTCace	Q5JHM9	27.554	323	205	6	10	329	3	299	4.60e-124	361
OTCace	Q03HM9	33.939	330	191	6	13	336	5	313	7.22e-123	359
OTCace	Q03NG2	33.939	330	191	6	13	336	4	312	9.00e-123	359
OTCace	Q7B9Y6	33.731	335	194	7	8	336	2	314	1.15e-122	359
OTCace	O30130	24.847	326	212	6	13	335	3	298	2.13e-122	357
OTCace	A9ERU2	31.118	331	194	7	13	336	4	307	8.60e-122	355
OTCace	Q46DA6	27.410	332	211	7	10	338	3	307	2.24e-121	354
OTCace	B2UML6	34.877	324	181	6	14	334	3	299	6.14e-121	353
OTCace	P11803	34.030	335	185	7	8	326	29	343	3.36e-120	353
OTCace	P96134	35.802	324	174	6	13	335	10	300	7.60e-120	350
OTCace	A1KRE1	24.324	333	218	8	7	336	2	303	8.83e-120	350
OTCace	Q7UQZ6	33.642	324	190	6	13	335	3	302	9.31e-120	350
OTCace	P11066	34.808	339	184	8	5	326	36	354	1.10e-119	352
OTCace	A0B8L1	26.807	332	212	8	9	337	1	304	1.26e-119	350
OTCace	B0TPF3	25.000	336	217	9	8	339	3	307	1.44e-119	350
OTCace	Q0TRA8	24.398	332	220	8	9	336	1	305	2.75e-119	349
OTCace	Q97FS3	26.048	334	216	8	9	338	1	307	2.94e-119	349
OTCace	B0TST3	25.595	336	215	9	8	339	3	307	3.01e-119	349
OTCace	Q0STN4	24.096	332	221	8	9	336	1	305	8.02e-119	348
OTCace	P0C2P3	32.840	338	191	7	5	326	28	345	8.56e-119	350
OTCace	P0C2P2	32.840	338	191	7	5	326	28	345	8.56e-119	350
OTCace	B0TSQ4	26.190	336	213	9	8	339	3	307	9.38e-119	348
OTCace	Q8XL59	24.699	332	219	8	9	336	1	305	1.12e-118	347
OTCace	Q7P145	24.620	329	214	8	11	336	2	299	1.19e-118	347
OTCace	P96172	33.437	323	189	6	14	335	3	300	3.28e-118	346
OTCace	Q9RY70	34.337	332	188	8	9	338	1	304	3.35e-118	346
OTCace	P65616	24.024	333	219	8	7	336	2	303	6.44e-118	345
OTCace	P65615	24.024	333	219	8	7	336	2	303	6.44e-118	345
OTCace	Q8THL2	26.126	333	216	7	9	338	2	307	6.67e-118	345
OTCace	Q9K4Y9	33.437	323	189	6	14	335	3	300	7.13e-118	345
OTCace	A9M469	24.324	333	218	8	7	336	2	303	8.36e-118	345
OTCace	Q8TVB2	26.426	333	216	7	8	337	2	308	1.56e-117	345
OTCace	Q5F5P0	24.324	333	218	8	7	336	2	303	2.18e-117	344
OTCace	Q0W5I2	25.378	331	215	8	10	336	3	305	2.34e-117	344
OTCace	Q8PXK5	25.526	333	218	7	9	338	3	308	4.31e-117	343
OTCace	C4LBX2	24.925	333	215	10	8	336	3	304	8.94e-117	343
OTCace	Q9K4Z4	33.746	323	188	6	14	335	3	300	9.89e-117	342
OTCace	B4RPW7	24.024	333	219	8	7	336	2	303	1.32e-116	342
OTCace	P96174	23.952	334	218	10	8	336	3	305	2.12e-116	342
OTCace	A5N2L8	24.398	332	219	8	9	336	1	304	2.31e-116	342
OTCace	B9E695	24.398	332	219	8	9	336	1	304	2.31e-116	342
OTCace	Q6DA73	24.189	339	220	11	8	340	3	310	3.33e-116	341
OTCace	A8MIU1	24.332	337	224	8	9	341	2	311	3.87e-116	342
OTCace	A8G961	26.190	336	209	12	8	336	3	306	7.22e-116	340
OTCace	B2TNG3	25.749	334	217	8	9	338	1	307	8.46e-116	340
OTCace	C6DJL3	23.894	339	221	11	8	340	3	310	1.71e-115	340
OTCace	B2UW93	25.449	334	218	8	9	338	1	307	2.49e-115	339
OTCace	Q8ZYH7	25.904	332	215	7	9	337	1	304	2.80e-115	339
OTCace	Q87LF8	23.284	335	220	11	8	336	3	306	2.85e-115	339
OTCace	A7MSE0	22.985	335	221	11	8	336	3	306	3.46e-115	338
OTCace	P14995	34.663	326	188	7	11	331	31	336	3.63e-115	340
OTCace	P0CL21	32.036	334	187	7	13	326	20	333	4.98e-115	340
OTCace	Q7MZ16	23.881	335	218	11	8	336	3	306	1.25e-114	337
OTCace	B4F2M2	24.776	335	215	11	8	336	3	306	1.56e-114	337
OTCace	Q8DCF6	23.284	335	220	11	8	336	3	306	3.46e-114	336
OTCace	Q9HKM2	24.096	332	222	6	9	337	1	305	7.39e-114	335
OTCace	C1D9A7	24.478	335	217	10	7	336	2	305	8.74e-114	335
OTCace	Q665I6	24.179	335	217	11	8	336	3	306	1.10e-113	335
OTCace	B2K421	24.179	335	217	11	8	336	3	306	1.10e-113	335
OTCace	A4THG6	24.179	335	217	11	8	336	3	306	1.18e-113	335
OTCace	Q1CDY3	24.179	335	217	11	8	336	3	306	1.18e-113	335
OTCace	A9R1U2	24.179	335	217	11	8	336	3	306	1.18e-113	335
OTCace	Q8ZB39	24.179	335	217	11	8	336	3	306	1.18e-113	335
OTCace	Q1C1J5	24.179	335	217	11	8	336	3	306	1.18e-113	335
OTCace	A7GII2	24.096	332	221	8	9	336	1	305	1.20e-113	335
OTCace	B1JKJ8	24.179	335	217	11	8	336	3	306	1.24e-113	335
OTCace	A7FDV1	24.179	335	217	11	8	336	3	306	1.24e-113	335
OTCace	A1JRD5	25.595	336	211	12	8	336	3	306	1.69e-113	334
OTCace	C3KU87	24.096	332	221	8	9	336	1	305	1.81e-113	334
OTCace	C1FLB6	24.096	332	221	8	9	336	1	305	2.13e-113	334
OTCace	A5I6X1	24.096	332	221	8	9	336	1	305	2.13e-113	334
OTCace	A7FYJ2	24.096	332	221	8	9	336	1	305	2.13e-113	334
OTCace	A4SHP8	23.193	332	221	8	8	336	3	303	2.46e-113	334
OTCace	A7MQG0	24.107	336	218	11	8	337	3	307	2.64e-113	334
OTCace	B1L1E7	24.096	332	221	8	9	336	1	305	4.24e-113	333
OTCace	A0KQG0	22.590	332	223	8	8	336	3	303	4.28e-113	333
OTCace	A1RTF7	25.455	330	215	7	9	335	1	302	4.56e-113	333
OTCace	A4W605	23.373	338	222	11	8	339	2	308	6.17e-113	333
OTCace	B1INE7	23.795	332	222	8	9	336	1	305	6.64e-113	333
OTCace	Q7MHF1	22.985	335	221	11	8	336	3	306	6.87e-113	333
OTCace	Q5E7U5	22.388	335	223	11	8	336	3	306	9.12e-113	332
OTCace	B5F9P9	22.388	335	223	11	8	336	3	306	1.01e-112	332
OTCace	Q3A448	23.054	334	220	10	10	337	3	305	2.17e-112	331
OTCace	Q6LUX0	23.284	335	220	11	8	336	3	306	2.52e-112	331
OTCace	A0Q2N5	24.699	332	218	8	9	336	1	304	2.53e-112	331
OTCace	O27464	24.000	325	216	6	14	335	4	300	3.10e-112	331
OTCace	A3MY52	26.061	330	213	7	9	335	1	302	3.75e-112	331
OTCace	Q9KP66	23.582	335	219	11	8	336	3	306	4.79e-112	331
OTCace	B7LCV3	22.714	339	225	11	8	340	3	310	5.18e-112	331
OTCace	B7LMR8	23.009	339	224	11	8	340	3	310	5.97e-112	330
OTCace	Q97B29	22.590	332	227	6	9	337	1	305	6.68e-112	330
OTCace	Q6L0F2	24.699	332	219	6	9	337	1	304	7.28e-112	330
OTCace	A2BJ24	27.083	336	216	7	6	337	3	313	8.22e-112	330
OTCace	B6EMS5	22.687	335	222	11	8	336	3	306	9.11e-112	330
OTCace	A5F5C9	23.284	335	220	11	8	336	3	306	1.05e-111	330
OTCace	Q18CS8	23.795	332	219	8	9	336	1	302	1.25e-111	330
OTCace	A6THH4	23.373	338	222	11	8	339	3	309	1.41e-111	330
OTCace	B5Y2U6	23.373	338	222	11	8	339	3	309	1.43e-111	330
OTCace	Q3YUA6	22.714	339	225	11	8	340	3	310	2.07e-111	329
OTCace	P0A789	22.714	339	225	11	8	340	3	310	2.07e-111	329
OTCace	Q0SXI6	22.714	339	225	11	8	340	3	310	2.07e-111	329
OTCace	Q328U0	22.714	339	225	11	8	340	3	310	2.07e-111	329
OTCace	Q31TI1	22.714	339	225	11	8	340	3	310	2.07e-111	329
OTCace	B2TYZ8	22.714	339	225	11	8	340	3	310	2.07e-111	329
OTCace	Q1R309	22.714	339	225	11	8	340	3	310	2.07e-111	329
OTCace	B1LRD2	22.714	339	225	11	8	340	3	310	2.07e-111	329
OTCace	B6I2F9	22.714	339	225	11	8	340	3	310	2.07e-111	329
OTCace	B7NGH8	22.714	339	225	11	8	340	3	310	2.07e-111	329
# PSIBLAST 2.6.0+
# Iteration: 3
# Query: OTCace | Q8G998.1 | WP_003552004.1 | 99.39%
# Database: /home/alex/Documents/data/local_db/swissprot
# Fields: query acc.ver, subject acc.ver, % identity, alignment length, mismatches, gap opens, q. start, q. end, s. start, s. end, evalue, bit score
# 1050 hits found
OTCace	C0MBK6	72.965	344	85	3	1	343	1	337	5.32e-178	499
OTCace	Q6TK73	74.419	344	80	3	1	343	1	337	5.94e-178	499
OTCace	C0MD77	72.965	344	85	3	1	343	1	337	1.47e-177	498
OTCace	B4U1S2	72.965	344	85	3	1	343	1	337	1.47e-177	498
OTCace	P65606	71.512	344	90	3	1	343	1	337	1.76e-177	497
OTCace	P65605	71.512	344	90	3	1	343	1	337	1.76e-177	497
OTCace	Q8RP83	71.802	344	89	3	1	343	1	337	2.84e-177	497
OTCace	Q8G998	100.000	343	0	0	1	343	1	343	1.53e-176	495
OTCace	B9DUY9	70.349	344	94	3	1	343	1	337	3.41e-176	494
OTCace	B5XMC1	73.547	344	83	3	1	343	1	337	4.49e-176	494
OTCace	A2RDJ1	73.547	344	83	3	1	343	1	337	4.49e-176	494
OTCace	Q1J5Q6	73.547	344	83	3	1	343	1	337	4.49e-176	494
OTCace	Q1JFZ1	73.547	344	83	3	1	343	1	337	4.49e-176	494
OTCace	Q1JKW5	73.547	344	83	3	1	343	1	337	4.49e-176	494
OTCace	Q1JAR4	73.547	344	83	3	1	343	1	337	4.49e-176	494
OTCace	P0DC83	73.547	344	83	3	1	343	1	337	4.49e-176	494
OTCace	P65610	73.547	344	83	3	1	343	1	337	4.49e-176	494
OTCace	Q5XAY4	73.547	344	83	3	1	343	1	337	4.49e-176	494
OTCace	P0DC82	73.547	344	83	3	1	343	1	337	4.49e-176	494
OTCace	P0C0D0	73.547	344	83	3	1	343	1	337	4.49e-176	494
OTCace	A4VU03	72.861	339	89	2	6	343	1	337	9.84e-175	490
OTCace	A4W094	72.861	339	89	2	6	343	1	337	9.84e-175	490
OTCace	Q8GG79	72.861	339	89	2	6	343	1	337	9.84e-175	490
OTCace	B5E3F8	72.189	338	91	2	7	343	3	338	1.60e-174	490
OTCace	Q8GND4	71.681	339	93	2	6	343	2	338	2.73e-174	490
OTCace	C1CU67	71.976	339	92	2	6	343	2	338	3.12e-174	489
OTCace	C1CHE7	71.976	339	92	2	6	343	2	338	3.12e-174	489
OTCace	B2INH0	71.976	339	92	2	6	343	2	338	3.12e-174	489
OTCace	B8ZPY8	71.976	339	92	2	6	343	2	338	3.12e-174	489
OTCace	B1I9W1	71.976	339	92	2	6	343	2	338	3.12e-174	489
OTCace	C1CAZ4	71.976	339	92	2	6	343	2	338	3.12e-174	489
OTCace	Q04I25	71.976	339	92	2	6	343	2	338	3.12e-174	489
OTCace	P65608	71.976	339	92	2	6	343	2	338	3.12e-174	489
OTCace	P65607	71.976	339	92	2	6	343	2	338	3.12e-174	489
OTCace	O86132	64.242	330	115	2	10	338	7	334	6.15e-174	489
OTCace	P57876	49.245	331	162	3	10	336	5	333	4.55e-173	486
OTCace	Q839Q5	75.811	339	81	1	6	343	1	339	6.78e-173	486
OTCace	Q03NY9	92.105	342	27	0	1	342	1	342	1.82e-172	485
OTCace	Q73P70	55.183	328	142	2	10	335	13	337	2.09e-172	485
OTCace	A5I524	52.266	331	153	3	10	337	4	332	3.44e-172	484
OTCace	A7FWM4	52.266	331	153	3	10	337	4	332	3.44e-172	484
OTCace	Q6LUW9	50.450	333	157	4	10	336	5	335	5.38e-172	484
OTCace	Q73E86	60.896	335	124	3	6	339	4	332	6.98e-172	483
OTCace	C1FTE9	52.266	331	153	3	10	337	4	332	1.31e-171	482
OTCace	Q8VW55	76.676	343	80	0	1	343	9	351	1.90e-171	483
OTCace	C3L179	51.964	331	154	3	10	337	4	332	2.36e-171	482
OTCace	B1IJJ6	51.964	331	154	3	10	337	4	332	2.66e-171	482
OTCace	A7MSD8	52.870	331	150	3	10	336	5	333	3.71e-171	482
OTCace	B1KXQ3	51.964	331	154	3	10	337	4	332	4.13e-171	481
OTCace	A7GGI0	51.964	331	154	3	10	337	4	332	4.13e-171	481
OTCace	Q6HP28	60.597	335	125	3	6	339	4	332	4.20e-171	481
OTCace	Q81II0	60.597	335	125	3	6	339	4	332	4.20e-171	481
OTCace	A4TQQ1	49.107	336	164	4	8	338	2	335	8.01e-171	480
OTCace	Q1CM06	49.107	336	164	4	8	338	2	335	8.01e-171	480
OTCace	Q8ZBG8	49.107	336	164	4	8	338	2	335	8.01e-171	480
OTCace	Q87LF9	52.870	331	150	3	10	336	5	333	9.31e-171	480
OTCace	C3LR49	50.755	331	157	3	10	336	5	333	9.31e-171	480
OTCace	Q9KP68	50.755	331	157	3	10	336	5	333	9.31e-171	480
OTCace	O93656	38.788	330	180	4	10	338	5	313	2.16e-170	479
OTCace	O58457	37.879	330	183	4	10	338	5	313	3.39e-170	478
OTCace	A7FMM5	48.810	336	165	4	8	338	2	335	3.96e-170	479
OTCace	Q8NUK8	63.205	337	121	2	1	336	1	335	5.83e-170	479
OTCace	Q6G640	63.205	337	121	2	1	336	1	335	5.83e-170	479
OTCace	Q5HCR3	63.205	337	121	2	1	336	1	335	5.83e-170	479
OTCace	P65602	63.205	337	121	2	1	336	1	335	6.57e-170	479
OTCace	P65601	63.205	337	121	2	1	336	1	335	6.57e-170	479
OTCace	Q6GDG8	62.908	337	122	2	1	336	1	335	6.87e-170	478
OTCace	P0C6P3	57.576	330	135	3	10	336	4	331	6.88e-170	478
OTCace	Q6GHR7	57.576	330	135	3	10	336	4	331	6.88e-170	478
OTCace	P99073	57.576	330	135	3	10	336	4	331	6.88e-170	478
OTCace	P0A099	57.576	330	135	3	10	336	4	331	6.88e-170	478
OTCace	Q66F14	48.810	336	165	4	8	338	2	335	8.71e-170	478
OTCace	Q8NX44	57.273	330	136	3	10	336	4	331	1.28e-169	477
OTCace	Q6GA45	57.273	330	136	3	10	336	4	331	1.28e-169	477
OTCace	A0KQG4	50.602	332	158	3	10	337	5	334	1.59e-169	477
OTCace	Q51742	38.182	330	182	4	10	338	5	313	1.74e-169	477
OTCace	A6QG68	57.576	330	135	3	10	336	4	331	1.92e-169	477
OTCace	Q5HGR3	57.576	330	135	3	10	336	4	331	1.92e-169	477
OTCace	P0C0N1	56.364	330	139	3	10	336	4	331	3.05e-169	477
OTCace	Q5E7U4	52.266	331	152	3	10	336	5	333	4.44e-169	476
OTCace	Q8DCF5	50.453	331	158	3	10	336	5	333	5.77e-169	476
OTCace	Q4L9V8	57.879	330	134	3	10	336	4	331	7.38e-169	475
OTCace	Q97M82	50.301	332	160	3	10	338	4	333	9.31e-169	475
OTCace	A4SHP4	50.301	332	159	3	10	337	5	334	1.94e-168	475
OTCace	B7J0T6	53.517	327	149	1	10	336	4	327	3.51e-168	474
OTCace	O51782	53.517	327	149	1	10	336	4	327	3.51e-168	474
OTCace	Q5JI16	40.361	332	176	4	10	340	5	315	3.90e-168	473
OTCace	Q7MHF2	50.151	331	159	3	10	336	5	333	5.15e-168	474
OTCace	Q8FAE1	50.000	332	160	3	10	337	5	334	6.55e-168	473
OTCace	Q8CU41	57.576	330	135	3	10	336	4	331	1.45e-167	472
OTCace	Q65TN0	48.214	336	167	4	6	336	1	334	1.52e-167	472
OTCace	Q8ZK35	50.301	332	159	3	10	337	5	334	2.57e-167	472
OTCace	Q8FAD6	47.904	334	167	4	8	336	2	333	3.00e-167	472
OTCace	Q6DA71	48.348	333	165	4	9	336	3	333	3.75e-167	471
OTCace	Q0SM07	53.049	328	150	2	10	336	4	328	5.56e-167	470
OTCace	O51897	53.049	328	150	2	10	336	4	328	5.56e-167	470
OTCace	Q8Z127	50.301	332	159	3	10	337	5	334	7.61e-167	470
OTCace	A7ZVD3	47.321	336	170	4	8	338	2	335	1.26e-166	470
OTCace	B7MLQ9	47.447	333	168	4	8	335	2	332	1.73e-166	470
OTCace	Q8CMW2	61.424	337	127	2	1	336	1	335	2.11e-166	469
OTCace	Q5F7E6	48.036	331	167	3	10	337	3	331	2.38e-166	469
OTCace	Q8XCB8	47.147	333	169	4	8	335	2	332	2.86e-166	469
OTCace	Q3YU98	47.147	333	169	4	8	335	2	332	3.19e-166	469
OTCace	P0C2U0	75.581	344	83	1	1	343	6	349	3.69e-166	470
OTCace	Q9K575	75.000	344	85	1	1	343	6	349	5.12e-166	469
OTCace	Q83IM2	47.024	336	171	4	8	338	2	335	7.24e-166	468
OTCace	Q0SXJ4	47.024	336	171	4	8	338	2	335	7.40e-166	468
OTCace	Q9ZIX8	48.494	332	164	4	10	336	5	334	7.83e-166	468
OTCace	A6TWW1	53.012	332	152	3	6	335	1	330	8.73e-166	468
OTCace	P65604	52.870	331	151	3	10	337	4	332	9.27e-166	468
OTCace	P65603	52.870	331	151	3	10	337	4	332	9.27e-166	468
OTCace	B7NGI6	47.147	333	169	4	8	335	2	332	9.85e-166	468
OTCace	B1ISV4	47.147	333	169	4	8	335	2	332	9.85e-166	468
OTCace	A8A810	47.147	333	169	4	8	335	2	332	9.85e-166	468
OTCace	B7M9L3	47.147	333	169	4	8	335	2	332	9.85e-166	468
OTCace	B7LCW4	47.147	333	169	4	8	335	2	332	9.85e-166	468
OTCace	Q31TJ4	47.447	333	168	4	8	335	2	332	1.24e-165	467
OTCace	Q3A9W4	39.450	327	176	4	11	336	6	311	1.85e-165	466
OTCace	B2VL36	45.946	333	173	4	8	335	2	332	1.95e-165	467
OTCace	P0C2U1	74.709	344	86	1	1	343	6	349	2.45e-165	467
OTCace	P04391	46.847	333	170	4	8	335	2	332	2.76e-165	467
OTCace	P21302	48.036	331	167	3	10	337	3	331	2.89e-165	467
OTCace	Q88P53	50.602	332	157	4	12	338	7	336	3.89e-165	466
OTCace	O53089	73.669	338	85	3	6	342	2	336	4.45e-165	466
OTCace	B0BQQ2	51.205	332	155	4	10	336	5	334	5.43e-165	466
OTCace	B3GY96	51.205	332	155	4	10	336	5	334	5.43e-165	466
OTCace	A3N1W5	51.205	332	155	4	10	336	5	334	5.43e-165	466
OTCace	P08308	53.012	332	149	4	12	338	7	336	5.97e-165	466
OTCace	P44770	50.904	332	156	4	10	336	5	334	8.15e-165	465
OTCace	A5UHA3	51.506	332	154	4	10	336	5	334	8.42e-165	465
OTCace	Q328S8	47.147	333	169	4	8	335	2	332	1.44e-164	465
OTCace	Q47NE4	54.518	332	145	4	10	337	5	334	1.49e-164	465
OTCace	Q7MZ18	45.401	337	177	4	8	339	2	336	5.66e-164	464
OTCace	Q7NRK0	48.204	334	165	5	10	337	5	336	7.72e-164	463
OTCace	P06960	47.305	334	169	4	8	336	2	333	1.18e-163	462
OTCace	Q65ZT0	53.211	327	150	1	10	336	4	327	5.05e-163	460
OTCace	Q936V7	50.602	332	157	4	12	338	7	336	1.06e-162	460
OTCace	Q08016	49.850	333	160	4	8	335	2	332	1.10e-162	460
OTCace	Q6AA77	45.783	332	173	4	10	336	5	334	1.12e-162	460
OTCace	Q9JTI4	48.036	331	167	3	10	337	3	331	3.87e-162	459
OTCace	Q8Z123	49.850	333	160	4	8	335	2	332	7.21e-162	458
OTCace	E6N013	47.734	331	168	3	10	337	3	331	3.73e-161	456
OTCace	P0DH57	47.734	331	168	3	10	337	3	331	3.73e-161	456
OTCace	Q03DS0	54.079	331	147	3	10	337	5	333	3.92e-161	456
OTCace	O31018	49.096	332	163	4	10	337	5	334	5.52e-161	456
OTCace	A1KUZ7	48.036	331	167	3	10	337	3	331	5.59e-161	455
OTCace	B2G653	55.152	330	143	3	10	336	5	332	6.66e-161	455
OTCace	A5VIM0	55.152	330	143	3	10	336	5	332	6.66e-161	455
OTCace	Q62KD8	49.102	334	163	4	10	338	5	336	1.08e-160	455
OTCace	Q63U72	49.102	334	163	4	10	338	5	336	1.15e-160	455
OTCace	Q7VP68	48.494	332	164	4	10	336	5	334	8.14e-160	453
OTCace	Q9CHD1	66.964	336	107	3	9	343	1	333	3.44e-159	451
OTCace	Q92ZT1	48.795	332	164	4	10	337	5	334	3.93e-159	451
OTCace	Q6LG09	50.301	332	158	4	10	337	5	333	9.47e-158	447
OTCace	A4XLM2	40.854	328	171	5	13	338	2	308	3.79e-157	445
OTCace	P96108	47.095	327	153	3	10	335	5	312	8.82e-157	444
OTCace	Q8ET05	40.000	335	179	4	4	337	9	322	8.95e-157	445
OTCace	P18186	38.066	331	179	5	6	335	5	310	9.48e-157	444
OTCace	O08322	60.831	337	129	2	6	341	1	335	1.07e-156	445
OTCace	A2BM26	39.039	333	181	4	6	336	1	313	3.36e-156	443
OTCace	A5IN78	47.095	327	153	3	10	335	5	312	4.22e-156	442
OTCace	Q74GU2	37.037	324	179	5	13	335	3	302	7.24e-156	442
OTCace	Q93JF1	50.298	336	162	3	4	336	2	335	1.40e-155	442
OTCace	Q9K8V8	36.086	327	187	4	10	335	11	316	2.98e-155	440
OTCace	P59779	51.768	311	145	2	10	318	5	312	4.77e-155	440
OTCace	Q0SWK5	50.606	330	156	4	10	336	5	330	2.46e-154	439
OTCace	P0C2E4	50.453	331	157	4	10	337	5	331	2.59e-154	438
OTCace	Q0TUR4	50.453	331	157	4	10	337	5	331	2.59e-154	438
OTCace	O29013	37.538	325	177	5	13	336	2	301	5.17e-154	437
OTCace	B7GM02	37.805	328	182	4	9	335	8	314	5.95e-154	437
OTCace	O27495	38.226	327	174	7	13	338	2	301	6.54e-154	437
OTCace	A1ATU5	35.168	327	187	5	13	338	3	305	9.70e-154	436
OTCace	Q39Z73	36.728	324	180	5	13	335	3	302	1.54e-153	436
OTCace	Q465R0	39.077	325	172	5	12	335	2	301	2.21e-153	435
OTCace	Q8Q0J1	40.000	325	169	5	12	335	2	301	1.08e-152	433
OTCace	A8F7Z9	46.483	327	155	3	10	335	5	312	1.23e-152	434
OTCace	Q67JZ8	37.195	328	184	4	10	336	4	310	1.62e-152	433
OTCace	Q8TKT5	39.692	325	170	5	12	335	2	301	2.83e-152	432
OTCace	Q8RCA4	51.070	327	140	3	10	335	5	312	4.42e-150	427
OTCace	Q818W3	35.241	332	190	4	10	341	9	315	7.21e-150	427
OTCace	Q635F4	35.542	332	189	4	10	341	9	315	9.79e-150	427
OTCace	A3CU82	36.391	327	182	5	12	337	2	303	1.43e-149	426
OTCace	B8D9F3	44.144	333	179	4	8	335	2	332	3.41e-149	426
OTCace	B8D7Q5	44.144	333	179	4	8	335	2	332	4.01e-149	426
OTCace	P57449	44.144	333	179	4	8	335	2	332	8.35e-149	425
OTCace	A2SQ85	35.385	325	184	5	12	335	2	301	1.33e-148	423
OTCace	Q731G7	35.455	330	188	4	10	339	9	313	1.84e-148	423
OTCace	B9IXC5	35.455	330	188	4	10	339	9	313	2.00e-148	423
OTCace	B7HNP5	35.455	330	188	4	10	339	9	313	2.00e-148	423
OTCace	Q6HE32	35.583	326	185	4	10	335	9	309	2.72e-148	423
OTCace	Q31I95	34.462	325	184	5	13	336	4	300	3.09e-148	422
OTCace	Q81M99	35.455	330	188	4	10	339	9	313	7.87e-148	422
OTCace	C3LJQ5	35.455	330	188	4	10	339	9	313	7.87e-148	422
OTCace	C3P7R4	35.455	330	188	4	10	339	9	313	7.87e-148	422
OTCace	Q9YAE7	39.144	327	177	4	10	334	6	312	9.64e-148	422
OTCace	C1ER02	35.152	330	189	4	10	339	9	313	3.02e-147	420
OTCace	Q8DVC9	55.589	331	141	4	9	338	1	326	5.41e-147	420
OTCace	A5UMK3	38.390	323	173	6	14	335	3	300	7.28e-147	418
OTCace	Q7M8B5	35.604	323	185	5	13	334	2	302	1.40e-146	418
OTCace	Q82KQ4	50.595	336	161	3	4	336	2	335	1.40e-146	419
OTCace	Q3A1V3	37.423	326	178	5	12	336	2	302	1.71e-146	418
OTCace	P59100	42.943	333	183	4	8	335	2	332	2.04e-146	419
OTCace	A8ACB1	40.061	327	174	4	10	334	3	309	1.22e-145	416
OTCace	Q2NI83	35.185	324	184	6	13	335	2	300	1.51e-145	415
OTCace	Q55497	37.805	328	176	7	10	336	6	306	2.28e-145	415
OTCace	Q3A448	22.985	335	221	10	10	338	3	306	2.66e-145	415
OTCace	Q7VQT3	42.604	338	186	5	8	339	2	337	5.01e-145	416
OTCace	Q89VE8	34.365	323	187	4	13	335	6	303	6.70e-145	414
OTCace	Q0T9E0	48.475	295	146	3	10	300	5	297	1.13e-144	414
OTCace	Q8XWC0	35.224	335	189	5	6	339	1	308	1.86e-144	413
OTCace	Q47BL9	33.951	324	186	5	13	335	4	300	2.08e-144	413
OTCace	Q46XK9	33.232	328	191	5	13	339	7	307	1.01e-143	411
OTCace	Q8DJW4	36.310	336	186	6	1	335	1	309	2.60e-143	410
OTCace	Q3SVB0	35.385	325	184	5	13	336	6	305	2.62e-143	410
OTCace	Q63WM2	33.537	328	190	5	13	339	7	307	3.73e-143	410
OTCace	Q62M76	33.537	328	190	5	13	339	7	307	3.73e-143	410
OTCace	A5VNP2	35.692	325	184	4	13	337	8	307	4.10e-143	410
OTCace	Q07GY2	34.954	329	184	5	13	336	6	309	6.07e-143	409
OTCace	Q3J8G0	34.675	323	182	5	14	335	5	299	7.17e-143	408
OTCace	B2UBA4	35.366	328	184	5	13	339	8	308	7.99e-143	409
OTCace	Q5N1N8	37.764	331	178	6	9	338	2	305	8.02e-143	408
OTCace	Q935Y4	37.764	331	178	6	9	338	2	305	8.02e-143	408
OTCace	Q606D8	33.639	327	185	6	10	335	1	296	1.06e-142	408
OTCace	Q6AR58	36.111	324	182	5	14	336	4	303	1.18e-142	408
OTCace	A3M663	32.615	325	190	5	13	336	4	300	1.21e-142	408
OTCace	A6Q1W6	36.223	323	183	5	13	334	2	302	1.23e-142	408
OTCace	B0V6G5	32.615	325	190	5	13	336	4	300	1.27e-142	408
OTCace	Q8TWG4	35.692	325	185	6	14	336	10	312	1.59e-142	408
OTCace	Q8G2L7	35.385	325	185	4	13	337	8	307	1.85e-142	408
OTCace	B3R6D6	32.622	328	193	5	13	339	7	307	2.11e-142	408
OTCace	Q1LJA1	32.432	333	197	5	8	339	2	307	2.57e-142	407
OTCace	Q74DP5	21.958	337	227	9	9	339	2	308	3.37e-142	407
OTCace	A1TLB7	35.494	324	181	5	13	335	8	304	3.51e-142	407
OTCace	A7GZL8	34.365	323	187	5	13	334	2	300	3.58e-142	407
OTCace	Q1QQG6	34.769	325	186	5	13	336	6	305	4.40e-142	407
OTCace	Q2LT98	30.769	325	200	5	12	335	2	302	5.46e-142	406
OTCace	A3DL27	39.210	329	177	5	10	335	5	313	6.00e-142	407
OTCace	Q8YMM6	35.866	329	181	7	10	336	4	304	7.65e-142	406
OTCace	Q8YFA2	35.385	325	185	4	13	337	8	307	9.04e-142	406
OTCace	Q57F56	35.385	325	185	4	13	337	8	307	9.04e-142	406
OTCace	Q2YPH2	35.385	325	185	4	13	337	8	307	9.04e-142	406
OTCace	Q58291	37.654	324	177	6	14	335	2	302	9.09e-142	406
OTCace	A6UTW9	36.000	325	181	6	14	335	2	302	1.00e-141	406
OTCace	Q39DI7	32.927	328	192	5	13	339	7	307	1.06e-141	406
OTCace	B4E9G6	33.537	328	190	5	13	339	7	307	1.11e-141	406
OTCace	A0K9X6	33.537	328	190	5	13	339	7	307	1.11e-141	406
OTCace	Q1BU60	33.537	328	190	5	13	339	7	307	1.11e-141	406
OTCace	P77918	27.410	332	212	6	10	338	3	308	1.23e-141	406
OTCace	A5WDJ2	33.129	326	189	5	13	337	4	301	1.29e-141	405
OTCace	A0RR73	36.533	323	183	4	13	334	2	303	1.38e-141	406
OTCace	Q3MB19	35.258	329	183	7	10	336	4	304	2.60e-141	405
OTCace	Q2FPP7	34.969	326	186	5	12	336	2	302	2.81e-141	405
OTCace	A1WUZ6	32.407	324	190	5	13	335	2	297	3.45e-141	404
OTCace	Q71Z80	32.938	337	200	7	1	335	1	313	3.46e-141	405
OTCace	Q7NWJ6	34.769	325	182	6	13	335	5	301	4.51e-141	404
OTCace	Q5P0Z8	33.333	333	193	6	9	339	1	306	4.66e-141	404
OTCace	Q4FT48	32.822	326	190	5	13	337	4	301	5.37e-141	404
OTCace	O58451	27.410	332	212	6	10	338	3	308	1.00e-140	403
OTCace	B8DHF4	33.234	337	199	7	1	335	1	313	1.02e-140	404
OTCace	B9M4S3	22.619	336	224	9	10	339	3	308	1.14e-140	403
OTCace	Q6N0J0	34.639	332	189	6	6	336	3	307	1.19e-140	403
OTCace	Q92BC1	32.938	337	200	7	1	335	1	313	1.37e-140	403
OTCace	Q1QAR3	32.515	326	191	5	13	337	4	301	1.63e-140	403
OTCace	Q8Y6U5	32.938	337	200	7	1	335	1	313	1.89e-140	403
OTCace	A6QC22	37.461	323	179	5	13	334	2	302	2.17e-140	402
OTCace	P11724	33.333	324	187	5	13	335	4	299	2.47e-140	402
OTCace	Q6FCH8	31.692	325	193	5	13	336	4	300	2.59e-140	402
OTCace	A1K7J9	32.831	332	194	6	9	338	1	305	2.67e-140	402
OTCace	Q82UP4	32.727	330	193	6	13	340	4	306	2.83e-140	402
OTCace	O87319	36.170	329	180	7	10	336	4	304	4.77e-140	402
OTCace	Q8UI70	34.049	326	190	4	13	338	5	305	4.87e-140	402
OTCace	Q1H0L0	33.642	324	187	5	13	335	4	300	4.88e-140	402
OTCace	Q98BB6	35.802	324	183	4	13	336	4	302	4.90e-140	402
OTCace	Q0AEE3	33.333	330	191	6	13	340	4	306	8.73e-140	401
OTCace	Q89AG1	40.653	337	193	4	8	339	2	336	9.35e-140	402
OTCace	Q740I5	35.077	325	186	5	13	335	4	305	9.89e-140	401
OTCace	Q7VTJ8	35.119	336	189	6	1	335	1	308	1.08e-139	401
OTCace	Q7W7H7	35.119	336	189	6	1	335	1	308	1.08e-139	401
OTCace	Q7WKW6	35.119	336	189	6	1	335	1	308	1.08e-139	401
OTCace	A0QYS8	35.077	325	186	5	13	335	3	304	1.22e-139	401
OTCace	A7ZCL8	35.913	323	182	5	13	334	2	300	1.47e-139	400
OTCace	Q8U373	26.506	332	215	6	10	338	3	308	2.10e-139	400
OTCace	Q1MLV9	35.276	326	186	4	13	338	4	304	2.79e-139	400
OTCace	A6VJK4	36.308	325	180	6	14	335	2	302	2.98e-139	400
OTCace	A8LE44	36.000	325	185	5	13	335	4	307	3.50e-139	400
OTCace	A5GF41	22.024	336	226	9	10	339	3	308	4.79e-139	399
OTCace	Q2KZD0	34.821	336	190	6	1	335	1	308	5.20e-139	399
OTCace	P75473	47.384	344	161	6	10	336	5	345	9.19e-139	400
OTCace	Q7V0J3	37.651	332	180	6	5	335	2	307	1.00e-138	398
OTCace	Q87XL4	31.515	330	197	5	13	341	4	305	1.15e-138	398
OTCace	A0QHB0	34.769	325	187	5	13	335	4	305	1.18e-138	398
OTCace	Q8EVF5	43.895	344	177	5	6	336	1	341	1.28e-138	399
OTCace	Q7U5V5	36.145	332	185	6	8	338	13	318	1.64e-138	398
OTCace	Q30TL4	36.842	323	181	5	13	334	6	306	1.78e-138	398
OTCace	Q6LZS1	36.308	325	180	6	14	335	2	302	2.33e-138	397
OTCace	A5V656	34.139	331	188	5	13	338	3	308	3.73e-138	397
OTCace	A4FYS5	36.615	325	179	6	14	335	2	302	3.81e-138	396
OTCace	Q92S99	34.259	324	188	4	13	336	3	301	5.22e-138	396
OTCace	B6YXW4	26.126	333	217	6	10	339	3	309	6.11e-138	396
OTCace	P31326	38.462	338	183	6	8	343	31	345	1.34e-137	397
OTCace	P59778	33.739	329	190	6	13	336	6	311	1.53e-137	396
OTCace	B9KMW0	33.636	330	187	6	14	336	3	307	1.90e-137	395
OTCace	B5EB49	23.810	336	220	9	9	338	2	307	2.61e-137	395
OTCace	C6DZ52	23.810	336	220	9	9	338	2	307	3.59e-137	395
OTCace	Q1GIW7	33.939	330	186	6	14	336	3	307	4.50e-137	394
OTCace	Q5JHM9	27.554	323	205	6	10	329	3	299	5.81e-137	394
OTCace	B1ZLL0	24.419	344	222	11	1	338	1	312	6.20e-137	394
OTCace	Q97C32	39.385	325	172	6	12	335	3	303	6.34e-137	393
OTCace	A3PHL6	33.636	330	187	6	14	336	3	307	1.23e-136	393
OTCace	C5A2H1	27.410	332	212	6	10	338	3	308	1.42e-136	393
OTCace	Q98M86	26.100	341	215	10	1	335	1	310	1.55e-136	393
OTCace	B2IEN5	24.189	339	220	10	2	334	3	310	1.72e-136	393
OTCace	Q319M8	36.556	331	183	6	6	335	3	307	2.10e-136	392
OTCace	Q5LUT9	35.455	330	181	6	14	336	3	307	2.45e-136	392
OTCace	Q7NGR7	37.778	315	170	5	24	337	23	312	2.58e-136	392
OTCace	Q3J4X5	33.636	330	187	6	14	336	3	307	4.09e-136	391
OTCace	O30130	24.847	326	212	6	13	335	3	298	4.10e-136	391
OTCace	A1U324	31.098	328	197	5	13	339	4	303	4.14e-136	391
OTCace	A0LUC1	33.832	334	192	7	13	341	3	312	4.22e-136	392
OTCace	Q47R25	25.455	330	209	9	14	337	3	301	4.46e-136	392
OTCace	Q88NX4	33.437	323	186	5	13	334	4	298	4.96e-136	391
OTCace	Q8R9R5	24.773	331	212	10	9	334	1	299	5.10e-136	391
OTCace	B7GTP2	33.739	329	190	6	13	336	6	311	5.23e-136	392
OTCace	O19072	37.092	337	187	6	9	343	10	323	6.18e-136	392
OTCace	A7I3W8	39.938	323	169	5	13	334	2	300	6.37e-136	391
OTCace	A6X568	23.754	341	223	9	1	335	1	310	8.20e-136	391
OTCace	Q7VHJ0	32.948	346	196	6	13	343	2	326	1.09e-135	391
OTCace	Q971Y3	39.024	328	177	4	9	335	1	306	1.14e-135	390
OTCace	A1AS13	22.321	336	225	9	10	339	4	309	1.56e-135	390
OTCace	Q1QVM7	32.308	325	190	6	13	335	4	300	1.92e-135	390
OTCace	Q169P2	32.424	330	191	6	14	336	3	307	2.74e-135	390
OTCace	Q6G3F3	24.340	341	221	9	1	335	1	310	3.62e-135	390
OTCace	A8LE09	23.939	330	214	9	14	337	3	301	3.81e-135	389
OTCace	A9MBN9	24.047	341	222	9	1	335	1	310	4.00e-135	390
OTCace	Q2RK43	24.551	334	215	10	10	337	3	305	4.23e-135	389
OTCace	P65612	24.047	341	222	9	1	335	1	310	4.92e-135	390
OTCace	A9WYR8	24.047	341	222	9	1	335	1	310	4.92e-135	390
OTCace	A5VUT1	24.047	341	222	9	1	335	1	310	4.92e-135	390
OTCace	P65611	24.047	341	222	9	1	335	1	310	4.92e-135	390
OTCace	C0RLC0	24.047	341	222	9	1	335	1	310	4.92e-135	390
OTCace	Q577Z8	24.047	341	222	9	1	335	1	310	4.92e-135	390
OTCace	Q2YKL8	24.047	341	222	9	1	335	1	310	4.92e-135	390
OTCace	B2SB57	24.047	341	222	9	1	335	1	310	4.92e-135	390
OTCace	A6UNM1	36.697	327	180	6	14	337	2	304	4.96e-135	389
OTCace	A4J555	23.512	336	220	10	10	339	3	307	6.62e-135	389
OTCace	A9W737	24.128	344	223	11	1	338	1	312	7.11e-135	389
OTCace	B7KW98	24.128	344	223	11	1	338	1	312	7.11e-135	389
OTCace	Q43814	35.890	326	183	6	13	336	73	374	1.72e-134	390
OTCace	Q46DA6	27.027	333	213	7	10	339	3	308	2.28e-134	387
OTCace	A0LUG3	22.961	331	218	9	13	337	3	302	2.30e-134	388
OTCace	A0B8L1	26.205	332	214	8	9	337	1	304	2.31e-134	387
OTCace	O50039	37.730	326	177	6	13	336	73	374	2.50e-134	390
OTCace	Q01322	49.621	264	128	3	60	320	1	262	2.63e-134	385
OTCace	B4UDQ3	23.423	333	219	10	11	337	4	306	2.93e-134	387
OTCace	P9WIT9	34.769	325	187	5	13	335	3	304	4.58e-134	386
OTCace	P9WIT8	34.769	325	187	5	13	335	3	304	4.58e-134	386
OTCace	A5U313	34.769	325	187	5	13	335	3	304	4.58e-134	386
OTCace	A1KJ73	34.769	325	187	5	13	335	3	304	4.58e-134	386
OTCace	P0A5M9	34.769	325	187	5	13	335	3	304	4.58e-134	386
OTCace	Q02047	31.385	325	194	5	13	336	4	300	4.73e-134	386
OTCace	B8JAE9	23.724	333	218	10	11	337	4	306	5.41e-134	386
OTCace	B3E3I2	23.353	334	220	9	10	337	3	306	7.88e-134	386
OTCace	P84010	37.685	337	185	6	9	343	37	350	8.08e-134	388
OTCace	A1B3N7	32.424	330	191	6	14	336	3	307	1.02e-133	386
OTCace	Q1LJR3	23.011	352	225	13	1	337	1	321	1.09e-133	386
OTCace	A0RUE9	34.259	324	185	5	11	334	4	299	1.21e-133	385
OTCace	A4G3H2	31.707	328	194	6	13	338	4	303	1.22e-133	385
OTCace	Q2IIB1	23.724	333	218	10	11	337	4	306	1.38e-133	385
OTCace	C1ASZ8	32.822	326	194	5	13	336	6	308	1.79e-133	385
OTCace	A4T9W6	34.154	325	189	5	13	335	3	304	1.88e-133	385
OTCace	A7HCE9	21.622	333	225	10	11	337	4	306	1.89e-133	385
OTCace	Q18E28	33.746	323	182	6	14	335	6	297	2.23e-133	385
OTCace	A8ZU12	23.582	335	219	9	9	337	2	305	2.25e-133	385
OTCace	A1KRE1	24.251	334	219	8	6	336	1	303	2.87e-133	384
OTCace	A5CSJ2	37.538	325	178	5	13	335	3	304	3.17e-133	384
OTCace	A6U811	24.096	332	215	10	10	335	4	304	4.13e-133	384
OTCace	A9GWW0	21.687	332	223	10	11	336	6	306	4.43e-133	385
OTCace	Q0RF77	24.189	339	219	10	5	337	7	313	4.65e-133	384
OTCace	Q9ZB62	36.697	327	184	5	10	335	7	311	5.12e-133	384
OTCace	Q2J833	24.096	332	215	9	12	337	13	313	5.19e-133	384
OTCace	Q1QL23	24.638	345	222	11	1	338	1	314	5.47e-133	384
OTCace	Q0SI56	32.822	326	194	5	13	336	6	308	5.57e-133	384
OTCace	Q8FTN1	36.036	333	181	7	13	337	7	315	5.98e-133	384
OTCace	Q59283	37.538	333	176	7	13	337	8	316	6.33e-133	384
OTCace	Q8NQ38	23.442	337	215	10	13	337	2	307	6.89e-133	384
OTCace	Q92QL5	24.096	332	215	10	10	335	4	304	7.95e-133	383
OTCace	Q39US4	22.353	340	228	9	9	342	2	311	8.09e-133	383
OTCace	Q0BTZ5	25.000	328	208	11	14	334	7	303	9.02e-133	383
OTCace	Q2LVI4	23.724	333	217	10	10	336	3	304	9.56e-133	383
OTCace	Q2W156	21.131	336	227	11	10	338	6	310	1.09e-132	383
OTCace	A4QEI7	23.442	337	215	10	13	337	2	307	1.53e-132	383
OTCace	A8ICW0	24.773	331	212	10	10	334	9	308	1.70e-132	383
OTCace	Q2G3J8	32.326	331	194	5	13	338	6	311	1.72e-132	383
OTCace	P11725	36.982	338	189	5	2	337	29	344	1.73e-132	384
OTCace	Q9YHY9	35.277	343	197	6	3	343	30	349	1.91e-132	384
OTCace	A4VRI1	21.023	352	232	13	1	337	1	321	2.08e-132	383
OTCace	P68746	44.272	323	172	3	10	331	6	321	2.69e-132	383
OTCace	P68747	44.272	323	172	3	10	331	6	321	2.69e-132	383
OTCace	Q6AS40	23.054	334	220	10	10	337	7	309	2.73e-132	382
OTCace	Q0K7N2	23.295	352	224	13	1	337	1	321	2.85e-132	383
OTCace	Q01326	49.242	264	129	3	60	320	1	262	2.93e-132	380
OTCace	Q9N1U7	37.092	337	187	6	9	343	36	349	3.60e-132	383
OTCace	B0TPF3	24.852	338	219	9	6	339	1	307	3.73e-132	382
OTCace	B0RHD4	37.538	325	178	5	13	335	3	304	3.79e-132	381
OTCace	Q8Y1L2	22.159	352	228	13	1	337	1	321	6.53e-132	381
OTCace	B3R5Y0	23.011	352	225	13	1	337	1	321	6.75e-132	381
OTCace	Q0TRA8	23.795	332	222	8	9	336	1	305	9.28e-132	381
OTCace	B0TST3	25.148	338	218	9	6	339	1	307	9.44e-132	381
OTCace	B0TSQ4	25.740	338	216	9	6	339	1	307	1.01e-131	381
OTCace	A1AWA3	31.385	325	194	5	13	336	3	299	1.02e-131	380
OTCace	A0LK21	21.988	332	222	9	9	334	2	302	1.11e-131	380
OTCace	P00480	37.092	337	187	6	9	343	36	349	1.17e-131	382
OTCace	Q7VAW6	35.000	320	181	6	10	328	15	308	1.18e-131	381
OTCace	Q8KDE2	30.499	341	209	6	1	337	1	317	1.18e-131	381
OTCace	A6VSP9	24.332	337	215	12	13	340	18	323	1.24e-131	381
OTCace	Q9A653	32.239	335	197	5	9	338	1	310	1.31e-131	380
OTCace	A3DE08	23.565	331	216	10	10	334	3	302	1.48e-131	380
OTCace	A8LY14	25.378	331	213	9	13	337	3	305	1.52e-131	380
OTCace	Q8TVB2	26.126	333	217	7	8	337	2	308	1.68e-131	380
OTCace	Q01323	47.727	264	133	3	60	320	1	262	1.86e-131	378
OTCace	Q0STN4	24.096	332	221	8	9	336	1	305	2.08e-131	380
OTCace	P00481	36.982	338	189	5	2	337	29	344	2.11e-131	381
OTCace	A7IMA0	24.169	331	214	10	10	334	9	308	2.14e-131	380
OTCace	A5UX78	24.699	332	217	9	11	336	13	317	2.25e-131	380
OTCace	P65616	23.952	334	220	8	6	336	1	303	2.29e-131	380
OTCace	P65615	23.952	334	220	8	6	336	1	303	2.29e-131	380
OTCace	Q01325	47.727	264	133	3	60	320	1	262	2.34e-131	378
OTCace	A5D1A5	22.985	335	221	10	9	337	2	305	3.17e-131	379
OTCace	Q4K4E2	20.739	352	233	13	1	337	1	321	3.17e-131	380
OTCace	A9M469	24.251	334	219	8	6	336	1	303	3.44e-131	379
OTCace	Q474U3	22.159	352	228	13	1	337	1	321	3.47e-131	380
OTCace	Q7P145	24.242	330	216	8	10	336	1	299	3.72e-131	379
OTCace	A4X615	25.076	331	214	9	13	337	3	305	3.85e-131	379
OTCace	B2A2U7	23.512	336	221	10	9	338	2	307	3.89e-131	379
OTCace	Q8THL2	25.526	333	218	7	10	339	3	308	4.20e-131	379
OTCace	P96174	23.952	334	218	10	8	336	3	305	4.76e-131	379
OTCace	A1RVH4	35.077	325	187	6	13	335	2	304	4.81e-131	379
OTCace	Q97FS3	25.749	334	217	8	9	338	1	307	5.10e-131	379
OTCace	Q7V8G9	34.242	330	190	6	10	338	15	318	5.88e-131	379
OTCace	Q5F5P0	24.251	334	219	8	6	336	1	303	5.94e-131	378
OTCace	Q30YB7	30.368	326	198	6	13	337	3	300	6.40e-131	378
OTCace	Q2RPG0	23.353	334	218	11	12	338	11	313	7.17e-131	379
OTCace	Q8XL59	24.096	332	221	8	9	336	1	305	7.65e-131	378
OTCace	Q01324	48.485	264	131	3	60	320	1	262	7.72e-131	376
OTCace	Q0W5I2	25.378	331	215	8	10	336	3	305	8.00e-131	378
OTCace	Q9HIK9	36.615	325	181	6	12	335	3	303	8.13e-131	378
OTCace	Q8FT39	22.552	337	218	10	13	337	2	307	1.00e-130	378
OTCace	Q8PXK5	25.225	333	219	7	10	339	4	309	1.13e-130	378
OTCace	B2U7B1	21.875	352	229	13	1	337	1	321	1.33e-130	378
OTCace	A4YWG4	23.907	343	224	10	2	338	3	314	1.41e-130	378
OTCace	Q24TJ1	26.269	335	210	9	9	337	2	305	1.55e-130	378
OTCace	B8FT13	26.269	335	210	9	9	337	2	305	1.55e-130	378
OTCace	Q59653	20.958	334	225	12	13	337	18	321	1.63e-130	378
OTCace	Q02U10	20.958	334	225	12	13	337	18	321	1.63e-130	378
OTCace	B7V3Y9	20.958	334	225	12	13	337	18	321	1.63e-130	378
OTCace	B6IN31	22.289	332	220	11	10	334	9	309	1.64e-130	378
OTCace	C1DI75	21.023	352	232	13	1	337	1	321	1.99e-130	378
OTCace	Q1GUN0	23.304	339	221	10	4	334	26	333	2.13e-130	378
OTCace	C4LBX2	23.724	333	219	9	8	336	3	304	2.36e-130	377
OTCace	Q9RVC0	22.741	343	228	11	1	337	1	312	2.52e-130	377
OTCace	Q0BZU6	21.866	343	232	9	1	337	1	313	2.61e-130	377
OTCace	Q3SR25	24.348	345	223	11	1	338	1	314	2.68e-130	377
OTCace	Q6FZS5	24.047	341	222	9	1	335	1	310	2.70e-130	377
OTCace	O67607	32.308	325	194	6	12	335	2	301	2.71e-130	377
OTCace	A1SJE8	24.779	339	211	11	12	337	2	309	2.71e-130	378
OTCace	Q59711	21.307	352	231	13	1	337	1	321	2.88e-130	378
OTCace	Q8UFT9	24.398	332	214	9	10	335	4	304	3.00e-130	377
OTCace	B4RPW7	23.952	334	220	8	6	336	1	303	3.37e-130	376
OTCace	Q6AGC9	34.969	326	187	5	13	336	3	305	3.56e-130	377
OTCace	A4XPA4	19.886	352	237	12	1	337	1	322	4.77e-130	377
OTCace	B0KM23	21.307	352	231	13	1	337	1	321	5.37e-130	377
OTCace	Q3SFS1	23.121	346	225	13	1	337	1	314	5.45e-130	376
OTCace	Q01V56	23.853	327	215	8	15	336	5	302	5.59e-130	376
OTCace	B1I4N1	25.228	329	209	9	13	335	4	301	7.25e-130	376
OTCace	Q1I3U2	21.557	334	222	12	13	337	19	321	7.53e-130	377
OTCace	Q89K19	24.419	344	222	11	1	338	1	312	7.87e-130	376
OTCace	A5EKQ8	24.198	343	223	10	2	338	3	314	8.91e-130	376
OTCace	Q3Z787	23.964	338	225	10	9	340	20	331	1.02e-129	376
OTCace	A7I1Y4	22.552	337	221	11	9	337	2	306	1.03e-129	375
OTCace	B1J355	21.307	352	231	13	1	337	1	321	1.07e-129	376
OTCace	Q48296	34.877	324	178	8	14	336	3	294	1.15e-129	375
OTCace	Q4J8Z2	37.423	326	181	4	9	333	1	304	1.22e-129	375
OTCace	Q5FRG8	23.171	328	216	9	13	334	9	306	1.31e-129	375
OTCace	A6UYL2	21.257	334	224	12	13	337	18	321	1.37e-129	376
OTCace	Q88D30	21.307	352	231	13	1	337	1	321	1.42e-129	376
OTCace	A5WA32	21.307	352	231	13	1	337	1	321	1.42e-129	376
OTCace	B0TGQ3	23.054	334	220	9	10	337	3	305	1.81e-129	375
OTCace	Q8EK29	35.494	324	183	6	13	335	2	300	1.90e-129	375
OTCace	A1WBQ7	21.557	334	222	10	14	338	17	319	2.17e-129	375
OTCace	B9MF57	21.557	334	222	10	14	338	17	319	2.17e-129	375
OTCace	Q87LF8	23.284	335	220	11	8	336	3	306	2.59e-129	375
OTCace	Q48P93	20.739	352	233	13	1	337	1	321	3.01e-129	375
OTCace	C1A8J7	20.181	332	228	10	12	337	6	306	3.10e-129	375
OTCace	Q3K5A3	20.739	352	233	13	1	337	1	321	3.15e-129	375
OTCace	Q2SPG7	21.557	334	222	12	13	337	20	322	3.18e-129	375
OTCace	Q87V99	20.739	352	233	13	1	337	1	321	3.22e-129	375
OTCace	A9WQ88	35.671	328	182	5	13	334	3	307	3.41e-129	374
OTCace	C3K3K2	21.021	333	223	12	14	337	20	321	3.75e-129	375
OTCace	Q4ZZ70	20.739	352	233	13	1	337	1	321	3.96e-129	375
OTCace	Q11IM0	24.633	341	220	10	1	335	1	310	6.04e-129	374
# BLAST processed 3 queries
