# PSIBLAST 2.6.0+
# Iteration: 1
# Query: RNA_pol_A_bac | P0A4E3.1 | WP_003516121.1 | 99.12%
# Database: /home/alex/Documents/data/local_db/swissprot
# Fields: query acc.ver, subject acc.ver, % identity, alignment length, mismatches, gap opens, q. start, q. end, s. start, s. end, evalue, bit score
# 786 hits found
RNA_pol_A_bac	P0A4E4	100.000	336	0	0	1	336	1	336	0.0	685
RNA_pol_A_bac	P0A4E3	100.000	336	0	0	1	336	1	336	0.0	685
RNA_pol_A_bac	B9JDV2	97.024	336	10	0	1	336	1	336	0.0	669
RNA_pol_A_bac	B5ZZ57	96.726	336	11	0	1	336	1	336	0.0	667
RNA_pol_A_bac	Q1MIB7	96.726	336	11	0	1	336	1	336	0.0	667
RNA_pol_A_bac	Q2K9J2	96.726	336	11	0	1	336	1	336	0.0	667
RNA_pol_A_bac	B3PWU5	96.726	336	11	0	1	336	1	336	0.0	667
RNA_pol_A_bac	B9JVR1	96.726	336	11	0	1	336	1	336	0.0	665
RNA_pol_A_bac	C3MB03	96.131	336	13	0	1	336	1	336	0.0	665
RNA_pol_A_bac	A6U883	95.238	336	16	0	1	336	1	336	0.0	660
RNA_pol_A_bac	Q925Z2	95.238	336	16	0	1	336	1	336	0.0	660
RNA_pol_A_bac	Q98N33	91.964	336	27	0	1	336	1	336	0.0	637
RNA_pol_A_bac	A6X0E2	90.208	337	32	1	1	336	1	337	0.0	631
RNA_pol_A_bac	Q11HS6	90.774	336	31	0	1	336	1	336	0.0	631
RNA_pol_A_bac	Q57CT2	90.504	337	31	1	1	336	1	337	0.0	630
RNA_pol_A_bac	Q2YRU0	90.504	337	31	1	1	336	1	337	0.0	630
RNA_pol_A_bac	B2S655	90.504	337	31	1	1	336	1	337	0.0	630
RNA_pol_A_bac	Q8G094	90.208	337	32	1	1	336	1	337	0.0	627
RNA_pol_A_bac	B0CH07	90.208	337	32	1	1	336	1	337	0.0	627
RNA_pol_A_bac	A9M5M5	89.911	337	33	1	1	336	1	337	0.0	625
RNA_pol_A_bac	Q8YHL6	89.911	337	33	1	1	336	1	337	0.0	625
RNA_pol_A_bac	C0RJH6	89.911	337	33	1	1	336	1	337	0.0	625
RNA_pol_A_bac	A5VQY2	89.614	337	34	1	1	336	1	337	0.0	623
RNA_pol_A_bac	A9IVZ5	82.789	337	57	1	1	336	1	337	0.0	579
RNA_pol_A_bac	A1USR8	82.196	337	59	1	1	336	1	337	0.0	577
RNA_pol_A_bac	Q6FZE6	82.493	337	58	1	1	336	1	337	0.0	575
RNA_pol_A_bac	Q9FDC7	81.899	337	60	1	1	336	1	337	0.0	572
RNA_pol_A_bac	A8IAN5	80.473	338	64	1	1	336	4	341	0.0	571
RNA_pol_A_bac	B3QBV5	81.899	337	59	1	2	336	3	339	0.0	570
RNA_pol_A_bac	Q6N4V7	81.899	337	59	1	2	336	3	339	0.0	570
RNA_pol_A_bac	Q2IXN6	81.899	337	59	1	2	336	3	339	0.0	570
RNA_pol_A_bac	Q134V3	81.899	337	59	1	2	336	3	339	0.0	570
RNA_pol_A_bac	A4YSL6	81.306	337	61	1	2	336	7	343	0.0	568
RNA_pol_A_bac	A5ELK3	81.306	337	61	1	2	336	7	343	0.0	568
RNA_pol_A_bac	Q07KP2	81.899	337	59	1	2	336	3	339	0.0	568
RNA_pol_A_bac	B2IF96	81.065	338	62	1	1	336	1	338	0.0	567
RNA_pol_A_bac	Q89JA7	81.306	337	61	1	2	336	7	343	0.0	566
RNA_pol_A_bac	Q211H2	81.602	337	60	1	2	336	3	339	0.0	564
RNA_pol_A_bac	Q3SSU2	81.306	337	61	1	2	336	3	339	0.0	564
RNA_pol_A_bac	Q1QN06	81.009	337	62	1	2	336	3	339	0.0	560
RNA_pol_A_bac	B6JEY9	79.228	337	68	1	2	336	3	339	0.0	556
RNA_pol_A_bac	B8IT35	79.586	338	67	1	1	336	2	339	0.0	553
RNA_pol_A_bac	B0UHU5	79.586	338	67	1	1	336	2	339	0.0	553
RNA_pol_A_bac	B8EIT5	79.882	338	66	1	1	336	1	338	0.0	551
RNA_pol_A_bac	B1LWP9	79.882	338	66	1	1	336	2	339	0.0	550
RNA_pol_A_bac	A7IPP6	76.627	338	77	1	1	336	1	338	0.0	550
RNA_pol_A_bac	B7L0S5	79.586	338	67	1	1	336	2	339	0.0	547
RNA_pol_A_bac	A7HWT5	78.698	338	70	1	1	336	1	338	0.0	545
RNA_pol_A_bac	B1Z768	78.994	338	69	1	1	336	2	339	0.0	545
RNA_pol_A_bac	B8H4F8	75.371	337	81	1	1	335	1	337	0.0	533
RNA_pol_A_bac	Q9A8S9	75.371	337	81	1	1	335	1	337	0.0	533
RNA_pol_A_bac	B0T2E6	74.481	337	84	1	1	335	1	337	0.0	528
RNA_pol_A_bac	B4R8P1	74.777	337	83	1	1	335	1	337	0.0	522
RNA_pol_A_bac	Q0ANS4	75.148	338	81	2	1	335	1	338	0.0	518
RNA_pol_A_bac	B6IRT0	73.373	338	88	1	1	336	1	338	0.0	511
RNA_pol_A_bac	Q2RQY4	72.781	338	90	1	1	336	3	340	0.0	509
RNA_pol_A_bac	Q2W2L3	72.781	338	90	1	1	336	1	338	0.0	508
RNA_pol_A_bac	A1B052	73.156	339	87	2	1	336	1	338	0.0	508
RNA_pol_A_bac	A9H3I9	72.781	338	90	1	1	336	2	339	3.41e-180	504
RNA_pol_A_bac	A4WVI4	72.781	338	90	1	1	336	1	338	2.14e-179	502
RNA_pol_A_bac	Q5FU07	71.091	339	94	2	1	336	2	339	5.70e-179	501
RNA_pol_A_bac	Q28US8	70.710	338	97	1	1	336	1	338	1.20e-178	500
RNA_pol_A_bac	B9KLB5	72.485	338	91	1	1	336	1	338	3.03e-178	499
RNA_pol_A_bac	Q3J5P8	72.485	338	91	1	1	336	1	338	3.03e-178	499
RNA_pol_A_bac	A3PGN5	72.485	338	91	1	1	336	1	338	3.03e-178	499
RNA_pol_A_bac	Q5LW32	70.118	338	99	1	1	336	1	338	7.86e-178	498
RNA_pol_A_bac	Q0BUM6	71.302	338	95	1	1	336	2	339	2.21e-177	497
RNA_pol_A_bac	Q16AB8	70.118	338	99	1	1	336	1	338	6.87e-177	496
RNA_pol_A_bac	Q1GK04	69.231	338	102	1	1	336	1	338	7.56e-176	493
RNA_pol_A_bac	A5FZU1	72.107	337	92	1	2	336	9	345	1.54e-175	493
RNA_pol_A_bac	Q0BYD8	71.513	337	89	3	4	335	7	341	2.47e-175	492
RNA_pol_A_bac	Q2G5B0	68.300	347	93	3	4	335	6	350	1.16e-167	473
RNA_pol_A_bac	Q1GVN6	66.474	346	100	3	4	335	6	349	5.37e-167	471
RNA_pol_A_bac	Q5NQ40	67.529	348	98	3	4	336	6	353	5.69e-167	471
RNA_pol_A_bac	Q4FLP1	64.565	333	117	1	4	335	9	341	1.71e-162	460
RNA_pol_A_bac	Q2N9D7	66.181	343	105	3	4	335	6	348	3.53e-162	459
RNA_pol_A_bac	A5V5X5	66.092	348	103	2	4	336	6	353	4.37e-162	459
RNA_pol_A_bac	A8GT45	61.424	337	127	2	2	336	4	339	1.44e-149	427
RNA_pol_A_bac	B0BUN6	61.424	337	127	2	2	336	4	339	1.44e-149	427
RNA_pol_A_bac	C3PP83	61.128	337	128	2	2	336	4	339	2.32e-148	424
RNA_pol_A_bac	Q92GZ0	61.128	337	128	2	2	336	4	339	2.94e-148	424
RNA_pol_A_bac	A8EZJ2	61.194	335	127	2	2	334	4	337	1.57e-147	422
RNA_pol_A_bac	Q4UMQ5	60.237	337	131	2	2	336	4	339	2.77e-147	421
RNA_pol_A_bac	C4K2F5	60.831	337	129	2	2	336	4	339	5.76e-147	420
RNA_pol_A_bac	Q9ZCS9	60.237	337	131	2	2	336	4	339	6.43e-147	420
RNA_pol_A_bac	A8F2C3	60.534	337	130	2	2	336	4	339	2.91e-146	419
RNA_pol_A_bac	Q68WA2	59.941	337	132	2	2	336	4	339	3.04e-146	419
RNA_pol_A_bac	A8GVD7	60.059	338	131	3	2	336	4	340	5.86e-146	418
RNA_pol_A_bac	A8GPC6	59.347	337	134	2	2	336	4	339	7.61e-146	417
RNA_pol_A_bac	Q1RHP5	60.059	338	131	3	2	336	4	340	8.05e-146	417
RNA_pol_A_bac	A0L5Z8	61.538	338	126	2	2	335	1	338	2.44e-143	411
RNA_pol_A_bac	A0LIL7	57.143	336	140	2	2	335	1	334	9.34e-134	387
RNA_pol_A_bac	Q2GH33	56.268	343	139	4	2	335	32	372	1.11e-133	388
RNA_pol_A_bac	Q1D748	57.669	326	135	2	1	323	5	330	3.13e-133	385
RNA_pol_A_bac	Q3YRN2	55.394	343	142	4	2	335	32	372	2.47e-132	384
RNA_pol_A_bac	A7HBP5	57.055	326	137	2	1	323	5	330	3.70e-131	380
RNA_pol_A_bac	Q5FFS1	54.203	345	145	4	2	335	32	374	5.14e-131	381
RNA_pol_A_bac	Q5HAU5	54.203	345	145	4	2	335	32	374	5.25e-131	381
RNA_pol_A_bac	B3CT29	55.000	340	148	3	1	336	4	342	6.22e-129	375
RNA_pol_A_bac	A5CCI9	54.706	340	149	3	1	336	4	342	2.44e-128	373
RNA_pol_A_bac	Q3A6M0	56.973	337	141	3	2	334	1	337	5.09e-128	372
RNA_pol_A_bac	A9FGB8	52.959	338	151	3	1	335	10	342	1.77e-127	371
RNA_pol_A_bac	Q749B3	55.457	339	146	3	2	335	1	339	8.44e-127	369
RNA_pol_A_bac	Q2IJ57	57.055	326	137	2	1	323	5	330	1.03e-125	366
RNA_pol_A_bac	B4UBC6	57.055	326	137	2	1	323	5	330	2.02e-125	365
RNA_pol_A_bac	B8J887	57.055	326	137	2	1	323	5	330	2.02e-125	365
RNA_pol_A_bac	Q39XX9	54.867	339	148	3	2	335	1	339	1.12e-124	363
RNA_pol_A_bac	Q73HA9	53.936	343	146	3	5	335	12	354	4.46e-123	360
RNA_pol_A_bac	Q5PA81	51.873	347	151	5	2	334	21	365	6.86e-121	355
RNA_pol_A_bac	Q5GSW7	52.941	340	148	3	8	335	15	354	2.23e-120	353
RNA_pol_A_bac	Q6MJ36	54.348	322	143	3	4	322	7	327	1.25e-118	348
RNA_pol_A_bac	B8GV33	51.488	336	152	3	2	331	1	331	3.03e-117	345
RNA_pol_A_bac	A1TYM2	52.599	327	150	2	2	325	1	325	7.91e-117	343
RNA_pol_A_bac	B3PK62	51.368	329	155	2	2	327	1	327	2.61e-116	342
RNA_pol_A_bac	Q6AP43	51.084	323	154	2	2	320	11	333	4.56e-116	342
RNA_pol_A_bac	A8ZV82	50.307	326	158	2	1	322	5	330	1.80e-115	340
RNA_pol_A_bac	Q2GL36	52.924	342	147	4	5	334	4	343	2.08e-115	340
RNA_pol_A_bac	Q1IS93	54.140	314	142	1	6	317	3	316	3.43e-115	341
RNA_pol_A_bac	A1ALW7	52.778	324	149	3	2	321	1	324	7.57e-114	336
RNA_pol_A_bac	Q12G77	52.888	329	138	4	9	326	5	327	4.54e-113	334
RNA_pol_A_bac	C5CQ75	52.280	329	140	3	9	326	5	327	4.79e-113	334
RNA_pol_A_bac	Q21QP9	52.888	329	138	3	9	326	5	327	7.17e-113	333
RNA_pol_A_bac	C4XLK3	49.102	334	168	2	4	335	13	346	3.92e-112	332
RNA_pol_A_bac	C6C1B1	49.850	333	166	1	4	335	13	345	5.56e-112	332
RNA_pol_A_bac	Q21M33	51.818	330	152	4	2	327	1	327	1.36e-111	330
RNA_pol_A_bac	Q2S937	51.682	327	153	3	2	325	1	325	1.49e-111	330
RNA_pol_A_bac	A1VJ40	53.086	324	146	3	9	326	5	328	1.69e-111	330
RNA_pol_A_bac	A9BRX5	53.030	330	139	3	9	326	5	330	1.71e-111	330
RNA_pol_A_bac	A9IHR6	52.322	323	151	2	7	326	4	326	1.81e-111	330
RNA_pol_A_bac	Q15X48	52.648	321	147	2	8	325	7	325	2.68e-111	329
RNA_pol_A_bac	C1DAU3	51.682	327	154	2	2	326	1	325	2.79e-111	329
RNA_pol_A_bac	A5UHV5	52.439	328	149	4	2	325	1	325	9.16e-111	328
RNA_pol_A_bac	Q4QM97	52.439	328	149	4	2	325	1	325	9.16e-111	328
RNA_pol_A_bac	A6VLL3	51.976	329	150	4	2	325	1	326	1.76e-110	327
RNA_pol_A_bac	P43737	52.439	328	149	4	2	325	1	325	2.42e-110	327
RNA_pol_A_bac	A5UDS2	52.134	328	150	4	2	325	1	325	2.42e-110	327
RNA_pol_A_bac	P57941	52.584	329	148	5	2	325	1	326	3.66e-110	327
RNA_pol_A_bac	Q65QY0	52.584	329	148	5	2	325	1	326	3.78e-110	327
RNA_pol_A_bac	A7MPF8	51.662	331	152	4	2	327	1	328	4.31e-110	326
RNA_pol_A_bac	Q3SLM4	52.923	325	149	2	4	326	2	324	4.44e-110	326
RNA_pol_A_bac	Q5F5V2	51.672	329	152	3	2	326	1	326	5.30e-110	326
RNA_pol_A_bac	P0A4E5	52.322	323	151	2	7	326	4	326	5.59e-110	326
RNA_pol_A_bac	P0A4E7	52.322	323	151	2	7	326	4	326	5.59e-110	326
RNA_pol_A_bac	P0A4E6	52.322	323	151	2	7	326	4	326	5.59e-110	326
RNA_pol_A_bac	A1JS01	51.662	331	152	4	2	327	1	328	5.60e-110	326
RNA_pol_A_bac	Q3YWW4	51.662	331	152	4	2	327	1	328	5.72e-110	326
RNA_pol_A_bac	P0A7Z9	51.662	331	152	4	2	327	1	328	5.72e-110	326
RNA_pol_A_bac	Q0T007	51.662	331	152	4	2	327	1	328	5.72e-110	326
RNA_pol_A_bac	Q31VY1	51.662	331	152	4	2	327	1	328	5.72e-110	326
RNA_pol_A_bac	P0A7Z7	51.662	331	152	4	2	327	1	328	5.72e-110	326
RNA_pol_A_bac	P0A7Z8	51.662	331	152	4	2	327	1	328	5.72e-110	326
RNA_pol_A_bac	Q5PK10	51.662	331	152	4	2	327	1	328	5.72e-110	326
RNA_pol_A_bac	Q1R637	51.662	331	152	4	2	327	1	328	5.72e-110	326
RNA_pol_A_bac	P0A7Z4	51.662	331	152	4	2	327	1	328	5.72e-110	326
RNA_pol_A_bac	P0A7Z5	51.662	331	152	4	2	327	1	328	5.72e-110	326
RNA_pol_A_bac	Q0TCG6	51.662	331	152	4	2	327	1	328	5.72e-110	326
RNA_pol_A_bac	A1AGI6	51.662	331	152	4	2	327	1	328	5.72e-110	326
RNA_pol_A_bac	A8A5A0	51.662	331	152	4	2	327	1	328	5.72e-110	326
RNA_pol_A_bac	P0A7Z6	51.662	331	152	4	2	327	1	328	5.72e-110	326
RNA_pol_A_bac	A7ZSI4	51.662	331	152	4	2	327	1	328	5.72e-110	326
RNA_pol_A_bac	A8AQJ0	51.662	331	152	4	2	327	1	328	5.72e-110	326
RNA_pol_A_bac	Q664U6	51.662	331	152	4	2	327	1	328	5.78e-110	326
RNA_pol_A_bac	A4TH15	51.662	331	152	4	2	327	1	328	5.78e-110	326
RNA_pol_A_bac	Q1CCW8	51.662	331	152	4	2	327	1	328	5.78e-110	326
RNA_pol_A_bac	Q8ZJ87	51.662	331	152	4	2	327	1	328	5.78e-110	326
RNA_pol_A_bac	Q1C2X1	51.662	331	152	4	2	327	1	328	5.78e-110	326
RNA_pol_A_bac	A7FNL0	51.662	331	152	4	2	327	1	328	5.78e-110	326
RNA_pol_A_bac	Q57J56	51.662	331	152	4	2	327	1	328	6.04e-110	326
RNA_pol_A_bac	Q32B56	51.662	331	152	4	2	327	1	328	6.38e-110	326
RNA_pol_A_bac	Q1MPP1	49.102	334	167	2	4	334	13	346	6.86e-110	327
RNA_pol_A_bac	A8GKH3	51.662	331	152	4	2	327	1	328	7.51e-110	326
RNA_pol_A_bac	A6TEU8	51.662	331	152	4	2	327	1	328	7.51e-110	326
RNA_pol_A_bac	A4WFA3	51.662	331	152	4	2	327	1	328	7.51e-110	326
RNA_pol_A_bac	B1Y7M9	51.368	329	142	3	9	326	5	326	9.04e-110	325
RNA_pol_A_bac	A1KRJ9	51.064	329	154	3	2	326	1	326	9.23e-110	325
RNA_pol_A_bac	P66704	51.064	329	154	3	2	326	1	326	9.23e-110	325
RNA_pol_A_bac	P66703	51.064	329	154	3	2	326	1	326	9.23e-110	325
RNA_pol_A_bac	A1TJU2	52.584	329	140	4	9	326	5	328	1.19e-109	325
RNA_pol_A_bac	Q30Z68	48.358	335	170	2	4	335	13	347	1.28e-109	326
RNA_pol_A_bac	Q7MYH5	51.662	331	152	4	2	327	1	328	1.44e-109	325
RNA_pol_A_bac	A1W333	52.469	324	148	2	9	326	5	328	1.59e-109	325
RNA_pol_A_bac	B9MBW2	52.469	324	148	2	9	326	5	328	1.59e-109	325
RNA_pol_A_bac	A1VE90	50.313	320	156	2	4	320	13	332	1.81e-109	325
RNA_pol_A_bac	Q72CF4	50.313	320	156	2	4	320	13	332	1.81e-109	325
RNA_pol_A_bac	Q2NQP7	52.266	331	150	5	2	327	1	328	2.09e-109	325
RNA_pol_A_bac	Q7NQH7	50.915	328	155	3	2	326	1	325	2.54e-109	324
RNA_pol_A_bac	Q0I137	51.672	329	151	4	2	325	1	326	2.66e-109	324
RNA_pol_A_bac	Q0AIH1	50.462	325	156	2	9	330	6	328	2.73e-109	324
RNA_pol_A_bac	A3N382	51.976	329	150	4	2	325	1	326	2.87e-109	324
RNA_pol_A_bac	Q0VSH8	49.695	328	150	3	8	327	6	326	3.04e-109	324
RNA_pol_A_bac	Q6CZZ5	51.360	331	153	4	2	327	1	328	4.16e-109	324
RNA_pol_A_bac	Q6LV91	51.829	328	152	3	2	325	1	326	5.23e-109	323
RNA_pol_A_bac	A1KB01	51.543	324	151	3	9	329	6	326	6.21e-109	323
RNA_pol_A_bac	Q1R0F0	49.394	330	161	3	2	327	1	328	7.26e-109	323
RNA_pol_A_bac	Q2LQC9	51.070	327	151	2	4	321	3	329	8.04e-109	323
RNA_pol_A_bac	Q47J77	51.724	319	151	2	9	326	6	322	9.18e-109	323
RNA_pol_A_bac	P74963	51.064	329	156	2	2	327	1	327	1.07e-108	323
RNA_pol_A_bac	A1WK92	51.672	329	143	3	9	326	5	328	1.08e-108	323
RNA_pol_A_bac	Q5P307	51.393	323	153	3	9	329	6	326	1.95e-108	322
RNA_pol_A_bac	Q1H4L2	51.220	328	155	2	2	326	1	326	1.95e-108	322
RNA_pol_A_bac	Q2L238	51.393	323	154	2	7	326	4	326	2.32e-108	322
RNA_pol_A_bac	A1S243	50.152	329	159	2	2	327	1	327	2.89e-108	322
RNA_pol_A_bac	Q7VKF8	51.672	329	151	4	2	325	1	326	3.02e-108	322
RNA_pol_A_bac	O52760	49.849	331	155	3	2	326	1	326	3.02e-108	322
RNA_pol_A_bac	Q02T55	49.849	331	155	3	2	326	1	326	3.02e-108	322
RNA_pol_A_bac	A6UZL3	49.849	331	155	3	2	326	1	326	3.02e-108	322
RNA_pol_A_bac	B5FGE1	51.524	328	153	3	2	325	1	326	3.37e-108	322
RNA_pol_A_bac	Q5E889	51.524	328	153	3	2	325	1	326	3.37e-108	322
RNA_pol_A_bac	C0Q9U7	50.305	328	157	4	1	323	6	332	3.42e-108	322
RNA_pol_A_bac	Q1LTB3	51.852	324	150	4	2	322	1	321	3.88e-108	321
RNA_pol_A_bac	B6EPU9	51.524	328	153	3	2	325	1	326	4.88e-108	321
RNA_pol_A_bac	B8IYL7	49.688	320	158	2	4	320	13	332	5.12e-108	322
RNA_pol_A_bac	Q5GWV9	49.844	321	156	2	8	325	7	325	5.51e-108	321
RNA_pol_A_bac	B2SQT4	49.844	321	156	2	8	325	7	325	5.51e-108	321
RNA_pol_A_bac	Q2P009	49.844	321	156	2	8	325	7	325	5.51e-108	321
RNA_pol_A_bac	P0A0Y1	49.844	321	156	2	8	325	7	325	5.51e-108	321
RNA_pol_A_bac	B0RU58	49.844	321	156	2	8	325	7	325	5.51e-108	321
RNA_pol_A_bac	Q4URG3	49.844	321	156	2	8	325	7	325	5.51e-108	321
RNA_pol_A_bac	Q3BWV9	49.844	321	156	2	8	325	7	325	5.51e-108	321
RNA_pol_A_bac	P0A0Y2	49.844	321	156	2	8	325	7	325	5.51e-108	321
RNA_pol_A_bac	Q3K612	49.849	331	155	3	2	326	1	326	6.56e-108	321
RNA_pol_A_bac	Q089M9	49.848	329	160	2	2	327	1	327	7.22e-108	320
RNA_pol_A_bac	A4SSY1	51.376	327	147	4	8	327	7	328	8.98e-108	320
RNA_pol_A_bac	A0KF45	51.376	327	147	4	8	327	7	328	8.98e-108	320
RNA_pol_A_bac	B8DNK9	51.250	320	153	2	4	320	13	332	9.53e-108	321
RNA_pol_A_bac	Q4ZMR8	49.849	331	155	3	2	326	1	326	1.81e-107	320
RNA_pol_A_bac	Q889U6	49.849	331	155	3	2	326	1	326	1.81e-107	320
RNA_pol_A_bac	Q48D61	49.849	331	155	3	2	326	1	326	1.81e-107	320
RNA_pol_A_bac	A2SLD1	50.898	334	141	5	9	326	5	331	1.83e-107	320
RNA_pol_A_bac	Q8L2F8	49.547	331	156	3	2	326	1	326	1.97e-107	320
RNA_pol_A_bac	A4XZ65	49.849	331	155	3	2	326	1	326	2.73e-107	319
RNA_pol_A_bac	Q88QL1	49.547	331	156	3	2	326	1	326	3.08e-107	319
RNA_pol_A_bac	A5VXS2	49.547	331	156	3	2	326	1	326	3.08e-107	319
RNA_pol_A_bac	Q1IFU1	49.547	331	156	3	2	326	1	326	3.08e-107	319
RNA_pol_A_bac	Q0ABF0	50.769	325	158	2	2	325	1	324	3.39e-107	319
RNA_pol_A_bac	A1WV97	49.231	325	163	2	7	330	6	329	3.87e-107	319
RNA_pol_A_bac	B2JI39	51.713	321	151	3	9	326	5	324	3.94e-107	318
RNA_pol_A_bac	Q13TJ6	51.713	321	151	3	9	326	5	324	4.21e-107	318
RNA_pol_A_bac	B2T725	51.713	321	151	3	9	326	5	324	4.21e-107	318
RNA_pol_A_bac	O69232	50.915	328	155	4	2	325	1	326	4.55e-107	318
RNA_pol_A_bac	Q8D1Y8	50.000	326	159	3	2	325	1	324	4.65e-107	318
RNA_pol_A_bac	Q4K557	49.547	331	156	3	2	326	1	326	4.66e-107	319
RNA_pol_A_bac	A1T0B7	49.240	329	162	2	2	327	1	327	4.80e-107	318
RNA_pol_A_bac	Q2YAX2	50.938	320	153	3	9	326	6	323	6.82e-107	318
RNA_pol_A_bac	Q605D7	49.408	338	148	3	2	328	1	326	8.02e-107	318
RNA_pol_A_bac	Q87SZ0	51.368	329	153	4	2	325	1	327	8.56e-107	318
RNA_pol_A_bac	A4SUY6	50.779	321	155	1	9	326	5	325	9.23e-107	318
RNA_pol_A_bac	Q5QXV8	50.760	329	157	3	2	327	1	327	1.05e-106	318
RNA_pol_A_bac	B2FQK8	50.156	321	155	2	8	325	7	325	1.09e-106	318
RNA_pol_A_bac	Q488Y8	51.064	329	156	3	2	327	1	327	1.17e-106	317
RNA_pol_A_bac	B1XSS7	50.779	321	155	1	9	326	5	325	1.47e-106	317
RNA_pol_A_bac	B4SLH5	49.844	321	156	2	8	325	7	325	1.78e-106	317
RNA_pol_A_bac	Q82X69	50.000	326	157	3	9	330	6	329	2.41e-106	317
RNA_pol_A_bac	A3Q9A7	49.544	329	161	2	2	327	1	327	3.81e-106	316
RNA_pol_A_bac	A9ADL9	51.402	321	152	3	9	326	5	324	4.68e-106	316
RNA_pol_A_bac	Q7MPG4	51.064	329	154	4	2	325	1	327	5.82e-106	316
RNA_pol_A_bac	Q8DE63	51.064	329	154	4	2	325	1	327	5.82e-106	316
RNA_pol_A_bac	A7N0H8	51.064	329	154	4	2	325	1	327	6.56e-106	316
RNA_pol_A_bac	Q83EQ2	47.561	328	168	2	2	327	1	326	7.31e-106	315
RNA_pol_A_bac	A9NAZ5	47.561	328	168	2	2	327	1	326	7.31e-106	315
RNA_pol_A_bac	A9KD06	47.561	328	168	2	2	327	1	326	7.31e-106	315
RNA_pol_A_bac	B6J238	47.561	328	168	2	2	327	1	326	7.31e-106	315
RNA_pol_A_bac	B6J5F7	47.561	328	168	2	2	327	1	326	7.31e-106	315
RNA_pol_A_bac	B3R7E3	51.402	321	153	1	9	326	5	325	7.72e-106	315
RNA_pol_A_bac	Q0K645	51.402	321	153	1	9	326	5	325	7.72e-106	315
RNA_pol_A_bac	Q3IJI6	50.000	328	158	3	2	325	1	326	9.71e-106	315
RNA_pol_A_bac	Q01WC0	50.159	315	154	2	6	317	2	316	9.74e-106	316
RNA_pol_A_bac	Q12ST4	49.240	329	162	2	2	327	1	327	1.26e-105	315
RNA_pol_A_bac	A4VHQ5	49.245	331	157	3	2	326	1	326	1.26e-105	315
RNA_pol_A_bac	Q63Q37	50.779	321	154	2	9	326	5	324	2.29e-105	314
RNA_pol_A_bac	A3NEF3	50.779	321	154	2	9	326	5	324	2.29e-105	314
RNA_pol_A_bac	Q3JMT9	50.779	321	154	2	9	326	5	324	2.29e-105	314
RNA_pol_A_bac	A3P087	50.779	321	154	2	9	326	5	324	2.29e-105	314
RNA_pol_A_bac	A1V877	50.779	321	154	2	9	326	5	324	2.29e-105	314
RNA_pol_A_bac	Q62GN1	50.779	321	154	2	9	326	5	324	2.29e-105	314
RNA_pol_A_bac	A2S7K2	50.779	321	154	2	9	326	5	324	2.29e-105	314
RNA_pol_A_bac	A3MRY0	50.779	321	154	2	9	326	5	324	2.29e-105	314
RNA_pol_A_bac	Q2SU53	50.779	321	154	2	9	326	5	324	2.37e-105	314
RNA_pol_A_bac	C4L7V5	51.235	324	152	3	8	327	7	328	2.45e-105	314
RNA_pol_A_bac	A4JAR6	50.779	321	154	3	9	326	5	324	2.73e-105	314
RNA_pol_A_bac	Q39KE1	50.779	321	154	3	9	326	5	324	2.73e-105	314
RNA_pol_A_bac	Q0BJ20	50.779	321	154	3	9	326	5	324	2.73e-105	314
RNA_pol_A_bac	B4E5E6	50.779	321	154	3	9	326	5	324	2.73e-105	314
RNA_pol_A_bac	A0K3Q1	50.779	321	154	3	9	326	5	324	2.73e-105	314
RNA_pol_A_bac	B1JU48	50.779	321	154	3	9	326	5	324	2.73e-105	314
RNA_pol_A_bac	Q1BRX4	50.779	321	154	3	9	326	5	324	2.73e-105	314
RNA_pol_A_bac	B1YRQ5	50.779	321	154	3	9	326	5	324	2.73e-105	314
RNA_pol_A_bac	B7VLD2	50.760	329	155	4	2	325	1	327	2.79e-105	314
RNA_pol_A_bac	A1RED9	48.936	329	163	2	2	327	1	327	2.92e-105	314
RNA_pol_A_bac	Q0I080	48.936	329	163	2	2	327	1	327	2.92e-105	314
RNA_pol_A_bac	Q0HNR2	48.936	329	163	2	2	327	1	327	2.92e-105	314
RNA_pol_A_bac	A0KRP9	48.936	329	163	2	2	327	1	327	2.92e-105	314
RNA_pol_A_bac	A4YBV8	48.936	329	163	2	2	327	1	327	2.92e-105	314
RNA_pol_A_bac	Q8EK47	48.936	329	163	2	2	327	1	327	2.92e-105	314
RNA_pol_A_bac	A6WHV3	48.632	329	164	2	2	327	1	327	4.09e-105	313
RNA_pol_A_bac	A3DA47	48.632	329	164	2	2	327	1	327	4.09e-105	313
RNA_pol_A_bac	A6T3H8	51.402	321	152	3	9	326	5	324	4.86e-105	313
RNA_pol_A_bac	A4G9R3	51.090	321	153	3	9	326	5	324	6.25e-105	313
RNA_pol_A_bac	Q9S0Q8	48.936	329	163	2	2	327	1	327	6.60e-105	313
RNA_pol_A_bac	P57566	50.303	330	158	4	2	327	1	328	7.44e-105	313
RNA_pol_A_bac	Q31IV8	49.231	325	162	2	2	325	1	323	8.86e-105	313
RNA_pol_A_bac	Q8XV38	51.090	321	154	1	9	326	5	325	2.09e-104	311
RNA_pol_A_bac	C3LRN3	50.152	329	157	4	2	325	1	327	7.09e-104	310
RNA_pol_A_bac	Q9KP08	50.152	329	157	4	2	325	1	327	7.09e-104	310
RNA_pol_A_bac	A5F572	50.152	329	157	4	2	325	1	327	7.09e-104	310
RNA_pol_A_bac	B2UEJ3	50.779	321	155	1	9	326	5	325	1.39e-103	310
RNA_pol_A_bac	Q493I4	48.795	332	161	5	2	327	1	329	1.59e-103	310
RNA_pol_A_bac	Q1LI63	51.402	321	153	1	9	326	5	325	6.25e-103	308
RNA_pol_A_bac	Q7VQC3	48.949	333	160	5	2	327	1	330	6.26e-103	308
RNA_pol_A_bac	Q46WG9	51.090	321	154	1	9	326	5	325	1.43e-102	307
RNA_pol_A_bac	A4XLQ2	53.571	308	141	2	8	313	3	310	1.68e-102	307
RNA_pol_A_bac	Q5L3R2	53.041	296	122	2	27	313	23	310	1.04e-101	304
RNA_pol_A_bac	Q88XW0	50.321	312	151	3	8	316	3	313	1.99e-101	304
RNA_pol_A_bac	A4IJL4	52.703	296	123	2	27	313	23	310	2.06e-101	303
RNA_pol_A_bac	A5IHP1	47.853	326	158	3	8	325	7	328	3.22e-101	304
RNA_pol_A_bac	Q5WZI7	47.853	326	158	3	8	325	7	328	6.12e-101	303
RNA_pol_A_bac	Q5ZYL8	47.853	326	158	3	8	325	7	328	6.12e-101	303
RNA_pol_A_bac	Q3J8T8	47.385	325	160	3	9	327	6	325	6.97e-101	303
RNA_pol_A_bac	Q5X834	47.853	326	158	3	8	325	7	328	9.05e-101	303
RNA_pol_A_bac	A4VSH8	51.792	307	140	2	15	313	2	308	1.28e-100	301
RNA_pol_A_bac	A4VYR8	51.792	307	140	2	15	313	2	308	1.28e-100	301
RNA_pol_A_bac	A1AVM5	48.758	322	162	2	2	322	1	320	2.72e-100	301
RNA_pol_A_bac	Q1WSB6	48.867	309	154	3	8	313	3	310	4.83e-100	300
RNA_pol_A_bac	Q67JX1	51.042	288	140	1	27	313	23	310	4.83e-100	300
RNA_pol_A_bac	Q3A9U4	50.159	315	145	3	8	316	3	311	5.39e-100	300
RNA_pol_A_bac	B9MKF3	53.247	308	142	2	8	313	3	310	6.78e-100	300
RNA_pol_A_bac	P59455	49.096	332	161	4	2	327	1	330	2.61e-99	299
RNA_pol_A_bac	B2A4Q0	50.000	300	133	2	23	313	19	310	3.91e-99	298
RNA_pol_A_bac	Q6F7T7	45.994	337	173	3	2	336	1	330	4.30e-99	298
RNA_pol_A_bac	O50634	51.864	295	133	2	27	316	23	313	5.97e-99	297
RNA_pol_A_bac	A5CXI9	48.758	322	162	2	2	322	1	320	6.51e-99	298
RNA_pol_A_bac	Q035A9	48.065	310	159	2	8	316	3	311	1.25e-98	296
RNA_pol_A_bac	B3WAJ2	48.065	310	159	2	8	316	3	311	1.25e-98	296
RNA_pol_A_bac	B0U5M3	47.352	321	164	2	8	325	7	325	1.36e-98	297
RNA_pol_A_bac	B0V6U7	45.697	337	174	3	2	336	1	330	1.49e-98	297
RNA_pol_A_bac	A3M959	45.697	337	174	3	2	336	1	330	1.49e-98	297
RNA_pol_A_bac	B0VQU3	45.697	337	174	3	2	336	1	330	1.49e-98	297
RNA_pol_A_bac	B2HZ83	45.697	337	174	3	2	336	1	330	1.49e-98	297
RNA_pol_A_bac	B7IA14	45.697	337	174	3	2	336	1	330	1.49e-98	297
RNA_pol_A_bac	B7GW27	45.697	337	174	3	2	336	1	330	1.49e-98	297
RNA_pol_A_bac	Q2RFS6	49.038	312	147	3	8	313	3	308	1.59e-98	296
RNA_pol_A_bac	Q839D9	50.489	307	150	2	8	313	3	308	3.09e-98	295
RNA_pol_A_bac	P66713	47.040	321	165	2	8	325	7	325	9.55e-98	295
RNA_pol_A_bac	P66712	47.040	321	165	2	8	325	7	325	9.55e-98	295
RNA_pol_A_bac	B2I8J3	47.040	321	165	2	8	325	7	325	9.55e-98	295
RNA_pol_A_bac	C0ZIK7	49.515	309	152	3	8	313	3	310	1.10e-97	294
RNA_pol_A_bac	B0TC85	49.838	309	150	4	8	313	3	309	3.38e-97	293
RNA_pol_A_bac	Q046A0	48.077	312	150	3	8	313	3	308	3.61e-97	293
RNA_pol_A_bac	Q057C9	47.879	330	162	4	2	325	1	326	4.83e-97	293
RNA_pol_A_bac	Q03IH7	52.778	288	135	1	27	313	21	308	7.17e-97	292
RNA_pol_A_bac	Q5M2D9	52.778	288	135	1	27	313	21	308	7.17e-97	292
RNA_pol_A_bac	Q5LXT7	52.778	288	135	1	27	313	21	308	7.17e-97	292
RNA_pol_A_bac	A5N4S5	48.544	309	155	3	8	313	3	310	9.62e-97	292
RNA_pol_A_bac	B9DYD7	48.544	309	155	3	8	313	3	310	9.62e-97	292
RNA_pol_A_bac	Q1QDG1	46.608	339	162	4	5	336	4	330	1.34e-96	292
RNA_pol_A_bac	Q4FUD1	46.608	339	162	4	5	336	4	330	1.34e-96	292
RNA_pol_A_bac	Q03PY3	48.726	314	155	4	8	316	3	315	1.41e-96	291
RNA_pol_A_bac	Q5WLN5	49.521	313	146	4	8	313	3	310	1.60e-96	291
RNA_pol_A_bac	Q5FM65	48.710	310	157	2	8	316	3	311	2.06e-96	291
RNA_pol_A_bac	B0K5S1	47.962	319	142	4	8	313	3	310	2.17e-96	291
RNA_pol_A_bac	B0KCM8	47.962	319	142	4	8	313	3	310	2.17e-96	291
RNA_pol_A_bac	Q74L64	48.077	312	150	3	8	313	3	308	2.18e-96	291
RNA_pol_A_bac	P66709	50.325	308	149	3	8	313	3	308	2.53e-96	290
RNA_pol_A_bac	P66708	50.325	308	149	3	8	313	3	308	2.53e-96	290
RNA_pol_A_bac	Q04ML1	50.325	308	149	3	8	313	3	308	2.53e-96	290
RNA_pol_A_bac	A8MLG9	47.003	317	148	4	8	313	5	312	2.64e-96	291
RNA_pol_A_bac	A6TWF3	47.003	317	148	4	8	313	3	310	6.97e-96	290
RNA_pol_A_bac	A0ALU2	50.676	296	129	3	27	313	23	310	7.36e-96	290
RNA_pol_A_bac	P66699	50.676	296	129	3	27	313	23	310	7.36e-96	290
RNA_pol_A_bac	B8DB34	50.676	296	129	3	27	313	23	310	7.36e-96	290
RNA_pol_A_bac	Q71WH2	50.676	296	129	3	27	313	23	310	7.36e-96	290
RNA_pol_A_bac	C1KZF5	50.676	296	129	3	27	313	23	310	7.36e-96	290
RNA_pol_A_bac	P66700	50.676	296	129	3	27	313	23	310	7.36e-96	290
RNA_pol_A_bac	A3DJK1	48.387	310	156	3	8	314	3	311	1.04e-95	289
RNA_pol_A_bac	P20429	50.676	296	129	3	27	313	23	310	1.24e-95	289
RNA_pol_A_bac	Q8DS36	51.042	288	140	1	27	313	21	308	1.92e-95	288
RNA_pol_A_bac	A8YXN0	48.387	310	158	2	8	316	3	311	2.68e-95	288
RNA_pol_A_bac	A7GK47	50.000	296	131	3	27	313	23	310	3.03e-95	288
RNA_pol_A_bac	B8I808	47.742	310	158	3	8	314	3	311	3.48e-95	288
RNA_pol_A_bac	A8AZJ9	49.511	307	153	2	8	313	3	308	3.49e-95	288
RNA_pol_A_bac	A5WCL4	46.313	339	163	4	5	336	4	330	3.65e-95	288
RNA_pol_A_bac	Q18CI5	46.795	312	148	3	11	313	8	310	4.78e-95	287
RNA_pol_A_bac	A4J139	47.756	312	159	3	8	316	3	313	5.87e-95	287
RNA_pol_A_bac	P0DF29	51.736	288	138	1	27	313	21	308	1.09e-94	286
RNA_pol_A_bac	P0DF28	51.736	288	138	1	27	313	21	308	1.09e-94	286
RNA_pol_A_bac	A7Z0R5	50.000	296	131	3	27	313	23	310	1.24e-94	286
RNA_pol_A_bac	Q48VS3	51.736	288	138	1	27	313	21	308	1.42e-94	286
RNA_pol_A_bac	A2RC40	51.736	288	138	1	27	313	21	308	1.42e-94	286
RNA_pol_A_bac	Q1J8Y7	51.736	288	138	1	27	313	21	308	1.42e-94	286
RNA_pol_A_bac	Q1JJ35	51.736	288	138	1	27	313	21	308	1.42e-94	286
RNA_pol_A_bac	Q1JNZ1	51.736	288	138	1	27	313	21	308	1.42e-94	286
RNA_pol_A_bac	Q1JE33	51.736	288	138	1	27	313	21	308	1.42e-94	286
RNA_pol_A_bac	P66711	51.736	288	138	1	27	313	21	308	1.42e-94	286
RNA_pol_A_bac	Q5XEA9	51.736	288	138	1	27	313	21	308	1.42e-94	286
RNA_pol_A_bac	P66710	51.736	288	138	1	27	313	21	308	1.42e-94	286
RNA_pol_A_bac	Q8E2B1	51.736	288	138	1	27	313	21	308	1.48e-94	286
RNA_pol_A_bac	Q8CX32	51.736	288	138	1	27	313	21	308	1.48e-94	286
RNA_pol_A_bac	Q8R7Y2	48.408	314	148	4	8	313	3	310	1.60e-94	286
RNA_pol_A_bac	A3CK90	49.679	312	145	3	8	313	3	308	1.99e-94	286
RNA_pol_A_bac	Q38UT7	46.774	310	163	2	8	316	3	311	2.17e-94	286
RNA_pol_A_bac	A1SXW8	46.970	330	169	3	2	327	1	328	2.95e-94	286
RNA_pol_A_bac	Q6HPN2	49.662	296	132	3	27	313	23	310	3.35e-94	285
RNA_pol_A_bac	Q63H64	49.662	296	132	3	27	313	23	310	3.35e-94	285
RNA_pol_A_bac	Q81J18	49.662	296	132	3	27	313	23	310	3.35e-94	285
RNA_pol_A_bac	Q73F69	49.662	296	132	3	27	313	23	310	3.35e-94	285
RNA_pol_A_bac	Q81VQ4	49.662	296	132	3	27	313	23	310	3.35e-94	285
RNA_pol_A_bac	A0R8K6	49.662	296	132	3	27	313	23	310	3.35e-94	285
RNA_pol_A_bac	Q65P79	49.662	296	132	3	27	313	23	310	6.50e-94	285
RNA_pol_A_bac	Q3K3U4	51.389	288	139	1	27	313	21	308	7.32e-94	284
RNA_pol_A_bac	A0PXX5	46.926	309	160	3	8	313	3	310	7.81e-94	284
RNA_pol_A_bac	Q03EE2	49.306	288	143	2	27	311	21	308	1.32e-93	284
RNA_pol_A_bac	B1I1B3	50.342	292	144	1	23	313	19	310	3.39e-93	283
RNA_pol_A_bac	A8F9B2	49.662	296	132	3	27	313	23	310	5.72e-93	282
RNA_pol_A_bac	Q2S3N9	47.152	316	163	2	12	323	9	324	9.67e-93	282
RNA_pol_A_bac	Q250K4	49.488	293	137	2	25	311	21	308	3.55e-92	280
RNA_pol_A_bac	B8G1Z4	49.488	293	137	2	25	311	21	308	3.55e-92	280
RNA_pol_A_bac	B3EP34	43.533	317	171	3	12	320	8	324	6.40e-92	280
RNA_pol_A_bac	Q8ETV9	47.368	304	143	3	19	313	15	310	6.67e-92	280
RNA_pol_A_bac	Q97EK6	45.338	311	166	3	8	315	3	312	2.18e-91	278
RNA_pol_A_bac	Q04BY9	46.965	313	158	3	8	316	3	311	1.20e-90	276
RNA_pol_A_bac	Q1GBJ2	44.969	318	157	3	8	316	3	311	5.27e-90	275
RNA_pol_A_bac	Q890R0	47.222	288	151	1	27	313	23	310	1.20e-89	274
RNA_pol_A_bac	Q7UIC5	43.731	327	169	4	6	321	7	329	1.77e-89	274
RNA_pol_A_bac	B2TIK4	45.638	298	161	1	19	315	15	312	2.14e-89	273
RNA_pol_A_bac	B2UYD9	45.638	298	161	1	19	315	15	312	2.14e-89	273
RNA_pol_A_bac	B3QYF0	45.652	322	167	3	7	320	3	324	2.26e-89	273
RNA_pol_A_bac	A6LPU0	45.033	302	149	2	23	315	19	312	3.37e-89	273
RNA_pol_A_bac	A5EX94	46.519	316	165	2	8	321	5	318	4.97e-89	272
RNA_pol_A_bac	A2RNM7	47.883	307	158	2	8	313	3	308	7.23e-89	271
RNA_pol_A_bac	A0PMB7	45.484	310	156	3	23	325	17	320	1.23e-88	272
RNA_pol_A_bac	Q49ZE2	47.492	299	140	3	27	316	23	313	1.40e-88	271
RNA_pol_A_bac	Q02W51	47.883	307	158	2	8	313	3	308	1.58e-88	271
RNA_pol_A_bac	Q03ZM0	47.097	310	154	4	8	311	3	308	1.59e-88	271
RNA_pol_A_bac	Q2JFE8	46.624	311	159	2	21	327	15	322	1.71e-88	272
RNA_pol_A_bac	A0QSL8	46.602	309	152	3	24	325	18	320	2.32e-88	271
RNA_pol_A_bac	A6W5W5	46.865	303	160	1	24	325	18	320	2.52e-88	271
RNA_pol_A_bac	Q2YYM2	46.823	299	142	3	27	316	23	313	4.06e-88	270
RNA_pol_A_bac	B1KSJ6	44.984	309	166	3	8	313	3	310	4.47e-88	270
RNA_pol_A_bac	A7GJ45	44.984	309	166	3	8	313	3	310	4.47e-88	270
RNA_pol_A_bac	B1IGC5	44.984	309	166	3	8	313	3	310	4.47e-88	270
RNA_pol_A_bac	C1FMS2	44.984	309	166	3	8	313	3	310	4.47e-88	270
RNA_pol_A_bac	A5I7H7	44.984	309	166	3	8	313	3	310	4.47e-88	270
RNA_pol_A_bac	C3KVM2	44.984	309	166	3	8	313	3	310	4.47e-88	270
RNA_pol_A_bac	A7FZ44	44.984	309	166	3	8	313	3	310	4.47e-88	270
RNA_pol_A_bac	Q8KAJ8	43.533	317	171	3	12	320	8	324	5.86e-88	270
RNA_pol_A_bac	Q5Z1K9	45.426	317	158	4	16	325	12	320	6.06e-88	271
RNA_pol_A_bac	Q8CRI4	46.823	299	142	3	27	316	23	313	6.40e-88	269
RNA_pol_A_bac	Q5HM25	46.823	299	142	3	27	316	23	313	6.40e-88	269
RNA_pol_A_bac	B2G8V2	45.631	309	160	4	8	311	3	308	7.06e-88	269
RNA_pol_A_bac	A5VLH9	45.631	309	160	4	8	311	3	308	7.06e-88	269
RNA_pol_A_bac	Q4L888	47.157	299	141	3	27	316	23	313	7.30e-88	269
RNA_pol_A_bac	Q9CDY3	47.557	307	159	2	8	313	3	308	7.80e-88	269
RNA_pol_A_bac	A4FPJ2	46.926	309	151	3	21	322	15	317	8.03e-88	271
RNA_pol_A_bac	B0SSF2	47.910	311	156	3	11	315	12	322	8.14e-88	269
RNA_pol_A_bac	B0SA20	47.910	311	156	3	11	315	12	322	8.14e-88	269
RNA_pol_A_bac	P66707	46.823	299	142	3	27	316	23	313	9.37e-88	269
RNA_pol_A_bac	Q6G797	46.823	299	142	3	27	316	23	313	9.37e-88	269
RNA_pol_A_bac	Q6GEK9	46.823	299	142	3	27	316	23	313	9.37e-88	269
RNA_pol_A_bac	P66706	46.823	299	142	3	27	316	23	313	9.37e-88	269
RNA_pol_A_bac	P66705	46.823	299	142	3	27	316	23	313	9.37e-88	269
RNA_pol_A_bac	A6QJ66	46.823	299	142	3	27	316	23	313	9.37e-88	269
RNA_pol_A_bac	Q5HDY4	46.823	299	142	3	27	316	23	313	9.37e-88	269
RNA_pol_A_bac	Q2FW32	46.823	299	142	3	27	316	23	313	9.37e-88	269
RNA_pol_A_bac	Q2FER5	46.823	299	142	3	27	316	23	313	9.37e-88	269
RNA_pol_A_bac	A7X5C4	46.823	299	142	3	27	316	23	313	9.37e-88	269
RNA_pol_A_bac	Q0SQH3	47.368	285	149	1	30	313	26	310	9.88e-88	269
RNA_pol_A_bac	P0C2E6	47.368	285	149	1	30	313	26	310	9.88e-88	269
RNA_pol_A_bac	Q0TMS5	47.368	285	149	1	30	313	26	310	9.88e-88	269
RNA_pol_A_bac	P9WGZ1	45.631	309	155	3	24	325	18	320	1.07e-87	270
RNA_pol_A_bac	P9WGZ0	45.631	309	155	3	24	325	18	320	1.07e-87	270
RNA_pol_A_bac	A5U8D3	45.631	309	155	3	24	325	18	320	1.07e-87	270
RNA_pol_A_bac	A1KPE3	45.631	309	155	3	24	325	18	320	1.07e-87	270
RNA_pol_A_bac	P66702	45.631	309	155	3	24	325	18	320	1.07e-87	270
RNA_pol_A_bac	Q0RRP3	46.302	311	160	2	21	327	15	322	1.08e-87	270
RNA_pol_A_bac	Q82QR5	47.176	301	156	2	24	322	18	317	1.40e-87	269
RNA_pol_A_bac	B4S5A1	42.236	322	168	4	12	320	8	324	1.43e-87	269
RNA_pol_A_bac	B3QR98	43.849	317	170	3	12	320	8	324	1.64e-87	269
RNA_pol_A_bac	Q8FS33	48.077	312	158	3	16	326	12	320	1.73e-87	269
RNA_pol_A_bac	Q73S43	45.307	309	156	3	24	325	18	320	1.93e-87	269
RNA_pol_A_bac	A0QKU5	45.307	309	156	3	24	325	18	320	1.93e-87	269
RNA_pol_A_bac	B4SBX4	42.857	322	166	4	12	320	8	324	1.96e-87	268
RNA_pol_A_bac	B9E9L7	45.625	320	154	5	8	316	3	313	2.14e-87	268
RNA_pol_A_bac	C5C0G1	48.454	291	149	1	24	313	18	308	2.95e-87	268
RNA_pol_A_bac	A1T520	45.192	312	158	3	21	325	15	320	3.45e-87	269
RNA_pol_A_bac	Q9X4V6	48.173	301	153	2	24	322	18	317	4.90e-87	268
RNA_pol_A_bac	B0RB72	44.884	303	166	1	19	320	13	315	4.96e-87	268
RNA_pol_A_bac	Q0S3E7	45.110	317	159	4	16	325	12	320	6.87e-87	268
RNA_pol_A_bac	A5CU80	44.884	303	166	1	19	320	13	315	7.65e-87	267
RNA_pol_A_bac	B1W3Y0	48.173	301	153	2	24	322	18	317	9.29e-87	267
RNA_pol_A_bac	P60312	48.173	301	153	2	24	322	18	317	9.29e-87	267
RNA_pol_A_bac	P60313	48.173	301	153	2	24	322	18	317	9.29e-87	267
RNA_pol_A_bac	Q1BD08	46.801	297	145	3	24	313	18	308	1.23e-86	267
RNA_pol_A_bac	A1UBY5	46.801	297	145	3	24	313	18	308	1.23e-86	267
RNA_pol_A_bac	A3PVL8	46.801	297	145	3	24	313	18	308	1.23e-86	267
RNA_pol_A_bac	Q3B6D6	41.925	322	169	4	12	320	8	324	2.67e-86	266
RNA_pol_A_bac	Q3APK0	41.925	322	169	4	12	320	8	324	4.91e-86	265
RNA_pol_A_bac	A4SCT6	41.925	322	169	4	12	320	8	324	7.17e-86	265
RNA_pol_A_bac	Q8NSV2	47.436	312	160	3	16	326	12	320	8.70e-86	265
RNA_pol_A_bac	A4QBQ7	47.436	312	160	3	16	326	12	320	1.19e-85	264
RNA_pol_A_bac	A0LRP8	45.912	318	166	3	23	335	17	333	1.70e-85	264
# PSIBLAST 2.6.0+
# Iteration: 2
# Query: RNA_pol_A_bac | P0A4E3.1 | WP_003516121.1 | 99.12%
# Database: /home/alex/Documents/data/local_db/swissprot
# Fields: query acc.ver, subject acc.ver, % identity, alignment length, mismatches, gap opens, q. start, q. end, s. start, s. end, evalue, bit score
# 797 hits found
RNA_pol_A_bac	P0A4E4	100.000	336	0	0	1	336	1	336	0.0	576
RNA_pol_A_bac	P0A4E3	100.000	336	0	0	1	336	1	336	0.0	576
RNA_pol_A_bac	C3MB03	96.131	336	13	0	1	336	1	336	0.0	573
RNA_pol_A_bac	B5ZZ57	96.726	336	11	0	1	336	1	336	0.0	573
RNA_pol_A_bac	Q1MIB7	96.726	336	11	0	1	336	1	336	0.0	573
RNA_pol_A_bac	Q2K9J2	96.726	336	11	0	1	336	1	336	0.0	573
RNA_pol_A_bac	B3PWU5	96.726	336	11	0	1	336	1	336	0.0	573
RNA_pol_A_bac	A6U883	95.238	336	16	0	1	336	1	336	0.0	572
RNA_pol_A_bac	Q925Z2	95.238	336	16	0	1	336	1	336	0.0	572
RNA_pol_A_bac	B9JDV2	97.024	336	10	0	1	336	1	336	0.0	571
RNA_pol_A_bac	B9JVR1	96.726	336	11	0	1	336	1	336	0.0	571
RNA_pol_A_bac	Q57CT2	90.208	337	32	1	1	336	1	337	0.0	567
RNA_pol_A_bac	Q2YRU0	90.208	337	32	1	1	336	1	337	0.0	567
RNA_pol_A_bac	B2S655	90.208	337	32	1	1	336	1	337	0.0	567
RNA_pol_A_bac	A6X0E2	89.911	337	33	1	1	336	1	337	0.0	566
RNA_pol_A_bac	A5VQY2	89.318	337	35	1	1	336	1	337	0.0	566
RNA_pol_A_bac	Q8G094	89.911	337	33	1	1	336	1	337	0.0	565
RNA_pol_A_bac	B0CH07	89.911	337	33	1	1	336	1	337	0.0	565
RNA_pol_A_bac	Q8YHL6	89.614	337	34	1	1	336	1	337	0.0	565
RNA_pol_A_bac	C0RJH6	89.614	337	34	1	1	336	1	337	0.0	565
RNA_pol_A_bac	Q11HS6	90.774	336	31	0	1	336	1	336	0.0	564
RNA_pol_A_bac	A9M5M5	89.614	337	34	1	1	336	1	337	0.0	564
RNA_pol_A_bac	Q98N33	91.964	336	27	0	1	336	1	336	0.0	561
RNA_pol_A_bac	A7HWT5	78.698	338	70	1	1	336	1	338	0.0	551
RNA_pol_A_bac	B8H4F8	75.371	337	81	1	1	335	1	337	0.0	549
RNA_pol_A_bac	Q9A8S9	75.371	337	81	1	1	335	1	337	0.0	549
RNA_pol_A_bac	B0UHU5	79.586	338	67	1	1	336	2	339	0.0	549
RNA_pol_A_bac	B0T2E6	74.481	337	84	1	1	335	1	337	0.0	548
RNA_pol_A_bac	B1LWP9	79.882	338	66	1	1	336	2	339	0.0	548
RNA_pol_A_bac	B1Z768	78.994	338	69	1	1	336	2	339	0.0	548
RNA_pol_A_bac	B8IT35	79.586	338	67	1	1	336	2	339	0.0	547
RNA_pol_A_bac	B2IF96	81.065	338	62	1	1	336	1	338	0.0	546
RNA_pol_A_bac	Q134V3	81.899	337	59	1	2	336	3	339	0.0	545
RNA_pol_A_bac	Q07KP2	81.602	337	60	1	2	336	3	339	0.0	545
RNA_pol_A_bac	Q89JA7	81.306	337	61	1	2	336	7	343	0.0	545
RNA_pol_A_bac	Q2IXN6	81.899	337	59	1	2	336	3	339	0.0	544
RNA_pol_A_bac	B6IRT0	73.373	338	88	1	1	336	1	338	0.0	544
RNA_pol_A_bac	B4R8P1	74.777	337	83	1	1	335	1	337	0.0	544
RNA_pol_A_bac	B7L0S5	79.586	338	67	1	1	336	2	339	0.0	544
RNA_pol_A_bac	A4YSL6	81.306	337	61	1	2	336	7	343	0.0	544
RNA_pol_A_bac	A5ELK3	81.306	337	61	1	2	336	7	343	0.0	544
RNA_pol_A_bac	Q2RQY4	72.781	338	90	1	1	336	3	340	0.0	543
RNA_pol_A_bac	Q2W2L3	72.189	338	92	1	1	336	1	338	0.0	543
RNA_pol_A_bac	B3QBV5	81.899	337	59	1	2	336	3	339	0.0	542
RNA_pol_A_bac	Q211H2	81.602	337	60	1	2	336	3	339	0.0	542
RNA_pol_A_bac	Q6N4V7	81.899	337	59	1	2	336	3	339	0.0	542
RNA_pol_A_bac	A8IAN5	80.473	338	64	1	1	336	4	341	0.0	542
RNA_pol_A_bac	Q3SSU2	81.306	337	61	1	2	336	3	339	0.0	541
RNA_pol_A_bac	A9H3I9	72.781	338	90	1	1	336	2	339	0.0	541
RNA_pol_A_bac	B6JEY9	79.228	337	68	1	2	336	3	339	0.0	541
RNA_pol_A_bac	A5FZU1	71.810	337	93	1	2	336	9	345	0.0	541
RNA_pol_A_bac	Q0BUM6	70.710	338	97	1	1	336	2	339	0.0	540
RNA_pol_A_bac	Q5FU07	70.710	338	97	1	1	336	2	339	0.0	539
RNA_pol_A_bac	Q6FZE6	82.493	337	58	1	1	336	1	337	0.0	539
RNA_pol_A_bac	A9IVZ5	82.789	337	57	1	1	336	1	337	0.0	538
RNA_pol_A_bac	Q1QN06	81.009	337	62	1	2	336	3	339	0.0	538
RNA_pol_A_bac	Q9FDC7	81.899	337	60	1	1	336	1	337	0.0	537
RNA_pol_A_bac	A7IPP6	76.627	338	77	1	1	336	1	338	0.0	536
RNA_pol_A_bac	B8EIT5	79.882	338	66	1	1	336	1	338	0.0	536
RNA_pol_A_bac	A1B052	72.781	338	90	1	1	336	1	338	0.0	535
RNA_pol_A_bac	Q0ANS4	75.148	338	81	2	1	335	1	338	0.0	533
RNA_pol_A_bac	Q5LW32	70.118	338	99	1	1	336	1	338	0.0	532
RNA_pol_A_bac	Q16AB8	70.118	338	99	1	1	336	1	338	0.0	532
RNA_pol_A_bac	A4WVI4	72.485	338	91	1	1	336	1	338	0.0	531
RNA_pol_A_bac	A1USR8	82.196	337	59	1	1	336	1	337	0.0	531
RNA_pol_A_bac	B9KLB5	72.189	338	92	1	1	336	1	338	0.0	530
RNA_pol_A_bac	Q3J5P8	72.189	338	92	1	1	336	1	338	0.0	530
RNA_pol_A_bac	A3PGN5	72.189	338	92	1	1	336	1	338	0.0	530
RNA_pol_A_bac	Q28US8	70.414	338	98	1	1	336	1	338	0.0	528
RNA_pol_A_bac	Q1GK04	69.231	338	102	1	1	336	1	338	0.0	527
RNA_pol_A_bac	Q1D748	57.669	326	135	2	1	323	5	330	0.0	518
RNA_pol_A_bac	Q2G5B0	67.826	345	98	2	4	335	6	350	0.0	516
RNA_pol_A_bac	Q0BYD8	71.045	335	94	2	4	335	7	341	0.0	515
RNA_pol_A_bac	A5V5X5	66.379	348	102	2	4	336	6	353	0.0	510
RNA_pol_A_bac	A0LIL7	57.143	336	140	2	2	335	1	334	0.0	509
RNA_pol_A_bac	Q1GVN6	65.988	344	105	2	4	335	6	349	0.0	509
RNA_pol_A_bac	Q5NQ40	66.954	348	100	2	4	336	6	353	0.0	509
RNA_pol_A_bac	Q2N9D7	65.598	343	107	2	4	335	6	348	0.0	508
RNA_pol_A_bac	A7HBP5	57.055	326	137	2	1	323	5	330	0.0	506
RNA_pol_A_bac	A0L5Z8	61.538	338	126	2	2	335	1	338	1.53e-180	505
RNA_pol_A_bac	Q749B3	55.457	339	146	3	2	335	1	339	1.70e-180	505
RNA_pol_A_bac	A1TYM2	52.134	328	152	2	2	326	1	326	5.49e-179	501
RNA_pol_A_bac	B3PK62	51.368	329	155	2	2	327	1	327	1.78e-178	499
RNA_pol_A_bac	A4XZ65	49.398	332	163	2	2	330	1	330	1.99e-177	497
RNA_pol_A_bac	C1DAU3	51.220	328	156	2	2	327	1	326	2.89e-177	496
RNA_pol_A_bac	Q39XX9	54.867	339	148	3	2	335	1	339	4.47e-177	496
RNA_pol_A_bac	A1S243	50.152	329	159	2	2	327	1	327	5.61e-177	496
RNA_pol_A_bac	B8GV33	51.051	333	158	2	2	331	1	331	6.30e-177	496
RNA_pol_A_bac	Q21M33	49.848	329	160	2	2	327	1	327	9.49e-177	495
RNA_pol_A_bac	Q7NQH7	50.000	328	160	2	2	327	1	326	9.85e-177	495
RNA_pol_A_bac	B3R7E3	51.242	322	154	1	9	327	5	326	2.18e-176	494
RNA_pol_A_bac	Q0K645	51.242	322	154	1	9	327	5	326	2.18e-176	494
RNA_pol_A_bac	O52760	49.398	332	163	2	2	330	1	330	3.95e-176	494
RNA_pol_A_bac	Q02T55	49.398	332	163	2	2	330	1	330	3.95e-176	494
RNA_pol_A_bac	A6UZL3	49.398	332	163	2	2	330	1	330	3.95e-176	494
RNA_pol_A_bac	Q3SLM4	52.294	327	151	3	2	326	1	324	4.45e-176	493
RNA_pol_A_bac	A8GT45	60.534	337	130	2	2	336	4	339	4.76e-176	494
RNA_pol_A_bac	B0BUN6	60.534	337	130	2	2	336	4	339	4.76e-176	494
RNA_pol_A_bac	Q3A6M0	56.380	337	143	3	2	334	1	337	5.40e-176	494
RNA_pol_A_bac	Q88QL1	49.096	332	164	2	2	330	1	330	6.19e-176	493
RNA_pol_A_bac	A5VXS2	49.096	332	164	2	2	330	1	330	6.19e-176	493
RNA_pol_A_bac	Q1IFU1	49.096	332	164	2	2	330	1	330	6.19e-176	493
RNA_pol_A_bac	Q3K612	49.398	332	163	2	2	330	1	330	1.00e-175	493
RNA_pol_A_bac	Q089M9	49.848	329	160	2	2	327	1	327	1.42e-175	492
RNA_pol_A_bac	A9BRX5	52.395	334	148	3	2	327	1	331	1.53e-175	492
RNA_pol_A_bac	A1TJU2	51.506	332	152	3	2	327	1	329	1.54e-175	492
RNA_pol_A_bac	A1W333	51.506	332	152	3	2	327	1	329	1.81e-175	492
RNA_pol_A_bac	B9MBW2	51.506	332	152	3	2	327	1	329	1.81e-175	492
RNA_pol_A_bac	A9IHR6	51.393	323	154	1	7	326	4	326	2.03e-175	492
RNA_pol_A_bac	P0A4E5	51.393	323	154	1	7	326	4	326	2.05e-175	492
RNA_pol_A_bac	P0A4E7	51.393	323	154	1	7	326	4	326	2.05e-175	492
RNA_pol_A_bac	P0A4E6	51.393	323	154	1	7	326	4	326	2.05e-175	492
RNA_pol_A_bac	B1Y7M9	51.212	330	154	3	2	327	1	327	2.15e-175	492
RNA_pol_A_bac	Q8L2F8	49.096	332	164	2	2	330	1	330	2.25e-175	492
RNA_pol_A_bac	Q4ZMR8	49.398	332	163	2	2	330	1	330	2.30e-175	492
RNA_pol_A_bac	Q889U6	49.398	332	163	2	2	330	1	330	2.30e-175	492
RNA_pol_A_bac	Q48D61	49.398	332	163	2	2	330	1	330	2.30e-175	492
RNA_pol_A_bac	Q21QP9	52.266	331	150	3	2	327	1	328	3.34e-175	491
RNA_pol_A_bac	Q4K557	49.096	332	164	2	2	330	1	330	3.49e-175	491
RNA_pol_A_bac	Q1R0F0	49.394	330	161	3	2	327	1	328	5.07e-175	491
RNA_pol_A_bac	Q2L238	50.464	323	157	1	7	326	4	326	5.27e-175	490
RNA_pol_A_bac	C5CQ75	52.778	324	148	2	9	327	5	328	6.09e-175	490
RNA_pol_A_bac	Q2S937	50.610	328	157	2	2	326	1	326	6.83e-175	490
RNA_pol_A_bac	A4VHQ5	48.795	332	165	2	2	330	1	330	9.99e-175	490
RNA_pol_A_bac	Q2YAX2	49.547	331	161	3	2	330	1	327	1.36e-174	490
RNA_pol_A_bac	Q92GZ0	60.534	337	130	2	2	336	4	339	1.47e-174	490
RNA_pol_A_bac	Q4FLP1	64.565	333	117	1	4	335	9	341	1.98e-174	490
RNA_pol_A_bac	A7MPF8	50.606	330	157	3	2	327	1	328	2.39e-174	489
RNA_pol_A_bac	A9FGB8	52.994	334	154	2	1	331	10	343	2.58e-174	490
RNA_pol_A_bac	Q1LI63	51.242	322	154	1	9	327	5	326	2.62e-174	489
RNA_pol_A_bac	A1WK92	50.904	332	154	3	2	327	1	329	2.77e-174	489
RNA_pol_A_bac	Q664U6	50.606	330	157	3	2	327	1	328	2.82e-174	489
RNA_pol_A_bac	A4TH15	50.606	330	157	3	2	327	1	328	2.82e-174	489
RNA_pol_A_bac	Q1CCW8	50.606	330	157	3	2	327	1	328	2.82e-174	489
RNA_pol_A_bac	Q8ZJ87	50.606	330	157	3	2	327	1	328	2.82e-174	489
RNA_pol_A_bac	Q1C2X1	50.606	330	157	3	2	327	1	328	2.82e-174	489
RNA_pol_A_bac	A7FNL0	50.606	330	157	3	2	327	1	328	2.82e-174	489
RNA_pol_A_bac	A3Q9A7	49.240	329	162	2	2	327	1	327	3.15e-174	489
RNA_pol_A_bac	Q3YWW4	50.606	330	157	3	2	327	1	328	5.15e-174	488
RNA_pol_A_bac	P0A7Z9	50.606	330	157	3	2	327	1	328	5.15e-174	488
RNA_pol_A_bac	Q0T007	50.606	330	157	3	2	327	1	328	5.15e-174	488
RNA_pol_A_bac	Q31VY1	50.606	330	157	3	2	327	1	328	5.15e-174	488
RNA_pol_A_bac	P0A7Z7	50.606	330	157	3	2	327	1	328	5.15e-174	488
RNA_pol_A_bac	P0A7Z8	50.606	330	157	3	2	327	1	328	5.15e-174	488
RNA_pol_A_bac	Q5PK10	50.606	330	157	3	2	327	1	328	5.15e-174	488
RNA_pol_A_bac	Q1R637	50.606	330	157	3	2	327	1	328	5.15e-174	488
RNA_pol_A_bac	P0A7Z4	50.606	330	157	3	2	327	1	328	5.15e-174	488
RNA_pol_A_bac	P0A7Z5	50.606	330	157	3	2	327	1	328	5.15e-174	488
RNA_pol_A_bac	Q0TCG6	50.606	330	157	3	2	327	1	328	5.15e-174	488
RNA_pol_A_bac	A1AGI6	50.606	330	157	3	2	327	1	328	5.15e-174	488
RNA_pol_A_bac	A8A5A0	50.606	330	157	3	2	327	1	328	5.15e-174	488
RNA_pol_A_bac	P0A7Z6	50.606	330	157	3	2	327	1	328	5.15e-174	488
RNA_pol_A_bac	A7ZSI4	50.606	330	157	3	2	327	1	328	5.15e-174	488
RNA_pol_A_bac	A8AQJ0	50.606	330	157	3	2	327	1	328	5.15e-174	488
RNA_pol_A_bac	A1JS01	50.606	330	157	3	2	327	1	328	5.40e-174	488
RNA_pol_A_bac	Q46WG9	50.932	322	155	1	9	327	5	326	5.51e-174	488
RNA_pol_A_bac	Q12ST4	48.936	329	163	2	2	327	1	327	6.07e-174	488
RNA_pol_A_bac	A8GKH3	50.606	330	157	3	2	327	1	328	6.56e-174	488
RNA_pol_A_bac	A6TEU8	50.606	330	157	3	2	327	1	328	6.56e-174	488
RNA_pol_A_bac	A4WFA3	50.606	330	157	3	2	327	1	328	6.56e-174	488
RNA_pol_A_bac	Q32B56	50.606	330	157	3	2	327	1	328	9.01e-174	487
RNA_pol_A_bac	C3PP83	60.237	337	131	2	2	336	4	339	9.03e-174	488
RNA_pol_A_bac	Q6CZZ5	50.303	330	158	3	2	327	1	328	1.12e-173	487
RNA_pol_A_bac	A1RED9	48.632	329	164	2	2	327	1	327	1.72e-173	487
RNA_pol_A_bac	Q0I080	48.632	329	164	2	2	327	1	327	1.72e-173	487
RNA_pol_A_bac	Q0HNR2	48.632	329	164	2	2	327	1	327	1.72e-173	487
RNA_pol_A_bac	A0KRP9	48.632	329	164	2	2	327	1	327	1.72e-173	487
RNA_pol_A_bac	A4YBV8	48.632	329	164	2	2	327	1	327	1.72e-173	487
RNA_pol_A_bac	Q8EK47	48.632	329	164	2	2	327	1	327	1.72e-173	487
RNA_pol_A_bac	Q7MYH5	50.606	330	157	3	2	327	1	328	1.78e-173	487
RNA_pol_A_bac	C4K2F5	59.941	337	132	2	2	336	4	339	2.05e-173	487
RNA_pol_A_bac	Q4UMQ5	59.347	337	134	2	2	336	4	339	2.10e-173	487
RNA_pol_A_bac	Q9ZCS9	59.347	337	134	2	2	336	4	339	2.14e-173	487
RNA_pol_A_bac	Q57J56	50.606	330	157	3	2	327	1	328	2.24e-173	487
RNA_pol_A_bac	Q68WA2	59.050	337	135	2	2	336	4	339	2.26e-173	487
RNA_pol_A_bac	A8F2C3	59.644	337	133	2	2	336	4	339	2.50e-173	487
RNA_pol_A_bac	Q47J77	50.765	327	156	3	2	327	1	323	2.83e-173	486
RNA_pol_A_bac	Q8XV38	50.932	322	155	1	9	327	5	326	2.91e-173	486
RNA_pol_A_bac	A1T0B7	49.240	329	162	2	2	327	1	327	3.03e-173	486
RNA_pol_A_bac	Q5QXV8	49.544	329	161	2	2	327	1	327	3.66e-173	486
RNA_pol_A_bac	A8GPC6	59.347	337	134	2	2	336	4	339	4.09e-173	486
RNA_pol_A_bac	A2SLD1	50.149	335	155	4	2	327	1	332	4.37e-173	486
RNA_pol_A_bac	A1KB01	51.064	329	155	3	2	328	1	325	5.80e-173	485
RNA_pol_A_bac	Q15X48	51.212	330	156	2	2	328	1	328	6.83e-173	485
RNA_pol_A_bac	A6WHV3	48.328	329	165	2	2	327	1	327	7.54e-173	485
RNA_pol_A_bac	A3DA47	48.328	329	165	2	2	327	1	327	7.54e-173	485
RNA_pol_A_bac	Q2NQP7	50.606	330	157	3	2	327	1	328	7.79e-173	485
RNA_pol_A_bac	Q6MJ36	53.846	325	146	3	3	324	6	329	8.32e-173	486
RNA_pol_A_bac	Q5P307	50.152	329	158	3	2	328	1	325	8.42e-173	485
RNA_pol_A_bac	A4SUY6	50.152	329	158	2	2	327	1	326	9.50e-173	485
RNA_pol_A_bac	P57941	50.606	330	157	3	2	327	1	328	1.01e-172	485
RNA_pol_A_bac	Q65QY0	50.606	330	157	3	2	327	1	328	1.17e-172	485
RNA_pol_A_bac	Q12G77	52.870	331	148	3	2	327	1	328	1.42e-172	485
RNA_pol_A_bac	A3N382	50.606	330	157	3	2	327	1	328	1.47e-172	485
RNA_pol_A_bac	B2UEJ3	50.621	322	156	1	9	327	5	326	1.50e-172	484
RNA_pol_A_bac	C4L7V5	50.303	330	158	3	2	327	1	328	1.91e-172	484
RNA_pol_A_bac	Q9S0Q8	48.632	329	164	2	2	327	1	327	2.33e-172	484
RNA_pol_A_bac	B2JI39	50.926	324	155	2	7	327	3	325	2.48e-172	484
RNA_pol_A_bac	A5UHV5	51.064	329	156	3	2	327	1	327	2.56e-172	484
RNA_pol_A_bac	Q4QM97	51.064	329	156	3	2	327	1	327	2.56e-172	484
RNA_pol_A_bac	A4SSY1	50.606	330	157	3	2	327	1	328	2.60e-172	484
RNA_pol_A_bac	A0KF45	50.606	330	157	3	2	327	1	328	2.60e-172	484
RNA_pol_A_bac	B1XSS7	50.152	329	158	2	2	327	1	326	3.90e-172	483
RNA_pol_A_bac	Q1H4L2	51.064	329	156	2	2	327	1	327	3.93e-172	484
RNA_pol_A_bac	Q1IS93	53.968	315	143	1	6	318	3	317	4.28e-172	485
RNA_pol_A_bac	A6VLL3	50.606	330	157	3	2	327	1	328	5.01e-172	483
RNA_pol_A_bac	A8EZJ2	60.299	335	130	2	2	334	4	337	5.36e-172	484
RNA_pol_A_bac	Q5GWV9	48.930	327	162	2	2	325	1	325	5.40e-172	483
RNA_pol_A_bac	B2SQT4	48.930	327	162	2	2	325	1	325	5.40e-172	483
RNA_pol_A_bac	Q2P009	48.930	327	162	2	2	325	1	325	5.40e-172	483
RNA_pol_A_bac	P0A0Y1	48.930	327	162	2	2	325	1	325	5.40e-172	483
RNA_pol_A_bac	B0RU58	48.930	327	162	2	2	325	1	325	5.40e-172	483
RNA_pol_A_bac	Q4URG3	48.930	327	162	2	2	325	1	325	5.40e-172	483
RNA_pol_A_bac	Q3BWV9	48.930	327	162	2	2	325	1	325	5.40e-172	483
RNA_pol_A_bac	P0A0Y2	48.930	327	162	2	2	325	1	325	5.40e-172	483
RNA_pol_A_bac	P74963	50.760	329	157	2	2	327	1	327	7.41e-172	483
RNA_pol_A_bac	A4G9R3	49.544	329	159	3	2	327	1	325	7.84e-172	482
RNA_pol_A_bac	Q6LV91	51.212	330	155	3	2	327	1	328	9.99e-172	482
RNA_pol_A_bac	A1VJ40	52.410	332	149	3	2	327	1	329	1.00e-171	482
RNA_pol_A_bac	Q63Q37	50.309	324	157	2	7	327	3	325	1.02e-171	482
RNA_pol_A_bac	A3NEF3	50.309	324	157	2	7	327	3	325	1.02e-171	482
RNA_pol_A_bac	Q3JMT9	50.309	324	157	2	7	327	3	325	1.02e-171	482
RNA_pol_A_bac	A3P087	50.309	324	157	2	7	327	3	325	1.02e-171	482
RNA_pol_A_bac	A1V877	50.309	324	157	2	7	327	3	325	1.02e-171	482
RNA_pol_A_bac	Q62GN1	50.309	324	157	2	7	327	3	325	1.02e-171	482
RNA_pol_A_bac	A2S7K2	50.309	324	157	2	7	327	3	325	1.02e-171	482
RNA_pol_A_bac	A3MRY0	50.309	324	157	2	7	327	3	325	1.02e-171	482
RNA_pol_A_bac	Q13TJ6	50.926	324	155	2	7	327	3	325	1.11e-171	482
RNA_pol_A_bac	B2T725	50.926	324	155	2	7	327	3	325	1.11e-171	482
RNA_pol_A_bac	A6T3H8	49.848	329	158	3	2	327	1	325	1.19e-171	482
RNA_pol_A_bac	B2FQK8	48.936	329	163	2	2	327	1	327	1.53e-171	482
RNA_pol_A_bac	A1ALW7	49.558	339	166	3	2	335	1	339	1.64e-171	482
RNA_pol_A_bac	A9ADL9	50.309	324	157	2	7	327	3	325	1.76e-171	482
RNA_pol_A_bac	B4SLH5	48.632	329	164	2	2	327	1	327	1.76e-171	482
RNA_pol_A_bac	Q0I137	50.303	330	158	3	2	327	1	328	1.77e-171	482
RNA_pol_A_bac	P43737	51.064	329	156	3	2	327	1	327	2.01e-171	482
RNA_pol_A_bac	Q2SU53	50.309	324	157	2	7	327	3	325	2.08e-171	482
RNA_pol_A_bac	A1WV97	48.485	330	168	2	2	330	1	329	2.24e-171	482
RNA_pol_A_bac	A5UDS2	50.760	329	157	3	2	327	1	327	3.21e-171	481
RNA_pol_A_bac	A1KRJ9	50.760	329	157	2	2	327	1	327	4.04e-171	481
RNA_pol_A_bac	P66704	50.760	329	157	2	2	327	1	327	4.04e-171	481
RNA_pol_A_bac	P66703	50.760	329	157	2	2	327	1	327	4.04e-171	481
RNA_pol_A_bac	B5FGE1	50.909	330	156	3	2	327	1	328	5.28e-171	480
RNA_pol_A_bac	Q5E889	50.909	330	156	3	2	327	1	328	5.28e-171	480
RNA_pol_A_bac	A8GVD7	59.172	338	134	3	2	336	4	340	7.20e-171	481
RNA_pol_A_bac	Q1RHP5	59.172	338	134	3	2	336	4	340	8.12e-171	480
RNA_pol_A_bac	Q5F5V2	50.760	329	157	2	2	327	1	327	8.15e-171	480
RNA_pol_A_bac	Q0VSH8	49.231	325	160	2	6	327	4	326	1.04e-170	480
RNA_pol_A_bac	B6EPU9	50.909	330	156	3	2	327	1	328	1.11e-170	480
RNA_pol_A_bac	Q67JX1	49.026	308	153	3	9	313	4	310	1.15e-170	479
RNA_pol_A_bac	A4JAR6	49.691	324	159	2	7	327	3	325	1.40e-170	479
RNA_pol_A_bac	Q39KE1	49.691	324	159	2	7	327	3	325	1.40e-170	479
RNA_pol_A_bac	Q0BJ20	49.691	324	159	2	7	327	3	325	1.40e-170	479
RNA_pol_A_bac	B4E5E6	49.691	324	159	2	7	327	3	325	1.40e-170	479
RNA_pol_A_bac	A0K3Q1	49.691	324	159	2	7	327	3	325	1.40e-170	479
RNA_pol_A_bac	B1JU48	49.691	324	159	2	7	327	3	325	1.40e-170	479
RNA_pol_A_bac	Q1BRX4	49.691	324	159	2	7	327	3	325	1.40e-170	479
RNA_pol_A_bac	B1YRQ5	49.691	324	159	2	7	327	3	325	1.40e-170	479
RNA_pol_A_bac	Q7VKF8	50.303	330	158	3	2	327	1	328	1.56e-170	479
RNA_pol_A_bac	Q035A9	48.065	310	159	2	8	316	3	311	1.60e-170	479
RNA_pol_A_bac	B3WAJ2	48.065	310	159	2	8	316	3	311	1.60e-170	479
RNA_pol_A_bac	A4IJL4	51.603	312	147	3	8	316	3	313	2.02e-170	479
RNA_pol_A_bac	Q5L3R2	51.923	312	146	3	8	316	3	313	2.25e-170	479
RNA_pol_A_bac	Q3A9U4	50.000	310	153	2	8	316	3	311	2.80e-170	478
RNA_pol_A_bac	C3LRN3	49.849	331	159	4	2	327	1	329	4.10e-170	479
RNA_pol_A_bac	Q9KP08	49.849	331	159	4	2	327	1	329	4.10e-170	479
RNA_pol_A_bac	A5F572	49.849	331	159	4	2	327	1	329	4.10e-170	479
RNA_pol_A_bac	Q0ABF0	50.153	327	161	2	2	327	1	326	4.11e-170	479
RNA_pol_A_bac	Q2IJ57	56.442	326	139	2	1	323	5	330	4.70e-170	479
RNA_pol_A_bac	Q3IJI6	49.091	330	162	3	2	327	1	328	5.85e-170	478
RNA_pol_A_bac	B4UBC6	57.055	326	137	2	1	323	5	330	6.13e-170	478
RNA_pol_A_bac	B8J887	57.055	326	137	2	1	323	5	330	6.13e-170	478
RNA_pol_A_bac	Q87SZ0	50.755	331	156	4	2	327	1	329	1.15e-169	477
RNA_pol_A_bac	Q2RFS6	48.860	307	155	2	8	313	3	308	5.56e-169	475
RNA_pol_A_bac	Q7MPG4	50.453	331	157	4	2	327	1	329	6.26e-169	475
RNA_pol_A_bac	Q8DE63	50.453	331	157	4	2	327	1	329	6.26e-169	475
RNA_pol_A_bac	Q488Y8	50.152	329	159	2	2	327	1	327	1.08e-168	475
RNA_pol_A_bac	A4XLQ2	53.398	309	142	2	8	314	3	311	1.12e-168	474
RNA_pol_A_bac	A7N0H8	50.453	331	157	4	2	327	1	329	1.13e-168	475
RNA_pol_A_bac	A8ZV82	49.693	326	160	2	1	322	5	330	1.45e-168	475
RNA_pol_A_bac	B7VLD2	50.151	331	158	4	2	327	1	329	2.36e-168	474
RNA_pol_A_bac	B9MKF3	51.703	323	153	3	8	328	3	324	4.32e-168	473
RNA_pol_A_bac	Q88XW0	50.321	312	151	3	8	316	3	313	5.04e-168	472
RNA_pol_A_bac	Q605D7	50.000	330	162	2	2	330	1	328	5.50e-168	473
RNA_pol_A_bac	Q1LTB3	50.456	329	159	3	2	328	1	327	7.96e-168	472
RNA_pol_A_bac	Q1WSB6	48.867	309	154	3	8	313	3	310	5.73e-167	470
RNA_pol_A_bac	Q38UT7	46.774	310	163	2	8	316	3	311	9.12e-167	469
RNA_pol_A_bac	Q0AIH1	50.000	328	159	2	7	331	4	329	9.26e-167	470
RNA_pol_A_bac	Q82X69	49.544	329	160	3	7	331	4	330	1.45e-166	470
RNA_pol_A_bac	O50634	49.679	312	153	3	8	316	3	313	3.89e-166	468
RNA_pol_A_bac	C0ZIK7	49.038	312	155	3	8	316	3	313	7.11e-166	467
RNA_pol_A_bac	B8IYL7	48.204	334	170	2	4	334	13	346	2.34e-165	467
RNA_pol_A_bac	Q30Z68	48.358	335	170	2	4	335	13	347	2.43e-165	467
RNA_pol_A_bac	Q3J8T8	46.933	326	168	2	5	327	2	325	2.50e-165	466
RNA_pol_A_bac	Q83EQ2	47.561	328	168	2	2	327	1	326	2.63e-165	466
RNA_pol_A_bac	A9NAZ5	47.561	328	168	2	2	327	1	326	2.63e-165	466
RNA_pol_A_bac	A9KD06	47.561	328	168	2	2	327	1	326	2.63e-165	466
RNA_pol_A_bac	B6J238	47.561	328	168	2	2	327	1	326	2.63e-165	466
RNA_pol_A_bac	B6J5F7	47.561	328	168	2	2	327	1	326	2.63e-165	466
RNA_pol_A_bac	C4XLK3	48.955	335	169	2	3	335	12	346	2.79e-165	467
RNA_pol_A_bac	Q65P79	48.077	312	158	3	8	316	3	313	3.08e-165	465
RNA_pol_A_bac	Q5WLN5	49.515	309	152	3	8	313	3	310	3.88e-165	465
RNA_pol_A_bac	Q74L64	48.065	310	159	2	8	316	3	311	4.75e-165	465
RNA_pol_A_bac	Q03PY3	48.726	314	155	4	8	316	3	315	6.05e-165	465
RNA_pol_A_bac	B8I808	47.742	310	158	3	8	314	3	311	6.23e-165	465
RNA_pol_A_bac	C6C1B1	49.550	333	167	1	4	335	13	345	7.13e-165	466
RNA_pol_A_bac	A7GK47	47.588	311	161	2	8	316	3	313	7.48e-165	464
RNA_pol_A_bac	A1VE90	48.802	334	168	2	4	334	13	346	8.80e-165	465
RNA_pol_A_bac	Q72CF4	48.802	334	168	2	4	334	13	346	8.80e-165	465
RNA_pol_A_bac	Q046A0	48.065	310	159	2	8	316	3	311	9.57e-165	464
RNA_pol_A_bac	Q2GH33	56.012	341	143	3	2	335	32	372	9.82e-165	466
RNA_pol_A_bac	Q1MPP1	48.955	335	168	2	3	334	12	346	1.08e-164	465
RNA_pol_A_bac	Q6HPN2	47.267	311	162	2	8	316	3	313	1.22e-164	464
RNA_pol_A_bac	Q63H64	47.267	311	162	2	8	316	3	313	1.22e-164	464
RNA_pol_A_bac	Q81J18	47.267	311	162	2	8	316	3	313	1.22e-164	464
RNA_pol_A_bac	Q73F69	47.267	311	162	2	8	316	3	313	1.22e-164	464
RNA_pol_A_bac	Q81VQ4	47.267	311	162	2	8	316	3	313	1.22e-164	464
RNA_pol_A_bac	A0R8K6	47.267	311	162	2	8	316	3	313	1.22e-164	464
RNA_pol_A_bac	O69232	49.394	330	161	3	2	327	1	328	3.21e-164	463
RNA_pol_A_bac	A3DJK1	48.387	310	156	3	8	314	3	311	3.75e-164	463
RNA_pol_A_bac	A8MLG9	47.896	309	157	3	8	313	5	312	4.26e-164	463
RNA_pol_A_bac	Q8R7Y2	48.387	310	156	3	8	314	3	311	4.83e-164	462
RNA_pol_A_bac	B2A4Q0	49.032	310	154	3	8	314	3	311	4.93e-164	462
RNA_pol_A_bac	Q6AP43	51.084	323	154	2	2	320	11	333	5.13e-164	463
RNA_pol_A_bac	Q3YRN2	54.545	341	148	3	2	335	32	372	7.11e-164	464
RNA_pol_A_bac	B0K5S1	48.710	310	155	3	8	314	3	311	8.72e-164	462
RNA_pol_A_bac	B0KCM8	48.710	310	155	3	8	314	3	311	8.72e-164	462
RNA_pol_A_bac	Q839D9	50.000	310	153	2	8	316	3	311	9.23e-164	462
RNA_pol_A_bac	Q5FFS1	53.936	343	149	3	2	335	32	374	1.09e-163	464
RNA_pol_A_bac	P66713	46.177	327	171	2	2	325	1	325	1.41e-163	462
RNA_pol_A_bac	P66712	46.177	327	171	2	2	325	1	325	1.41e-163	462
RNA_pol_A_bac	B2I8J3	46.177	327	171	2	2	325	1	325	1.41e-163	462
RNA_pol_A_bac	B8DNK9	49.401	334	166	2	4	334	13	346	1.45e-163	462
RNA_pol_A_bac	Q5HAU5	53.936	343	149	3	2	335	32	374	1.87e-163	463
RNA_pol_A_bac	Q2LQC9	49.128	344	164	3	2	334	1	344	2.38e-163	462
RNA_pol_A_bac	P57566	49.091	330	162	3	2	327	1	328	2.46e-163	461
RNA_pol_A_bac	B0U5M3	46.483	327	170	2	2	325	1	325	6.80e-163	460
RNA_pol_A_bac	P20429	49.038	312	155	3	8	316	3	313	1.20e-162	459
RNA_pol_A_bac	A4FPJ2	46.178	314	167	2	11	323	6	318	1.21e-162	460
RNA_pol_A_bac	A4J139	47.896	309	157	3	8	313	3	310	1.33e-162	459
RNA_pol_A_bac	Q8D1Y8	50.000	326	159	3	2	325	1	324	1.63e-162	459
RNA_pol_A_bac	A0QSL8	45.253	316	171	2	11	325	6	320	1.73e-162	460
RNA_pol_A_bac	Q493I4	47.734	331	166	4	2	327	1	329	2.43e-162	458
RNA_pol_A_bac	B1I1B3	49.191	309	153	3	8	313	3	310	2.74e-162	458
RNA_pol_A_bac	A0PXX5	46.774	310	161	3	8	314	3	311	6.03e-162	457
RNA_pol_A_bac	A4VSH8	50.968	310	150	2	8	316	3	311	6.52e-162	457
RNA_pol_A_bac	A4VYR8	50.968	310	150	2	8	316	3	311	6.52e-162	457
RNA_pol_A_bac	A7Z0R5	48.397	312	157	3	8	316	3	313	7.57e-162	457
RNA_pol_A_bac	Q5FM65	48.534	307	156	2	8	313	3	308	7.95e-162	457
RNA_pol_A_bac	A8YXN0	48.208	307	157	2	8	313	3	308	8.39e-162	457
RNA_pol_A_bac	A8F9B2	48.077	312	158	3	8	316	3	313	9.12e-162	457
RNA_pol_A_bac	A5N4S5	48.065	310	157	3	8	314	3	311	9.87e-162	457
RNA_pol_A_bac	B9DYD7	48.065	310	157	3	8	314	3	311	9.87e-162	457
RNA_pol_A_bac	Q73S43	44.304	316	174	2	11	325	6	320	1.03e-161	458
RNA_pol_A_bac	A0QKU5	44.304	316	174	2	11	325	6	320	1.03e-161	458
RNA_pol_A_bac	A0ALU2	49.191	309	153	3	8	313	3	310	1.70e-161	456
RNA_pol_A_bac	P66699	49.191	309	153	3	8	313	3	310	1.70e-161	456
RNA_pol_A_bac	B8DB34	49.191	309	153	3	8	313	3	310	1.70e-161	456
RNA_pol_A_bac	Q71WH2	49.191	309	153	3	8	313	3	310	1.70e-161	456
RNA_pol_A_bac	C1KZF5	49.191	309	153	3	8	313	3	310	1.70e-161	456
RNA_pol_A_bac	P66700	49.191	309	153	3	8	313	3	310	1.70e-161	456
RNA_pol_A_bac	A1T520	44.620	316	173	2	11	325	6	320	1.76e-161	457
RNA_pol_A_bac	Q1BD08	44.304	316	174	2	11	325	6	320	1.94e-161	457
RNA_pol_A_bac	A1UBY5	44.304	316	174	2	11	325	6	320	1.94e-161	457
RNA_pol_A_bac	A3PVL8	44.304	316	174	2	11	325	6	320	1.94e-161	457
RNA_pol_A_bac	Q47LM1	42.222	315	180	2	11	324	6	319	2.24e-161	457
RNA_pol_A_bac	Q890R0	45.484	310	165	3	8	314	3	311	5.44e-161	455
RNA_pol_A_bac	Q03IH7	50.000	310	153	2	8	316	3	311	8.64e-161	454
RNA_pol_A_bac	Q5M2D9	50.000	310	153	2	8	316	3	311	8.64e-161	454
RNA_pol_A_bac	Q5LXT7	50.000	310	153	2	8	316	3	311	8.64e-161	454
RNA_pol_A_bac	Q5Z1K9	44.304	316	174	2	11	325	6	320	1.40e-160	455
RNA_pol_A_bac	B0TC85	49.838	309	150	4	8	313	3	309	1.44e-160	453
RNA_pol_A_bac	Q8ETV9	46.154	312	164	3	8	316	3	313	1.45e-160	453
RNA_pol_A_bac	P9WGZ1	44.620	316	173	2	11	325	6	320	1.49e-160	455
RNA_pol_A_bac	P9WGZ0	44.620	316	173	2	11	325	6	320	1.49e-160	455
RNA_pol_A_bac	A5U8D3	44.620	316	173	2	11	325	6	320	1.49e-160	455
RNA_pol_A_bac	A1KPE3	44.620	316	173	2	11	325	6	320	1.49e-160	455
RNA_pol_A_bac	P66702	44.620	316	173	2	11	325	6	320	1.49e-160	455
RNA_pol_A_bac	Q250K4	47.573	309	158	3	8	313	3	310	1.74e-160	453
RNA_pol_A_bac	B8G1Z4	47.573	309	158	3	8	313	3	310	1.74e-160	453
RNA_pol_A_bac	A0LRP8	44.136	324	179	2	11	333	6	328	1.95e-160	454
RNA_pol_A_bac	Q31IV8	48.780	328	165	2	2	328	1	326	2.68e-160	453
RNA_pol_A_bac	A6TWF3	47.896	309	157	3	8	313	3	310	3.46e-160	453
RNA_pol_A_bac	Q0S3E7	44.304	316	174	2	11	325	6	320	4.63e-160	454
RNA_pol_A_bac	A0PMB7	44.620	316	173	2	11	325	6	320	5.25e-160	453
RNA_pol_A_bac	Q01WC0	49.684	316	156	2	6	318	2	317	5.49e-160	453
RNA_pol_A_bac	Q97EK6	45.192	312	167	3	8	316	3	313	5.98e-160	452
RNA_pol_A_bac	Q8DS36	48.387	310	158	2	8	316	3	311	1.70e-159	451
RNA_pol_A_bac	Q7VQC3	47.892	332	165	4	2	327	1	330	2.41e-159	451
RNA_pol_A_bac	Q2JFE8	44.654	318	174	2	11	327	6	322	2.42e-159	452
RNA_pol_A_bac	Q18CI5	47.419	310	159	3	8	314	3	311	3.06e-159	450
RNA_pol_A_bac	B2G8V2	43.910	312	171	3	8	316	3	313	3.44e-159	450
RNA_pol_A_bac	A5VLH9	43.910	312	171	3	8	316	3	313	3.44e-159	450
RNA_pol_A_bac	Q8E2B1	49.032	310	156	2	8	316	3	311	1.11e-158	449
RNA_pol_A_bac	Q8CX32	49.032	310	156	2	8	316	3	311	1.11e-158	449
RNA_pol_A_bac	Q3K3U4	48.710	310	157	2	8	316	3	311	2.48e-158	448
RNA_pol_A_bac	Q0RRP3	44.654	318	174	2	11	327	6	322	2.80e-158	449
RNA_pol_A_bac	A3CK90	49.032	310	156	2	8	316	3	311	3.64e-158	447
RNA_pol_A_bac	Q0SQH3	44.551	312	169	3	8	316	3	313	3.71e-158	447
RNA_pol_A_bac	P0C2E6	44.551	312	169	3	8	316	3	313	3.71e-158	447
RNA_pol_A_bac	Q0TMS5	44.551	312	169	3	8	316	3	313	3.71e-158	447
RNA_pol_A_bac	Q5X834	46.084	332	171	2	2	327	1	330	5.80e-158	448
RNA_pol_A_bac	A5IHP1	46.084	332	171	2	2	327	1	330	5.99e-158	448
RNA_pol_A_bac	Q5WZI7	46.084	332	171	2	2	327	1	330	6.19e-158	447
RNA_pol_A_bac	Q5ZYL8	46.084	332	171	2	2	327	1	330	6.19e-158	447
RNA_pol_A_bac	P0DF29	49.032	310	156	2	8	316	3	311	7.41e-158	447
RNA_pol_A_bac	P0DF28	49.032	310	156	2	8	316	3	311	7.41e-158	447
RNA_pol_A_bac	Q48VS3	49.032	310	156	2	8	316	3	311	7.91e-158	447
RNA_pol_A_bac	A2RC40	49.032	310	156	2	8	316	3	311	7.91e-158	447
RNA_pol_A_bac	Q1J8Y7	49.032	310	156	2	8	316	3	311	7.91e-158	447
RNA_pol_A_bac	Q1JJ35	49.032	310	156	2	8	316	3	311	7.91e-158	447
RNA_pol_A_bac	Q1JNZ1	49.032	310	156	2	8	316	3	311	7.91e-158	447
RNA_pol_A_bac	Q1JE33	49.032	310	156	2	8	316	3	311	7.91e-158	447
RNA_pol_A_bac	P66711	49.032	310	156	2	8	316	3	311	7.91e-158	447
RNA_pol_A_bac	Q5XEA9	49.032	310	156	2	8	316	3	311	7.91e-158	447
RNA_pol_A_bac	P66710	49.032	310	156	2	8	316	3	311	7.91e-158	447
RNA_pol_A_bac	C5C0G1	45.597	318	171	2	11	327	6	322	8.59e-158	447
RNA_pol_A_bac	B1KSJ6	44.984	309	166	3	8	313	3	310	9.50e-158	447
RNA_pol_A_bac	A7GJ45	44.984	309	166	3	8	313	3	310	9.50e-158	447
RNA_pol_A_bac	B1IGC5	44.984	309	166	3	8	313	3	310	9.50e-158	447
RNA_pol_A_bac	C1FMS2	44.984	309	166	3	8	313	3	310	9.50e-158	447
RNA_pol_A_bac	A5I7H7	44.984	309	166	3	8	313	3	310	9.50e-158	447
RNA_pol_A_bac	C3KVM2	44.984	309	166	3	8	313	3	310	9.50e-158	447
RNA_pol_A_bac	A7FZ44	44.984	309	166	3	8	313	3	310	9.50e-158	447
RNA_pol_A_bac	A8AZJ9	48.710	310	157	2	8	316	3	311	1.66e-157	446
RNA_pol_A_bac	Q04BY9	46.580	307	162	2	8	313	3	308	1.70e-157	446
RNA_pol_A_bac	Q9X798	45.098	306	167	1	21	325	15	320	1.81e-157	447
RNA_pol_A_bac	Q1GBJ2	46.254	307	163	2	8	313	3	308	2.14e-157	445
RNA_pol_A_bac	P66709	49.032	310	156	2	8	316	3	311	2.93e-157	445
RNA_pol_A_bac	P66708	49.032	310	156	2	8	316	3	311	2.93e-157	445
RNA_pol_A_bac	Q04ML1	49.032	310	156	2	8	316	3	311	2.93e-157	445
RNA_pol_A_bac	Q6AD21	43.590	312	174	2	11	321	6	316	5.26e-157	445
RNA_pol_A_bac	P59455	48.494	332	163	3	2	327	1	330	8.21e-157	445
RNA_pol_A_bac	A6LPU0	44.839	310	167	3	8	314	3	311	8.39e-157	444
RNA_pol_A_bac	A6W5W5	45.253	316	171	2	11	325	6	320	1.17e-156	445
RNA_pol_A_bac	A9WSR1	41.896	327	188	2	11	336	6	331	1.21e-156	445
RNA_pol_A_bac	Q03ZM0	46.154	312	164	3	8	316	3	313	1.34e-156	443
RNA_pol_A_bac	B2TIK4	44.872	312	168	3	8	316	3	313	1.43e-156	443
RNA_pol_A_bac	B2UYD9	44.872	312	168	3	8	316	3	313	1.43e-156	443
RNA_pol_A_bac	A0JZ49	43.590	312	174	2	11	321	6	316	1.93e-156	444
RNA_pol_A_bac	A1R8R5	43.590	312	174	2	11	321	6	316	1.97e-156	444
RNA_pol_A_bac	Q03EE2	47.115	312	161	3	8	316	3	313	2.17e-156	443
RNA_pol_A_bac	A1A095	45.912	318	169	3	11	326	6	322	2.46e-156	443
RNA_pol_A_bac	B8HCX4	43.910	312	173	2	11	321	6	316	2.51e-156	444
RNA_pol_A_bac	A1SXW8	46.201	329	172	2	2	327	1	327	2.63e-156	443
RNA_pol_A_bac	Q8G3Z3	45.110	317	172	2	11	326	6	321	3.48e-156	443
RNA_pol_A_bac	A1SNI8	43.131	313	176	2	11	322	6	317	4.51e-156	443
RNA_pol_A_bac	C0Q9U7	50.000	338	161	5	1	333	6	340	4.89e-156	443
RNA_pol_A_bac	B3CT29	55.294	340	147	3	1	336	4	342	4.92e-156	443
RNA_pol_A_bac	B0RB72	44.231	312	172	2	11	321	6	316	5.82e-156	443
RNA_pol_A_bac	A5CCI9	55.000	340	148	3	1	336	4	342	6.32e-156	443
RNA_pol_A_bac	Q82QR5	45.367	313	169	2	11	322	6	317	1.08e-155	442
RNA_pol_A_bac	B1W3Y0	46.326	313	166	2	11	322	6	317	1.96e-155	442
RNA_pol_A_bac	P60312	46.326	313	166	2	11	322	6	317	1.96e-155	442
RNA_pol_A_bac	P60313	46.326	313	166	2	11	322	6	317	1.96e-155	442
RNA_pol_A_bac	A5CU80	44.231	312	172	2	11	321	6	316	2.14e-155	441
RNA_pol_A_bac	Q5PA81	50.725	345	158	3	2	334	21	365	2.71e-155	442
RNA_pol_A_bac	Q9X4V6	46.326	313	166	2	11	322	6	317	2.85e-155	441
RNA_pol_A_bac	Q6A6R1	42.492	313	178	2	11	322	6	317	2.90e-155	441
RNA_pol_A_bac	Q2JUJ5	42.809	299	162	3	18	313	32	324	3.17e-155	441
RNA_pol_A_bac	Q73HA9	53.936	343	146	3	5	335	12	354	3.64e-155	442
RNA_pol_A_bac	Q057C9	47.273	330	168	3	2	327	1	328	3.72e-155	440
RNA_pol_A_bac	Q5GSW7	52.478	343	151	3	5	335	12	354	8.82e-155	440
RNA_pol_A_bac	B0V6U7	45.697	337	174	3	2	336	1	330	1.13e-154	440
RNA_pol_A_bac	A3M959	45.697	337	174	3	2	336	1	330	1.13e-154	440
RNA_pol_A_bac	B0VQU3	45.697	337	174	3	2	336	1	330	1.13e-154	440
RNA_pol_A_bac	B2HZ83	45.697	337	174	3	2	336	1	330	1.13e-154	440
RNA_pol_A_bac	B7IA14	45.697	337	174	3	2	336	1	330	1.13e-154	440
RNA_pol_A_bac	B7GW27	45.697	337	174	3	2	336	1	330	1.13e-154	440
RNA_pol_A_bac	Q8FS33	46.057	317	168	3	11	326	6	320	1.28e-154	439
RNA_pol_A_bac	Q1QDG1	45.994	337	173	3	2	336	1	330	1.81e-154	439
RNA_pol_A_bac	Q4FUD1	45.994	337	173	3	2	336	1	330	1.81e-154	439
RNA_pol_A_bac	Q6F7T7	45.994	337	173	3	2	336	1	330	2.08e-154	439
RNA_pol_A_bac	B3EP34	42.991	321	175	3	8	320	4	324	2.69e-154	438
RNA_pol_A_bac	Q2JL74	42.809	299	162	3	18	313	34	326	3.80e-154	438
RNA_pol_A_bac	A5WCL4	45.697	337	174	3	2	336	1	330	7.99e-154	437
RNA_pol_A_bac	B9E9L7	45.833	312	165	3	8	316	3	313	3.28e-153	435
RNA_pol_A_bac	Q04G60	45.367	313	169	2	8	319	3	314	6.46e-153	434
RNA_pol_A_bac	Q8NSV2	46.372	317	167	3	11	326	6	320	7.58e-153	435
RNA_pol_A_bac	A4QBQ7	46.372	317	167	3	11	326	6	320	8.46e-153	435
RNA_pol_A_bac	B4S5A1	41.745	321	179	3	8	320	4	324	5.18e-152	432
RNA_pol_A_bac	Q3B6D6	41.121	321	181	3	8	320	4	324	6.24e-152	432
RNA_pol_A_bac	B3QYF0	44.720	322	170	3	7	320	3	324	6.67e-152	432
RNA_pol_A_bac	Q6NJ63	44.795	317	172	3	11	326	6	320	1.25e-151	432
RNA_pol_A_bac	Q7UIC5	42.813	327	180	2	2	321	3	329	1.34e-151	432
RNA_pol_A_bac	P66707	45.192	312	167	3	8	316	3	313	3.11e-151	430
RNA_pol_A_bac	Q6G797	45.192	312	167	3	8	316	3	313	3.11e-151	430
RNA_pol_A_bac	Q6GEK9	45.192	312	167	3	8	316	3	313	3.11e-151	430
RNA_pol_A_bac	P66706	45.192	312	167	3	8	316	3	313	3.11e-151	430
RNA_pol_A_bac	P66705	45.192	312	167	3	8	316	3	313	3.11e-151	430
RNA_pol_A_bac	A6QJ66	45.192	312	167	3	8	316	3	313	3.11e-151	430
RNA_pol_A_bac	Q5HDY4	45.192	312	167	3	8	316	3	313	3.11e-151	430
RNA_pol_A_bac	Q2FW32	45.192	312	167	3	8	316	3	313	3.11e-151	430
RNA_pol_A_bac	Q2FER5	45.192	312	167	3	8	316	3	313	3.11e-151	430
RNA_pol_A_bac	A7X5C4	45.192	312	167	3	8	316	3	313	3.11e-151	430
RNA_pol_A_bac	Q8KAJ8	42.056	321	178	3	8	320	4	324	3.19e-151	430
RNA_pol_A_bac	Q8CRI4	45.192	312	167	3	8	316	3	313	3.21e-151	430
RNA_pol_A_bac	Q5HM25	45.192	312	167	3	8	316	3	313	3.21e-151	430
RNA_pol_A_bac	Q4L888	45.513	312	166	3	8	316	3	313	3.47e-151	430
RNA_pol_A_bac	B3EGW3	39.875	321	185	3	8	320	4	324	3.59e-151	430
